I201223 09:18:53.671214 1 util/log/sync_buffer.go:195 ⋮ [config] file created at: 2020/12/23 09:18:53
I201223 09:18:53.671223 1 util/log/sync_buffer.go:195 ⋮ [config] running on machine: ‹d4b22e640c74›
I201223 09:18:53.671229 1 util/log/sync_buffer.go:195 ⋮ [config] binary: CockroachDB CCL v20.2.3 (x86_64-unknown-linux-gnu, built 2020/12/14 18:33:39, go1.13.14)
I201223 09:18:53.671236 1 util/log/sync_buffer.go:195 ⋮ [config] arguments: ‹[/cockroach/cockroach start-single-node --insecure]›
I201223 09:18:53.671242 1 util/log/sync_buffer.go:195 ⋮ [config] line format: [IWEF]yymmdd hh:mm:ss.uuuuuu goid file:line msg utf8=✓
W201223 09:18:53.671119 1 cli/start.go:1139 ⋮ ALL SECURITY CONTROLS HAVE BEEN DISABLED!

This mode is intended for non-production testing only.

In this mode:
- Your cluster is open to any client that can access ‹any of your IP addresses›.
- Intruders with access to your machine or network can observe client-server traffic.
- Intruders can log in without password and read or write any data in the cluster.
- Intruders can consume all your server's resources and cause unavailability.
I201223 09:18:53.671334 1 cli/start.go:1149 ⋮ To start a secure server without mandating TLS for clients,
consider --accept-sql-without-tls instead. For other options, see:

- ‹https://go.crdb.dev/issue-v/53404/v20.2›
- https://www.cockroachlabs.com/docs/v20.2/secure-a-cluster.html
I201223 09:18:53.671626 1 server/status/recorder.go:605 ⋮ ‹available memory from cgroups (8.0 EiB) is unsupported, using system memory 31 GiB instead:›
W201223 09:18:53.671862 1 cli/start.go:983 ⋮ ‹Using the default setting for --cache (128 MiB).›
‹  A significantly larger value is usually needed for good performance.›
‹  If you have a dedicated server a reasonable setting is --cache=.25 (7.8 GiB).›
I201223 09:18:53.672079 1 server/status/recorder.go:605 ⋮ ‹available memory from cgroups (8.0 EiB) is unsupported, using system memory 31 GiB instead:›
I201223 09:18:53.672091 1 cli/start.go:1164 ⋮ ‹CockroachDB CCL v20.2.3 (x86_64-unknown-linux-gnu, built 2020/12/14 18:33:39, go1.13.14)›
I201223 09:18:53.672749 1 server/status/recorder.go:605 ⋮ ‹available memory from cgroups (8.0 EiB) is unsupported, using system memory 31 GiB instead:›
I201223 09:18:53.672762 1 server/config.go:434 ⋮ system total memory: ‹31 GiB›
I201223 09:18:53.672948 1 server/config.go:436 ⋮ server configuration:
‹max offset             500000000›
‹cache size             128 MiB›
‹SQL memory pool size   7.8 GiB›
‹scan interval          10m0s›
‹scan min idle time     10ms›
‹scan max idle time     1s›
‹event log enabled      true›
I201223 09:18:53.672997 1 cli/start.go:961 ⋮ using local environment variables: ‹COCKROACH_CHANNEL=official-docker›
I201223 09:18:53.673012 1 cli/start.go:968 ⋮ process identity: ‹uid 0 euid 0 gid 0 egid 0›
I201223 09:18:53.681059 1 cli/start.go:504 ⋮ GEOS loaded from directory ‹/usr/local/lib/cockroach›
I201223 09:18:53.681096 1 cli/start.go:509 ⋮ starting cockroach node
I201223 09:18:53.707119 14 server/server.go:782 ⋮ [n?] monitoring forward clock jumps based on server.clock.forward_jump_check_enabled
I201223 09:18:53.712164 14 server/config.go:625 ⋮ [n?] 1 storage engine‹› initialized
I201223 09:18:53.712194 14 server/config.go:628 ⋮ [n?] ‹Pebble cache size: 128 MiB›
I201223 09:18:53.712209 14 server/config.go:628 ⋮ [n?] ‹store 0: RocksDB, max size 0 B, max open file limit 1043576›
I201223 09:18:53.753756 14 server/init.go:208 ⋮ [n?] no stores bootstrapped
I201223 09:18:53.753835 14 server/init.go:209 ⋮ [n?] awaiting `cockroach init` or join with an already initialized node
I201223 09:18:53.753907 14 server/init.go:266 ⋮ [n?] cluster ‹d3091e5a-847b-443c-863f-227832ed0a67› has been created
I201223 09:18:53.753978 14 server/init.go:267 ⋮ [n?] allocated node ID: n1 (for self)
W201223 09:18:53.754157 14 cli/start.go:907 ⋮ neither --listen-addr nor --advertise-addr was specified.
The server will advertise ‹"d4b22e640c74"› to other nodes, is this routable?

Consider using:
- for local-only servers:  --listen-addr=localhost
- for multi-node clusters: --advertise-addr=<host/IP addr>
I201223 09:18:53.754184 150 server/server.go:1416 ⋮ [n?] connecting to gossip network to verify cluster ID ‹"d3091e5a-847b-443c-863f-227832ed0a67"›
I201223 09:18:53.756174 14 gossip/gossip.go:403 ⋮ [n1] NodeDescriptor set to ‹node_id:1 address:<network_field:"tcp" address_field:"d4b22e640c74:26257" > attrs:<> locality:<> ServerVersion:<major_val:20 minor_val:2 patch:0 unstable:0 > build_tag:"v20.2.3" started_at:1608715133756163569 cluster_name:"" sql_address:<network_field:"tcp" address_field:"d4b22e640c74:26257" >›
I201223 09:18:53.766342 150 server/server.go:1419 ⋮ [n1] node connected via gossip
W201223 09:18:53.766798 211 kv/kvserver/store.go:1704 ⋮ [n1,s1,r6/1:‹/Table/{SystemCon…-11}›] could not gossip system config: ‹[NotLeaseHolderError] r6: replica (n1,s1):1 not lease holder; lease holder unknown›
(1) ‹[NotLeaseHolderError] r6: replica (n1,s1):1 not lease holder; lease holder unknown›
Error types: (1) *roachpb.NotLeaseHolderError
I201223 09:18:53.768031 14 server/node.go:430 ⋮ [n1] initialized store [n1,s1]: disk (capacity=194 GiB, available=163 GiB, used=42 KiB, logicalBytes=19 KiB), ranges=35, leases=0, queries=0.00, writes=0.00, bytesPerReplica={p10=0.00 p25=0.00 p50=0.00 p75=0.00 p90=166.00 pMax=16616.00}, writesPerReplica={p10=0.00 p25=0.00 p50=0.00 p75=0.00 p90=0.00 pMax=0.00}
I201223 09:18:53.768343 14 kv/kvserver/stores.go:236 ⋮ [n1] read 0 node addresses from persistent storage
I201223 09:18:53.770438 14 server/node.go:489 ⋮ [n1] started with engine type ‹2›
I201223 09:18:53.770526 14 server/node.go:491 ⋮ [n1] started with attributes ‹[]›
I201223 09:18:53.770771 14 server/goroutinedumper/goroutinedumper.go:120 ⋮ [n1] writing goroutine dumps to ‹/cockroach/cockroach-data/logs/goroutine_dump›
I201223 09:18:53.770897 14 server/heapprofiler/heapprofiler.go:49 ⋮ [n1] writing go heap profiles to ‹/cockroach/cockroach-data/logs/heap_profiler› at least every 1h0m0s
I201223 09:18:53.770955 14 server/heapprofiler/cgoprofiler.go:53 ⋮ [n1] to enable jmalloc profiling: "export MALLOC_CONF=prof:true" or "ln -s prof:true /etc/malloc.conf"
I201223 09:18:53.770985 14 server/heapprofiler/statsprofiler.go:54 ⋮ [n1] writing memory stats to ‹/cockroach/cockroach-data/logs/heap_profiler› at last every 1h0m0s
I201223 09:18:53.771042 14 server/server.go:1536 ⋮ [n1] starting http server at ‹[::]:8080› (use: ‹d4b22e640c74:8080›)
I201223 09:18:53.771111 14 server/server.go:1543 ⋮ [n1] starting grpc/postgres server at ‹[::]:26257›
I201223 09:18:53.771170 14 server/server.go:1544 ⋮ [n1] advertising CockroachDB node at ‹d4b22e640c74:26257›
I201223 09:18:53.787325 14 sql/sqlliveness/slinstance/slinstance.go:252 ⋮ [n1] starting SQL liveness instance
I201223 09:18:53.794255 275 sql/temporary_schema.go:497 ⋮ [n1] running temporary object cleanup background job
I201223 09:18:53.798571 295 kv/kvserver/replica_rangefeed.go:608 ⋮ [n1,s1,r6/1:‹/Table/{SystemCon…-11}›] RangeFeed closed timestamp is empty
I201223 09:18:53.803133 275 sql/temporary_schema.go:532 ⋮ [n1] found 0 temporary schemas
I201223 09:18:53.803217 275 sql/temporary_schema.go:535 ⋮ [n1] early exiting temporary schema cleaner as no temporary schemas were found
I201223 09:18:53.803257 275 sql/temporary_schema.go:536 ⋮ [n1] completed temporary object cleanup job
I201223 09:18:53.803291 275 sql/temporary_schema.go:614 ⋮ [n1] temporary object cleaner next scheduled to run at 2020-12-23 09:48:53.79409095 +0000 UTC
I201223 09:18:53.812315 79 sql/event_log.go:162 ⋮ [n1] Event: ‹"node_join"›, target: 1, info: ‹{Descriptor:{NodeID:1 Address:d4b22e640c74:26257 Attrs: Locality: ServerVersion:20.2 BuildTag:v20.2.3 StartedAt:1608715133756163569 LocalityAddress:[] ClusterName: SQLAddress:d4b22e640c74:26257} ClusterID:d3091e5a-847b-443c-863f-227832ed0a67 StartedAt:1608715133756163569 LastUp:1608715133756163569}›
I201223 09:18:53.813115 81 sql/sqlliveness/slstorage/slstorage.go:342 ⋮ [n1] inserted sqlliveness session ‹6b13b4697a3a4488a3b4d40db8e4d395›
I201223 09:18:53.813209 81 sql/sqlliveness/slinstance/slinstance.go:143 ⋮ [n1] created new SQL liveness session ‹6b13b4697a3a4488a3b4d40db8e4d395›
I201223 09:18:53.818623 137 sql/event_log.go:162 ⋮ [n1,intExec=‹optInToDiagnosticsStatReporting›] Event: ‹"set_cluster_setting"›, target: 0, info: ‹{SettingName:diagnostics.reporting.enabled Value:true User:root}›
I201223 09:18:53.842517 447 sql/event_log.go:162 ⋮ [n1,intExec=‹set-setting›] Event: ‹"set_cluster_setting"›, target: 0, info: ‹{SettingName:version Value:20.2 User:root}›
I201223 09:18:53.876433 785 sql/event_log.go:162 ⋮ [n1,intExec=‹initializeClusterSecret›] Event: ‹"set_cluster_setting"›, target: 0, info: ‹{SettingName:cluster.secret Value:e166c707-5011-48c9-ac79-3915b50da7c1 User:root}›
I201223 09:18:53.889669 788 sql/event_log.go:162 ⋮ [n1,intExec=‹create-default-db›] Event: ‹"create_database"›, target: 50, info: ‹{DatabaseName:defaultdb Statement:CREATE DATABASE IF NOT EXISTS defaultdb User:root}›
I201223 09:18:53.898022 743 sql/event_log.go:162 ⋮ [n1,intExec=‹create-default-db›] Event: ‹"create_database"›, target: 51, info: ‹{DatabaseName:postgres Statement:CREATE DATABASE IF NOT EXISTS postgres User:root}›
I201223 09:18:53.939121 14 server/server_sql.go:753 ⋮ [n1] done ensuring all necessary migrations have run
I201223 09:18:53.939180 14 server/server.go:1876 ⋮ [n1] serving sql connections
I201223 09:18:53.939311 1022 jobs/job_scheduler.go:346 ⋮ [n1] waiting 4m0s before scheduled jobs daemon start
I201223 09:18:53.948049 1023 server/server_update.go:55 ⋮ [n1] no need to upgrade, cluster already at the newest version
I201223 09:18:53.975037 1080 sql/event_log.go:162 ⋮ [intExec=‹set-zone›] Event: ‹"set_zone_config"›, target: 0, info: ‹{Target:RANGE default Config: Options:num_replicas = 1 User:root}›
I201223 09:18:53.982562 1030 sql/event_log.go:162 ⋮ [intExec=‹set-zone›] Event: ‹"set_zone_config"›, target: 1, info: ‹{Target:DATABASE system Config: Options:num_replicas = 1 User:root}›
I201223 09:18:53.988046 1168 sql/event_log.go:162 ⋮ [intExec=‹set-zone›] Event: ‹"set_zone_config"›, target: 16, info: ‹{Target:RANGE meta Config: Options:num_replicas = 1 User:root}›
I201223 09:18:53.992164 1072 sql/event_log.go:162 ⋮ [intExec=‹set-zone›] Event: ‹"set_zone_config"›, target: 17, info: ‹{Target:RANGE system Config: Options:num_replicas = 1 User:root}›
I201223 09:18:53.996053 1136 sql/event_log.go:162 ⋮ [intExec=‹set-zone›] Event: ‹"set_zone_config"›, target: 22, info: ‹{Target:RANGE liveness Config: Options:num_replicas = 1 User:root}›
I201223 09:18:54.000987 1111 sql/event_log.go:162 ⋮ [intExec=‹set-zone›] Event: ‹"set_zone_config"›, target: 25, info: ‹{Target:TABLE system.public.replication_constraint_stats Config: Options:num_replicas = 1 User:root}›
I201223 09:18:54.005206 1467 sql/event_log.go:162 ⋮ [intExec=‹set-zone›] Event: ‹"set_zone_config"›, target: 27, info: ‹{Target:TABLE system.public.replication_stats Config: Options:num_replicas = 1 User:root}›
I201223 09:18:54.005261 14 util/log/log.go:50 ⋮ Replication was disabled for this cluster.
When/if adding nodes in the future, update zone configurations to increase the replication factor.
I201223 09:18:54.005336 14 cli/start.go:670 ⋮ [config] clusterID: ‹d3091e5a-847b-443c-863f-227832ed0a67›
I201223 09:18:54.005387 14 cli/start.go:680 ⋮ node startup completed:
CockroachDB node starting at 2020-12-23 09:18:54.005270842 +0000 UTC (took 0.3s)
build:               CCL v20.2.3 @ 2020/12/14 18:33:39 (go1.13.14)
webui:               ‹http://d4b22e640c74:8080›
sql:                 ‹postgresql://root@d4b22e640c74:26257?sslmode=disable›
RPC client flags:    ‹/cockroach/cockroach <client cmd> --host=d4b22e640c74:26257 --insecure›
logs:                ‹/cockroach/cockroach-data/logs›
temp dir:            ‹/cockroach/cockroach-data/cockroach-temp187111872›
external I/O path:   ‹/cockroach/cockroach-data/extern›
store[0]:            ‹path=/cockroach/cockroach-data›
storage engine:      pebble
status:              initialized new cluster
clusterID:           ‹d3091e5a-847b-443c-863f-227832ed0a67›
nodeID:              1
I201223 09:18:55.479687 153 gossip/gossip.go:1508 ⋮ [n1] node has connected to cluster via gossip
I201223 09:18:55.481285 153 kv/kvserver/stores.go:255 ⋮ [n1] wrote 0 node addresses to persistent storage
I201223 09:19:03.772798 223 server/status/runtime.go:522 ⋮ [n1] runtime stats: 171 MiB RSS, 196 goroutines, 22 MiB/33 MiB/43 MiB GO alloc/idle/total, 2.6 MiB/4.1 MiB CGO alloc/total, 0.0 CGO/sec, 0.0/0.0 %(u/s)time, 0.0 %gc (10x), 42 KiB/25 KiB (r/w)net
I201223 09:19:13.772627 218 kv/kvserver/store.go:2638 ⋮ [n1,s1] sstables (read amplification = 0):
‹›
I201223 09:19:13.772909 223 server/status/runtime.go:522 ⋮ [n1] runtime stats: 178 MiB RSS, 196 goroutines, 32 MiB/24 MiB/46 MiB GO alloc/idle/total, 3.6 MiB/5.2 MiB CGO alloc/total, 0.2 CGO/sec, 1.6/0.3 %(u/s)time, 0.0 %gc (0x), 6.6 KiB/6.1 KiB (r/w)net
I201223 09:19:13.772984 218 kv/kvserver/store.go:2639 ⋮ [n1,s1] ‹›
‹__level_____count____size___score______in__ingest(sz_cnt)____move(sz_cnt)___write(sz_cnt)____read___r-amp___w-amp›
‹    WAL         3   652 K       -   647 K       -       -       -       -   652 K       -       -       -     1.0›
‹      0         0     0 B    0.00     0 B     0 B       0     0 B       0     0 B       0     0 B       0     0.0›
‹      1         0     0 B    0.00     0 B     0 B       0     0 B       0     0 B       0     0 B       0     0.0›
‹      2         0     0 B    0.00     0 B     0 B       0     0 B       0     0 B       0     0 B       0     0.0›
‹      3         0     0 B    0.00     0 B     0 B       0     0 B       0     0 B       0     0 B       0     0.0›
‹      4         0     0 B    0.00     0 B     0 B       0     0 B       0     0 B       0     0 B       0     0.0›
‹      5         0     0 B    0.00     0 B     0 B       0     0 B       0     0 B       0     0 B       0     0.0›
‹      6         0     0 B       -     0 B     0 B       0     0 B       0     0 B       0     0 B       0     0.0›
‹  total         0     0 B       -   652 K     0 B       0     0 B       0   652 K       0     0 B       0     1.0›
‹  flush         0›
‹compact         0     0 B          (size == estimated-debt)›
‹ memtbl         3   1.8 M›
‹zmemtbl         0     0 B›
‹   ztbl         0     0 B›
‹ bcache         0     0 B    0.0%  (score == hit-rate)›
‹ tcache         0     0 B    0.0%  (score == hit-rate)›
‹ titers         0›
‹ filter         -       -    0.0%  (score == utility)›
I201223 09:19:23.773092 223 server/status/runtime.go:522 ⋮ [n1] runtime stats: 180 MiB RSS, 195 goroutines, 24 MiB/30 MiB/49 MiB GO alloc/idle/total, 3.6 MiB/5.2 MiB CGO alloc/total, 0.1 CGO/sec, 1.9/0.5 %(u/s)time, 0.0 %gc (1x), 5.4 KiB/5.4 KiB (r/w)net
I201223 09:19:24.785001 2286 kv/kvserver/replica_consistency.go:257 ⋮ [n1,consistencyChecker,s1,r4/1:‹/System{/tsd-tse}›] triggering stats recomputation to resolve delta of {ContainsEstimates:6340 LastUpdateNanos:1608715163806306618 IntentAge:0 GCBytesAge:0 LiveBytes:44554 LiveCount:-794 KeyBytes:-40182 KeyCount:-794 ValBytes:84736 ValCount:-794 IntentBytes:0 IntentCount:0 SysBytes:0 SysCount:0 AbortSpanBytes:0}
I201223 09:19:33.773198 223 server/status/runtime.go:522 ⋮ [n1] runtime stats: 182 MiB RSS, 196 goroutines, 23 MiB/32 MiB/50 MiB GO alloc/idle/total, 3.6 MiB/5.2 MiB CGO alloc/total, 0.1 CGO/sec, 1.7/0.4 %(u/s)time, 0.0 %gc (1x), 3.8 KiB/3.8 KiB (r/w)net
I201223 09:19:43.773452 223 server/status/runtime.go:522 ⋮ [n1] runtime stats: 184 MiB RSS, 196 goroutines, 29 MiB/26 MiB/50 MiB GO alloc/idle/total, 5.6 MiB/7.2 MiB CGO alloc/total, 0.2 CGO/sec, 1.2/0.4 %(u/s)time, 0.0 %gc (0x), 2.3 KiB/2.3 KiB (r/w)net
I201223 09:19:53.770767 219 gossip/gossip.go:568 ⋮ [n1] gossip status (ok, 1 node‹›)
gossip client (0/3 cur/max conns)
gossip server (0/3 cur/max conns, infos 0/0 sent/received, bytes 0B/0B sent/received)
gossip connectivity
  n1 [sentinel];
I201223 09:19:53.773614 223 server/status/runtime.go:522 ⋮ [n1] runtime stats: 184 MiB RSS, 196 goroutines, 36 MiB/21 MiB/50 MiB GO alloc/idle/total, 5.6 MiB/7.2 MiB CGO alloc/total, 0.1 CGO/sec, 1.3/0.2 %(u/s)time, 0.0 %gc (0x), 1.7 KiB/1.7 KiB (r/w)net
I201223 09:20:03.772848 223 server/status/runtime.go:522 ⋮ [n1] runtime stats: 184 MiB RSS, 195 goroutines, 30 MiB/26 MiB/51 MiB GO alloc/idle/total, 5.6 MiB/7.2 MiB CGO alloc/total, 0.1 CGO/sec, 1.8/0.2 %(u/s)time, 0.0 %gc (1x), 1.9 KiB/1.8 KiB (r/w)net
I201223 09:20:13.773989 223 server/status/runtime.go:522 ⋮ [n1] runtime stats: 184 MiB RSS, 195 goroutines, 36 MiB/21 MiB/51 MiB GO alloc/idle/total, 5.6 MiB/7.2 MiB CGO alloc/total, 0.1 CGO/sec, 1.4/0.5 %(u/s)time, 0.0 %gc (0x), 2.3 KiB/2.3 KiB (r/w)net
I201223 09:20:23.774036 223 server/status/runtime.go:522 ⋮ [n1] runtime stats: 186 MiB RSS, 195 goroutines, 21 MiB/32 MiB/53 MiB GO alloc/idle/total, 5.6 MiB/7.2 MiB CGO alloc/total, 0.1 CGO/sec, 1.3/0.2 %(u/s)time, 0.0 %gc (1x), 1.8 KiB/1.8 KiB (r/w)net
I201223 09:20:32.379102 1 cli/start.go:733 ⋮ received signal 'terminated'
I201223 09:20:32.379812 1 cli/start.go:817 ⋮ initiating graceful shutdown of server
I201223 09:20:32.389281 3069 server/drain.go:175 ⋮ [server drain process] drain remaining: 5
I201223 09:20:32.390662 3069 server/drain.go:177 ⋮ [server drain process] drain details: descriptor leases: 4, liveness record: 1
I201223 09:20:32.598585 3069 server/drain.go:175 ⋮ [server drain process] drain remaining: 0
I201223 09:20:32.599599 3069 util/stop/stopper.go:563 ⋮ [server drain process] quiescing
W201223 09:20:32.600513 81 sql/sqlliveness/slinstance/slinstance.go:182 ⋮ [n1] exiting heartbeat loop
W201223 09:20:32.600687 284 jobs/registry.go:672 ⋮ canceling all adopted jobs due to stopper quiescing
I201223 09:20:32.606118 1 cli/start.go:869 ⋮ server drained and shutdown completed
