I210104 13:35:10.880865 1 util/log/sync_buffer.go:195 ⋮ [config] file created at: 2021/01/04 13:35:10
I210104 13:35:10.880877 1 util/log/sync_buffer.go:195 ⋮ [config] running on machine: ‹90f2ce7a7b33›
I210104 13:35:10.880883 1 util/log/sync_buffer.go:195 ⋮ [config] binary: CockroachDB CCL v20.2.3 (x86_64-unknown-linux-gnu, built 2020/12/14 18:33:39, go1.13.14)
I210104 13:35:10.880888 1 util/log/sync_buffer.go:195 ⋮ [config] arguments: ‹[/cockroach/cockroach start-single-node --insecure]›
I210104 13:35:10.880896 1 util/log/sync_buffer.go:195 ⋮ [config] line format: [IWEF]yymmdd hh:mm:ss.uuuuuu goid file:line msg utf8=✓
W210104 13:35:10.880561 1 cli/start.go:1139 ⋮ ALL SECURITY CONTROLS HAVE BEEN DISABLED!

This mode is intended for non-production testing only.

In this mode:
- Your cluster is open to any client that can access ‹any of your IP addresses›.
- Intruders with access to your machine or network can observe client-server traffic.
- Intruders can log in without password and read or write any data in the cluster.
- Intruders can consume all your server's resources and cause unavailability.
I210104 13:35:10.880987 1 cli/start.go:1149 ⋮ To start a secure server without mandating TLS for clients,
consider --accept-sql-without-tls instead. For other options, see:

- ‹https://go.crdb.dev/issue-v/53404/v20.2›
- https://www.cockroachlabs.com/docs/v20.2/secure-a-cluster.html
I210104 13:35:10.881310 1 server/status/recorder.go:605 ⋮ ‹available memory from cgroups (8.0 EiB) is unsupported, using system memory 31 GiB instead:›
W210104 13:35:10.881335 1 cli/start.go:983 ⋮ ‹Using the default setting for --cache (128 MiB).›
‹  A significantly larger value is usually needed for good performance.›
‹  If you have a dedicated server a reasonable setting is --cache=.25 (7.8 GiB).›
I210104 13:35:10.881515 1 server/status/recorder.go:605 ⋮ ‹available memory from cgroups (8.0 EiB) is unsupported, using system memory 31 GiB instead:›
I210104 13:35:10.881525 1 cli/start.go:1164 ⋮ ‹CockroachDB CCL v20.2.3 (x86_64-unknown-linux-gnu, built 2020/12/14 18:33:39, go1.13.14)›
I210104 13:35:10.882375 1 server/status/recorder.go:605 ⋮ ‹available memory from cgroups (8.0 EiB) is unsupported, using system memory 31 GiB instead:›
I210104 13:35:10.882391 1 server/config.go:434 ⋮ system total memory: ‹31 GiB›
I210104 13:35:10.882403 1 server/config.go:436 ⋮ server configuration:
‹max offset             500000000›
‹cache size             128 MiB›
‹SQL memory pool size   7.8 GiB›
‹scan interval          10m0s›
‹scan min idle time     10ms›
‹scan max idle time     1s›
‹event log enabled      true›
I210104 13:35:10.882449 1 cli/start.go:961 ⋮ using local environment variables: ‹COCKROACH_CHANNEL=official-docker›
I210104 13:35:10.882462 1 cli/start.go:968 ⋮ process identity: ‹uid 0 euid 0 gid 0 egid 0›
I210104 13:35:10.882659 1 cli/start.go:502 ⋮ could not initialize GEOS - spatial functions may not be available: geos: error during GEOS init: geos: cannot load GEOS from dir ‹"/usr/local/lib/cockroach"›: ‹geos error: /usr/local/lib/cockroach/libgeos.so: cannot open shared object file: No such file or directory›
I210104 13:35:10.882705 1 cli/start.go:509 ⋮ starting cockroach node
I210104 13:35:10.911727 71 server/server.go:782 ⋮ [n?] monitoring forward clock jumps based on server.clock.forward_jump_check_enabled
I210104 13:35:11.024441 71 server/config.go:625 ⋮ [n?] 1 storage engine‹› initialized
I210104 13:35:11.024461 71 server/config.go:628 ⋮ [n?] ‹Pebble cache size: 128 MiB›
I210104 13:35:11.024467 71 server/config.go:628 ⋮ [n?] ‹store 0: RocksDB, max size 0 B, max open file limit 1043576›
W210104 13:35:11.026162 71 cli/start.go:907 ⋮ neither --listen-addr nor --advertise-addr was specified.
The server will advertise ‹"90f2ce7a7b33"› to other nodes, is this routable?

Consider using:
- for local-only servers:  --listen-addr=localhost
- for multi-node clusters: --advertise-addr=<host/IP addr>
I210104 13:35:11.026244 168 server/server.go:1416 ⋮ [n?] connecting to gossip network to verify cluster ID ‹"96dd4b31-a868-4727-9dc0-96ec7dfd7219"›
I210104 13:35:11.029155 71 gossip/gossip.go:403 ⋮ [n1] NodeDescriptor set to ‹node_id:1 address:<network_field:"tcp" address_field:"90f2ce7a7b33:26257" > attrs:<> locality:<> ServerVersion:<major_val:20 minor_val:2 patch:0 unstable:0 > build_tag:"v20.2.3" started_at:1609767311029149734 cluster_name:"" sql_address:<network_field:"tcp" address_field:"90f2ce7a7b33:26257" >›
W210104 13:35:11.035990 71 kv/kvserver/replica_range_lease.go:555 ⋮ [n1,s1,r17/1:‹/Table/2{1-2}›] can't determine lease status of (n1,s1):1 due to node liveness error: node not in the liveness table
(1) attached stack trace
  -- stack trace:
  | github.com/cockroachdb/cockroach/pkg/kv/kvserver.init
  | 	/go/src/github.com/cockroachdb/cockroach/pkg/kv/kvserver/node_liveness.go:45
  | runtime.doInit
  | 	/usr/local/go/src/runtime/proc.go:5228
  | runtime.doInit
  | 	/usr/local/go/src/runtime/proc.go:5223
  | runtime.doInit
  | 	/usr/local/go/src/runtime/proc.go:5223
  | runtime.doInit
  | 	/usr/local/go/src/runtime/proc.go:5223
  | runtime.doInit
  | 	/usr/local/go/src/runtime/proc.go:5223
  | runtime.main
  | 	/usr/local/go/src/runtime/proc.go:190
  | runtime.goexit
  | 	/usr/local/go/src/runtime/asm_amd64.s:1357
Wraps: (2) node not in the liveness table
Error types: (1) *withstack.withStack (2) *errutil.leafError
I210104 13:35:11.036148 71 server/node.go:430 ⋮ [n1] initialized store [n1,s1]: disk (capacity=194 GiB, available=162 GiB, used=1.3 MiB, logicalBytes=2.6 MiB), ranges=38, leases=0, queries=0.00, writes=0.00, bytesPerReplica={p10=0.00 p25=0.00 p50=95.00 p75=1758.00 p90=9897.00 pMax=2680920.00}, writesPerReplica={p10=0.00 p25=0.00 p50=0.00 p75=0.00 p90=0.00 pMax=0.00}
I210104 13:35:11.036339 71 kv/kvserver/stores.go:236 ⋮ [n1] read 0 node addresses from persistent storage
W210104 13:35:11.036320 219 kv/kvserver/store.go:1704 ⋮ [n1,s1,r6/1:‹/Table/{SystemCon…-11}›] could not gossip system config: ‹[NotLeaseHolderError] r6: replica (n1,s1):1 not lease holder; lease holder unknown›
(1) ‹[NotLeaseHolderError] r6: replica (n1,s1):1 not lease holder; lease holder unknown›
Error types: (1) *roachpb.NotLeaseHolderError
I210104 13:35:11.036444 168 server/server.go:1419 ⋮ [n1] node connected via gossip
I210104 13:35:11.037726 71 server/node.go:489 ⋮ [n1] started with engine type ‹2›
I210104 13:35:11.037755 71 server/node.go:491 ⋮ [n1] started with attributes ‹[]›
I210104 13:35:11.037793 71 server/goroutinedumper/goroutinedumper.go:120 ⋮ [n1] writing goroutine dumps to ‹/cockroach/cockroach-data/logs/goroutine_dump›
I210104 13:35:11.037807 71 server/heapprofiler/heapprofiler.go:49 ⋮ [n1] writing go heap profiles to ‹/cockroach/cockroach-data/logs/heap_profiler› at least every 1h0m0s
I210104 13:35:11.037820 71 server/heapprofiler/cgoprofiler.go:53 ⋮ [n1] to enable jmalloc profiling: "export MALLOC_CONF=prof:true" or "ln -s prof:true /etc/malloc.conf"
I210104 13:35:11.037827 71 server/heapprofiler/statsprofiler.go:54 ⋮ [n1] writing memory stats to ‹/cockroach/cockroach-data/logs/heap_profiler› at last every 1h0m0s
I210104 13:35:11.037838 71 server/server.go:1536 ⋮ [n1] starting http server at ‹[::]:8080› (use: ‹90f2ce7a7b33:8080›)
I210104 13:35:11.037853 71 server/server.go:1543 ⋮ [n1] starting grpc/postgres server at ‹[::]:26257›
I210104 13:35:11.037865 71 server/server.go:1544 ⋮ [n1] advertising CockroachDB node at ‹90f2ce7a7b33:26257›
I210104 13:35:11.089684 71 sql/sqlliveness/slinstance/slinstance.go:252 ⋮ [n1] starting SQL liveness instance
I210104 13:35:11.089820 278 sql/temporary_schema.go:497 ⋮ [n1] running temporary object cleanup background job
I210104 13:35:11.089995 71 server/server_sql.go:753 ⋮ [n1] done ensuring all necessary migrations have run
I210104 13:35:11.090011 71 server/server.go:1876 ⋮ [n1] serving sql connections
I210104 13:35:11.090114 71 cli/start.go:670 ⋮ [config] clusterID: ‹96dd4b31-a868-4727-9dc0-96ec7dfd7219›
I210104 13:35:11.090141 71 cli/start.go:680 ⋮ node startup completed:
CockroachDB node starting at 2021-01-04 13:35:11.090059105 +0000 UTC (took 0.2s)
build:               CCL v20.2.3 @ 2020/12/14 18:33:39 (go1.13.14)
webui:               ‹http://90f2ce7a7b33:8080›
sql:                 ‹postgresql://root@90f2ce7a7b33:26257?sslmode=disable›
RPC client flags:    ‹/cockroach/cockroach <client cmd> --host=90f2ce7a7b33:26257 --insecure›
logs:                ‹/cockroach/cockroach-data/logs›
temp dir:            ‹/cockroach/cockroach-data/cockroach-temp799818393›
external I/O path:   ‹/cockroach/cockroach-data/extern›
store[0]:            ‹path=/cockroach/cockroach-data›
storage engine:      pebble
status:              restarted pre-existing node
clusterID:           ‹96dd4b31-a868-4727-9dc0-96ec7dfd7219›
nodeID:              1
I210104 13:35:11.090263 308 jobs/job_scheduler.go:346 ⋮ [n1] waiting 4m0s before scheduled jobs daemon start
I210104 13:35:11.097208 278 sql/temporary_schema.go:532 ⋮ [n1] found 0 temporary schemas
I210104 13:35:11.097237 278 sql/temporary_schema.go:535 ⋮ [n1] early exiting temporary schema cleaner as no temporary schemas were found
I210104 13:35:11.097246 278 sql/temporary_schema.go:536 ⋮ [n1] completed temporary object cleanup job
I210104 13:35:11.097254 278 sql/temporary_schema.go:614 ⋮ [n1] temporary object cleaner next scheduled to run at 2021-01-04 14:05:11.089778655 +0000 UTC
I210104 13:35:11.098413 309 server/server_update.go:55 ⋮ [n1] no need to upgrade, cluster already at the newest version
I210104 13:35:11.100264 330 sql/catalog/lease/lease.go:2115 ⋮ released orphaned lease: ‹{id:55 version:1 expiration:{Time:{wall:433640000 ext:63745363806 loc:<nil>}}}›
I210104 13:35:11.100290 328 sql/catalog/lease/lease.go:2115 ⋮ released orphaned lease: ‹{id:53 version:1 expiration:{Time:{wall:777274000 ext:63745363790 loc:<nil>}}}›
I210104 13:35:11.101371 329 sql/catalog/lease/lease.go:2115 ⋮ released orphaned lease: ‹{id:54 version:1 expiration:{Time:{wall:677495000 ext:63745363804 loc:<nil>}}}›
I210104 13:35:11.101951 276 sql/sqlliveness/slstorage/slstorage.go:342 ⋮ [n1] inserted sqlliveness session ‹d6c364efe7804fd5bb6749056769a3a9›
I210104 13:35:11.101969 276 sql/sqlliveness/slinstance/slinstance.go:143 ⋮ [n1] created new SQL liveness session ‹d6c364efe7804fd5bb6749056769a3a9›
I210104 13:35:11.107635 274 sql/event_log.go:162 ⋮ [n1] Event: ‹"node_restart"›, target: 1, info: ‹{Descriptor:{NodeID:1 Address:90f2ce7a7b33:26257 Attrs: Locality: ServerVersion:20.2 BuildTag:v20.2.3 StartedAt:1609767311029149734 LocalityAddress:[] ClusterName: SQLAddress:90f2ce7a7b33:26257} ClusterID:96dd4b31-a868-4727-9dc0-96ec7dfd7219 StartedAt:1609767311029149734 LastUp:1609766771022978854}›
I210104 13:35:12.957685 171 gossip/gossip.go:1508 ⋮ [n1] node has connected to cluster via gossip
I210104 13:35:12.958434 171 kv/kvserver/stores.go:255 ⋮ [n1] wrote 0 node addresses to persistent storage
I210104 13:35:21.039742 104 server/status/runtime.go:522 ⋮ [n1] runtime stats: 180 MiB RSS, 210 goroutines, 22 MiB/35 MiB/45 MiB GO alloc/idle/total, 37 MiB/41 MiB CGO alloc/total, 0.0 CGO/sec, 0.0/0.0 %(u/s)time, 0.0 %gc (26x), 34 KiB/32 KiB (r/w)net
I210104 13:35:31.039810 104 server/status/runtime.go:522 ⋮ [n1] runtime stats: 180 MiB RSS, 205 goroutines, 19 MiB/35 MiB/45 MiB GO alloc/idle/total, 37 MiB/41 MiB CGO alloc/total, 0.1 CGO/sec, 1.9/0.7 %(u/s)time, 0.0 %gc (1x), 70 B/0 B (r/w)net
I210104 13:35:31.040456 99 kv/kvserver/store.go:2638 ⋮ [n1,s1] sstables (read amplification = 1):
‹6 [ 215K 1 ]: 215K›
I210104 13:35:31.040873 99 kv/kvserver/store.go:2639 ⋮ [n1,s1] ‹›
‹__level_____count____size___score______in__ingest(sz_cnt)____move(sz_cnt)___write(sz_cnt)____read___r-amp___w-amp›
‹    WAL         2   535 K       -   533 K       -       -       -       -   535 K       -       -       -     1.0›
‹      0         0     0 B    0.00     0 B     0 B       0     0 B       0     0 B       0     0 B       0     0.0›
‹      1         0     0 B    0.00     0 B     0 B       0     0 B       0     0 B       0     0 B       0     0.0›
‹      2         0     0 B    0.00     0 B     0 B       0     0 B       0     0 B       0     0 B       0     0.0›
‹      3         0     0 B    0.00     0 B     0 B       0     0 B       0     0 B       0     0 B       0     0.0›
‹      4         0     0 B    0.00     0 B     0 B       0     0 B       0     0 B       0     0 B       0     0.0›
‹      5         0     0 B    0.00     0 B     0 B       0     0 B       0     0 B       0     0 B       0     0.0›
‹      6         1   215 K       -   358 K     0 B       0     0 B       0   215 K       1   505 K       1     0.6›
‹  total         1   215 K       -   535 K     0 B       0     0 B       0   750 K       1   505 K       1     1.4›
‹  flush         0›
‹compact         1     0 B          (size == estimated-debt)›
‹ memtbl         2    32 M›
‹zmemtbl         0     0 B›
‹   ztbl         0     0 B›
‹ bcache        14   437 K   98.3%  (score == hit-rate)›
‹ tcache         1   616 B   99.8%  (score == hit-rate)›
‹ titers         0›
‹ filter         -       -   79.8%  (score == utility)›
I210104 13:35:31.401266 275 sql/sqlliveness/slstorage/slstorage.go:320 ⋮ [n1] deleted 1 expired SQL liveness sessions
I210104 13:35:41.039773 104 server/status/runtime.go:522 ⋮ [n1] runtime stats: 180 MiB RSS, 205 goroutines, 26 MiB/29 MiB/45 MiB GO alloc/idle/total, 37 MiB/41 MiB CGO alloc/total, 0.1 CGO/sec, 2.2/0.5 %(u/s)time, 0.0 %gc (0x), 70 B/0 B (r/w)net
I210104 13:35:51.039786 104 server/status/runtime.go:522 ⋮ [n1] runtime stats: 182 MiB RSS, 206 goroutines, 21 MiB/34 MiB/48 MiB GO alloc/idle/total, 37 MiB/41 MiB CGO alloc/total, 0.5 CGO/sec, 2.4/0.6 %(u/s)time, 0.0 %gc (1x), 0 B/0 B (r/w)net
I210104 13:36:01.039971 104 server/status/runtime.go:522 ⋮ [n1] runtime stats: 182 MiB RSS, 206 goroutines, 28 MiB/28 MiB/48 MiB GO alloc/idle/total, 37 MiB/41 MiB CGO alloc/total, 0.1 CGO/sec, 1.6/0.6 %(u/s)time, 0.0 %gc (0x), 0 B/0 B (r/w)net
