I201223 12:59:38.182990 1 util/log/sync_buffer.go:195 ⋮ [config] file created at: 2020/12/23 12:59:38
I201223 12:59:38.182995 1 util/log/sync_buffer.go:195 ⋮ [config] running on machine: ‹3ad3b786dd69›
I201223 12:59:38.182999 1 util/log/sync_buffer.go:195 ⋮ [config] binary: CockroachDB CCL v20.2.3 (x86_64-unknown-linux-gnu, built 2020/12/14 18:33:39, go1.13.14)
I201223 12:59:38.183002 1 util/log/sync_buffer.go:195 ⋮ [config] arguments: ‹[/cockroach/cockroach start-single-node --insecure]›
I201223 12:59:38.183007 1 util/log/sync_buffer.go:195 ⋮ [config] line format: [IWEF]yymmdd hh:mm:ss.uuuuuu goid file:line msg utf8=✓
W201223 12:59:38.182939 1 cli/start.go:1139 ⋮ ALL SECURITY CONTROLS HAVE BEEN DISABLED!

This mode is intended for non-production testing only.

In this mode:
- Your cluster is open to any client that can access ‹any of your IP addresses›.
- Intruders with access to your machine or network can observe client-server traffic.
- Intruders can log in without password and read or write any data in the cluster.
- Intruders can consume all your server's resources and cause unavailability.
I201223 12:59:38.183060 1 cli/start.go:1149 ⋮ To start a secure server without mandating TLS for clients,
consider --accept-sql-without-tls instead. For other options, see:

- ‹https://go.crdb.dev/issue-v/53404/v20.2›
- https://www.cockroachlabs.com/docs/v20.2/secure-a-cluster.html
I201223 12:59:38.183242 1 server/status/recorder.go:605 ⋮ ‹available memory from cgroups (8.0 EiB) is unsupported, using system memory 31 GiB instead:›
W201223 12:59:38.183256 1 cli/start.go:983 ⋮ ‹Using the default setting for --cache (128 MiB).›
‹  A significantly larger value is usually needed for good performance.›
‹  If you have a dedicated server a reasonable setting is --cache=.25 (7.8 GiB).›
I201223 12:59:38.183385 1 server/status/recorder.go:605 ⋮ ‹available memory from cgroups (8.0 EiB) is unsupported, using system memory 31 GiB instead:›
I201223 12:59:38.183392 1 cli/start.go:1164 ⋮ ‹CockroachDB CCL v20.2.3 (x86_64-unknown-linux-gnu, built 2020/12/14 18:33:39, go1.13.14)›
I201223 12:59:38.183986 1 server/status/recorder.go:605 ⋮ ‹available memory from cgroups (8.0 EiB) is unsupported, using system memory 31 GiB instead:›
I201223 12:59:38.183994 1 server/config.go:434 ⋮ system total memory: ‹31 GiB›
I201223 12:59:38.184005 1 server/config.go:436 ⋮ server configuration:
‹max offset             500000000›
‹cache size             128 MiB›
‹SQL memory pool size   7.8 GiB›
‹scan interval          10m0s›
‹scan min idle time     10ms›
‹scan max idle time     1s›
‹event log enabled      true›
I201223 12:59:38.184035 1 cli/start.go:961 ⋮ using local environment variables: ‹COCKROACH_CHANNEL=official-docker›
I201223 12:59:38.184045 1 cli/start.go:968 ⋮ process identity: ‹uid 0 euid 0 gid 0 egid 0›
I201223 12:59:38.185731 1 cli/start.go:504 ⋮ GEOS loaded from directory ‹/usr/local/lib/cockroach›
I201223 12:59:38.185748 1 cli/start.go:509 ⋮ starting cockroach node
I201223 12:59:38.219791 44 server/server.go:782 ⋮ [n?] monitoring forward clock jumps based on server.clock.forward_jump_check_enabled
I201223 12:59:38.266682 44 server/config.go:625 ⋮ [n?] 1 storage engine‹› initialized
I201223 12:59:38.266705 44 server/config.go:628 ⋮ [n?] ‹Pebble cache size: 128 MiB›
I201223 12:59:38.266712 44 server/config.go:628 ⋮ [n?] ‹store 0: RocksDB, max size 0 B, max open file limit 1043576›
W201223 12:59:38.269352 44 cli/start.go:907 ⋮ neither --listen-addr nor --advertise-addr was specified.
The server will advertise ‹"3ad3b786dd69"› to other nodes, is this routable?

Consider using:
- for local-only servers:  --listen-addr=localhost
- for multi-node clusters: --advertise-addr=<host/IP addr>
I201223 12:59:38.269414 150 server/server.go:1416 ⋮ [n?] connecting to gossip network to verify cluster ID ‹"a80c75e2-16e2-4e50-a3ad-eaec13a9821b"›
I201223 12:59:38.271448 44 gossip/gossip.go:403 ⋮ [n1] NodeDescriptor set to ‹node_id:1 address:<network_field:"tcp" address_field:"3ad3b786dd69:26257" > attrs:<> locality:<> ServerVersion:<major_val:20 minor_val:2 patch:0 unstable:0 > build_tag:"v20.2.3" started_at:1608728378271444016 cluster_name:"" sql_address:<network_field:"tcp" address_field:"3ad3b786dd69:26257" >›
W201223 12:59:38.275491 228 kv/kvserver/replica_range_lease.go:555 ⋮ [n1,s1,r6/1:‹/Table/{SystemCon…-11}›] can't determine lease status of (n1,s1):1 due to node liveness error: node not in the liveness table
(1) attached stack trace
  -- stack trace:
  | github.com/cockroachdb/cockroach/pkg/kv/kvserver.init
  | 	/go/src/github.com/cockroachdb/cockroach/pkg/kv/kvserver/node_liveness.go:45
  | runtime.doInit
  | 	/usr/local/go/src/runtime/proc.go:5228
  | runtime.doInit
  | 	/usr/local/go/src/runtime/proc.go:5223
  | runtime.doInit
  | 	/usr/local/go/src/runtime/proc.go:5223
  | runtime.doInit
  | 	/usr/local/go/src/runtime/proc.go:5223
  | runtime.doInit
  | 	/usr/local/go/src/runtime/proc.go:5223
  | runtime.main
  | 	/usr/local/go/src/runtime/proc.go:190
  | runtime.goexit
  | 	/usr/local/go/src/runtime/asm_amd64.s:1357
Wraps: (2) node not in the liveness table
Error types: (1) *withstack.withStack (2) *errutil.leafError
W201223 12:59:38.275809 228 kv/kvserver/store.go:1704 ⋮ [n1,s1,r6/1:‹/Table/{SystemCon…-11}›] could not gossip system config: ‹[NotLeaseHolderError] r6: replica (n1,s1):1 not lease holder; lease holder unknown›
(1) ‹[NotLeaseHolderError] r6: replica (n1,s1):1 not lease holder; lease holder unknown›
Error types: (1) *roachpb.NotLeaseHolderError
I201223 12:59:38.278461 150 server/server.go:1419 ⋮ [n1] node connected via gossip
I201223 12:59:38.280709 44 server/node.go:430 ⋮ [n1] initialized store [n1,s1]: disk (capacity=194 GiB, available=162 GiB, used=5.9 MiB, logicalBytes=29 MiB), ranges=36, leases=1, queries=0.00, writes=0.00, bytesPerReplica={p10=0.00 p25=0.00 p50=0.00 p75=3174.00 p90=27788.00 pMax=30611501.00}, writesPerReplica={p10=0.00 p25=0.00 p50=0.00 p75=0.00 p90=0.00 pMax=0.00}
I201223 12:59:38.281297 44 kv/kvserver/stores.go:236 ⋮ [n1] read 0 node addresses from persistent storage
I201223 12:59:38.282242 44 server/node.go:489 ⋮ [n1] started with engine type ‹2›
I201223 12:59:38.282298 44 server/node.go:491 ⋮ [n1] started with attributes ‹[]›
I201223 12:59:38.282348 44 server/goroutinedumper/goroutinedumper.go:120 ⋮ [n1] writing goroutine dumps to ‹/cockroach/cockroach-data/logs/goroutine_dump›
I201223 12:59:38.282363 44 server/heapprofiler/heapprofiler.go:49 ⋮ [n1] writing go heap profiles to ‹/cockroach/cockroach-data/logs/heap_profiler› at least every 1h0m0s
I201223 12:59:38.282375 44 server/heapprofiler/cgoprofiler.go:53 ⋮ [n1] to enable jmalloc profiling: "export MALLOC_CONF=prof:true" or "ln -s prof:true /etc/malloc.conf"
I201223 12:59:38.282382 44 server/heapprofiler/statsprofiler.go:54 ⋮ [n1] writing memory stats to ‹/cockroach/cockroach-data/logs/heap_profiler› at last every 1h0m0s
I201223 12:59:38.282394 44 server/server.go:1536 ⋮ [n1] starting http server at ‹[::]:8080› (use: ‹3ad3b786dd69:8080›)
I201223 12:59:38.282409 44 server/server.go:1543 ⋮ [n1] starting grpc/postgres server at ‹[::]:26257›
I201223 12:59:38.282422 44 server/server.go:1544 ⋮ [n1] advertising CockroachDB node at ‹3ad3b786dd69:26257›
I201223 12:59:38.294559 44 sql/sqlliveness/slinstance/slinstance.go:252 ⋮ [n1] starting SQL liveness instance
I201223 12:59:38.295515 248 sql/temporary_schema.go:497 ⋮ [n1] running temporary object cleanup background job
I201223 12:59:38.296179 44 server/server_sql.go:753 ⋮ [n1] done ensuring all necessary migrations have run
I201223 12:59:38.296200 44 server/server.go:1876 ⋮ [n1] serving sql connections
I201223 12:59:38.296764 44 cli/start.go:670 ⋮ [config] clusterID: ‹a80c75e2-16e2-4e50-a3ad-eaec13a9821b›
I201223 12:59:38.296794 44 cli/start.go:680 ⋮ node startup completed:
CockroachDB node starting at 2020-12-23 12:59:38.296706787 +0000 UTC (took 0.1s)
build:               CCL v20.2.3 @ 2020/12/14 18:33:39 (go1.13.14)
webui:               ‹http://3ad3b786dd69:8080›
sql:                 ‹postgresql://root@3ad3b786dd69:26257?sslmode=disable›
RPC client flags:    ‹/cockroach/cockroach <client cmd> --host=3ad3b786dd69:26257 --insecure›
logs:                ‹/cockroach/cockroach-data/logs›
temp dir:            ‹/cockroach/cockroach-data/cockroach-temp244139572›
external I/O path:   ‹/cockroach/cockroach-data/extern›
store[0]:            ‹path=/cockroach/cockroach-data›
storage engine:      pebble
status:              restarted pre-existing node
clusterID:           ‹a80c75e2-16e2-4e50-a3ad-eaec13a9821b›
nodeID:              1
I201223 12:59:38.297128 278 jobs/job_scheduler.go:346 ⋮ [n1] waiting 4m0s before scheduled jobs daemon start
I201223 12:59:38.310555 248 sql/temporary_schema.go:532 ⋮ [n1] found 0 temporary schemas
I201223 12:59:38.310742 248 sql/temporary_schema.go:535 ⋮ [n1] early exiting temporary schema cleaner as no temporary schemas were found
I201223 12:59:38.310756 248 sql/temporary_schema.go:536 ⋮ [n1] completed temporary object cleanup job
I201223 12:59:38.310764 248 sql/temporary_schema.go:614 ⋮ [n1] temporary object cleaner next scheduled to run at 2020-12-23 13:29:38.295483279 +0000 UTC
I201223 12:59:38.310822 279 server/server_update.go:55 ⋮ [n1] no need to upgrade, cluster already at the newest version
I201223 12:59:38.316837 246 sql/sqlliveness/slstorage/slstorage.go:342 ⋮ [n1] inserted sqlliveness session ‹50b33aeead4d496b9690786d138693c3›
I201223 12:59:38.316884 246 sql/sqlliveness/slinstance/slinstance.go:143 ⋮ [n1] created new SQL liveness session ‹50b33aeead4d496b9690786d138693c3›
I201223 12:59:38.326701 244 sql/event_log.go:162 ⋮ [n1] Event: ‹"node_restart"›, target: 1, info: ‹{Descriptor:{NodeID:1 Address:3ad3b786dd69:26257 Attrs: Locality: ServerVersion:20.2 BuildTag:v20.2.3 StartedAt:1608728378271444016 LocalityAddress:[] ClusterName: SQLAddress:3ad3b786dd69:26257} ClusterID:a80c75e2-16e2-4e50-a3ad-eaec13a9821b StartedAt:1608728378271444016 LastUp:1608728149097026852}›
I201223 12:59:38.331503 392 sql/catalog/lease/lease.go:2115 ⋮ released orphaned lease: ‹{id:53 version:1 expiration:{Time:{wall:900203000 ext:63744325125 loc:<nil>}}}›
I201223 12:59:38.331503 391 sql/catalog/lease/lease.go:2115 ⋮ released orphaned lease: ‹{id:52 version:1 expiration:{Time:{wall:137499000 ext:63744325112 loc:<nil>}}}›
I201223 12:59:40.096765 153 gossip/gossip.go:1508 ⋮ [n1] node has connected to cluster via gossip
I201223 12:59:40.097523 153 kv/kvserver/stores.go:255 ⋮ [n1] wrote 0 node addresses to persistent storage
I201223 12:59:48.283220 26 server/status/runtime.go:522 ⋮ [n1] runtime stats: 205 MiB RSS, 208 goroutines, 21 MiB/36 MiB/44 MiB GO alloc/idle/total, 15 MiB/26 MiB CGO alloc/total, 0.0 CGO/sec, 0.0/0.0 %(u/s)time, 0.0 %gc (29x), 34 KiB/31 KiB (r/w)net
I201223 12:59:58.284405 26 server/status/runtime.go:522 ⋮ [n1] runtime stats: 205 MiB RSS, 213 goroutines, 17 MiB/38 MiB/45 MiB GO alloc/idle/total, 15 MiB/26 MiB CGO alloc/total, 0.9 CGO/sec, 1.3/0.8 %(u/s)time, 0.0 %gc (1x), 70 B/0 B (r/w)net
I201223 12:59:58.287964 21 kv/kvserver/store.go:2638 ⋮ [n1,s1] sstables (read amplification = 1):
‹6 [ 1M 1 ]: 1M›
I201223 12:59:58.288371 21 kv/kvserver/store.go:2639 ⋮ [n1,s1] ‹›
‹__level_____count____size___score______in__ingest(sz_cnt)____move(sz_cnt)___write(sz_cnt)____read___r-amp___w-amp›
‹    WAL         2   546 K       -   542 K       -       -       -       -   546 K       -       -       -     1.0›
‹      0         0     0 B    0.00     0 B     0 B       0     0 B       0     0 B       0     0 B       0     0.0›
‹      1         0     0 B    0.00     0 B     0 B       0     0 B       0     0 B       0     0 B       0     0.0›
‹      2         0     0 B    0.00     0 B     0 B       0     0 B       0     0 B       0     0 B       0     0.0›
‹      3         0     0 B    0.00     0 B     0 B       0     0 B       0     0 B       0     0 B       0     0.0›
‹      4         0     0 B    0.00     0 B     0 B       0     0 B       0     0 B       0     0 B       0     0.0›
‹      5         0     0 B    0.00     0 B     0 B       0     0 B       0     0 B       0     0 B       0     0.0›
‹      6         1   1.1 M       -   130 K     0 B       0     0 B       0   1.1 M       1   1.2 M       1     8.6›
‹  total         1   1.1 M       -   546 K     0 B       0     0 B       0   1.6 M       1   1.2 M       1     3.0›
‹  flush         0›
‹compact         1     0 B          (size == estimated-debt)›
‹ memtbl         2   8.3 M›
‹zmemtbl         0     0 B›
‹   ztbl         0     0 B›
‹ bcache        17   548 K   94.2%  (score == hit-rate)›
‹ tcache         1   616 B   99.8%  (score == hit-rate)›
‹ titers         0›
‹ filter         -       -   72.4%  (score == utility)›
I201223 13:00:01.060308 245 sql/sqlliveness/slstorage/slstorage.go:320 ⋮ [n1] deleted 1 expired SQL liveness sessions
I201223 13:00:08.283306 26 server/status/runtime.go:522 ⋮ [n1] runtime stats: 205 MiB RSS, 206 goroutines, 25 MiB/31 MiB/45 MiB GO alloc/idle/total, 15 MiB/26 MiB CGO alloc/total, 0.9 CGO/sec, 1.6/0.7 %(u/s)time, 0.0 %gc (0x), 763 B/816 B (r/w)net
I201223 13:00:18.284551 26 server/status/runtime.go:522 ⋮ [n1] runtime stats: 205 MiB RSS, 207 goroutines, 21 MiB/34 MiB/45 MiB GO alloc/idle/total, 15 MiB/26 MiB CGO alloc/total, 0.1 CGO/sec, 1.5/0.6 %(u/s)time, 0.0 %gc (1x), 70 B/0 B (r/w)net
