I201223 10:25:45.183713 1 util/log/sync_buffer.go:195 ⋮ [config] file created at: 2020/12/23 10:25:45
I201223 10:25:45.183718 1 util/log/sync_buffer.go:195 ⋮ [config] running on machine: ‹3822ee1b6d00›
I201223 10:25:45.183722 1 util/log/sync_buffer.go:195 ⋮ [config] binary: CockroachDB CCL v20.2.3 (x86_64-unknown-linux-gnu, built 2020/12/14 18:33:39, go1.13.14)
I201223 10:25:45.183725 1 util/log/sync_buffer.go:195 ⋮ [config] arguments: ‹[/cockroach/cockroach start-single-node --insecure]›
I201223 10:25:45.183729 1 util/log/sync_buffer.go:195 ⋮ [config] line format: [IWEF]yymmdd hh:mm:ss.uuuuuu goid file:line msg utf8=✓
W201223 10:25:45.183670 1 cli/start.go:1139 ⋮ ALL SECURITY CONTROLS HAVE BEEN DISABLED!

This mode is intended for non-production testing only.

In this mode:
- Your cluster is open to any client that can access ‹any of your IP addresses›.
- Intruders with access to your machine or network can observe client-server traffic.
- Intruders can log in without password and read or write any data in the cluster.
- Intruders can consume all your server's resources and cause unavailability.
I201223 10:25:45.183776 1 cli/start.go:1149 ⋮ To start a secure server without mandating TLS for clients,
consider --accept-sql-without-tls instead. For other options, see:

- ‹https://go.crdb.dev/issue-v/53404/v20.2›
- https://www.cockroachlabs.com/docs/v20.2/secure-a-cluster.html
I201223 10:25:45.183952 1 server/status/recorder.go:605 ⋮ ‹available memory from cgroups (8.0 EiB) is unsupported, using system memory 31 GiB instead:›
W201223 10:25:45.183966 1 cli/start.go:983 ⋮ ‹Using the default setting for --cache (128 MiB).›
‹  A significantly larger value is usually needed for good performance.›
‹  If you have a dedicated server a reasonable setting is --cache=.25 (7.8 GiB).›
I201223 10:25:45.184094 1 server/status/recorder.go:605 ⋮ ‹available memory from cgroups (8.0 EiB) is unsupported, using system memory 31 GiB instead:›
I201223 10:25:45.184102 1 cli/start.go:1164 ⋮ ‹CockroachDB CCL v20.2.3 (x86_64-unknown-linux-gnu, built 2020/12/14 18:33:39, go1.13.14)›
I201223 10:25:45.184424 1 server/status/recorder.go:605 ⋮ ‹available memory from cgroups (8.0 EiB) is unsupported, using system memory 31 GiB instead:›
I201223 10:25:45.184432 1 server/config.go:434 ⋮ system total memory: ‹31 GiB›
I201223 10:25:45.184442 1 server/config.go:436 ⋮ server configuration:
‹max offset             500000000›
‹cache size             128 MiB›
‹SQL memory pool size   7.8 GiB›
‹scan interval          10m0s›
‹scan min idle time     10ms›
‹scan max idle time     1s›
‹event log enabled      true›
I201223 10:25:45.184471 1 cli/start.go:961 ⋮ using local environment variables: ‹COCKROACH_CHANNEL=official-docker›
I201223 10:25:45.184481 1 cli/start.go:968 ⋮ process identity: ‹uid 0 euid 0 gid 0 egid 0›
I201223 10:25:45.186177 1 cli/start.go:504 ⋮ GEOS loaded from directory ‹/usr/local/lib/cockroach›
I201223 10:25:45.186197 1 cli/start.go:509 ⋮ starting cockroach node
I201223 10:25:45.196157 84 server/server.go:782 ⋮ [n?] monitoring forward clock jumps based on server.clock.forward_jump_check_enabled
I201223 10:25:45.229573 84 server/config.go:625 ⋮ [n?] 1 storage engine‹› initialized
I201223 10:25:45.229592 84 server/config.go:628 ⋮ [n?] ‹Pebble cache size: 128 MiB›
I201223 10:25:45.229599 84 server/config.go:628 ⋮ [n?] ‹store 0: RocksDB, max size 0 B, max open file limit 1043576›
W201223 10:25:45.231129 84 cli/start.go:907 ⋮ neither --listen-addr nor --advertise-addr was specified.
The server will advertise ‹"3822ee1b6d00"› to other nodes, is this routable?

Consider using:
- for local-only servers:  --listen-addr=localhost
- for multi-node clusters: --advertise-addr=<host/IP addr>
I201223 10:25:45.231261 151 server/server.go:1416 ⋮ [n?] connecting to gossip network to verify cluster ID ‹"a80c75e2-16e2-4e50-a3ad-eaec13a9821b"›
I201223 10:25:45.233387 84 gossip/gossip.go:403 ⋮ [n1] NodeDescriptor set to ‹node_id:1 address:<network_field:"tcp" address_field:"3822ee1b6d00:26257" > attrs:<> locality:<> ServerVersion:<major_val:20 minor_val:2 patch:0 unstable:0 > build_tag:"v20.2.3" started_at:1608719145233382072 cluster_name:"" sql_address:<network_field:"tcp" address_field:"3822ee1b6d00:26257" >›
I201223 10:25:45.237992 84 server/node.go:430 ⋮ [n1] initialized store [n1,s1]: disk (capacity=194 GiB, available=163 GiB, used=2.8 MiB, logicalBytes=21 MiB), ranges=36, leases=0, queries=0.00, writes=0.00, bytesPerReplica={p10=0.00 p25=0.00 p50=0.00 p75=1607.00 p90=17806.00 pMax=21617967.00}, writesPerReplica={p10=0.00 p25=0.00 p50=0.00 p75=0.00 p90=0.00 pMax=0.00}
I201223 10:25:45.238153 84 kv/kvserver/stores.go:236 ⋮ [n1] read 0 node addresses from persistent storage
I201223 10:25:45.239068 151 server/server.go:1419 ⋮ [n1] node connected via gossip
W201223 10:25:45.236568 213 kv/kvserver/replica_range_lease.go:555 ⋮ [n1,s1,r6/1:‹/Table/{SystemCon…-11}›] can't determine lease status of (n1,s1):1 due to node liveness error: node not in the liveness table
(1) attached stack trace
  -- stack trace:
  | github.com/cockroachdb/cockroach/pkg/kv/kvserver.init
  | 	/go/src/github.com/cockroachdb/cockroach/pkg/kv/kvserver/node_liveness.go:45
  | runtime.doInit
  | 	/usr/local/go/src/runtime/proc.go:5228
  | runtime.doInit
  | 	/usr/local/go/src/runtime/proc.go:5223
  | runtime.doInit
  | 	/usr/local/go/src/runtime/proc.go:5223
  | runtime.doInit
  | 	/usr/local/go/src/runtime/proc.go:5223
  | runtime.doInit
  | 	/usr/local/go/src/runtime/proc.go:5223
  | runtime.main
  | 	/usr/local/go/src/runtime/proc.go:190
  | runtime.goexit
  | 	/usr/local/go/src/runtime/asm_amd64.s:1357
Wraps: (2) node not in the liveness table
Error types: (1) *withstack.withStack (2) *errutil.leafError
W201223 10:25:45.239527 213 kv/kvserver/store.go:1704 ⋮ [n1,s1,r6/1:‹/Table/{SystemCon…-11}›] could not gossip system config: ‹[NotLeaseHolderError] r6: replica (n1,s1):1 not lease holder; lease holder unknown›
(1) ‹[NotLeaseHolderError] r6: replica (n1,s1):1 not lease holder; lease holder unknown›
Error types: (1) *roachpb.NotLeaseHolderError
I201223 10:25:45.242032 84 server/node.go:489 ⋮ [n1] started with engine type ‹2›
I201223 10:25:45.242091 84 server/node.go:491 ⋮ [n1] started with attributes ‹[]›
I201223 10:25:45.242155 84 server/goroutinedumper/goroutinedumper.go:120 ⋮ [n1] writing goroutine dumps to ‹/cockroach/cockroach-data/logs/goroutine_dump›
I201223 10:25:45.242280 84 server/heapprofiler/heapprofiler.go:49 ⋮ [n1] writing go heap profiles to ‹/cockroach/cockroach-data/logs/heap_profiler› at least every 1h0m0s
I201223 10:25:45.242306 84 server/heapprofiler/cgoprofiler.go:53 ⋮ [n1] to enable jmalloc profiling: "export MALLOC_CONF=prof:true" or "ln -s prof:true /etc/malloc.conf"
I201223 10:25:45.242315 84 server/heapprofiler/statsprofiler.go:54 ⋮ [n1] writing memory stats to ‹/cockroach/cockroach-data/logs/heap_profiler› at last every 1h0m0s
I201223 10:25:45.242335 84 server/server.go:1536 ⋮ [n1] starting http server at ‹[::]:8080› (use: ‹3822ee1b6d00:8080›)
I201223 10:25:45.242358 84 server/server.go:1543 ⋮ [n1] starting grpc/postgres server at ‹[::]:26257›
I201223 10:25:45.242374 84 server/server.go:1544 ⋮ [n1] advertising CockroachDB node at ‹3822ee1b6d00:26257›
I201223 10:25:45.264771 84 sql/sqlliveness/slinstance/slinstance.go:252 ⋮ [n1] starting SQL liveness instance
I201223 10:25:45.264997 84 server/server_sql.go:753 ⋮ [n1] done ensuring all necessary migrations have run
I201223 10:25:45.265013 84 server/server.go:1876 ⋮ [n1] serving sql connections
I201223 10:25:45.265119 84 cli/start.go:670 ⋮ [config] clusterID: ‹a80c75e2-16e2-4e50-a3ad-eaec13a9821b›
I201223 10:25:45.265147 84 cli/start.go:680 ⋮ node startup completed:
CockroachDB node starting at 2020-12-23 10:25:45.265059776 +0000 UTC (took 0.1s)
build:               CCL v20.2.3 @ 2020/12/14 18:33:39 (go1.13.14)
webui:               ‹http://3822ee1b6d00:8080›
sql:                 ‹postgresql://root@3822ee1b6d00:26257?sslmode=disable›
RPC client flags:    ‹/cockroach/cockroach <client cmd> --host=3822ee1b6d00:26257 --insecure›
logs:                ‹/cockroach/cockroach-data/logs›
temp dir:            ‹/cockroach/cockroach-data/cockroach-temp593566543›
external I/O path:   ‹/cockroach/cockroach-data/extern›
store[0]:            ‹path=/cockroach/cockroach-data›
storage engine:      pebble
status:              restarted pre-existing node
clusterID:           ‹a80c75e2-16e2-4e50-a3ad-eaec13a9821b›
nodeID:              1
I201223 10:25:45.265168 274 jobs/job_scheduler.go:346 ⋮ [n1] waiting 2m0s before scheduled jobs daemon start
I201223 10:25:45.267387 260 sql/temporary_schema.go:497 ⋮ [n1] running temporary object cleanup background job
I201223 10:25:45.283259 260 sql/temporary_schema.go:532 ⋮ [n1] found 0 temporary schemas
I201223 10:25:45.283284 260 sql/temporary_schema.go:535 ⋮ [n1] early exiting temporary schema cleaner as no temporary schemas were found
I201223 10:25:45.283295 260 sql/temporary_schema.go:536 ⋮ [n1] completed temporary object cleanup job
I201223 10:25:45.283302 260 sql/temporary_schema.go:614 ⋮ [n1] temporary object cleaner next scheduled to run at 2020-12-23 10:55:45.264829305 +0000 UTC
I201223 10:25:45.284404 275 server/server_update.go:55 ⋮ [n1] no need to upgrade, cluster already at the newest version
I201223 10:25:45.295669 258 sql/sqlliveness/slstorage/slstorage.go:342 ⋮ [n1] inserted sqlliveness session ‹f287d814359748a3865102afb706b7bb›
I201223 10:25:45.295697 258 sql/sqlliveness/slinstance/slinstance.go:143 ⋮ [n1] created new SQL liveness session ‹f287d814359748a3865102afb706b7bb›
I201223 10:25:45.297696 48 sql/event_log.go:162 ⋮ [n1] Event: ‹"node_restart"›, target: 1, info: ‹{Descriptor:{NodeID:1 Address:3822ee1b6d00:26257 Attrs: Locality: ServerVersion:20.2 BuildTag:v20.2.3 StartedAt:1608719145233382072 LocalityAddress:[] ClusterName: SQLAddress:3822ee1b6d00:26257} ClusterID:a80c75e2-16e2-4e50-a3ad-eaec13a9821b StartedAt:1608719145233382072 LastUp:1608719070507872677}›
I201223 10:25:46.965885 154 gossip/gossip.go:1508 ⋮ [n1] node has connected to cluster via gossip
I201223 10:25:46.966712 154 kv/kvserver/stores.go:255 ⋮ [n1] wrote 0 node addresses to persistent storage
I201223 10:25:55.244730 41 server/status/runtime.go:522 ⋮ [n1] runtime stats: 186 MiB RSS, 209 goroutines, 22 MiB/35 MiB/43 MiB GO alloc/idle/total, 9.7 MiB/17 MiB CGO alloc/total, 0.0 CGO/sec, 0.0/0.0 %(u/s)time, 0.0 %gc (27x), 30 KiB/31 KiB (r/w)net
I201223 10:26:03.274574 49 sql/sqlliveness/slstorage/slstorage.go:320 ⋮ [n1] deleted 1 expired SQL liveness sessions
I201223 10:26:05.244795 41 server/status/runtime.go:522 ⋮ [n1] runtime stats: 186 MiB RSS, 210 goroutines, 19 MiB/36 MiB/43 MiB GO alloc/idle/total, 10 MiB/17 MiB CGO alloc/total, 1.3 CGO/sec, 0.6/1.5 %(u/s)time, 0.0 %gc (1x), 70 B/0 B (r/w)net
I201223 10:26:05.245866 36 kv/kvserver/store.go:2638 ⋮ [n1,s1] sstables (read amplification = 1):
‹6 [ 797K 1 ]: 797K›
I201223 10:26:05.246204 36 kv/kvserver/store.go:2639 ⋮ [n1,s1] ‹›
‹__level_____count____size___score______in__ingest(sz_cnt)____move(sz_cnt)___write(sz_cnt)____read___r-amp___w-amp›
‹    WAL         2   547 K       -   543 K       -       -       -       -   547 K       -       -       -     1.0›
‹      0         0     0 B    0.00     0 B     0 B       0     0 B       0     0 B       0     0 B       0     0.0›
‹      1         0     0 B    0.00     0 B     0 B       0     0 B       0     0 B       0     0 B       0     0.0›
‹      2         0     0 B    0.00     0 B     0 B       0     0 B       0     0 B       0     0 B       0     0.0›
‹      3         0     0 B    0.00     0 B     0 B       0     0 B       0     0 B       0     0 B       0     0.0›
‹      4         0     0 B    0.00     0 B     0 B       0     0 B       0     0 B       0     0 B       0     0.0›
‹      5         0     0 B    0.00     0 B     0 B       0     0 B       0     0 B       0     0 B       0     0.0›
‹      6         1   797 K       -   124 K     0 B       0     0 B       0   797 K       1   900 K       1     6.4›
‹  total         1   797 K       -   547 K     0 B       0     0 B       0   1.3 M       1   900 K       1     2.5›
‹  flush         0›
‹compact         1     0 B          (size == estimated-debt)›
‹ memtbl         2   4.3 M›
‹zmemtbl         0     0 B›
‹   ztbl         0     0 B›
‹ bcache        15   474 K   95.1%  (score == hit-rate)›
‹ tcache         1   616 B   99.8%  (score == hit-rate)›
‹ titers         0›
‹ filter         -       -   71.3%  (score == utility)›
I201223 10:26:15.244816 41 server/status/runtime.go:522 ⋮ [n1] runtime stats: 186 MiB RSS, 206 goroutines, 26 MiB/31 MiB/43 MiB GO alloc/idle/total, 10 MiB/17 MiB CGO alloc/total, 0.1 CGO/sec, 0.2/1.6 %(u/s)time, 0.0 %gc (0x), 42 B/0 B (r/w)net
I201223 10:26:25.247524 41 server/status/runtime.go:522 ⋮ [n1] runtime stats: 187 MiB RSS, 207 goroutines, 21 MiB/35 MiB/46 MiB GO alloc/idle/total, 10 MiB/17 MiB CGO alloc/total, 0.5 CGO/sec, 0.8/1.4 %(u/s)time, 0.0 %gc (1x), 833 B/522 B (r/w)net
I201223 10:26:35.245349 41 server/status/runtime.go:522 ⋮ [n1] runtime stats: 187 MiB RSS, 207 goroutines, 27 MiB/30 MiB/46 MiB GO alloc/idle/total, 10 MiB/17 MiB CGO alloc/total, 0.1 CGO/sec, 0.6/1.5 %(u/s)time, 0.0 %gc (0x), 0 B/0 B (r/w)net
I201223 10:26:45.242945 37 gossip/gossip.go:568 ⋮ [n1] gossip status (ok, 1 node‹›)
gossip client (0/3 cur/max conns)
gossip server (0/3 cur/max conns, infos 0/0 sent/received, bytes 0B/0B sent/received)
gossip connectivity
  n1 [sentinel];
I201223 10:26:45.245303 41 server/status/runtime.go:522 ⋮ [n1] runtime stats: 189 MiB RSS, 207 goroutines, 21 MiB/35 MiB/47 MiB GO alloc/idle/total, 10 MiB/17 MiB CGO alloc/total, 0.1 CGO/sec, 1.3/1.6 %(u/s)time, 0.0 %gc (1x), 1.1 KiB/1.0 KiB (r/w)net
I201223 10:26:55.245575 41 server/status/runtime.go:522 ⋮ [n1] runtime stats: 189 MiB RSS, 206 goroutines, 28 MiB/29 MiB/47 MiB GO alloc/idle/total, 10 MiB/17 MiB CGO alloc/total, 0.1 CGO/sec, 0.9/1.6 %(u/s)time, 0.0 %gc (0x), 594 B/594 B (r/w)net
I201223 10:27:05.245680 41 server/status/runtime.go:522 ⋮ [n1] runtime stats: 193 MiB RSS, 206 goroutines, 19 MiB/36 MiB/48 MiB GO alloc/idle/total, 10 MiB/17 MiB CGO alloc/total, 0.1 CGO/sec, 1.2/1.4 %(u/s)time, 0.0 %gc (1x), 1.9 KiB/1.8 KiB (r/w)net
I201223 10:27:15.245831 41 server/status/runtime.go:522 ⋮ [n1] runtime stats: 195 MiB RSS, 206 goroutines, 25 MiB/32 MiB/48 MiB GO alloc/idle/total, 10 MiB/17 MiB CGO alloc/total, 0.1 CGO/sec, 0.6/1.3 %(u/s)time, 0.0 %gc (0x), 702 B/689 B (r/w)net
I201223 10:27:25.245982 41 server/status/runtime.go:522 ⋮ [n1] runtime stats: 195 MiB RSS, 207 goroutines, 32 MiB/26 MiB/48 MiB GO alloc/idle/total, 10 MiB/17 MiB CGO alloc/total, 0.1 CGO/sec, 1.1/1.1 %(u/s)time, 0.0 %gc (0x), 0 B/0 B (r/w)net
I201223 10:27:35.246214 41 server/status/runtime.go:522 ⋮ [n1] runtime stats: 195 MiB RSS, 207 goroutines, 25 MiB/30 MiB/48 MiB GO alloc/idle/total, 10 MiB/17 MiB CGO alloc/total, 0.1 CGO/sec, 0.5/1.3 %(u/s)time, 0.0 %gc (1x), 0 B/0 B (r/w)net
I201223 10:27:45.242886 37 gossip/gossip.go:568 ⋮ [n1] gossip status (ok, 1 node‹›)
gossip client (0/3 cur/max conns)
gossip server (0/3 cur/max conns, infos 0/0 sent/received, bytes 0B/0B sent/received)
I201223 10:27:45.245510 41 server/status/runtime.go:522 ⋮ [n1] runtime stats: 195 MiB RSS, 207 goroutines, 32 MiB/26 MiB/48 MiB GO alloc/idle/total, 10 MiB/17 MiB CGO alloc/total, 0.1 CGO/sec, 0.6/1.2 %(u/s)time, 0.0 %gc (0x), 0 B/0 B (r/w)net
I201223 10:27:55.246519 41 server/status/runtime.go:522 ⋮ [n1] runtime stats: 195 MiB RSS, 206 goroutines, 22 MiB/34 MiB/50 MiB GO alloc/idle/total, 10 MiB/17 MiB CGO alloc/total, 0.1 CGO/sec, 0.9/1.0 %(u/s)time, 0.0 %gc (1x), 2.3 KiB/1.5 KiB (r/w)net
I201223 10:28:05.246682 41 server/status/runtime.go:522 ⋮ [n1] runtime stats: 195 MiB RSS, 206 goroutines, 29 MiB/29 MiB/50 MiB GO alloc/idle/total, 10 MiB/17 MiB CGO alloc/total, 0.1 CGO/sec, 0.5/1.3 %(u/s)time, 0.0 %gc (0x), 0 B/0 B (r/w)net
I201223 10:28:15.246931 41 server/status/runtime.go:522 ⋮ [n1] runtime stats: 199 MiB RSS, 206 goroutines, 35 MiB/23 MiB/50 MiB GO alloc/idle/total, 18 MiB/25 MiB CGO alloc/total, 0.2 CGO/sec, 0.5/1.0 %(u/s)time, 0.0 %gc (0x), 70 B/0 B (r/w)net
I201223 10:28:25.247056 41 server/status/runtime.go:522 ⋮ [n1] runtime stats: 201 MiB RSS, 207 goroutines, 26 MiB/30 MiB/50 MiB GO alloc/idle/total, 18 MiB/25 MiB CGO alloc/total, 0.1 CGO/sec, 0.7/1.3 %(u/s)time, 0.0 %gc (1x), 545 B/566 B (r/w)net
I201223 10:28:35.247178 41 server/status/runtime.go:522 ⋮ [n1] runtime stats: 201 MiB RSS, 207 goroutines, 33 MiB/25 MiB/50 MiB GO alloc/idle/total, 18 MiB/25 MiB CGO alloc/total, 0.1 CGO/sec, 0.7/1.3 %(u/s)time, 0.0 %gc (0x), 920 B/1.0 KiB (r/w)net
I201223 10:28:45.242955 37 gossip/gossip.go:568 ⋮ [n1] gossip status (ok, 1 node‹›)
gossip client (0/3 cur/max conns)
gossip server (0/3 cur/max conns, infos 0/0 sent/received, bytes 0B/0B sent/received)
I201223 10:28:45.247308 41 server/status/runtime.go:522 ⋮ [n1] runtime stats: 203 MiB RSS, 207 goroutines, 21 MiB/34 MiB/50 MiB GO alloc/idle/total, 18 MiB/25 MiB CGO alloc/total, 0.1 CGO/sec, 1.1/1.4 %(u/s)time, 0.0 %gc (1x), 1.1 KiB/1.1 KiB (r/w)net
I201223 10:28:55.247537 41 server/status/runtime.go:522 ⋮ [n1] runtime stats: 203 MiB RSS, 206 goroutines, 29 MiB/28 MiB/50 MiB GO alloc/idle/total, 18 MiB/25 MiB CGO alloc/total, 0.1 CGO/sec, 0.6/1.2 %(u/s)time, 0.0 %gc (0x), 594 B/594 B (r/w)net
I201223 10:29:05.249845 41 server/status/runtime.go:522 ⋮ [n1] runtime stats: 203 MiB RSS, 206 goroutines, 34 MiB/25 MiB/50 MiB GO alloc/idle/total, 18 MiB/25 MiB CGO alloc/total, 0.1 CGO/sec, 0.6/1.1 %(u/s)time, 0.0 %gc (1x), 0 B/0 B (r/w)net
I201223 10:29:15.247932 41 server/status/runtime.go:522 ⋮ [n1] runtime stats: 203 MiB RSS, 206 goroutines, 24 MiB/32 MiB/48 MiB GO alloc/idle/total, 18 MiB/25 MiB CGO alloc/total, 0.1 CGO/sec, 0.7/1.3 %(u/s)time, 0.0 %gc (0x), 0 B/0 B (r/w)net
I201223 10:29:25.248150 41 server/status/runtime.go:522 ⋮ [n1] runtime stats: 205 MiB RSS, 207 goroutines, 30 MiB/26 MiB/48 MiB GO alloc/idle/total, 18 MiB/25 MiB CGO alloc/total, 0.1 CGO/sec, 0.3/1.2 %(u/s)time, 0.0 %gc (0x), 0 B/0 B (r/w)net
I201223 10:29:35.248354 41 server/status/runtime.go:522 ⋮ [n1] runtime stats: 205 MiB RSS, 207 goroutines, 21 MiB/34 MiB/48 MiB GO alloc/idle/total, 18 MiB/25 MiB CGO alloc/total, 0.1 CGO/sec, 0.6/1.2 %(u/s)time, 0.0 %gc (1x), 0 B/0 B (r/w)net
I201223 10:29:45.242975 37 gossip/gossip.go:568 ⋮ [n1] gossip status (ok, 1 node‹›)
gossip client (0/3 cur/max conns)
gossip server (0/3 cur/max conns, infos 0/0 sent/received, bytes 0B/0B sent/received)
I201223 10:29:45.248538 41 server/status/runtime.go:522 ⋮ [n1] runtime stats: 205 MiB RSS, 207 goroutines, 27 MiB/30 MiB/48 MiB GO alloc/idle/total, 18 MiB/25 MiB CGO alloc/total, 0.1 CGO/sec, 0.6/0.8 %(u/s)time, 0.0 %gc (0x), 150 B/150 B (r/w)net
I201223 10:29:55.248855 41 server/status/runtime.go:522 ⋮ [n1] runtime stats: 205 MiB RSS, 206 goroutines, 19 MiB/35 MiB/48 MiB GO alloc/idle/total, 18 MiB/25 MiB CGO alloc/total, 0.1 CGO/sec, 1.0/1.3 %(u/s)time, 0.0 %gc (1x), 1.4 KiB/594 B (r/w)net
I201223 10:30:05.248997 41 server/status/runtime.go:522 ⋮ [n1] runtime stats: 205 MiB RSS, 206 goroutines, 25 MiB/30 MiB/48 MiB GO alloc/idle/total, 18 MiB/25 MiB CGO alloc/total, 0.1 CGO/sec, 0.4/1.0 %(u/s)time, 0.0 %gc (0x), 0 B/0 B (r/w)net
I201223 10:30:15.249087 41 server/status/runtime.go:522 ⋮ [n1] runtime stats: 205 MiB RSS, 207 goroutines, 32 MiB/26 MiB/48 MiB GO alloc/idle/total, 18 MiB/25 MiB CGO alloc/total, 0.1 CGO/sec, 0.4/1.2 %(u/s)time, 0.0 %gc (0x), 0 B/0 B (r/w)net
I201223 10:30:25.249207 41 server/status/runtime.go:522 ⋮ [n1] runtime stats: 205 MiB RSS, 207 goroutines, 21 MiB/34 MiB/48 MiB GO alloc/idle/total, 18 MiB/25 MiB CGO alloc/total, 0.1 CGO/sec, 0.6/1.2 %(u/s)time, 0.0 %gc (1x), 0 B/0 B (r/w)net
I201223 10:30:35.249452 41 server/status/runtime.go:522 ⋮ [n1] runtime stats: 207 MiB RSS, 207 goroutines, 27 MiB/30 MiB/48 MiB GO alloc/idle/total, 18 MiB/25 MiB CGO alloc/total, 0.1 CGO/sec, 0.7/0.8 %(u/s)time, 0.0 %gc (0x), 0 B/0 B (r/w)net
I201223 10:30:45.242995 37 gossip/gossip.go:568 ⋮ [n1] gossip status (ok, 1 node‹›)
gossip client (0/3 cur/max conns)
gossip server (0/3 cur/max conns, infos 0/0 sent/received, bytes 0B/0B sent/received)
I201223 10:30:45.249608 41 server/status/runtime.go:522 ⋮ [n1] runtime stats: 207 MiB RSS, 207 goroutines, 33 MiB/24 MiB/48 MiB GO alloc/idle/total, 18 MiB/25 MiB CGO alloc/total, 0.1 CGO/sec, 0.4/1.2 %(u/s)time, 0.0 %gc (0x), 597 B/548 B (r/w)net
