I201223 11:45:20.534231 86 util/log/sync_buffer.go:195 ⋮ [config] file created at: 2020/12/23 11:45:20
I201223 11:45:20.534236 86 util/log/sync_buffer.go:195 ⋮ [config] running on machine: ‹5a94c775aa89›
I201223 11:45:20.534240 86 util/log/sync_buffer.go:195 ⋮ [config] binary: CockroachDB CCL v20.2.3 (x86_64-unknown-linux-gnu, built 2020/12/14 18:33:39, go1.13.14)
I201223 11:45:20.534244 86 util/log/sync_buffer.go:195 ⋮ [config] arguments: ‹[/cockroach/cockroach start-single-node --insecure]›
I201223 11:45:20.534249 86 util/log/sync_buffer.go:195 ⋮ [config] line format: [IWEF]yymmdd hh:mm:ss.uuuuuu goid file:line msg utf8=✓
I201223 11:45:20.534178 86 vendor/github.com/cockroachdb/pebble/version_set.go:142 ⋮ [n?] [JOB 1] MANIFEST created 000001
I201223 11:45:20.534982 86 vendor/github.com/cockroachdb/pebble/open.go:295 ⋮ [n?] [JOB 1] WAL created 000002
I201223 11:45:20.536470 102 vendor/github.com/cockroachdb/pebble/table_stats.go:118 ⋮ [n?] [JOB 2] all initial table stats loaded
I201223 11:45:20.542154 86 vendor/github.com/cockroachdb/pebble/compaction.go:1559 ⋮ [n?] [JOB 1] flushing: sstable created 000156
I201223 11:45:20.545511 86 vendor/github.com/cockroachdb/pebble/compaction.go:1559 ⋮ [n?] [JOB 1] flushing: sstable created 000157
I201223 11:45:20.550957 86 vendor/github.com/cockroachdb/pebble/open.go:295 ⋮ [n?] [JOB 1] WAL created 000158
I201223 11:45:20.553438 86 vendor/github.com/cockroachdb/pebble/version_set.go:442 ⋮ [n?] [JOB 1] MANIFEST created 000159
I201223 11:45:20.556676 86 vendor/github.com/cockroachdb/pebble/compaction.go:2298 ⋮ [n?] [JOB 1] WAL deleted 000151
I201223 11:45:20.556902 86 vendor/github.com/cockroachdb/pebble/compaction.go:2298 ⋮ [n?] [JOB 1] WAL deleted 000155
I201223 11:45:20.556930 86 vendor/github.com/cockroachdb/pebble/compaction.go:2305 ⋮ [n?] [JOB 1] MANIFEST deleted 000152
I201223 11:45:20.557093 138 vendor/github.com/cockroachdb/pebble/table_stats.go:118 ⋮ [n?] [JOB 2] all initial table stats loaded
I201223 11:45:20.557134 139 vendor/github.com/cockroachdb/pebble/compaction.go:1369 ⋮ [n?] [JOB 3] compacting L0 [000156 000157] (106 K) + L6 [000154] (931 K)
I201223 11:45:20.557482 139 vendor/github.com/cockroachdb/pebble/compaction.go:1559 ⋮ [n?] [JOB 3] compacting: sstable created 000161
I201223 11:45:20.610356 181 vendor/github.com/cockroachdb/pebble/db.go:1366 ⋮ [n1] [JOB 4] WAL created 000162
I201223 11:45:20.615405 139 vendor/github.com/cockroachdb/pebble/compaction.go:1408 ⋮ [n1] [JOB 3] compacted L0 [000156 000157] (106 K) + L6 [000154] (931 K) -> L6 [000161] (948 K), in 0.1s, output rate 16 M/s
I201223 11:45:20.615726 139 vendor/github.com/cockroachdb/pebble/compaction.go:2312 ⋮ [n1] [JOB 3] sstable deleted 000154
I201223 11:45:20.615776 139 vendor/github.com/cockroachdb/pebble/compaction.go:2312 ⋮ [n1] [JOB 3] sstable deleted 000156
I201223 11:45:20.615818 139 vendor/github.com/cockroachdb/pebble/compaction.go:2312 ⋮ [n1] [JOB 3] sstable deleted 000157
