I210105 10:39:31.515662 20 util/log/sync_buffer.go:195 ⋮ [config] file created at: 2021/01/05 10:39:31
I210105 10:39:31.515668 20 util/log/sync_buffer.go:195 ⋮ [config] running on machine: ‹1750c09dc320›
I210105 10:39:31.515673 20 util/log/sync_buffer.go:195 ⋮ [config] binary: CockroachDB CCL v20.2.3 (x86_64-unknown-linux-gnu, built 2020/12/14 18:33:39, go1.13.14)
I210105 10:39:31.515676 20 util/log/sync_buffer.go:195 ⋮ [config] arguments: ‹[/cockroach/cockroach start-single-node --insecure]›
I210105 10:39:31.515681 20 util/log/sync_buffer.go:195 ⋮ [config] line format: [IWEF]yymmdd hh:mm:ss.uuuuuu goid file:line msg utf8=✓
I210105 10:39:31.515588 20 vendor/github.com/cockroachdb/pebble/version_set.go:142 ⋮ [n?] [JOB 1] MANIFEST created 000001
I210105 10:39:31.516549 20 vendor/github.com/cockroachdb/pebble/open.go:295 ⋮ [n?] [JOB 1] WAL created 000002
I210105 10:39:31.518409 90 vendor/github.com/cockroachdb/pebble/table_stats.go:118 ⋮ [n?] [JOB 2] all initial table stats loaded
I210105 10:39:31.522492 20 vendor/github.com/cockroachdb/pebble/compaction.go:1559 ⋮ [n?] [JOB 1] flushing: sstable created 000071
I210105 10:39:31.531406 20 vendor/github.com/cockroachdb/pebble/compaction.go:1559 ⋮ [n?] [JOB 1] flushing: sstable created 000072
I210105 10:39:31.547563 20 vendor/github.com/cockroachdb/pebble/open.go:295 ⋮ [n?] [JOB 1] WAL created 000073
I210105 10:39:31.550665 20 vendor/github.com/cockroachdb/pebble/version_set.go:442 ⋮ [n?] [JOB 1] MANIFEST created 000074
I210105 10:39:31.551601 20 vendor/github.com/cockroachdb/pebble/compaction.go:2298 ⋮ [n?] [JOB 1] WAL deleted 000066
I210105 10:39:31.551964 20 vendor/github.com/cockroachdb/pebble/compaction.go:2298 ⋮ [n?] [JOB 1] WAL deleted 000070
I210105 10:39:31.551992 20 vendor/github.com/cockroachdb/pebble/compaction.go:2305 ⋮ [n?] [JOB 1] MANIFEST deleted 000067
I210105 10:39:31.552262 116 vendor/github.com/cockroachdb/pebble/compaction.go:1369 ⋮ [n?] [JOB 2] compacting L0 [000071 000072] (123 K) + L6 [000069] (275 K)
I210105 10:39:31.552406 115 vendor/github.com/cockroachdb/pebble/table_stats.go:118 ⋮ [n?] [JOB 3] all initial table stats loaded
I210105 10:39:31.552732 116 vendor/github.com/cockroachdb/pebble/compaction.go:1559 ⋮ [n?] [JOB 2] compacting: sstable created 000076
I210105 10:39:31.580324 116 vendor/github.com/cockroachdb/pebble/compaction.go:1408 ⋮ [n1] [JOB 2] compacted L0 [000071 000072] (123 K) + L6 [000069] (275 K) -> L6 [000076] (297 K), in 0.0s, output rate 12 M/s
I210105 10:39:31.580468 116 vendor/github.com/cockroachdb/pebble/compaction.go:2312 ⋮ [n1] [JOB 2] sstable deleted 000069
I210105 10:39:31.580513 116 vendor/github.com/cockroachdb/pebble/compaction.go:2312 ⋮ [n1] [JOB 2] sstable deleted 000071
I210105 10:39:31.580559 116 vendor/github.com/cockroachdb/pebble/compaction.go:2312 ⋮ [n1] [JOB 2] sstable deleted 000072
I210105 10:39:31.597565 176 vendor/github.com/cockroachdb/pebble/db.go:1366 ⋮ [n1] [JOB 4] WAL created 000077
