I201223 12:36:26.639011 1 util/log/sync_buffer.go:195 ⋮ [config] file created at: 2020/12/23 12:36:26
I201223 12:36:26.639016 1 util/log/sync_buffer.go:195 ⋮ [config] running on machine: ‹fabc40489e41›
I201223 12:36:26.639020 1 util/log/sync_buffer.go:195 ⋮ [config] binary: CockroachDB CCL v20.2.3 (x86_64-unknown-linux-gnu, built 2020/12/14 18:33:39, go1.13.14)
I201223 12:36:26.639024 1 util/log/sync_buffer.go:195 ⋮ [config] arguments: ‹[/cockroach/cockroach start-single-node --insecure]›
I201223 12:36:26.639028 1 util/log/sync_buffer.go:195 ⋮ [config] line format: [IWEF]yymmdd hh:mm:ss.uuuuuu goid file:line msg utf8=✓
W201223 12:36:26.638951 1 cli/start.go:1139 ⋮ ALL SECURITY CONTROLS HAVE BEEN DISABLED!

This mode is intended for non-production testing only.

In this mode:
- Your cluster is open to any client that can access ‹any of your IP addresses›.
- Intruders with access to your machine or network can observe client-server traffic.
- Intruders can log in without password and read or write any data in the cluster.
- Intruders can consume all your server's resources and cause unavailability.
I201223 12:36:26.639080 1 cli/start.go:1149 ⋮ To start a secure server without mandating TLS for clients,
consider --accept-sql-without-tls instead. For other options, see:

- ‹https://go.crdb.dev/issue-v/53404/v20.2›
- https://www.cockroachlabs.com/docs/v20.2/secure-a-cluster.html
I201223 12:36:26.639277 1 server/status/recorder.go:605 ⋮ ‹available memory from cgroups (8.0 EiB) is unsupported, using system memory 31 GiB instead:›
W201223 12:36:26.639292 1 cli/start.go:983 ⋮ ‹Using the default setting for --cache (128 MiB).›
‹  A significantly larger value is usually needed for good performance.›
‹  If you have a dedicated server a reasonable setting is --cache=.25 (7.8 GiB).›
I201223 12:36:26.639428 1 server/status/recorder.go:605 ⋮ ‹available memory from cgroups (8.0 EiB) is unsupported, using system memory 31 GiB instead:›
I201223 12:36:26.639435 1 cli/start.go:1164 ⋮ ‹CockroachDB CCL v20.2.3 (x86_64-unknown-linux-gnu, built 2020/12/14 18:33:39, go1.13.14)›
I201223 12:36:26.639947 1 server/status/recorder.go:605 ⋮ ‹available memory from cgroups (8.0 EiB) is unsupported, using system memory 31 GiB instead:›
I201223 12:36:26.639957 1 server/config.go:434 ⋮ system total memory: ‹31 GiB›
I201223 12:36:26.639966 1 server/config.go:436 ⋮ server configuration:
‹max offset             500000000›
‹cache size             128 MiB›
‹SQL memory pool size   7.8 GiB›
‹scan interval          10m0s›
‹scan min idle time     10ms›
‹scan max idle time     1s›
‹event log enabled      true›
I201223 12:36:26.639999 1 cli/start.go:961 ⋮ using local environment variables: ‹COCKROACH_CHANNEL=official-docker›
I201223 12:36:26.640009 1 cli/start.go:968 ⋮ process identity: ‹uid 0 euid 0 gid 0 egid 0›
I201223 12:36:26.641797 1 cli/start.go:504 ⋮ GEOS loaded from directory ‹/usr/local/lib/cockroach›
I201223 12:36:26.641819 1 cli/start.go:509 ⋮ starting cockroach node
I201223 12:36:26.652667 40 server/server.go:782 ⋮ [n?] monitoring forward clock jumps based on server.clock.forward_jump_check_enabled
I201223 12:36:26.668544 40 server/config.go:625 ⋮ [n?] 1 storage engine‹› initialized
I201223 12:36:26.668614 40 server/config.go:628 ⋮ [n?] ‹Pebble cache size: 128 MiB›
I201223 12:36:26.668647 40 server/config.go:628 ⋮ [n?] ‹store 0: RocksDB, max size 0 B, max open file limit 1043576›
W201223 12:36:26.672781 40 cli/start.go:907 ⋮ neither --listen-addr nor --advertise-addr was specified.
The server will advertise ‹"fabc40489e41"› to other nodes, is this routable?

Consider using:
- for local-only servers:  --listen-addr=localhost
- for multi-node clusters: --advertise-addr=<host/IP addr>
I201223 12:36:26.672848 163 server/server.go:1416 ⋮ [n?] connecting to gossip network to verify cluster ID ‹"a80c75e2-16e2-4e50-a3ad-eaec13a9821b"›
I201223 12:36:26.676199 40 gossip/gossip.go:403 ⋮ [n1] NodeDescriptor set to ‹node_id:1 address:<network_field:"tcp" address_field:"fabc40489e41:26257" > attrs:<> locality:<> ServerVersion:<major_val:20 minor_val:2 patch:0 unstable:0 > build_tag:"v20.2.3" started_at:1608726986676189035 cluster_name:"" sql_address:<network_field:"tcp" address_field:"fabc40489e41:26257" >›
W201223 12:36:26.689028 225 kv/kvserver/replica_range_lease.go:555 ⋮ [n1,s1,r6/1:‹/Table/{SystemCon…-11}›] can't determine lease status of (n1,s1):1 due to node liveness error: node not in the liveness table
(1) attached stack trace
  -- stack trace:
  | github.com/cockroachdb/cockroach/pkg/kv/kvserver.init
  | 	/go/src/github.com/cockroachdb/cockroach/pkg/kv/kvserver/node_liveness.go:45
  | runtime.doInit
  | 	/usr/local/go/src/runtime/proc.go:5228
  | runtime.doInit
  | 	/usr/local/go/src/runtime/proc.go:5223
  | runtime.doInit
  | 	/usr/local/go/src/runtime/proc.go:5223
  | runtime.doInit
  | 	/usr/local/go/src/runtime/proc.go:5223
  | runtime.doInit
  | 	/usr/local/go/src/runtime/proc.go:5223
  | runtime.main
  | 	/usr/local/go/src/runtime/proc.go:190
  | runtime.goexit
  | 	/usr/local/go/src/runtime/asm_amd64.s:1357
Wraps: (2) node not in the liveness table
Error types: (1) *withstack.withStack (2) *errutil.leafError
W201223 12:36:26.689359 225 kv/kvserver/store.go:1704 ⋮ [n1,s1,r6/1:‹/Table/{SystemCon…-11}›] could not gossip system config: ‹[NotLeaseHolderError] r6: replica (n1,s1):1 not lease holder; lease holder unknown›
(1) ‹[NotLeaseHolderError] r6: replica (n1,s1):1 not lease holder; lease holder unknown›
Error types: (1) *roachpb.NotLeaseHolderError
I201223 12:36:26.689645 163 server/server.go:1419 ⋮ [n1] node connected via gossip
I201223 12:36:26.693885 40 server/node.go:430 ⋮ [n1] initialized store [n1,s1]: disk (capacity=194 GiB, available=162 GiB, used=5.4 MiB, logicalBytes=28 MiB), ranges=36, leases=2, queries=0.00, writes=0.00, bytesPerReplica={p10=0.00 p25=0.00 p50=0.00 p75=2745.00 p90=25505.00 pMax=29604761.00}, writesPerReplica={p10=0.00 p25=0.00 p50=0.00 p75=0.00 p90=0.00 pMax=0.00}
I201223 12:36:26.694314 40 kv/kvserver/stores.go:236 ⋮ [n1] read 0 node addresses from persistent storage
I201223 12:36:26.695380 40 server/node.go:489 ⋮ [n1] started with engine type ‹2›
I201223 12:36:26.695471 40 server/node.go:491 ⋮ [n1] started with attributes ‹[]›
I201223 12:36:26.695612 40 server/goroutinedumper/goroutinedumper.go:120 ⋮ [n1] writing goroutine dumps to ‹/cockroach/cockroach-data/logs/goroutine_dump›
I201223 12:36:26.695671 40 server/heapprofiler/heapprofiler.go:49 ⋮ [n1] writing go heap profiles to ‹/cockroach/cockroach-data/logs/heap_profiler› at least every 1h0m0s
I201223 12:36:26.695720 40 server/heapprofiler/cgoprofiler.go:53 ⋮ [n1] to enable jmalloc profiling: "export MALLOC_CONF=prof:true" or "ln -s prof:true /etc/malloc.conf"
I201223 12:36:26.695751 40 server/heapprofiler/statsprofiler.go:54 ⋮ [n1] writing memory stats to ‹/cockroach/cockroach-data/logs/heap_profiler› at last every 1h0m0s
I201223 12:36:26.695810 40 server/server.go:1536 ⋮ [n1] starting http server at ‹[::]:8080› (use: ‹fabc40489e41:8080›)
I201223 12:36:26.695879 40 server/server.go:1543 ⋮ [n1] starting grpc/postgres server at ‹[::]:26257›
I201223 12:36:26.695936 40 server/server.go:1544 ⋮ [n1] advertising CockroachDB node at ‹fabc40489e41:26257›
I201223 12:36:26.719731 40 sql/sqlliveness/slinstance/slinstance.go:252 ⋮ [n1] starting SQL liveness instance
I201223 12:36:26.720196 40 server/server_sql.go:753 ⋮ [n1] done ensuring all necessary migrations have run
I201223 12:36:26.720227 40 server/server.go:1876 ⋮ [n1] serving sql connections
I201223 12:36:26.720413 40 cli/start.go:670 ⋮ [config] clusterID: ‹a80c75e2-16e2-4e50-a3ad-eaec13a9821b›
I201223 12:36:26.720459 40 cli/start.go:680 ⋮ node startup completed:
CockroachDB node starting at 2020-12-23 12:36:26.720320486 +0000 UTC (took 0.1s)
build:               CCL v20.2.3 @ 2020/12/14 18:33:39 (go1.13.14)
webui:               ‹http://fabc40489e41:8080›
sql:                 ‹postgresql://root@fabc40489e41:26257?sslmode=disable›
RPC client flags:    ‹/cockroach/cockroach <client cmd> --host=fabc40489e41:26257 --insecure›
logs:                ‹/cockroach/cockroach-data/logs›
temp dir:            ‹/cockroach/cockroach-data/cockroach-temp461096484›
external I/O path:   ‹/cockroach/cockroach-data/extern›
store[0]:            ‹path=/cockroach/cockroach-data›
storage engine:      pebble
status:              restarted pre-existing node
clusterID:           ‹a80c75e2-16e2-4e50-a3ad-eaec13a9821b›
nodeID:              1
I201223 12:36:26.726473 274 jobs/job_scheduler.go:346 ⋮ [n1] waiting 3m0s before scheduled jobs daemon start
I201223 12:36:26.726495 260 sql/temporary_schema.go:497 ⋮ [n1] running temporary object cleanup background job
I201223 12:36:26.740606 260 sql/temporary_schema.go:532 ⋮ [n1] found 0 temporary schemas
I201223 12:36:26.740642 260 sql/temporary_schema.go:535 ⋮ [n1] early exiting temporary schema cleaner as no temporary schemas were found
I201223 12:36:26.740658 260 sql/temporary_schema.go:536 ⋮ [n1] completed temporary object cleanup job
I201223 12:36:26.740667 260 sql/temporary_schema.go:614 ⋮ [n1] temporary object cleaner next scheduled to run at 2020-12-23 13:06:26.726323016 +0000 UTC
I201223 12:36:26.742449 275 server/server_update.go:55 ⋮ [n1] no need to upgrade, cluster already at the newest version
I201223 12:36:26.750486 258 sql/sqlliveness/slstorage/slstorage.go:342 ⋮ [n1] inserted sqlliveness session ‹66d8776d3d044b5cac4a09a6bdfb9e19›
I201223 12:36:26.750516 258 sql/sqlliveness/slinstance/slinstance.go:143 ⋮ [n1] created new SQL liveness session ‹66d8776d3d044b5cac4a09a6bdfb9e19›
I201223 12:36:26.751290 240 sql/catalog/lease/lease.go:2115 ⋮ released orphaned lease: ‹{id:52 version:1 expiration:{Time:{wall:135461000 ext:63744323614 loc:<nil>}}}›
I201223 12:36:26.752792 241 sql/catalog/lease/lease.go:2115 ⋮ released orphaned lease: ‹{id:53 version:1 expiration:{Time:{wall:85403000 ext:63744323632 loc:<nil>}}}›
I201223 12:36:26.757111 32 sql/event_log.go:162 ⋮ [n1] Event: ‹"node_restart"›, target: 1, info: ‹{Descriptor:{NodeID:1 Address:fabc40489e41:26257 Attrs: Locality: ServerVersion:20.2 BuildTag:v20.2.3 StartedAt:1608726986676189035 LocalityAddress:[] ClusterName: SQLAddress:fabc40489e41:26257} ClusterID:a80c75e2-16e2-4e50-a3ad-eaec13a9821b StartedAt:1608726986676189035 LastUp:1608726543151329720}›
I201223 12:36:28.735803 166 gossip/gossip.go:1508 ⋮ [n1] node has connected to cluster via gossip
I201223 12:36:28.736525 166 kv/kvserver/stores.go:255 ⋮ [n1] wrote 0 node addresses to persistent storage
I201223 12:36:36.698475 104 server/status/runtime.go:522 ⋮ [n1] runtime stats: 188 MiB RSS, 208 goroutines, 25 MiB/31 MiB/45 MiB GO alloc/idle/total, 10 MiB/17 MiB CGO alloc/total, 0.0 CGO/sec, 0.0/0.0 %(u/s)time, 0.0 %gc (27x), 34 KiB/32 KiB (r/w)net
I201223 12:36:44.274693 33 sql/sqlliveness/slstorage/slstorage.go:320 ⋮ [n1] deleted 1 expired SQL liveness sessions
I201223 12:36:46.698546 104 server/status/runtime.go:522 ⋮ [n1] runtime stats: 190 MiB RSS, 206 goroutines, 22 MiB/34 MiB/45 MiB GO alloc/idle/total, 10 MiB/18 MiB CGO alloc/total, 0.9 CGO/sec, 2.0/0.7 %(u/s)time, 0.0 %gc (1x), 234 B/0 B (r/w)net
I201223 12:36:46.700383 99 kv/kvserver/store.go:2638 ⋮ [n1,s1] sstables (read amplification = 1):
‹6 [ 1M 1 ]: 1M›
I201223 12:36:46.700839 99 kv/kvserver/store.go:2639 ⋮ [n1,s1] ‹›
‹__level_____count____size___score______in__ingest(sz_cnt)____move(sz_cnt)___write(sz_cnt)____read___r-amp___w-amp›
‹    WAL         2   556 K       -   552 K       -       -       -       -   556 K       -       -       -     1.0›
‹      0         0     0 B    0.00     0 B     0 B       0     0 B       0     0 B       0     0 B       0     0.0›
‹      1         0     0 B    0.00     0 B     0 B       0     0 B       0     0 B       0     0 B       0     0.0›
‹      2         0     0 B    0.00     0 B     0 B       0     0 B       0     0 B       0     0 B       0     0.0›
‹      3         0     0 B    0.00     0 B     0 B       0     0 B       0     0 B       0     0 B       0     0.0›
‹      4         0     0 B    0.00     0 B     0 B       0     0 B       0     0 B       0     0 B       0     0.0›
‹      5         0     0 B    0.00     0 B     0 B       0     0 B       0     0 B       0     0 B       0     0.0›
‹      6         1   1.1 M       -   108 K     0 B       0     0 B       0   1.1 M       1   1.2 M       1    10.0›
‹  total         1   1.1 M       -   556 K     0 B       0     0 B       0   1.6 M       1   1.2 M       1     2.9›
‹  flush         0›
‹compact         1     0 B          (size == estimated-debt)›
‹ memtbl         2   4.3 M›
‹zmemtbl         0     0 B›
‹   ztbl         0     0 B›
‹ bcache        21   650 K   94.5%  (score == hit-rate)›
‹ tcache         1   616 B   99.8%  (score == hit-rate)›
‹ titers         0›
‹ filter         -       -   72.1%  (score == utility)›
I201223 12:36:56.698985 104 server/status/runtime.go:522 ⋮ [n1] runtime stats: 190 MiB RSS, 216 goroutines, 28 MiB/28 MiB/45 MiB GO alloc/idle/total, 10 MiB/18 MiB CGO alloc/total, 0.1 CGO/sec, 1.7/0.7 %(u/s)time, 0.0 %gc (0x), 773 B/811 B (r/w)net
