I201223 11:24:01.939637 1 util/log/sync_buffer.go:195 ⋮ [config] file created at: 2020/12/23 11:24:01
I201223 11:24:01.939643 1 util/log/sync_buffer.go:195 ⋮ [config] running on machine: ‹f5f789c6abe1›
I201223 11:24:01.939647 1 util/log/sync_buffer.go:195 ⋮ [config] binary: CockroachDB CCL v20.2.3 (x86_64-unknown-linux-gnu, built 2020/12/14 18:33:39, go1.13.14)
I201223 11:24:01.939650 1 util/log/sync_buffer.go:195 ⋮ [config] arguments: ‹[/cockroach/cockroach start-single-node --insecure]›
I201223 11:24:01.939655 1 util/log/sync_buffer.go:195 ⋮ [config] line format: [IWEF]yymmdd hh:mm:ss.uuuuuu goid file:line msg utf8=✓
W201223 11:24:01.939579 1 cli/start.go:1139 ⋮ ALL SECURITY CONTROLS HAVE BEEN DISABLED!

This mode is intended for non-production testing only.

In this mode:
- Your cluster is open to any client that can access ‹any of your IP addresses›.
- Intruders with access to your machine or network can observe client-server traffic.
- Intruders can log in without password and read or write any data in the cluster.
- Intruders can consume all your server's resources and cause unavailability.
I201223 11:24:01.939708 1 cli/start.go:1149 ⋮ To start a secure server without mandating TLS for clients,
consider --accept-sql-without-tls instead. For other options, see:

- ‹https://go.crdb.dev/issue-v/53404/v20.2›
- https://www.cockroachlabs.com/docs/v20.2/secure-a-cluster.html
I201223 11:24:01.939917 1 server/status/recorder.go:605 ⋮ ‹available memory from cgroups (8.0 EiB) is unsupported, using system memory 31 GiB instead:›
W201223 11:24:01.939932 1 cli/start.go:983 ⋮ ‹Using the default setting for --cache (128 MiB).›
‹  A significantly larger value is usually needed for good performance.›
‹  If you have a dedicated server a reasonable setting is --cache=.25 (7.8 GiB).›
I201223 11:24:01.940064 1 server/status/recorder.go:605 ⋮ ‹available memory from cgroups (8.0 EiB) is unsupported, using system memory 31 GiB instead:›
I201223 11:24:01.940072 1 cli/start.go:1164 ⋮ ‹CockroachDB CCL v20.2.3 (x86_64-unknown-linux-gnu, built 2020/12/14 18:33:39, go1.13.14)›
I201223 11:24:01.940419 1 server/status/recorder.go:605 ⋮ ‹available memory from cgroups (8.0 EiB) is unsupported, using system memory 31 GiB instead:›
I201223 11:24:01.940428 1 server/config.go:434 ⋮ system total memory: ‹31 GiB›
I201223 11:24:01.940438 1 server/config.go:436 ⋮ server configuration:
‹max offset             500000000›
‹cache size             128 MiB›
‹SQL memory pool size   7.8 GiB›
‹scan interval          10m0s›
‹scan min idle time     10ms›
‹scan max idle time     1s›
‹event log enabled      true›
I201223 11:24:01.940472 1 cli/start.go:961 ⋮ using local environment variables: ‹COCKROACH_CHANNEL=official-docker›
I201223 11:24:01.940482 1 cli/start.go:968 ⋮ process identity: ‹uid 0 euid 0 gid 0 egid 0›
I201223 11:24:01.942260 1 cli/start.go:504 ⋮ GEOS loaded from directory ‹/usr/local/lib/cockroach›
I201223 11:24:01.942283 1 cli/start.go:509 ⋮ starting cockroach node
I201223 11:24:01.953179 87 server/server.go:782 ⋮ [n?] monitoring forward clock jumps based on server.clock.forward_jump_check_enabled
I201223 11:24:02.002951 87 server/config.go:625 ⋮ [n?] 1 storage engine‹› initialized
I201223 11:24:02.002969 87 server/config.go:628 ⋮ [n?] ‹Pebble cache size: 128 MiB›
I201223 11:24:02.002976 87 server/config.go:628 ⋮ [n?] ‹store 0: RocksDB, max size 0 B, max open file limit 1043576›
W201223 11:24:02.004729 87 cli/start.go:907 ⋮ neither --listen-addr nor --advertise-addr was specified.
The server will advertise ‹"f5f789c6abe1"› to other nodes, is this routable?

Consider using:
- for local-only servers:  --listen-addr=localhost
- for multi-node clusters: --advertise-addr=<host/IP addr>
I201223 11:24:02.004780 167 server/server.go:1416 ⋮ [n?] connecting to gossip network to verify cluster ID ‹"a80c75e2-16e2-4e50-a3ad-eaec13a9821b"›
I201223 11:24:02.007483 87 gossip/gossip.go:403 ⋮ [n1] NodeDescriptor set to ‹node_id:1 address:<network_field:"tcp" address_field:"f5f789c6abe1:26257" > attrs:<> locality:<> ServerVersion:<major_val:20 minor_val:2 patch:0 unstable:0 > build_tag:"v20.2.3" started_at:1608722642007479342 cluster_name:"" sql_address:<network_field:"tcp" address_field:"f5f789c6abe1:26257" >›
W201223 11:24:02.016095 224 kv/kvserver/replica_range_lease.go:555 ⋮ [n1,s1,r6/1:‹/Table/{SystemCon…-11}›] can't determine lease status of (n1,s1):1 due to node liveness error: node not in the liveness table
(1) attached stack trace
  -- stack trace:
  | github.com/cockroachdb/cockroach/pkg/kv/kvserver.init
  | 	/go/src/github.com/cockroachdb/cockroach/pkg/kv/kvserver/node_liveness.go:45
  | runtime.doInit
  | 	/usr/local/go/src/runtime/proc.go:5228
  | runtime.doInit
  | 	/usr/local/go/src/runtime/proc.go:5223
  | runtime.doInit
  | 	/usr/local/go/src/runtime/proc.go:5223
  | runtime.doInit
  | 	/usr/local/go/src/runtime/proc.go:5223
  | runtime.doInit
  | 	/usr/local/go/src/runtime/proc.go:5223
  | runtime.main
  | 	/usr/local/go/src/runtime/proc.go:190
  | runtime.goexit
  | 	/usr/local/go/src/runtime/asm_amd64.s:1357
Wraps: (2) node not in the liveness table
Error types: (1) *withstack.withStack (2) *errutil.leafError
W201223 11:24:02.016215 224 kv/kvserver/store.go:1704 ⋮ [n1,s1,r6/1:‹/Table/{SystemCon…-11}›] could not gossip system config: ‹[NotLeaseHolderError] r6: replica (n1,s1):1 not lease holder; lease holder unknown›
(1) ‹[NotLeaseHolderError] r6: replica (n1,s1):1 not lease holder; lease holder unknown›
Error types: (1) *roachpb.NotLeaseHolderError
I201223 11:24:02.016333 167 server/server.go:1419 ⋮ [n1] node connected via gossip
I201223 11:24:02.016939 87 server/node.go:430 ⋮ [n1] initialized store [n1,s1]: disk (capacity=194 GiB, available=163 GiB, used=3.7 MiB, logicalBytes=23 MiB), ranges=36, leases=0, queries=0.00, writes=0.00, bytesPerReplica={p10=0.00 p25=0.00 p50=0.00 p75=3174.00 p90=17806.00 pMax=24098331.00}, writesPerReplica={p10=0.00 p25=0.00 p50=0.00 p75=0.00 p90=0.00 pMax=0.00}
I201223 11:24:02.017080 87 kv/kvserver/stores.go:236 ⋮ [n1] read 0 node addresses from persistent storage
I201223 11:24:02.018149 87 server/node.go:489 ⋮ [n1] started with engine type ‹2›
I201223 11:24:02.018176 87 server/node.go:491 ⋮ [n1] started with attributes ‹[]›
I201223 11:24:02.018218 87 server/goroutinedumper/goroutinedumper.go:120 ⋮ [n1] writing goroutine dumps to ‹/cockroach/cockroach-data/logs/goroutine_dump›
I201223 11:24:02.018233 87 server/heapprofiler/heapprofiler.go:49 ⋮ [n1] writing go heap profiles to ‹/cockroach/cockroach-data/logs/heap_profiler› at least every 1h0m0s
I201223 11:24:02.018247 87 server/heapprofiler/cgoprofiler.go:53 ⋮ [n1] to enable jmalloc profiling: "export MALLOC_CONF=prof:true" or "ln -s prof:true /etc/malloc.conf"
I201223 11:24:02.018254 87 server/heapprofiler/statsprofiler.go:54 ⋮ [n1] writing memory stats to ‹/cockroach/cockroach-data/logs/heap_profiler› at last every 1h0m0s
I201223 11:24:02.018266 87 server/server.go:1536 ⋮ [n1] starting http server at ‹[::]:8080› (use: ‹f5f789c6abe1:8080›)
I201223 11:24:02.018281 87 server/server.go:1543 ⋮ [n1] starting grpc/postgres server at ‹[::]:26257›
I201223 11:24:02.018294 87 server/server.go:1544 ⋮ [n1] advertising CockroachDB node at ‹f5f789c6abe1:26257›
I201223 11:24:02.076451 87 sql/sqlliveness/slinstance/slinstance.go:252 ⋮ [n1] starting SQL liveness instance
I201223 11:24:02.076645 87 server/server_sql.go:753 ⋮ [n1] done ensuring all necessary migrations have run
I201223 11:24:02.076667 87 server/server.go:1876 ⋮ [n1] serving sql connections
I201223 11:24:02.077223 316 sql/temporary_schema.go:497 ⋮ [n1] running temporary object cleanup background job
I201223 11:24:02.077304 362 jobs/job_scheduler.go:346 ⋮ [n1] waiting 4m0s before scheduled jobs daemon start
I201223 11:24:02.078079 87 cli/start.go:670 ⋮ [config] clusterID: ‹a80c75e2-16e2-4e50-a3ad-eaec13a9821b›
I201223 11:24:02.078112 87 cli/start.go:680 ⋮ node startup completed:
CockroachDB node starting at 2020-12-23 11:24:02.076710706 +0000 UTC (took 0.1s)
build:               CCL v20.2.3 @ 2020/12/14 18:33:39 (go1.13.14)
webui:               ‹http://f5f789c6abe1:8080›
sql:                 ‹postgresql://root@f5f789c6abe1:26257?sslmode=disable›
RPC client flags:    ‹/cockroach/cockroach <client cmd> --host=f5f789c6abe1:26257 --insecure›
logs:                ‹/cockroach/cockroach-data/logs›
temp dir:            ‹/cockroach/cockroach-data/cockroach-temp990219444›
external I/O path:   ‹/cockroach/cockroach-data/extern›
store[0]:            ‹path=/cockroach/cockroach-data›
storage engine:      pebble
status:              restarted pre-existing node
clusterID:           ‹a80c75e2-16e2-4e50-a3ad-eaec13a9821b›
nodeID:              1
I201223 11:24:02.084341 316 sql/temporary_schema.go:532 ⋮ [n1] found 0 temporary schemas
I201223 11:24:02.084371 316 sql/temporary_schema.go:535 ⋮ [n1] early exiting temporary schema cleaner as no temporary schemas were found
I201223 11:24:02.084381 316 sql/temporary_schema.go:536 ⋮ [n1] completed temporary object cleanup job
I201223 11:24:02.084389 316 sql/temporary_schema.go:614 ⋮ [n1] temporary object cleaner next scheduled to run at 2020-12-23 11:54:02.076540345 +0000 UTC
I201223 11:24:02.085537 363 server/server_update.go:55 ⋮ [n1] no need to upgrade, cluster already at the newest version
I201223 11:24:02.087625 314 sql/sqlliveness/slstorage/slstorage.go:342 ⋮ [n1] inserted sqlliveness session ‹160b29a3e35d4cab83428569b6b5803e›
I201223 11:24:02.087653 314 sql/sqlliveness/slinstance/slinstance.go:143 ⋮ [n1] created new SQL liveness session ‹160b29a3e35d4cab83428569b6b5803e›
I201223 11:24:02.092164 312 sql/event_log.go:162 ⋮ [n1] Event: ‹"node_restart"›, target: 1, info: ‹{Descriptor:{NodeID:1 Address:f5f789c6abe1:26257 Attrs: Locality: ServerVersion:20.2 BuildTag:v20.2.3 StartedAt:1608722642007479342 LocalityAddress:[] ClusterName: SQLAddress:f5f789c6abe1:26257} ClusterID:a80c75e2-16e2-4e50-a3ad-eaec13a9821b StartedAt:1608722642007479342 LastUp:1608722628313835040}›
I201223 11:24:04.292401 170 gossip/gossip.go:1508 ⋮ [n1] node has connected to cluster via gossip
I201223 11:24:04.293168 170 kv/kvserver/stores.go:255 ⋮ [n1] wrote 0 node addresses to persistent storage
I201223 11:24:12.022478 158 server/status/runtime.go:522 ⋮ [n1] runtime stats: 191 MiB RSS, 208 goroutines, 18 MiB/36 MiB/46 MiB GO alloc/idle/total, 15 MiB/22 MiB CGO alloc/total, 0.0 CGO/sec, 0.0/0.0 %(u/s)time, 0.0 %gc (27x), 64 KiB/52 KiB (r/w)net
I201223 11:24:22.021825 158 server/status/runtime.go:522 ⋮ [n1] runtime stats: 193 MiB RSS, 207 goroutines, 28 MiB/27 MiB/46 MiB GO alloc/idle/total, 15 MiB/23 MiB CGO alloc/total, 0.9 CGO/sec, 1.8/0.7 %(u/s)time, 0.0 %gc (0x), 70 B/0 B (r/w)net
I201223 11:24:22.022880 153 kv/kvserver/store.go:2638 ⋮ [n1,s1] sstables (read amplification = 1):
‹6 [ 873K 1 ]: 873K›
I201223 11:24:22.023094 153 kv/kvserver/store.go:2639 ⋮ [n1,s1] ‹›
‹__level_____count____size___score______in__ingest(sz_cnt)____move(sz_cnt)___write(sz_cnt)____read___r-amp___w-amp›
‹    WAL         2   544 K       -   541 K       -       -       -       -   544 K       -       -       -     1.0›
‹      0         0     0 B    0.00     0 B     0 B       0     0 B       0     0 B       0     0 B       0     0.0›
‹      1         0     0 B    0.00     0 B     0 B       0     0 B       0     0 B       0     0 B       0     0.0›
‹      2         0     0 B    0.00     0 B     0 B       0     0 B       0     0 B       0     0 B       0     0.0›
‹      3         0     0 B    0.00     0 B     0 B       0     0 B       0     0 B       0     0 B       0     0.0›
‹      4         0     0 B    0.00     0 B     0 B       0     0 B       0     0 B       0     0 B       0     0.0›
‹      5         0     0 B    0.00     0 B     0 B       0     0 B       0     0 B       0     0 B       0     0.0›
‹      6         1   873 K       -   172 K     0 B       0     0 B       0   873 K       1  1000 K       1     5.1›
‹  total         1   873 K       -   544 K     0 B       0     0 B       0   1.4 M       1  1000 K       1     2.6›
‹  flush         0›
‹compact         1     0 B          (size == estimated-debt)›
‹ memtbl         2   8.3 M›
‹zmemtbl         0     0 B›
‹   ztbl         0     0 B›
‹ bcache        18   567 K   95.3%  (score == hit-rate)›
‹ tcache         1   616 B   99.8%  (score == hit-rate)›
‹ titers         0›
‹ filter         -       -   75.2%  (score == utility)›
I201223 11:24:32.023470 158 server/status/runtime.go:522 ⋮ [n1] runtime stats: 193 MiB RSS, 206 goroutines, 22 MiB/33 MiB/47 MiB GO alloc/idle/total, 15 MiB/23 MiB CGO alloc/total, 0.1 CGO/sec, 1.7/0.6 %(u/s)time, 0.0 %gc (1x), 70 B/0 B (r/w)net
I201223 11:24:42.022676 158 server/status/runtime.go:522 ⋮ [n1] runtime stats: 193 MiB RSS, 207 goroutines, 29 MiB/27 MiB/47 MiB GO alloc/idle/total, 15 MiB/23 MiB CGO alloc/total, 0.1 CGO/sec, 1.8/0.4 %(u/s)time, 0.0 %gc (0x), 0 B/0 B (r/w)net
I201223 11:24:42.233631 313 sql/sqlliveness/slstorage/slstorage.go:320 ⋮ [n1] deleted 1 expired SQL liveness sessions
I201223 11:24:52.022826 158 server/status/runtime.go:522 ⋮ [n1] runtime stats: 193 MiB RSS, 207 goroutines, 22 MiB/32 MiB/49 MiB GO alloc/idle/total, 15 MiB/23 MiB CGO alloc/total, 0.1 CGO/sec, 2.1/0.3 %(u/s)time, 0.0 %gc (1x), 0 B/0 B (r/w)net
I201223 11:25:02.020994 154 gossip/gossip.go:568 ⋮ [n1] gossip status (ok, 1 node‹›)
gossip client (0/3 cur/max conns)
gossip server (0/3 cur/max conns, infos 0/0 sent/received, bytes 0B/0B sent/received)
gossip connectivity
  n1 [sentinel];
I201223 11:25:02.023163 158 server/status/runtime.go:522 ⋮ [n1] runtime stats: 193 MiB RSS, 207 goroutines, 29 MiB/27 MiB/49 MiB GO alloc/idle/total, 15 MiB/23 MiB CGO alloc/total, 0.1 CGO/sec, 1.5/0.4 %(u/s)time, 0.0 %gc (0x), 0 B/0 B (r/w)net
I201223 11:25:12.023444 158 server/status/runtime.go:522 ⋮ [n1] runtime stats: 193 MiB RSS, 206 goroutines, 19 MiB/34 MiB/50 MiB GO alloc/idle/total, 15 MiB/23 MiB CGO alloc/total, 0.1 CGO/sec, 2.3/0.4 %(u/s)time, 0.0 %gc (1x), 772 B/702 B (r/w)net
I201223 11:25:22.023439 158 server/status/runtime.go:522 ⋮ [n1] runtime stats: 195 MiB RSS, 206 goroutines, 25 MiB/30 MiB/50 MiB GO alloc/idle/total, 15 MiB/23 MiB CGO alloc/total, 0.1 CGO/sec, 1.5/0.4 %(u/s)time, 0.0 %gc (0x), 0 B/0 B (r/w)net
I201223 11:25:32.023857 158 server/status/runtime.go:522 ⋮ [n1] runtime stats: 277 MiB RSS, 209 goroutines, 90 MiB/28 MiB/118 MiB GO alloc/idle/total, 15 MiB/23 MiB CGO alloc/total, 0.1 CGO/sec, 4.5/0.3 %(u/s)time, 0.0 %gc (3x), 36 KiB/20 MiB (r/w)net
I201223 11:25:42.022911 158 server/status/runtime.go:522 ⋮ [n1] runtime stats: 277 MiB RSS, 210 goroutines, 32 MiB/88 MiB/79 MiB GO alloc/idle/total, 15 MiB/23 MiB CGO alloc/total, 0.1 CGO/sec, 1.9/0.2 %(u/s)time, 0.0 %gc (1x), 3.6 KiB/34 KiB (r/w)net
I201223 11:25:52.023943 158 server/status/runtime.go:522 ⋮ [n1] runtime stats: 277 MiB RSS, 210 goroutines, 38 MiB/83 MiB/60 MiB GO alloc/idle/total, 15 MiB/23 MiB CGO alloc/total, 0.1 CGO/sec, 1.1/0.4 %(u/s)time, 0.0 %gc (0x), 132 B/132 B (r/w)net
I201223 11:26:02.020988 154 gossip/gossip.go:568 ⋮ [n1] gossip status (ok, 1 node‹›)
gossip client (0/3 cur/max conns)
gossip server (0/3 cur/max conns, infos 0/0 sent/received, bytes 0B/0B sent/received)
I201223 11:26:02.024058 158 server/status/runtime.go:522 ⋮ [n1] runtime stats: 277 MiB RSS, 210 goroutines, 22 MiB/95 MiB/59 MiB GO alloc/idle/total, 15 MiB/23 MiB CGO alloc/total, 0.1 CGO/sec, 1.3/0.6 %(u/s)time, 0.0 %gc (1x), 198 B/198 B (r/w)net
I201223 11:26:12.024256 158 server/status/runtime.go:522 ⋮ [n1] runtime stats: 277 MiB RSS, 209 goroutines, 31 MiB/89 MiB/59 MiB GO alloc/idle/total, 15 MiB/23 MiB CGO alloc/total, 0.1 CGO/sec, 2.0/0.2 %(u/s)time, 0.0 %gc (0x), 1.6 KiB/726 B (r/w)net
I201223 11:26:22.024801 158 server/status/runtime.go:522 ⋮ [n1] runtime stats: 277 MiB RSS, 209 goroutines, 37 MiB/83 MiB/59 MiB GO alloc/idle/total, 15 MiB/23 MiB CGO alloc/total, 0.1 CGO/sec, 1.7/0.5 %(u/s)time, 0.0 %gc (0x), 216 B/216 B (r/w)net
I201223 11:26:32.024527 158 server/status/runtime.go:522 ⋮ [n1] runtime stats: 279 MiB RSS, 209 goroutines, 22 MiB/96 MiB/56 MiB GO alloc/idle/total, 15 MiB/23 MiB CGO alloc/total, 0.1 CGO/sec, 2.7/0.5 %(u/s)time, 0.0 %gc (1x), 240 B/240 B (r/w)net
I201223 11:26:42.023807 158 server/status/runtime.go:522 ⋮ [n1] runtime stats: 279 MiB RSS, 210 goroutines, 29 MiB/91 MiB/56 MiB GO alloc/idle/total, 15 MiB/23 MiB CGO alloc/total, 0.1 CGO/sec, 1.2/0.6 %(u/s)time, 0.0 %gc (0x), 108 B/108 B (r/w)net
I201223 11:26:52.024961 158 server/status/runtime.go:522 ⋮ [n1] runtime stats: 279 MiB RSS, 210 goroutines, 35 MiB/85 MiB/56 MiB GO alloc/idle/total, 15 MiB/23 MiB CGO alloc/total, 0.1 CGO/sec, 1.5/0.3 %(u/s)time, 0.0 %gc (0x), 132 B/132 B (r/w)net
I201223 11:27:02.020947 154 gossip/gossip.go:568 ⋮ [n1] gossip status (ok, 1 node‹›)
gossip client (0/3 cur/max conns)
gossip server (0/3 cur/max conns, infos 0/0 sent/received, bytes 0B/0B sent/received)
I201223 11:27:02.024940 158 server/status/runtime.go:522 ⋮ [n1] runtime stats: 279 MiB RSS, 210 goroutines, 23 MiB/95 MiB/56 MiB GO alloc/idle/total, 15 MiB/23 MiB CGO alloc/total, 0.1 CGO/sec, 1.9/0.3 %(u/s)time, 0.0 %gc (1x), 198 B/198 B (r/w)net
I201223 11:27:12.025764 158 server/status/runtime.go:522 ⋮ [n1] runtime stats: 279 MiB RSS, 209 goroutines, 31 MiB/89 MiB/56 MiB GO alloc/idle/total, 15 MiB/23 MiB CGO alloc/total, 0.1 CGO/sec, 1.8/0.5 %(u/s)time, 0.0 %gc (0x), 726 B/726 B (r/w)net
I201223 11:27:22.025652 158 server/status/runtime.go:522 ⋮ [n1] runtime stats: 279 MiB RSS, 209 goroutines, 38 MiB/83 MiB/56 MiB GO alloc/idle/total, 15 MiB/23 MiB CGO alloc/total, 0.1 CGO/sec, 1.4/0.4 %(u/s)time, 0.0 %gc (0x), 300 B/300 B (r/w)net
I201223 11:27:32.025799 158 server/status/runtime.go:522 ⋮ [n1] runtime stats: 279 MiB RSS, 209 goroutines, 24 MiB/94 MiB/56 MiB GO alloc/idle/total, 15 MiB/23 MiB CGO alloc/total, 0.1 CGO/sec, 1.7/0.5 %(u/s)time, 0.0 %gc (1x), 198 B/198 B (r/w)net
I201223 11:27:42.025950 158 server/status/runtime.go:522 ⋮ [n1] runtime stats: 281 MiB RSS, 210 goroutines, 30 MiB/89 MiB/56 MiB GO alloc/idle/total, 15 MiB/23 MiB CGO alloc/total, 0.1 CGO/sec, 1.4/0.6 %(u/s)time, 0.0 %gc (0x), 66 B/66 B (r/w)net
I201223 11:27:52.026213 158 server/status/runtime.go:522 ⋮ [n1] runtime stats: 281 MiB RSS, 210 goroutines, 37 MiB/84 MiB/56 MiB GO alloc/idle/total, 15 MiB/23 MiB CGO alloc/total, 0.1 CGO/sec, 1.8/0.3 %(u/s)time, 0.0 %gc (0x), 132 B/132 B (r/w)net
I201223 11:28:02.020944 154 gossip/gossip.go:568 ⋮ [n1] gossip status (ok, 1 node‹›)
gossip client (0/3 cur/max conns)
gossip server (0/3 cur/max conns, infos 0/0 sent/received, bytes 0B/0B sent/received)
I201223 11:28:02.026455 158 server/status/runtime.go:522 ⋮ [n1] runtime stats: 281 MiB RSS, 210 goroutines, 24 MiB/94 MiB/56 MiB GO alloc/idle/total, 15 MiB/23 MiB CGO alloc/total, 0.1 CGO/sec, 1.6/0.5 %(u/s)time, 0.0 %gc (1x), 282 B/282 B (r/w)net
I201223 11:28:12.026633 158 server/status/runtime.go:522 ⋮ [n1] runtime stats: 281 MiB RSS, 209 goroutines, 33 MiB/88 MiB/56 MiB GO alloc/idle/total, 15 MiB/23 MiB CGO alloc/total, 0.1 CGO/sec, 2.1/0.4 %(u/s)time, 0.0 %gc (0x), 1.5 KiB/660 B (r/w)net
I201223 11:28:22.026820 158 server/status/runtime.go:522 ⋮ [n1] runtime stats: 281 MiB RSS, 209 goroutines, 21 MiB/96 MiB/56 MiB GO alloc/idle/total, 15 MiB/23 MiB CGO alloc/total, 0.1 CGO/sec, 1.9/0.4 %(u/s)time, 0.0 %gc (1x), 352 B/282 B (r/w)net
I201223 11:28:32.026930 158 server/status/runtime.go:522 ⋮ [n1] runtime stats: 281 MiB RSS, 209 goroutines, 27 MiB/92 MiB/56 MiB GO alloc/idle/total, 15 MiB/23 MiB CGO alloc/total, 0.1 CGO/sec, 1.6/0.5 %(u/s)time, 0.0 %gc (0x), 198 B/198 B (r/w)net
I201223 11:28:42.027162 158 server/status/runtime.go:522 ⋮ [n1] runtime stats: 281 MiB RSS, 210 goroutines, 33 MiB/87 MiB/56 MiB GO alloc/idle/total, 15 MiB/23 MiB CGO alloc/total, 0.1 CGO/sec, 1.7/0.3 %(u/s)time, 0.0 %gc (0x), 66 B/66 B (r/w)net
I201223 11:28:52.027221 158 server/status/runtime.go:522 ⋮ [n1] runtime stats: 283 MiB RSS, 210 goroutines, 21 MiB/97 MiB/56 MiB GO alloc/idle/total, 31 MiB/39 MiB CGO alloc/total, 0.2 CGO/sec, 1.4/1.0 %(u/s)time, 0.0 %gc (1x), 216 B/216 B (r/w)net
I201223 11:29:02.020967 154 gossip/gossip.go:568 ⋮ [n1] gossip status (ok, 1 node‹›)
gossip client (0/3 cur/max conns)
gossip server (0/3 cur/max conns, infos 0/0 sent/received, bytes 0B/0B sent/received)
I201223 11:29:02.027502 158 server/status/runtime.go:522 ⋮ [n1] runtime stats: 283 MiB RSS, 210 goroutines, 28 MiB/92 MiB/56 MiB GO alloc/idle/total, 31 MiB/39 MiB CGO alloc/total, 0.1 CGO/sec, 1.8/0.3 %(u/s)time, 0.0 %gc (0x), 198 B/198 B (r/w)net
I201223 11:29:12.027658 158 server/status/runtime.go:522 ⋮ [n1] runtime stats: 283 MiB RSS, 209 goroutines, 20 MiB/96 MiB/54 MiB GO alloc/idle/total, 31 MiB/39 MiB CGO alloc/total, 0.1 CGO/sec, 2.3/0.3 %(u/s)time, 0.0 %gc (1x), 66 B/66 B (r/w)net
I201223 11:29:22.028148 158 server/status/runtime.go:522 ⋮ [n1] runtime stats: 283 MiB RSS, 209 goroutines, 26 MiB/92 MiB/54 MiB GO alloc/idle/total, 31 MiB/39 MiB CGO alloc/total, 0.1 CGO/sec, 1.5/0.7 %(u/s)time, 0.0 %gc (0x), 876 B/876 B (r/w)net
I201223 11:29:32.028063 158 server/status/runtime.go:522 ⋮ [n1] runtime stats: 283 MiB RSS, 209 goroutines, 32 MiB/88 MiB/54 MiB GO alloc/idle/total, 31 MiB/39 MiB CGO alloc/total, 0.1 CGO/sec, 1.4/0.4 %(u/s)time, 0.0 %gc (0x), 282 B/282 B (r/w)net
I201223 11:29:42.028921 158 server/status/runtime.go:522 ⋮ [n1] runtime stats: 283 MiB RSS, 210 goroutines, 21 MiB/97 MiB/54 MiB GO alloc/idle/total, 31 MiB/39 MiB CGO alloc/total, 0.1 CGO/sec, 1.8/0.4 %(u/s)time, 0.0 %gc (1x), 66 B/66 B (r/w)net
I201223 11:29:52.028451 158 server/status/runtime.go:522 ⋮ [n1] runtime stats: 283 MiB RSS, 210 goroutines, 27 MiB/92 MiB/54 MiB GO alloc/idle/total, 31 MiB/39 MiB CGO alloc/total, 0.1 CGO/sec, 1.3/0.4 %(u/s)time, 0.0 %gc (0x), 132 B/132 B (r/w)net
I201223 11:30:02.020917 154 gossip/gossip.go:568 ⋮ [n1] gossip status (ok, 1 node‹›)
gossip client (0/3 cur/max conns)
gossip server (0/3 cur/max conns, infos 0/0 sent/received, bytes 0B/0B sent/received)
I201223 11:30:02.028591 158 server/status/runtime.go:522 ⋮ [n1] runtime stats: 285 MiB RSS, 211 goroutines, 33 MiB/87 MiB/54 MiB GO alloc/idle/total, 31 MiB/39 MiB CGO alloc/total, 0.1 CGO/sec, 1.3/0.4 %(u/s)time, 0.0 %gc (0x), 198 B/198 B (r/w)net
I201223 11:30:12.028854 158 server/status/runtime.go:522 ⋮ [n1] runtime stats: 285 MiB RSS, 209 goroutines, 25 MiB/94 MiB/54 MiB GO alloc/idle/total, 31 MiB/39 MiB CGO alloc/total, 0.1 CGO/sec, 2.7/0.5 %(u/s)time, 0.0 %gc (1x), 918 B/66 B (r/w)net
I201223 11:30:22.029026 158 server/status/runtime.go:522 ⋮ [n1] runtime stats: 285 MiB RSS, 209 goroutines, 31 MiB/89 MiB/54 MiB GO alloc/idle/total, 31 MiB/39 MiB CGO alloc/total, 0.1 CGO/sec, 1.3/0.6 %(u/s)time, 0.0 %gc (0x), 1.7 KiB/1.7 KiB (r/w)net
I201223 11:30:32.029247 158 server/status/runtime.go:522 ⋮ [n1] runtime stats: 285 MiB RSS, 209 goroutines, 37 MiB/83 MiB/54 MiB GO alloc/idle/total, 31 MiB/39 MiB CGO alloc/total, 0.1 CGO/sec, 1.4/0.5 %(u/s)time, 0.0 %gc (0x), 907 B/1003 B (r/w)net
I201223 11:30:42.029669 158 server/status/runtime.go:522 ⋮ [n1] runtime stats: 285 MiB RSS, 210 goroutines, 25 MiB/93 MiB/55 MiB GO alloc/idle/total, 31 MiB/39 MiB CGO alloc/total, 0.1 CGO/sec, 2.2/0.6 %(u/s)time, 0.0 %gc (1x), 0 B/0 B (r/w)net
I201223 11:30:52.029651 158 server/status/runtime.go:522 ⋮ [n1] runtime stats: 285 MiB RSS, 207 goroutines, 31 MiB/88 MiB/55 MiB GO alloc/idle/total, 31 MiB/39 MiB CGO alloc/total, 0.1 CGO/sec, 1.5/0.5 %(u/s)time, 0.0 %gc (0x), 1.1 KiB/1.1 KiB (r/w)net
I201223 11:31:02.020961 154 gossip/gossip.go:568 ⋮ [n1] gossip status (ok, 1 node‹›)
gossip client (0/3 cur/max conns)
gossip server (0/3 cur/max conns, infos 0/0 sent/received, bytes 0B/0B sent/received)
I201223 11:31:02.029919 158 server/status/runtime.go:522 ⋮ [n1] runtime stats: 285 MiB RSS, 207 goroutines, 37 MiB/83 MiB/55 MiB GO alloc/idle/total, 31 MiB/39 MiB CGO alloc/total, 0.1 CGO/sec, 1.8/0.3 %(u/s)time, 0.0 %gc (0x), 0 B/0 B (r/w)net
I201223 11:31:12.030023 158 server/status/runtime.go:522 ⋮ [n1] runtime stats: 287 MiB RSS, 206 goroutines, 26 MiB/93 MiB/55 MiB GO alloc/idle/total, 31 MiB/39 MiB CGO alloc/total, 0.1 CGO/sec, 2.6/0.5 %(u/s)time, 0.0 %gc (1x), 744 B/837 B (r/w)net
I201223 11:31:22.030243 158 server/status/runtime.go:522 ⋮ [n1] runtime stats: 287 MiB RSS, 206 goroutines, 32 MiB/88 MiB/55 MiB GO alloc/idle/total, 31 MiB/39 MiB CGO alloc/total, 0.1 CGO/sec, 1.6/0.3 %(u/s)time, 0.0 %gc (0x), 1.0 KiB/1.1 KiB (r/w)net
I201223 11:31:32.030451 158 server/status/runtime.go:522 ⋮ [n1] runtime stats: 287 MiB RSS, 206 goroutines, 20 MiB/97 MiB/54 MiB GO alloc/idle/total, 31 MiB/39 MiB CGO alloc/total, 0.1 CGO/sec, 1.5/0.7 %(u/s)time, 0.0 %gc (1x), 0 B/0 B (r/w)net
I201223 11:31:42.030707 158 server/status/runtime.go:522 ⋮ [n1] runtime stats: 287 MiB RSS, 207 goroutines, 26 MiB/92 MiB/54 MiB GO alloc/idle/total, 31 MiB/39 MiB CGO alloc/total, 0.1 CGO/sec, 1.4/0.4 %(u/s)time, 0.0 %gc (0x), 0 B/0 B (r/w)net
I201223 11:31:52.030967 158 server/status/runtime.go:522 ⋮ [n1] runtime stats: 287 MiB RSS, 207 goroutines, 33 MiB/87 MiB/54 MiB GO alloc/idle/total, 31 MiB/39 MiB CGO alloc/total, 0.1 CGO/sec, 1.6/0.4 %(u/s)time, 0.0 %gc (0x), 0 B/0 B (r/w)net
I201223 11:31:53.071005 1 cli/start.go:733 ⋮ received signal 'terminated'
I201223 11:31:53.071781 1 cli/start.go:817 ⋮ initiating graceful shutdown of server
I201223 11:31:53.099122 6695 server/drain.go:175 ⋮ [server drain process] drain remaining: 13
I201223 11:31:53.100533 6695 server/drain.go:177 ⋮ [server drain process] drain details: liveness record: 1, SQL clients: 10, descriptor leases: 2
I201223 11:31:53.306390 6695 server/drain.go:175 ⋮ [server drain process] drain remaining: 0
I201223 11:31:53.307251 6695 util/stop/stopper.go:563 ⋮ [server drain process] quiescing
W201223 11:31:53.308098 314 sql/sqlliveness/slinstance/slinstance.go:182 ⋮ [n1] exiting heartbeat loop
W201223 11:31:53.308244 357 jobs/registry.go:672 ⋮ canceling all adopted jobs due to stopper quiescing
I201223 11:31:53.313627 1 cli/start.go:869 ⋮ server drained and shutdown completed
