I210104 14:11:23.521329 1 util/log/sync_buffer.go:195 ⋮ [config] file created at: 2021/01/04 14:11:23
I210104 14:11:23.521336 1 util/log/sync_buffer.go:195 ⋮ [config] running on machine: ‹4fc516e168bc›
I210104 14:11:23.521341 1 util/log/sync_buffer.go:195 ⋮ [config] binary: CockroachDB CCL v20.2.3 (x86_64-unknown-linux-gnu, built 2020/12/14 18:33:39, go1.13.14)
I210104 14:11:23.521346 1 util/log/sync_buffer.go:195 ⋮ [config] arguments: ‹[/cockroach/cockroach start-single-node --insecure]›
I210104 14:11:23.521351 1 util/log/sync_buffer.go:195 ⋮ [config] line format: [IWEF]yymmdd hh:mm:ss.uuuuuu goid file:line msg utf8=✓
W210104 14:11:23.521268 1 cli/start.go:1139 ⋮ ALL SECURITY CONTROLS HAVE BEEN DISABLED!

This mode is intended for non-production testing only.

In this mode:
- Your cluster is open to any client that can access ‹any of your IP addresses›.
- Intruders with access to your machine or network can observe client-server traffic.
- Intruders can log in without password and read or write any data in the cluster.
- Intruders can consume all your server's resources and cause unavailability.
I210104 14:11:23.521420 1 cli/start.go:1149 ⋮ To start a secure server without mandating TLS for clients,
consider --accept-sql-without-tls instead. For other options, see:

- ‹https://go.crdb.dev/issue-v/53404/v20.2›
- https://www.cockroachlabs.com/docs/v20.2/secure-a-cluster.html
I210104 14:11:23.521680 1 server/status/recorder.go:605 ⋮ ‹available memory from cgroups (8.0 EiB) is unsupported, using system memory 31 GiB instead:›
W210104 14:11:23.521700 1 cli/start.go:983 ⋮ ‹Using the default setting for --cache (128 MiB).›
‹  A significantly larger value is usually needed for good performance.›
‹  If you have a dedicated server a reasonable setting is --cache=.25 (7.8 GiB).›
I210104 14:11:23.521879 1 server/status/recorder.go:605 ⋮ ‹available memory from cgroups (8.0 EiB) is unsupported, using system memory 31 GiB instead:›
I210104 14:11:23.521889 1 cli/start.go:1164 ⋮ ‹CockroachDB CCL v20.2.3 (x86_64-unknown-linux-gnu, built 2020/12/14 18:33:39, go1.13.14)›
I210104 14:11:23.522355 1 server/status/recorder.go:605 ⋮ ‹available memory from cgroups (8.0 EiB) is unsupported, using system memory 31 GiB instead:›
I210104 14:11:23.522366 1 server/config.go:434 ⋮ system total memory: ‹31 GiB›
I210104 14:11:23.522378 1 server/config.go:436 ⋮ server configuration:
‹max offset             500000000›
‹cache size             128 MiB›
‹SQL memory pool size   7.8 GiB›
‹scan interval          10m0s›
‹scan min idle time     10ms›
‹scan max idle time     1s›
‹event log enabled      true›
I210104 14:11:23.522420 1 cli/start.go:961 ⋮ using local environment variables: ‹COCKROACH_CHANNEL=official-docker›
I210104 14:11:23.522433 1 cli/start.go:968 ⋮ process identity: ‹uid 0 euid 0 gid 0 egid 0›
I210104 14:11:23.522596 1 cli/start.go:502 ⋮ could not initialize GEOS - spatial functions may not be available: geos: error during GEOS init: geos: cannot load GEOS from dir ‹"/usr/local/lib/cockroach"›: ‹geos error: /usr/local/lib/cockroach/libgeos.so: cannot open shared object file: No such file or directory›
I210104 14:11:23.522664 1 cli/start.go:509 ⋮ starting cockroach node
I210104 14:11:23.536602 26 server/server.go:782 ⋮ [n?] monitoring forward clock jumps based on server.clock.forward_jump_check_enabled
I210104 14:11:23.582659 26 server/config.go:625 ⋮ [n?] 1 storage engine‹› initialized
I210104 14:11:23.582679 26 server/config.go:628 ⋮ [n?] ‹Pebble cache size: 128 MiB›
I210104 14:11:23.582686 26 server/config.go:628 ⋮ [n?] ‹store 0: RocksDB, max size 0 B, max open file limit 1043576›
W210104 14:11:23.584807 26 cli/start.go:907 ⋮ neither --listen-addr nor --advertise-addr was specified.
The server will advertise ‹"4fc516e168bc"› to other nodes, is this routable?

Consider using:
- for local-only servers:  --listen-addr=localhost
- for multi-node clusters: --advertise-addr=<host/IP addr>
I210104 14:11:23.584867 46 server/server.go:1416 ⋮ [n?] connecting to gossip network to verify cluster ID ‹"96dd4b31-a868-4727-9dc0-96ec7dfd7219"›
I210104 14:11:23.587450 26 gossip/gossip.go:403 ⋮ [n1] NodeDescriptor set to ‹node_id:1 address:<network_field:"tcp" address_field:"4fc516e168bc:26257" > attrs:<> locality:<> ServerVersion:<major_val:20 minor_val:2 patch:0 unstable:0 > build_tag:"v20.2.3" started_at:1609769483587445044 cluster_name:"" sql_address:<network_field:"tcp" address_field:"4fc516e168bc:26257" >›
W210104 14:11:23.592815 217 kv/kvserver/replica_range_lease.go:555 ⋮ [n1,s1,r6/1:‹/Table/{SystemCon…-11}›] can't determine lease status of (n1,s1):1 due to node liveness error: node not in the liveness table
(1) attached stack trace
  -- stack trace:
  | github.com/cockroachdb/cockroach/pkg/kv/kvserver.init
  | 	/go/src/github.com/cockroachdb/cockroach/pkg/kv/kvserver/node_liveness.go:45
  | runtime.doInit
  | 	/usr/local/go/src/runtime/proc.go:5228
  | runtime.doInit
  | 	/usr/local/go/src/runtime/proc.go:5223
  | runtime.doInit
  | 	/usr/local/go/src/runtime/proc.go:5223
  | runtime.doInit
  | 	/usr/local/go/src/runtime/proc.go:5223
  | runtime.doInit
  | 	/usr/local/go/src/runtime/proc.go:5223
  | runtime.main
  | 	/usr/local/go/src/runtime/proc.go:190
  | runtime.goexit
  | 	/usr/local/go/src/runtime/asm_amd64.s:1357
Wraps: (2) node not in the liveness table
Error types: (1) *withstack.withStack (2) *errutil.leafError
W210104 14:11:23.592935 217 kv/kvserver/store.go:1704 ⋮ [n1,s1,r6/1:‹/Table/{SystemCon…-11}›] could not gossip system config: ‹[NotLeaseHolderError] r6: replica (n1,s1):1 not lease holder; lease holder unknown›
(1) ‹[NotLeaseHolderError] r6: replica (n1,s1):1 not lease holder; lease holder unknown›
Error types: (1) *roachpb.NotLeaseHolderError
I210104 14:11:23.593144 46 server/server.go:1419 ⋮ [n1] node connected via gossip
I210104 14:11:23.593138 26 server/node.go:430 ⋮ [n1] initialized store [n1,s1]: disk (capacity=194 GiB, available=162 GiB, used=1.6 MiB, logicalBytes=3.5 MiB), ranges=38, leases=0, queries=0.00, writes=0.00, bytesPerReplica={p10=0.00 p25=0.00 p50=95.00 p75=1758.00 p90=12363.00 pMax=3575988.00}, writesPerReplica={p10=0.00 p25=0.00 p50=0.00 p75=0.00 p90=0.00 pMax=0.00}
I210104 14:11:23.593226 26 kv/kvserver/stores.go:236 ⋮ [n1] read 0 node addresses from persistent storage
I210104 14:11:23.594417 26 server/node.go:489 ⋮ [n1] started with engine type ‹2›
I210104 14:11:23.594443 26 server/node.go:491 ⋮ [n1] started with attributes ‹[]›
I210104 14:11:23.594478 26 server/goroutinedumper/goroutinedumper.go:120 ⋮ [n1] writing goroutine dumps to ‹/cockroach/cockroach-data/logs/goroutine_dump›
I210104 14:11:23.594492 26 server/heapprofiler/heapprofiler.go:49 ⋮ [n1] writing go heap profiles to ‹/cockroach/cockroach-data/logs/heap_profiler› at least every 1h0m0s
I210104 14:11:23.594506 26 server/heapprofiler/cgoprofiler.go:53 ⋮ [n1] to enable jmalloc profiling: "export MALLOC_CONF=prof:true" or "ln -s prof:true /etc/malloc.conf"
I210104 14:11:23.594513 26 server/heapprofiler/statsprofiler.go:54 ⋮ [n1] writing memory stats to ‹/cockroach/cockroach-data/logs/heap_profiler› at last every 1h0m0s
I210104 14:11:23.594524 26 server/server.go:1536 ⋮ [n1] starting http server at ‹[::]:8080› (use: ‹4fc516e168bc:8080›)
I210104 14:11:23.594538 26 server/server.go:1543 ⋮ [n1] starting grpc/postgres server at ‹[::]:26257›
I210104 14:11:23.594550 26 server/server.go:1544 ⋮ [n1] advertising CockroachDB node at ‹4fc516e168bc:26257›
I210104 14:11:23.605703 26 sql/sqlliveness/slinstance/slinstance.go:252 ⋮ [n1] starting SQL liveness instance
I210104 14:11:23.605797 255 sql/temporary_schema.go:497 ⋮ [n1] running temporary object cleanup background job
I210104 14:11:23.605864 26 server/server_sql.go:753 ⋮ [n1] done ensuring all necessary migrations have run
I210104 14:11:23.605879 26 server/server.go:1876 ⋮ [n1] serving sql connections
I210104 14:11:23.605969 26 cli/start.go:670 ⋮ [config] clusterID: ‹96dd4b31-a868-4727-9dc0-96ec7dfd7219›
I210104 14:11:23.605996 26 cli/start.go:680 ⋮ node startup completed:
CockroachDB node starting at 2021-01-04 14:11:23.605918715 +0000 UTC (took 0.1s)
build:               CCL v20.2.3 @ 2020/12/14 18:33:39 (go1.13.14)
webui:               ‹http://4fc516e168bc:8080›
sql:                 ‹postgresql://root@4fc516e168bc:26257?sslmode=disable›
RPC client flags:    ‹/cockroach/cockroach <client cmd> --host=4fc516e168bc:26257 --insecure›
logs:                ‹/cockroach/cockroach-data/logs›
temp dir:            ‹/cockroach/cockroach-data/cockroach-temp058289774›
external I/O path:   ‹/cockroach/cockroach-data/extern›
store[0]:            ‹path=/cockroach/cockroach-data›
storage engine:      pebble
status:              restarted pre-existing node
clusterID:           ‹96dd4b31-a868-4727-9dc0-96ec7dfd7219›
nodeID:              1
I210104 14:11:23.606448 285 jobs/job_scheduler.go:346 ⋮ [n1] waiting 3m0s before scheduled jobs daemon start
I210104 14:11:23.614684 255 sql/temporary_schema.go:532 ⋮ [n1] found 0 temporary schemas
I210104 14:11:23.614709 255 sql/temporary_schema.go:535 ⋮ [n1] early exiting temporary schema cleaner as no temporary schemas were found
I210104 14:11:23.614718 255 sql/temporary_schema.go:536 ⋮ [n1] completed temporary object cleanup job
I210104 14:11:23.614726 255 sql/temporary_schema.go:614 ⋮ [n1] temporary object cleaner next scheduled to run at 2021-01-04 14:41:23.605759832 +0000 UTC
I210104 14:11:23.615091 286 server/server_update.go:55 ⋮ [n1] no need to upgrade, cluster already at the newest version
I210104 14:11:23.625685 251 sql/event_log.go:162 ⋮ [n1] Event: ‹"node_restart"›, target: 1, info: ‹{Descriptor:{NodeID:1 Address:4fc516e168bc:26257 Attrs: Locality: ServerVersion:20.2 BuildTag:v20.2.3 StartedAt:1609769483587445044 LocalityAddress:[] ClusterName: SQLAddress:4fc516e168bc:26257} ClusterID:96dd4b31-a868-4727-9dc0-96ec7dfd7219 StartedAt:1609769483587445044 LastUp:1609767727618609257}›
I210104 14:11:23.628179 253 sql/sqlliveness/slstorage/slstorage.go:342 ⋮ [n1] inserted sqlliveness session ‹450f91fcaee44cf4a3acd283067ebae8›
I210104 14:11:23.628211 253 sql/sqlliveness/slinstance/slinstance.go:143 ⋮ [n1] created new SQL liveness session ‹450f91fcaee44cf4a3acd283067ebae8›
I210104 14:11:25.859590 49 gossip/gossip.go:1508 ⋮ [n1] node has connected to cluster via gossip
I210104 14:11:25.860503 49 kv/kvserver/stores.go:255 ⋮ [n1] wrote 0 node addresses to persistent storage
