I210104 13:17:19.953624 1 util/log/sync_buffer.go:195 ⋮ [config] file created at: 2021/01/04 13:17:19
I210104 13:17:19.953630 1 util/log/sync_buffer.go:195 ⋮ [config] running on machine: ‹6a107f9b8c82›
I210104 13:17:19.953633 1 util/log/sync_buffer.go:195 ⋮ [config] binary: CockroachDB CCL v20.2.3 (x86_64-unknown-linux-gnu, built 2020/12/14 18:33:39, go1.13.14)
I210104 13:17:19.953636 1 util/log/sync_buffer.go:195 ⋮ [config] arguments: ‹[/cockroach/cockroach start-single-node --insecure]›
I210104 13:17:19.953641 1 util/log/sync_buffer.go:195 ⋮ [config] line format: [IWEF]yymmdd hh:mm:ss.uuuuuu goid file:line msg utf8=✓
W210104 13:17:19.953564 1 cli/start.go:1139 ⋮ ALL SECURITY CONTROLS HAVE BEEN DISABLED!

This mode is intended for non-production testing only.

In this mode:
- Your cluster is open to any client that can access ‹any of your IP addresses›.
- Intruders with access to your machine or network can observe client-server traffic.
- Intruders can log in without password and read or write any data in the cluster.
- Intruders can consume all your server's resources and cause unavailability.
I210104 13:17:19.953690 1 cli/start.go:1149 ⋮ To start a secure server without mandating TLS for clients,
consider --accept-sql-without-tls instead. For other options, see:

- ‹https://go.crdb.dev/issue-v/53404/v20.2›
- https://www.cockroachlabs.com/docs/v20.2/secure-a-cluster.html
I210104 13:17:19.953888 1 server/status/recorder.go:605 ⋮ ‹available memory from cgroups (8.0 EiB) is unsupported, using system memory 31 GiB instead:›
W210104 13:17:19.953902 1 cli/start.go:983 ⋮ ‹Using the default setting for --cache (128 MiB).›
‹  A significantly larger value is usually needed for good performance.›
‹  If you have a dedicated server a reasonable setting is --cache=.25 (7.8 GiB).›
I210104 13:17:19.954031 1 server/status/recorder.go:605 ⋮ ‹available memory from cgroups (8.0 EiB) is unsupported, using system memory 31 GiB instead:›
I210104 13:17:19.954039 1 cli/start.go:1164 ⋮ ‹CockroachDB CCL v20.2.3 (x86_64-unknown-linux-gnu, built 2020/12/14 18:33:39, go1.13.14)›
I210104 13:17:19.954396 1 server/status/recorder.go:605 ⋮ ‹available memory from cgroups (8.0 EiB) is unsupported, using system memory 31 GiB instead:›
I210104 13:17:19.954405 1 server/config.go:434 ⋮ system total memory: ‹31 GiB›
I210104 13:17:19.954414 1 server/config.go:436 ⋮ server configuration:
‹max offset             500000000›
‹cache size             128 MiB›
‹SQL memory pool size   7.8 GiB›
‹scan interval          10m0s›
‹scan min idle time     10ms›
‹scan max idle time     1s›
‹event log enabled      true›
I210104 13:17:19.954442 1 cli/start.go:961 ⋮ using local environment variables: ‹COCKROACH_CHANNEL=official-docker›
I210104 13:17:19.954451 1 cli/start.go:968 ⋮ process identity: ‹uid 0 euid 0 gid 0 egid 0›
I210104 13:17:19.954576 1 cli/start.go:502 ⋮ could not initialize GEOS - spatial functions may not be available: geos: error during GEOS init: geos: cannot load GEOS from dir ‹"/usr/local/lib/cockroach"›: ‹geos error: /usr/local/lib/cockroach/libgeos.so: cannot open shared object file: No such file or directory›
I210104 13:17:19.954609 1 cli/start.go:509 ⋮ starting cockroach node
I210104 13:17:19.966911 72 server/server.go:782 ⋮ [n?] monitoring forward clock jumps based on server.clock.forward_jump_check_enabled
I210104 13:17:19.989073 72 server/config.go:625 ⋮ [n?] 1 storage engine‹› initialized
I210104 13:17:19.989148 72 server/config.go:628 ⋮ [n?] ‹Pebble cache size: 128 MiB›
I210104 13:17:19.989157 72 server/config.go:628 ⋮ [n?] ‹store 0: RocksDB, max size 0 B, max open file limit 1043576›
W210104 13:17:19.991903 72 cli/start.go:907 ⋮ neither --listen-addr nor --advertise-addr was specified.
The server will advertise ‹"6a107f9b8c82"› to other nodes, is this routable?

Consider using:
- for local-only servers:  --listen-addr=localhost
- for multi-node clusters: --advertise-addr=<host/IP addr>
I210104 13:17:19.993834 33 server/server.go:1416 ⋮ [n?] connecting to gossip network to verify cluster ID ‹"96dd4b31-a868-4727-9dc0-96ec7dfd7219"›
I210104 13:17:19.995961 72 gossip/gossip.go:403 ⋮ [n1] NodeDescriptor set to ‹node_id:1 address:<network_field:"tcp" address_field:"6a107f9b8c82:26257" > attrs:<> locality:<> ServerVersion:<major_val:20 minor_val:2 patch:0 unstable:0 > build_tag:"v20.2.3" started_at:1609766239995952539 cluster_name:"" sql_address:<network_field:"tcp" address_field:"6a107f9b8c82:26257" >›
W210104 13:17:20.007312 72 kv/kvserver/replica_range_lease.go:555 ⋮ [n1,s1,r15/1:‹/Table/{19-20}›] can't determine lease status of (n1,s1):1 due to node liveness error: node not in the liveness table
(1) attached stack trace
  -- stack trace:
  | github.com/cockroachdb/cockroach/pkg/kv/kvserver.init
  | 	/go/src/github.com/cockroachdb/cockroach/pkg/kv/kvserver/node_liveness.go:45
  | runtime.doInit
  | 	/usr/local/go/src/runtime/proc.go:5228
  | runtime.doInit
  | 	/usr/local/go/src/runtime/proc.go:5223
  | runtime.doInit
  | 	/usr/local/go/src/runtime/proc.go:5223
  | runtime.doInit
  | 	/usr/local/go/src/runtime/proc.go:5223
  | runtime.doInit
  | 	/usr/local/go/src/runtime/proc.go:5223
  | runtime.main
  | 	/usr/local/go/src/runtime/proc.go:190
  | runtime.goexit
  | 	/usr/local/go/src/runtime/asm_amd64.s:1357
Wraps: (2) node not in the liveness table
Error types: (1) *withstack.withStack (2) *errutil.leafError
I210104 13:17:20.007466 72 server/node.go:430 ⋮ [n1] initialized store [n1,s1]: disk (capacity=194 GiB, available=162 GiB, used=836 KiB, logicalBytes=741 KiB), ranges=36, leases=0, queries=0.00, writes=0.00, bytesPerReplica={p10=0.00 p25=0.00 p50=0.00 p75=1216.00 p90=7492.00 pMax=685080.00}, writesPerReplica={p10=0.00 p25=0.00 p50=0.00 p75=0.00 p90=0.00 pMax=0.00}
I210104 13:17:20.007560 72 kv/kvserver/stores.go:236 ⋮ [n1] read 0 node addresses from persistent storage
I210104 13:17:20.009195 33 server/server.go:1419 ⋮ [n1] node connected via gossip
W210104 13:17:20.009281 217 kv/kvserver/store.go:1704 ⋮ [n1,s1,r6/1:‹/Table/{SystemCon…-11}›] could not gossip system config: ‹[NotLeaseHolderError] r6: replica (n1,s1):1 not lease holder; lease holder unknown›
(1) ‹[NotLeaseHolderError] r6: replica (n1,s1):1 not lease holder; lease holder unknown›
Error types: (1) *roachpb.NotLeaseHolderError
I210104 13:17:20.014112 72 server/node.go:489 ⋮ [n1] started with engine type ‹2›
I210104 13:17:20.014159 72 server/node.go:491 ⋮ [n1] started with attributes ‹[]›
I210104 13:17:20.014210 72 server/goroutinedumper/goroutinedumper.go:120 ⋮ [n1] writing goroutine dumps to ‹/cockroach/cockroach-data/logs/goroutine_dump›
I210104 13:17:20.014226 72 server/heapprofiler/heapprofiler.go:49 ⋮ [n1] writing go heap profiles to ‹/cockroach/cockroach-data/logs/heap_profiler› at least every 1h0m0s
I210104 13:17:20.014239 72 server/heapprofiler/cgoprofiler.go:53 ⋮ [n1] to enable jmalloc profiling: "export MALLOC_CONF=prof:true" or "ln -s prof:true /etc/malloc.conf"
I210104 13:17:20.014246 72 server/heapprofiler/statsprofiler.go:54 ⋮ [n1] writing memory stats to ‹/cockroach/cockroach-data/logs/heap_profiler› at last every 1h0m0s
I210104 13:17:20.014259 72 server/server.go:1536 ⋮ [n1] starting http server at ‹[::]:8080› (use: ‹6a107f9b8c82:8080›)
I210104 13:17:20.014275 72 server/server.go:1543 ⋮ [n1] starting grpc/postgres server at ‹[::]:26257›
I210104 13:17:20.014287 72 server/server.go:1544 ⋮ [n1] advertising CockroachDB node at ‹6a107f9b8c82:26257›
I210104 13:17:20.032328 72 sql/sqlliveness/slinstance/slinstance.go:252 ⋮ [n1] starting SQL liveness instance
I210104 13:17:20.032645 72 server/server_sql.go:753 ⋮ [n1] done ensuring all necessary migrations have run
I210104 13:17:20.032665 72 server/server.go:1876 ⋮ [n1] serving sql connections
I210104 13:17:20.032698 49 kv/kvserver/node_liveness.go:640 ⋮ [n1,liveness-hb] heartbeat failed on epoch increment; retrying
I210104 13:17:20.032787 72 cli/start.go:670 ⋮ [config] clusterID: ‹96dd4b31-a868-4727-9dc0-96ec7dfd7219›
I210104 13:17:20.032815 72 cli/start.go:680 ⋮ node startup completed:
CockroachDB node starting at 2021-01-04 13:17:20.032722556 +0000 UTC (took 0.1s)
build:               CCL v20.2.3 @ 2020/12/14 18:33:39 (go1.13.14)
webui:               ‹http://6a107f9b8c82:8080›
sql:                 ‹postgresql://root@6a107f9b8c82:26257?sslmode=disable›
RPC client flags:    ‹/cockroach/cockroach <client cmd> --host=6a107f9b8c82:26257 --insecure›
logs:                ‹/cockroach/cockroach-data/logs›
temp dir:            ‹/cockroach/cockroach-data/cockroach-temp004467976›
external I/O path:   ‹/cockroach/cockroach-data/extern›
store[0]:            ‹path=/cockroach/cockroach-data›
storage engine:      pebble
status:              restarted pre-existing node
clusterID:           ‹96dd4b31-a868-4727-9dc0-96ec7dfd7219›
nodeID:              1
I210104 13:17:20.034130 284 jobs/job_scheduler.go:346 ⋮ [n1] waiting 4m0s before scheduled jobs daemon start
I210104 13:17:20.035142 62 sql/temporary_schema.go:497 ⋮ [n1] running temporary object cleanup background job
I210104 13:17:20.046475 62 sql/temporary_schema.go:532 ⋮ [n1] found 0 temporary schemas
I210104 13:17:20.046526 62 sql/temporary_schema.go:535 ⋮ [n1] early exiting temporary schema cleaner as no temporary schemas were found
I210104 13:17:20.047548 62 sql/temporary_schema.go:536 ⋮ [n1] completed temporary object cleanup job
I210104 13:17:20.047562 62 sql/temporary_schema.go:614 ⋮ [n1] temporary object cleaner next scheduled to run at 2021-01-04 13:47:20.033842257 +0000 UTC
I210104 13:17:20.048654 60 sql/sqlliveness/slstorage/slstorage.go:342 ⋮ [n1] inserted sqlliveness session ‹ebe470b3e419476d81d2a58b363b3653›
I210104 13:17:20.048677 60 sql/sqlliveness/slinstance/slinstance.go:143 ⋮ [n1] created new SQL liveness session ‹ebe470b3e419476d81d2a58b363b3653›
I210104 13:17:20.049616 285 server/server_update.go:52 ⋮ [n1] failed attempt to upgrade cluster version, error: no live nodes found
I210104 13:17:20.060347 58 sql/event_log.go:162 ⋮ [n1] Event: ‹"node_restart"›, target: 1, info: ‹{Descriptor:{NodeID:1 Address:6a107f9b8c82:26257 Attrs: Locality: ServerVersion:20.2 BuildTag:v20.2.3 StartedAt:1609766239995952539 LocalityAddress:[] ClusterName: SQLAddress:6a107f9b8c82:26257} ClusterID:96dd4b31-a868-4727-9dc0-96ec7dfd7219 StartedAt:1609766239995952539 LastUp:1609763219475795082}›
I210104 13:17:21.148583 285 server/server_update.go:55 ⋮ [n1] no need to upgrade, cluster already at the newest version
I210104 13:17:22.358003 101 gossip/gossip.go:1508 ⋮ [n1] node has connected to cluster via gossip
I210104 13:17:22.358827 101 kv/kvserver/stores.go:255 ⋮ [n1] wrote 0 node addresses to persistent storage
I210104 13:17:24.798711 394 sql/event_log.go:162 ⋮ [n1,client=‹192.168.16.4:47578›,hostnossl,user=root] Event: ‹"create_table"›, target: 54, info: ‹{TableName:cockroachdb.public.workers Statement:CREATE TABLE workers (id INT8 NOT NULL, db VARCHAR(255), department VARCHAR(255), email VARCHAR(255), name VARCHAR(255), "position" VARCHAR(255), updateon VARCHAR(255), PRIMARY KEY (id)) User:root}›
I210104 13:17:24.805363 842 kv/kvserver/replica_command.go:414 ⋮ [n1,split,s1,r36/1:‹/{Table/52-Max}›] initiating a split of this range at key ‹/Table/54› [r46] (‹zone config›)‹›
I210104 13:17:24.808349 394 sql/event_log.go:162 ⋮ [n1,client=‹192.168.16.4:47578›,hostnossl,user=root] Event: ‹"create_sequence"›, target: 55, info: ‹{SequenceName:cockroachdb.public.hibernate_sequence Statement:CREATE SEQUENCE hibernate_sequence START 1 INCREMENT 1 User:root}›
I210104 13:17:24.816528 1000 kv/kvserver/replica_command.go:414 ⋮ [n1,split,s1,r46/1:‹/{Table/54-Max}›] initiating a split of this range at key ‹/Table/55› [r47] (‹zone config›)‹›
I210104 13:17:30.017310 47 server/status/runtime.go:522 ⋮ [n1] runtime stats: 183 MiB RSS, 208 goroutines, 22 MiB/34 MiB/42 MiB GO alloc/idle/total, 8.4 MiB/11 MiB CGO alloc/total, 0.0 CGO/sec, 0.0/0.0 %(u/s)time, 0.0 %gc (24x), 34 KiB/31 KiB (r/w)net
I210104 13:17:38.375893 59 sql/sqlliveness/slstorage/slstorage.go:320 ⋮ [n1] deleted 1 expired SQL liveness sessions
I210104 13:17:40.017342 42 kv/kvserver/store.go:2638 ⋮ [n1,s1] sstables (read amplification = 1):
‹6 [ 147K 1 ]: 147K›
I210104 13:17:40.017385 47 server/status/runtime.go:522 ⋮ [n1] runtime stats: 185 MiB RSS, 207 goroutines, 18 MiB/36 MiB/44 MiB GO alloc/idle/total, 8.4 MiB/11 MiB CGO alloc/total, 0.1 CGO/sec, 2.6/0.7 %(u/s)time, 0.0 %gc (1x), 234 B/0 B (r/w)net
I210104 13:17:40.017697 42 kv/kvserver/store.go:2639 ⋮ [n1,s1] ‹›
‹__level_____count____size___score______in__ingest(sz_cnt)____move(sz_cnt)___write(sz_cnt)____read___r-amp___w-amp›
‹    WAL         2   578 K       -   573 K       -       -       -       -   578 K       -       -       -     1.0›
‹      0         0     0 B    0.00     0 B     0 B       0     0 B       0     0 B       0     0 B       0     0.0›
‹      1         0     0 B    0.00     0 B     0 B       0     0 B       0     0 B       0     0 B       0     0.0›
‹      2         0     0 B    0.00     0 B     0 B       0     0 B       0     0 B       0     0 B       0     0.0›
‹      3         0     0 B    0.00     0 B     0 B       0     0 B       0     0 B       0     0 B       0     0.0›
‹      4         0     0 B    0.00     0 B     0 B       0     0 B       0     0 B       0     0 B       0     0.0›
‹      5         0     0 B    0.00     0 B     0 B       0     0 B       0     0 B       0     0 B       0     0.0›
‹      6         1   147 K       -   122 K     0 B       0     0 B       0   147 K       1   241 K       1     1.2›
‹  total         1   147 K       -   578 K     0 B       0     0 B       0   724 K       1   241 K       1     1.3›
‹  flush         0›
‹compact         1     0 B          (size == estimated-debt)›
‹ memtbl         2   4.3 M›
‹zmemtbl         0     0 B›
‹   ztbl         0     0 B›
‹ bcache        13   392 K   98.8%  (score == hit-rate)›
‹ tcache         1   616 B   99.8%  (score == hit-rate)›
‹ titers         0›
‹ filter         -       -   74.2%  (score == utility)›
I210104 13:17:50.017556 47 server/status/runtime.go:522 ⋮ [n1] runtime stats: 185 MiB RSS, 207 goroutines, 25 MiB/30 MiB/44 MiB GO alloc/idle/total, 8.5 MiB/11 MiB CGO alloc/total, 0.5 CGO/sec, 1.9/0.6 %(u/s)time, 0.0 %gc (0x), 2.1 KiB/1.6 KiB (r/w)net
I210104 13:18:00.017828 47 server/status/runtime.go:522 ⋮ [n1] runtime stats: 185 MiB RSS, 208 goroutines, 22 MiB/33 MiB/46 MiB GO alloc/idle/total, 8.5 MiB/11 MiB CGO alloc/total, 0.1 CGO/sec, 1.5/0.6 %(u/s)time, 0.0 %gc (1x), 1.7 KiB/1.2 KiB (r/w)net
I210104 13:18:10.017900 47 server/status/runtime.go:522 ⋮ [n1] runtime stats: 185 MiB RSS, 208 goroutines, 29 MiB/28 MiB/46 MiB GO alloc/idle/total, 8.5 MiB/11 MiB CGO alloc/total, 0.1 CGO/sec, 1.8/0.7 %(u/s)time, 0.0 %gc (0x), 0 B/0 B (r/w)net
I210104 13:18:20.015493 43 gossip/gossip.go:568 ⋮ [n1] gossip status (ok, 1 node‹›)
gossip client (0/3 cur/max conns)
gossip server (0/3 cur/max conns, infos 0/0 sent/received, bytes 0B/0B sent/received)
gossip connectivity
  n1 [sentinel];
I210104 13:18:20.018078 47 server/status/runtime.go:522 ⋮ [n1] runtime stats: 189 MiB RSS, 208 goroutines, 22 MiB/33 MiB/49 MiB GO alloc/idle/total, 8.5 MiB/11 MiB CGO alloc/total, 0.1 CGO/sec, 1.8/0.7 %(u/s)time, 0.0 %gc (1x), 0 B/0 B (r/w)net
I210104 13:18:20.050599 1728 jobs/registry.go:1103 ⋮ [n1] AUTO CREATE STATS job 621595525248483329: stepping through state running with error: <nil>
I210104 13:18:20.085343 1728 jobs/registry.go:1103 ⋮ [n1] AUTO CREATE STATS job 621595525248483329: stepping through state succeeded with error: <nil>
I210104 13:18:30.017232 47 server/status/runtime.go:522 ⋮ [n1] runtime stats: 193 MiB RSS, 216 goroutines, 25 MiB/30 MiB/49 MiB GO alloc/idle/total, 8.5 MiB/11 MiB CGO alloc/total, 0.3 CGO/sec, 2.5/0.6 %(u/s)time, 0.0 %gc (1x), 2.4 KiB/2.3 KiB (r/w)net
I210104 13:18:40.018460 47 server/status/runtime.go:522 ⋮ [n1] runtime stats: 195 MiB RSS, 216 goroutines, 33 MiB/24 MiB/49 MiB GO alloc/idle/total, 8.5 MiB/11 MiB CGO alloc/total, 0.1 CGO/sec, 1.2/0.6 %(u/s)time, 0.0 %gc (0x), 2.4 KiB/2.4 KiB (r/w)net
I210104 13:18:50.018665 47 server/status/runtime.go:522 ⋮ [n1] runtime stats: 195 MiB RSS, 216 goroutines, 26 MiB/28 MiB/50 MiB GO alloc/idle/total, 8.5 MiB/11 MiB CGO alloc/total, 0.1 CGO/sec, 2.0/0.7 %(u/s)time, 0.0 %gc (1x), 1.7 KiB/1.7 KiB (r/w)net
I210104 13:19:00.018887 47 server/status/runtime.go:522 ⋮ [n1] runtime stats: 195 MiB RSS, 217 goroutines, 33 MiB/23 MiB/50 MiB GO alloc/idle/total, 8.5 MiB/11 MiB CGO alloc/total, 0.1 CGO/sec, 1.9/0.5 %(u/s)time, 0.0 %gc (0x), 1.7 KiB/1.7 KiB (r/w)net
I210104 13:19:10.019014 47 server/status/runtime.go:522 ⋮ [n1] runtime stats: 199 MiB RSS, 217 goroutines, 25 MiB/30 MiB/52 MiB GO alloc/idle/total, 8.5 MiB/11 MiB CGO alloc/total, 0.1 CGO/sec, 1.8/0.6 %(u/s)time, 0.0 %gc (1x), 2.3 KiB/2.3 KiB (r/w)net
I210104 13:19:20.015502 43 gossip/gossip.go:568 ⋮ [n1] gossip status (ok, 1 node‹›)
gossip client (0/3 cur/max conns)
gossip server (0/3 cur/max conns, infos 0/0 sent/received, bytes 0B/0B sent/received)
I210104 13:19:20.019157 47 server/status/runtime.go:522 ⋮ [n1] runtime stats: 199 MiB RSS, 217 goroutines, 32 MiB/24 MiB/52 MiB GO alloc/idle/total, 8.5 MiB/11 MiB CGO alloc/total, 0.1 CGO/sec, 1.8/0.6 %(u/s)time, 0.0 %gc (0x), 1.7 KiB/1.7 KiB (r/w)net
I210104 13:19:30.019327 47 server/status/runtime.go:522 ⋮ [n1] runtime stats: 201 MiB RSS, 216 goroutines, 22 MiB/31 MiB/52 MiB GO alloc/idle/total, 8.5 MiB/11 MiB CGO alloc/total, 0.1 CGO/sec, 2.0/0.3 %(u/s)time, 0.0 %gc (1x), 3.1 KiB/2.3 KiB (r/w)net
I210104 13:19:40.018522 47 server/status/runtime.go:522 ⋮ [n1] runtime stats: 201 MiB RSS, 216 goroutines, 30 MiB/25 MiB/52 MiB GO alloc/idle/total, 8.5 MiB/11 MiB CGO alloc/total, 0.1 CGO/sec, 1.6/0.6 %(u/s)time, 0.0 %gc (0x), 2.5 KiB/2.4 KiB (r/w)net
I210104 13:19:50.019534 47 server/status/runtime.go:522 ⋮ [n1] runtime stats: 203 MiB RSS, 216 goroutines, 20 MiB/32 MiB/52 MiB GO alloc/idle/total, 16 MiB/19 MiB CGO alloc/total, 0.2 CGO/sec, 1.7/0.5 %(u/s)time, 0.0 %gc (1x), 1.7 KiB/1.7 KiB (r/w)net
I210104 13:20:00.019922 47 server/status/runtime.go:522 ⋮ [n1] runtime stats: 203 MiB RSS, 217 goroutines, 28 MiB/27 MiB/52 MiB GO alloc/idle/total, 16 MiB/19 MiB CGO alloc/total, 0.1 CGO/sec, 1.4/0.9 %(u/s)time, 0.0 %gc (0x), 1.8 KiB/1.8 KiB (r/w)net
I210104 13:20:10.020252 47 server/status/runtime.go:522 ⋮ [n1] runtime stats: 203 MiB RSS, 217 goroutines, 35 MiB/21 MiB/52 MiB GO alloc/idle/total, 16 MiB/19 MiB CGO alloc/total, 0.1 CGO/sec, 1.6/0.3 %(u/s)time, 0.0 %gc (0x), 2.3 KiB/2.3 KiB (r/w)net
I210104 13:20:20.015491 43 gossip/gossip.go:568 ⋮ [n1] gossip status (ok, 1 node‹›)
gossip client (0/3 cur/max conns)
gossip server (0/3 cur/max conns, infos 0/0 sent/received, bytes 0B/0B sent/received)
I210104 13:20:20.020219 47 server/status/runtime.go:522 ⋮ [n1] runtime stats: 203 MiB RSS, 217 goroutines, 29 MiB/25 MiB/53 MiB GO alloc/idle/total, 16 MiB/19 MiB CGO alloc/total, 0.1 CGO/sec, 2.3/0.4 %(u/s)time, 0.0 %gc (1x), 1.7 KiB/1.7 KiB (r/w)net
I210104 13:20:30.020557 47 server/status/runtime.go:522 ⋮ [n1] runtime stats: 203 MiB RSS, 216 goroutines, 39 MiB/18 MiB/53 MiB GO alloc/idle/total, 16 MiB/19 MiB CGO alloc/total, 0.1 CGO/sec, 2.0/0.6 %(u/s)time, 0.0 %gc (0x), 4.4 KiB/4.0 KiB (r/w)net
I210104 13:20:40.020823 47 server/status/runtime.go:522 ⋮ [n1] runtime stats: 207 MiB RSS, 216 goroutines, 28 MiB/26 MiB/56 MiB GO alloc/idle/total, 16 MiB/19 MiB CGO alloc/total, 0.1 CGO/sec, 2.4/0.6 %(u/s)time, 0.0 %gc (1x), 2.3 KiB/2.3 KiB (r/w)net
I210104 13:20:50.021046 47 server/status/runtime.go:522 ⋮ [n1] runtime stats: 207 MiB RSS, 216 goroutines, 35 MiB/21 MiB/56 MiB GO alloc/idle/total, 16 MiB/19 MiB CGO alloc/total, 0.1 CGO/sec, 2.0/0.7 %(u/s)time, 0.0 %gc (0x), 2.9 KiB/2.5 KiB (r/w)net
I210104 13:21:00.021261 47 server/status/runtime.go:522 ⋮ [n1] runtime stats: 209 MiB RSS, 217 goroutines, 21 MiB/32 MiB/54 MiB GO alloc/idle/total, 16 MiB/19 MiB CGO alloc/total, 0.1 CGO/sec, 2.6/0.7 %(u/s)time, 0.0 %gc (1x), 2.8 KiB/2.6 KiB (r/w)net
I210104 13:21:10.020457 47 server/status/runtime.go:522 ⋮ [n1] runtime stats: 209 MiB RSS, 217 goroutines, 27 MiB/27 MiB/54 MiB GO alloc/idle/total, 16 MiB/19 MiB CGO alloc/total, 0.1 CGO/sec, 2.0/0.6 %(u/s)time, 0.0 %gc (0x), 2.3 KiB/2.3 KiB (r/w)net
I210104 13:21:20.015504 43 gossip/gossip.go:568 ⋮ [n1] gossip status (ok, 1 node‹›)
gossip client (0/3 cur/max conns)
gossip server (0/3 cur/max conns, infos 0/0 sent/received, bytes 0B/0B sent/received)
I210104 13:21:20.021527 47 server/status/runtime.go:522 ⋮ [n1] runtime stats: 209 MiB RSS, 217 goroutines, 34 MiB/21 MiB/54 MiB GO alloc/idle/total, 16 MiB/19 MiB CGO alloc/total, 0.1 CGO/sec, 1.5/0.6 %(u/s)time, 0.0 %gc (0x), 3.6 KiB/3.3 KiB (r/w)net
I210104 13:21:30.020627 47 server/status/runtime.go:522 ⋮ [n1] runtime stats: 209 MiB RSS, 216 goroutines, 27 MiB/28 MiB/55 MiB GO alloc/idle/total, 16 MiB/19 MiB CGO alloc/total, 0.1 CGO/sec, 2.7/1.0 %(u/s)time, 0.0 %gc (1x), 6.0 KiB/5.0 KiB (r/w)net
I210104 13:21:40.021743 47 server/status/runtime.go:522 ⋮ [n1] runtime stats: 209 MiB RSS, 216 goroutines, 35 MiB/22 MiB/55 MiB GO alloc/idle/total, 16 MiB/19 MiB CGO alloc/total, 0.1 CGO/sec, 1.4/0.4 %(u/s)time, 0.0 %gc (0x), 2.3 KiB/2.3 KiB (r/w)net
I210104 13:21:50.020817 47 server/status/runtime.go:522 ⋮ [n1] runtime stats: 209 MiB RSS, 216 goroutines, 22 MiB/31 MiB/54 MiB GO alloc/idle/total, 16 MiB/19 MiB CGO alloc/total, 0.1 CGO/sec, 2.3/0.6 %(u/s)time, 0.0 %gc (1x), 1.7 KiB/1.7 KiB (r/w)net
I210104 13:22:00.022014 47 server/status/runtime.go:522 ⋮ [n1] runtime stats: 209 MiB RSS, 217 goroutines, 29 MiB/26 MiB/54 MiB GO alloc/idle/total, 16 MiB/19 MiB CGO alloc/total, 0.1 CGO/sec, 1.3/0.7 %(u/s)time, 0.0 %gc (0x), 1.7 KiB/1.7 KiB (r/w)net
I210104 13:22:10.022322 47 server/status/runtime.go:522 ⋮ [n1] runtime stats: 211 MiB RSS, 217 goroutines, 36 MiB/20 MiB/54 MiB GO alloc/idle/total, 16 MiB/19 MiB CGO alloc/total, 0.1 CGO/sec, 1.9/0.5 %(u/s)time, 0.0 %gc (0x), 2.4 KiB/2.3 KiB (r/w)net
I210104 13:22:20.015384 43 gossip/gossip.go:568 ⋮ [n1] gossip status (ok, 1 node‹›)
gossip client (0/3 cur/max conns)
gossip server (0/3 cur/max conns, infos 0/0 sent/received, bytes 0B/0B sent/received)
I210104 13:22:20.021484 47 server/status/runtime.go:522 ⋮ [n1] runtime stats: 211 MiB RSS, 217 goroutines, 26 MiB/28 MiB/54 MiB GO alloc/idle/total, 16 MiB/19 MiB CGO alloc/total, 0.1 CGO/sec, 1.9/0.5 %(u/s)time, 0.0 %gc (1x), 1.7 KiB/1.7 KiB (r/w)net
I210104 13:22:20.113514 4904 jobs/registry.go:1103 ⋮ [n1] AUTO CREATE STATS job 621596311877582849: stepping through state running with error: <nil>
I210104 13:22:20.147020 4904 jobs/registry.go:1103 ⋮ [n1] AUTO CREATE STATS job 621596311877582849: stepping through state succeeded with error: <nil>
I210104 13:22:30.022643 47 server/status/runtime.go:522 ⋮ [n1] runtime stats: 211 MiB RSS, 216 goroutines, 26 MiB/27 MiB/54 MiB GO alloc/idle/total, 16 MiB/19 MiB CGO alloc/total, 0.1 CGO/sec, 2.8/0.4 %(u/s)time, 0.0 %gc (1x), 1.9 KiB/1.9 KiB (r/w)net
I210104 13:22:40.022767 47 server/status/runtime.go:522 ⋮ [n1] runtime stats: 211 MiB RSS, 216 goroutines, 34 MiB/22 MiB/54 MiB GO alloc/idle/total, 16 MiB/19 MiB CGO alloc/total, 0.1 CGO/sec, 1.4/0.7 %(u/s)time, 0.0 %gc (0x), 3.0 KiB/3.0 KiB (r/w)net
I210104 13:22:50.023090 47 server/status/runtime.go:522 ⋮ [n1] runtime stats: 211 MiB RSS, 216 goroutines, 40 MiB/16 MiB/54 MiB GO alloc/idle/total, 16 MiB/19 MiB CGO alloc/total, 0.1 CGO/sec, 1.5/0.6 %(u/s)time, 0.0 %gc (0x), 1.7 KiB/1.7 KiB (r/w)net
I210104 13:23:00.023185 47 server/status/runtime.go:522 ⋮ [n1] runtime stats: 211 MiB RSS, 217 goroutines, 30 MiB/24 MiB/56 MiB GO alloc/idle/total, 16 MiB/19 MiB CGO alloc/total, 0.1 CGO/sec, 2.8/0.4 %(u/s)time, 0.0 %gc (1x), 1.7 KiB/1.7 KiB (r/w)net
I210104 13:23:10.023414 47 server/status/runtime.go:522 ⋮ [n1] runtime stats: 211 MiB RSS, 217 goroutines, 37 MiB/18 MiB/56 MiB GO alloc/idle/total, 16 MiB/19 MiB CGO alloc/total, 0.1 CGO/sec, 1.5/0.6 %(u/s)time, 0.0 %gc (0x), 2.3 KiB/2.3 KiB (r/w)net
I210104 13:23:20.015496 43 gossip/gossip.go:568 ⋮ [n1] gossip status (ok, 1 node‹›)
gossip client (0/3 cur/max conns)
gossip server (0/3 cur/max conns, infos 0/0 sent/received, bytes 0B/0B sent/received)
I210104 13:23:20.023471 47 server/status/runtime.go:522 ⋮ [n1] runtime stats: 213 MiB RSS, 217 goroutines, 22 MiB/31 MiB/55 MiB GO alloc/idle/total, 16 MiB/19 MiB CGO alloc/total, 0.1 CGO/sec, 1.7/0.7 %(u/s)time, 0.0 %gc (1x), 1.8 KiB/1.8 KiB (r/w)net
I210104 13:23:30.023719 47 server/status/runtime.go:522 ⋮ [n1] runtime stats: 213 MiB RSS, 216 goroutines, 32 MiB/24 MiB/55 MiB GO alloc/idle/total, 16 MiB/19 MiB CGO alloc/total, 0.1 CGO/sec, 1.8/0.8 %(u/s)time, 0.0 %gc (0x), 2.5 KiB/1.7 KiB (r/w)net
I210104 13:23:40.022796 47 server/status/runtime.go:522 ⋮ [n1] runtime stats: 213 MiB RSS, 216 goroutines, 24 MiB/30 MiB/56 MiB GO alloc/idle/total, 16 MiB/19 MiB CGO alloc/total, 0.1 CGO/sec, 1.7/0.5 %(u/s)time, 0.0 %gc (1x), 2.9 KiB/2.9 KiB (r/w)net
I210104 13:23:50.024091 47 server/status/runtime.go:522 ⋮ [n1] runtime stats: 213 MiB RSS, 216 goroutines, 28 MiB/26 MiB/56 MiB GO alloc/idle/total, 16 MiB/19 MiB CGO alloc/total, 0.1 CGO/sec, 1.9/0.4 %(u/s)time, 0.0 %gc (0x), 1.7 KiB/1.7 KiB (r/w)net
I210104 13:24:00.024245 47 server/status/runtime.go:522 ⋮ [n1] runtime stats: 213 MiB RSS, 217 goroutines, 35 MiB/21 MiB/56 MiB GO alloc/idle/total, 16 MiB/19 MiB CGO alloc/total, 0.1 CGO/sec, 1.1/1.0 %(u/s)time, 0.0 %gc (0x), 1.7 KiB/1.7 KiB (r/w)net
I210104 13:24:10.024474 47 server/status/runtime.go:522 ⋮ [n1] runtime stats: 213 MiB RSS, 217 goroutines, 23 MiB/30 MiB/56 MiB GO alloc/idle/total, 16 MiB/19 MiB CGO alloc/total, 0.1 CGO/sec, 1.8/0.5 %(u/s)time, 0.0 %gc (1x), 2.4 KiB/2.4 KiB (r/w)net
I210104 13:24:20.015491 43 gossip/gossip.go:568 ⋮ [n1] gossip status (ok, 1 node‹›)
gossip client (0/3 cur/max conns)
gossip server (0/3 cur/max conns, infos 0/0 sent/received, bytes 0B/0B sent/received)
I210104 13:24:20.024721 47 server/status/runtime.go:522 ⋮ [n1] runtime stats: 213 MiB RSS, 217 goroutines, 30 MiB/25 MiB/56 MiB GO alloc/idle/total, 16 MiB/19 MiB CGO alloc/total, 0.1 CGO/sec, 1.6/0.5 %(u/s)time, 0.0 %gc (0x), 1.7 KiB/1.7 KiB (r/w)net
I210104 13:24:30.024891 47 server/status/runtime.go:522 ⋮ [n1] runtime stats: 215 MiB RSS, 216 goroutines, 22 MiB/30 MiB/55 MiB GO alloc/idle/total, 32 MiB/35 MiB CGO alloc/total, 0.2 CGO/sec, 2.4/0.3 %(u/s)time, 0.0 %gc (1x), 1.8 KiB/1.8 KiB (r/w)net
I210104 13:24:40.025177 47 server/status/runtime.go:522 ⋮ [n1] runtime stats: 215 MiB RSS, 216 goroutines, 29 MiB/25 MiB/55 MiB GO alloc/idle/total, 32 MiB/35 MiB CGO alloc/total, 0.1 CGO/sec, 1.6/0.6 %(u/s)time, 0.0 %gc (0x), 3.0 KiB/3.0 KiB (r/w)net
I210104 13:24:50.024283 47 server/status/runtime.go:522 ⋮ [n1] runtime stats: 216 MiB RSS, 216 goroutines, 36 MiB/20 MiB/55 MiB GO alloc/idle/total, 32 MiB/35 MiB CGO alloc/total, 0.1 CGO/sec, 1.8/0.5 %(u/s)time, 0.0 %gc (0x), 1.7 KiB/1.7 KiB (r/w)net
I210104 13:25:00.025132 47 server/status/runtime.go:522 ⋮ [n1] runtime stats: 216 MiB RSS, 217 goroutines, 26 MiB/29 MiB/55 MiB GO alloc/idle/total, 32 MiB/35 MiB CGO alloc/total, 0.1 CGO/sec, 1.6/0.9 %(u/s)time, 0.0 %gc (1x), 1.7 KiB/1.7 KiB (r/w)net
I210104 13:25:10.025764 47 server/status/runtime.go:522 ⋮ [n1] runtime stats: 216 MiB RSS, 217 goroutines, 33 MiB/23 MiB/55 MiB GO alloc/idle/total, 32 MiB/35 MiB CGO alloc/total, 0.1 CGO/sec, 1.6/0.5 %(u/s)time, 0.0 %gc (0x), 2.3 KiB/2.3 KiB (r/w)net
I210104 13:25:20.015491 43 gossip/gossip.go:568 ⋮ [n1] gossip status (ok, 1 node‹›)
gossip client (0/3 cur/max conns)
gossip server (0/3 cur/max conns, infos 0/0 sent/received, bytes 0B/0B sent/received)
I210104 13:25:20.025851 47 server/status/runtime.go:522 ⋮ [n1] runtime stats: 216 MiB RSS, 217 goroutines, 39 MiB/18 MiB/55 MiB GO alloc/idle/total, 32 MiB/35 MiB CGO alloc/total, 0.1 CGO/sec, 1.8/0.5 %(u/s)time, 0.0 %gc (0x), 1.8 KiB/1.8 KiB (r/w)net
I210104 13:25:30.026149 47 server/status/runtime.go:522 ⋮ [n1] runtime stats: 216 MiB RSS, 216 goroutines, 28 MiB/28 MiB/55 MiB GO alloc/idle/total, 32 MiB/35 MiB CGO alloc/total, 0.1 CGO/sec, 2.3/0.5 %(u/s)time, 0.0 %gc (1x), 2.6 KiB/1.7 KiB (r/w)net
I210104 13:25:40.026314 47 server/status/runtime.go:522 ⋮ [n1] runtime stats: 218 MiB RSS, 216 goroutines, 35 MiB/22 MiB/55 MiB GO alloc/idle/total, 32 MiB/35 MiB CGO alloc/total, 0.1 CGO/sec, 1.5/0.7 %(u/s)time, 0.0 %gc (0x), 3.0 KiB/3.0 KiB (r/w)net
I210104 13:25:50.026526 47 server/status/runtime.go:522 ⋮ [n1] runtime stats: 218 MiB RSS, 216 goroutines, 22 MiB/30 MiB/55 MiB GO alloc/idle/total, 32 MiB/35 MiB CGO alloc/total, 0.1 CGO/sec, 1.3/0.7 %(u/s)time, 0.0 %gc (1x), 1.7 KiB/1.7 KiB (r/w)net
I210104 13:26:00.026863 47 server/status/runtime.go:522 ⋮ [n1] runtime stats: 218 MiB RSS, 217 goroutines, 30 MiB/25 MiB/55 MiB GO alloc/idle/total, 32 MiB/35 MiB CGO alloc/total, 0.1 CGO/sec, 1.7/0.5 %(u/s)time, 0.0 %gc (0x), 1.7 KiB/1.7 KiB (r/w)net
I210104 13:26:10.027040 47 server/status/runtime.go:522 ⋮ [n1] runtime stats: 218 MiB RSS, 217 goroutines, 37 MiB/19 MiB/55 MiB GO alloc/idle/total, 32 MiB/35 MiB CGO alloc/total, 0.1 CGO/sec, 1.4/0.6 %(u/s)time, 0.0 %gc (0x), 3.2 KiB/3.6 KiB (r/w)net
