I210104 12:23:59.122117 1 util/log/sync_buffer.go:195 ⋮ [config] file created at: 2021/01/04 12:23:59
I210104 12:23:59.122122 1 util/log/sync_buffer.go:195 ⋮ [config] running on machine: ‹afb9fdcf2e61›
I210104 12:23:59.122125 1 util/log/sync_buffer.go:195 ⋮ [config] binary: CockroachDB CCL v20.2.3 (x86_64-unknown-linux-gnu, built 2020/12/14 18:33:39, go1.13.14)
I210104 12:23:59.122129 1 util/log/sync_buffer.go:195 ⋮ [config] arguments: ‹[/cockroach/cockroach start-single-node --insecure]›
I210104 12:23:59.122133 1 util/log/sync_buffer.go:195 ⋮ [config] line format: [IWEF]yymmdd hh:mm:ss.uuuuuu goid file:line msg utf8=✓
W210104 12:23:59.122070 1 cli/start.go:1139 ⋮ ALL SECURITY CONTROLS HAVE BEEN DISABLED!

This mode is intended for non-production testing only.

In this mode:
- Your cluster is open to any client that can access ‹any of your IP addresses›.
- Intruders with access to your machine or network can observe client-server traffic.
- Intruders can log in without password and read or write any data in the cluster.
- Intruders can consume all your server's resources and cause unavailability.
I210104 12:23:59.122181 1 cli/start.go:1149 ⋮ To start a secure server without mandating TLS for clients,
consider --accept-sql-without-tls instead. For other options, see:

- ‹https://go.crdb.dev/issue-v/53404/v20.2›
- https://www.cockroachlabs.com/docs/v20.2/secure-a-cluster.html
I210104 12:23:59.122384 1 server/status/recorder.go:605 ⋮ ‹available memory from cgroups (8.0 EiB) is unsupported, using system memory 31 GiB instead:›
W210104 12:23:59.122396 1 cli/start.go:983 ⋮ ‹Using the default setting for --cache (128 MiB).›
‹  A significantly larger value is usually needed for good performance.›
‹  If you have a dedicated server a reasonable setting is --cache=.25 (7.8 GiB).›
I210104 12:23:59.122520 1 server/status/recorder.go:605 ⋮ ‹available memory from cgroups (8.0 EiB) is unsupported, using system memory 31 GiB instead:›
I210104 12:23:59.122528 1 cli/start.go:1164 ⋮ ‹CockroachDB CCL v20.2.3 (x86_64-unknown-linux-gnu, built 2020/12/14 18:33:39, go1.13.14)›
I210104 12:23:59.122860 1 server/status/recorder.go:605 ⋮ ‹available memory from cgroups (8.0 EiB) is unsupported, using system memory 31 GiB instead:›
I210104 12:23:59.122868 1 server/config.go:434 ⋮ system total memory: ‹31 GiB›
I210104 12:23:59.122878 1 server/config.go:436 ⋮ server configuration:
‹max offset             500000000›
‹cache size             128 MiB›
‹SQL memory pool size   7.8 GiB›
‹scan interval          10m0s›
‹scan min idle time     10ms›
‹scan max idle time     1s›
‹event log enabled      true›
I210104 12:23:59.122910 1 cli/start.go:961 ⋮ using local environment variables: ‹COCKROACH_CHANNEL=official-docker›
I210104 12:23:59.122919 1 cli/start.go:968 ⋮ process identity: ‹uid 0 euid 0 gid 0 egid 0›
I210104 12:23:59.123045 1 cli/start.go:502 ⋮ could not initialize GEOS - spatial functions may not be available: geos: error during GEOS init: geos: cannot load GEOS from dir ‹"/usr/local/lib/cockroach"›: ‹geos error: /usr/local/lib/cockroach/libgeos.so: cannot open shared object file: No such file or directory›
I210104 12:23:59.123081 1 cli/start.go:509 ⋮ starting cockroach node
I210104 12:23:59.133745 33 server/server.go:782 ⋮ [n?] monitoring forward clock jumps based on server.clock.forward_jump_check_enabled
I210104 12:23:59.141151 33 server/config.go:625 ⋮ [n?] 1 storage engine‹› initialized
I210104 12:23:59.141176 33 server/config.go:628 ⋮ [n?] ‹Pebble cache size: 128 MiB›
I210104 12:23:59.141184 33 server/config.go:628 ⋮ [n?] ‹store 0: RocksDB, max size 0 B, max open file limit 1043576›
I210104 12:23:59.187892 33 server/init.go:208 ⋮ [n?] no stores bootstrapped
I210104 12:23:59.187921 33 server/init.go:209 ⋮ [n?] awaiting `cockroach init` or join with an already initialized node
I210104 12:23:59.187939 33 server/init.go:266 ⋮ [n?] cluster ‹96dd4b31-a868-4727-9dc0-96ec7dfd7219› has been created
I210104 12:23:59.187957 33 server/init.go:267 ⋮ [n?] allocated node ID: n1 (for self)
W210104 12:23:59.188005 33 cli/start.go:907 ⋮ neither --listen-addr nor --advertise-addr was specified.
The server will advertise ‹"afb9fdcf2e61"› to other nodes, is this routable?

Consider using:
- for local-only servers:  --listen-addr=localhost
- for multi-node clusters: --advertise-addr=<host/IP addr>
I210104 12:23:59.188051 39 server/server.go:1416 ⋮ [n?] connecting to gossip network to verify cluster ID ‹"96dd4b31-a868-4727-9dc0-96ec7dfd7219"›
I210104 12:23:59.190138 33 gossip/gossip.go:403 ⋮ [n1] NodeDescriptor set to ‹node_id:1 address:<network_field:"tcp" address_field:"afb9fdcf2e61:26257" > attrs:<> locality:<> ServerVersion:<major_val:20 minor_val:2 patch:0 unstable:0 > build_tag:"v20.2.3" started_at:1609763039190133883 cluster_name:"" sql_address:<network_field:"tcp" address_field:"afb9fdcf2e61:26257" >›
I210104 12:23:59.191931 39 server/server.go:1419 ⋮ [n1] node connected via gossip
I210104 12:23:59.192290 33 server/node.go:430 ⋮ [n1] initialized store [n1,s1]: disk (capacity=194 GiB, available=162 GiB, used=42 KiB, logicalBytes=19 KiB), ranges=35, leases=0, queries=0.00, writes=0.00, bytesPerReplica={p10=0.00 p25=0.00 p50=0.00 p75=0.00 p90=166.00 pMax=16616.00}, writesPerReplica={p10=0.00 p25=0.00 p50=0.00 p75=0.00 p90=0.00 pMax=0.00}
W210104 12:23:59.192324 213 kv/kvserver/store.go:1704 ⋮ [n1,s1,r6/1:‹/Table/{SystemCon…-11}›] could not gossip system config: ‹[NotLeaseHolderError] r6: replica (n1,s1):1 not lease holder; lease holder unknown›
(1) ‹[NotLeaseHolderError] r6: replica (n1,s1):1 not lease holder; lease holder unknown›
Error types: (1) *roachpb.NotLeaseHolderError
I210104 12:23:59.192386 33 kv/kvserver/stores.go:236 ⋮ [n1] read 0 node addresses from persistent storage
I210104 12:23:59.193997 33 server/node.go:489 ⋮ [n1] started with engine type ‹2›
I210104 12:23:59.194020 33 server/node.go:491 ⋮ [n1] started with attributes ‹[]›
I210104 12:23:59.194099 33 server/goroutinedumper/goroutinedumper.go:120 ⋮ [n1] writing goroutine dumps to ‹/cockroach/cockroach-data/logs/goroutine_dump›
I210104 12:23:59.194132 33 server/heapprofiler/heapprofiler.go:49 ⋮ [n1] writing go heap profiles to ‹/cockroach/cockroach-data/logs/heap_profiler› at least every 1h0m0s
I210104 12:23:59.194152 33 server/heapprofiler/cgoprofiler.go:53 ⋮ [n1] to enable jmalloc profiling: "export MALLOC_CONF=prof:true" or "ln -s prof:true /etc/malloc.conf"
I210104 12:23:59.194159 33 server/heapprofiler/statsprofiler.go:54 ⋮ [n1] writing memory stats to ‹/cockroach/cockroach-data/logs/heap_profiler› at last every 1h0m0s
I210104 12:23:59.194173 33 server/server.go:1536 ⋮ [n1] starting http server at ‹[::]:8080› (use: ‹afb9fdcf2e61:8080›)
I210104 12:23:59.194188 33 server/server.go:1543 ⋮ [n1] starting grpc/postgres server at ‹[::]:26257›
I210104 12:23:59.194201 33 server/server.go:1544 ⋮ [n1] advertising CockroachDB node at ‹afb9fdcf2e61:26257›
I210104 12:23:59.243467 33 sql/sqlliveness/slinstance/slinstance.go:252 ⋮ [n1] starting SQL liveness instance
I210104 12:23:59.243902 281 sql/temporary_schema.go:497 ⋮ [n1] running temporary object cleanup background job
I210104 12:23:59.245605 281 sql/temporary_schema.go:532 ⋮ [n1] found 0 temporary schemas
I210104 12:23:59.245637 281 sql/temporary_schema.go:535 ⋮ [n1] early exiting temporary schema cleaner as no temporary schemas were found
I210104 12:23:59.245649 281 sql/temporary_schema.go:536 ⋮ [n1] completed temporary object cleanup job
I210104 12:23:59.245659 281 sql/temporary_schema.go:614 ⋮ [n1] temporary object cleaner next scheduled to run at 2021-01-04 12:53:59.243559289 +0000 UTC
I210104 12:23:59.245658 264 kv/kvserver/replica_rangefeed.go:608 ⋮ [n1,s1,r6/1:‹/Table/{SystemCon…-11}›] RangeFeed closed timestamp is empty
I210104 12:23:59.253201 277 sql/event_log.go:162 ⋮ [n1] Event: ‹"node_join"›, target: 1, info: ‹{Descriptor:{NodeID:1 Address:afb9fdcf2e61:26257 Attrs: Locality: ServerVersion:20.2 BuildTag:v20.2.3 StartedAt:1609763039190133883 LocalityAddress:[] ClusterName: SQLAddress:afb9fdcf2e61:26257} ClusterID:96dd4b31-a868-4727-9dc0-96ec7dfd7219 StartedAt:1609763039190133883 LastUp:1609763039190133883}›
I210104 12:23:59.253547 279 sql/sqlliveness/slstorage/slstorage.go:342 ⋮ [n1] inserted sqlliveness session ‹005e0d4ab2f64c8bba935692ee8aa8e3›
I210104 12:23:59.253576 279 sql/sqlliveness/slinstance/slinstance.go:143 ⋮ [n1] created new SQL liveness session ‹005e0d4ab2f64c8bba935692ee8aa8e3›
I210104 12:23:59.254283 370 sql/event_log.go:162 ⋮ [n1,intExec=‹optInToDiagnosticsStatReporting›] Event: ‹"set_cluster_setting"›, target: 0, info: ‹{SettingName:diagnostics.reporting.enabled Value:true User:root}›
I210104 12:23:59.267950 464 sql/event_log.go:162 ⋮ [n1,intExec=‹set-setting›] Event: ‹"set_cluster_setting"›, target: 0, info: ‹{SettingName:version Value:20.2 User:root}›
I210104 12:23:59.286105 396 sql/event_log.go:162 ⋮ [n1,intExec=‹initializeClusterSecret›] Event: ‹"set_cluster_setting"›, target: 0, info: ‹{SettingName:cluster.secret Value:a1eb632f-951f-4aeb-8024-b5e0956bc2de User:root}›
I210104 12:23:59.293053 788 sql/event_log.go:162 ⋮ [n1,intExec=‹create-default-db›] Event: ‹"create_database"›, target: 50, info: ‹{DatabaseName:defaultdb Statement:CREATE DATABASE IF NOT EXISTS defaultdb User:root}›
I210104 12:23:59.301149 844 sql/event_log.go:162 ⋮ [n1,intExec=‹create-default-db›] Event: ‹"create_database"›, target: 51, info: ‹{DatabaseName:postgres Statement:CREATE DATABASE IF NOT EXISTS postgres User:root}›
I210104 12:23:59.318099 33 server/server_sql.go:753 ⋮ [n1] done ensuring all necessary migrations have run
I210104 12:23:59.318123 33 server/server.go:1876 ⋮ [n1] serving sql connections
I210104 12:23:59.318163 1062 jobs/job_scheduler.go:346 ⋮ [n1] waiting 3m0s before scheduled jobs daemon start
I210104 12:23:59.322905 1063 server/server_update.go:55 ⋮ [n1] no need to upgrade, cluster already at the newest version
I210104 12:23:59.331085 1052 sql/event_log.go:162 ⋮ [intExec=‹set-zone›] Event: ‹"set_zone_config"›, target: 0, info: ‹{Target:RANGE default Config: Options:num_replicas = 1 User:root}›
I210104 12:23:59.334542 1090 sql/event_log.go:162 ⋮ [intExec=‹set-zone›] Event: ‹"set_zone_config"›, target: 1, info: ‹{Target:DATABASE system Config: Options:num_replicas = 1 User:root}›
I210104 12:23:59.338355 1171 sql/event_log.go:162 ⋮ [intExec=‹set-zone›] Event: ‹"set_zone_config"›, target: 16, info: ‹{Target:RANGE meta Config: Options:num_replicas = 1 User:root}›
I210104 12:23:59.341589 1208 sql/event_log.go:162 ⋮ [intExec=‹set-zone›] Event: ‹"set_zone_config"›, target: 17, info: ‹{Target:RANGE system Config: Options:num_replicas = 1 User:root}›
I210104 12:23:59.344890 1220 sql/event_log.go:162 ⋮ [intExec=‹set-zone›] Event: ‹"set_zone_config"›, target: 22, info: ‹{Target:RANGE liveness Config: Options:num_replicas = 1 User:root}›
I210104 12:23:59.348556 1326 sql/event_log.go:162 ⋮ [intExec=‹set-zone›] Event: ‹"set_zone_config"›, target: 25, info: ‹{Target:TABLE system.public.replication_constraint_stats Config: Options:num_replicas = 1 User:root}›
I210104 12:23:59.352148 1419 sql/event_log.go:162 ⋮ [intExec=‹set-zone›] Event: ‹"set_zone_config"›, target: 27, info: ‹{Target:TABLE system.public.replication_stats Config: Options:num_replicas = 1 User:root}›
I210104 12:23:59.352194 33 util/log/log.go:50 ⋮ Replication was disabled for this cluster.
When/if adding nodes in the future, update zone configurations to increase the replication factor.
I210104 12:23:59.352252 33 cli/start.go:670 ⋮ [config] clusterID: ‹96dd4b31-a868-4727-9dc0-96ec7dfd7219›
I210104 12:23:59.352279 33 cli/start.go:680 ⋮ node startup completed:
CockroachDB node starting at 2021-01-04 12:23:59.352202571 +0000 UTC (took 0.2s)
build:               CCL v20.2.3 @ 2020/12/14 18:33:39 (go1.13.14)
webui:               ‹http://afb9fdcf2e61:8080›
sql:                 ‹postgresql://root@afb9fdcf2e61:26257?sslmode=disable›
RPC client flags:    ‹/cockroach/cockroach <client cmd> --host=afb9fdcf2e61:26257 --insecure›
logs:                ‹/cockroach/cockroach-data/logs›
temp dir:            ‹/cockroach/cockroach-data/cockroach-temp269251943›
external I/O path:   ‹/cockroach/cockroach-data/extern›
store[0]:            ‹path=/cockroach/cockroach-data›
storage engine:      pebble
status:              initialized new cluster
clusterID:           ‹96dd4b31-a868-4727-9dc0-96ec7dfd7219›
nodeID:              1
I210104 12:24:00.690650 42 gossip/gossip.go:1508 ⋮ [n1] node has connected to cluster via gossip
I210104 12:24:00.691402 42 kv/kvserver/stores.go:255 ⋮ [n1] wrote 0 node addresses to persistent storage
I210104 12:24:09.195561 258 server/status/runtime.go:522 ⋮ [n1] runtime stats: 173 MiB RSS, 197 goroutines, 22 MiB/32 MiB/42 MiB GO alloc/idle/total, 2.4 MiB/3.9 MiB CGO alloc/total, 0.0 CGO/sec, 0.0/0.0 %(u/s)time, 0.0 %gc (9x), 42 KiB/25 KiB (r/w)net
I210104 12:24:15.205565 2050 kv/kvserver/replica_consistency.go:257 ⋮ [n1,consistencyChecker,s1,r4/1:‹/System{/tsd-tse}›] triggering stats recomputation to resolve delta of {ContainsEstimates:3164 LastUpdateNanos:1609763049275056173 IntentAge:0 GCBytesAge:0 LiveBytes:-14202 LiveCount:-794 KeyBytes:-40182 KeyCount:-794 ValBytes:25980 ValCount:-794 IntentBytes:0 IntentCount:0 SysBytes:0 SysCount:0 AbortSpanBytes:0}
I210104 12:24:19.195680 258 server/status/runtime.go:522 ⋮ [n1] runtime stats: 179 MiB RSS, 195 goroutines, 23 MiB/31 MiB/48 MiB GO alloc/idle/total, 3.4 MiB/4.9 MiB CGO alloc/total, 0.2 CGO/sec, 2.2/0.4 %(u/s)time, 0.0 %gc (1x), 6.2 KiB/5.8 KiB (r/w)net
I210104 12:24:19.195824 141 kv/kvserver/store.go:2638 ⋮ [n1,s1] sstables (read amplification = 0):
‹›
I210104 12:24:19.196125 141 kv/kvserver/store.go:2639 ⋮ [n1,s1] ‹›
‹__level_____count____size___score______in__ingest(sz_cnt)____move(sz_cnt)___write(sz_cnt)____read___r-amp___w-amp›
‹    WAL         3   656 K       -   650 K       -       -       -       -   656 K       -       -       -     1.0›
‹      0         0     0 B    0.00     0 B     0 B       0     0 B       0     0 B       0     0 B       0     0.0›
‹      1         0     0 B    0.00     0 B     0 B       0     0 B       0     0 B       0     0 B       0     0.0›
‹      2         0     0 B    0.00     0 B     0 B       0     0 B       0     0 B       0     0 B       0     0.0›
‹      3         0     0 B    0.00     0 B     0 B       0     0 B       0     0 B       0     0 B       0     0.0›
‹      4         0     0 B    0.00     0 B     0 B       0     0 B       0     0 B       0     0 B       0     0.0›
‹      5         0     0 B    0.00     0 B     0 B       0     0 B       0     0 B       0     0 B       0     0.0›
‹      6         0     0 B       -     0 B     0 B       0     0 B       0     0 B       0     0 B       0     0.0›
‹  total         0     0 B       -   656 K     0 B       0     0 B       0   656 K       0     0 B       0     1.0›
‹  flush         0›
‹compact         0     0 B          (size == estimated-debt)›
‹ memtbl         3   1.8 M›
‹zmemtbl         0     0 B›
‹   ztbl         0     0 B›
‹ bcache         0     0 B    0.0%  (score == hit-rate)›
‹ tcache         0     0 B    0.0%  (score == hit-rate)›
‹ titers         0›
‹ filter         -       -    0.0%  (score == utility)›
I210104 12:24:29.195906 258 server/status/runtime.go:522 ⋮ [n1] runtime stats: 179 MiB RSS, 195 goroutines, 32 MiB/24 MiB/48 MiB GO alloc/idle/total, 3.4 MiB/4.9 MiB CGO alloc/total, 0.1 CGO/sec, 1.9/0.3 %(u/s)time, 0.0 %gc (0x), 6.0 KiB/5.6 KiB (r/w)net
I210104 12:24:39.195992 258 server/status/runtime.go:522 ⋮ [n1] runtime stats: 185 MiB RSS, 196 goroutines, 24 MiB/31 MiB/50 MiB GO alloc/idle/total, 3.4 MiB/4.9 MiB CGO alloc/total, 0.1 CGO/sec, 1.9/0.3 %(u/s)time, 0.0 %gc (1x), 3.7 KiB/3.6 KiB (r/w)net
I210104 12:24:46.796548 1 cli/start.go:733 ⋮ received signal 'terminated'
I210104 12:24:46.797304 1 cli/start.go:817 ⋮ initiating graceful shutdown of server
I210104 12:24:46.807734 2537 server/drain.go:175 ⋮ [server drain process] drain remaining: 5
I210104 12:24:46.808393 2537 server/drain.go:177 ⋮ [server drain process] drain details: descriptor leases: 4, liveness record: 1
I210104 12:24:47.013485 2537 server/drain.go:175 ⋮ [server drain process] drain remaining: 0
I210104 12:24:47.014164 2537 util/stop/stopper.go:563 ⋮ [server drain process] quiescing
W210104 12:24:47.014832 279 sql/sqlliveness/slinstance/slinstance.go:182 ⋮ [n1] exiting heartbeat loop
W210104 12:24:47.014952 290 jobs/registry.go:672 ⋮ canceling all adopted jobs due to stopper quiescing
I210104 12:24:47.017906 1 cli/start.go:869 ⋮ server drained and shutdown completed
