I201223 13:01:38.339340 1 util/log/sync_buffer.go:195 ⋮ [config] file created at: 2020/12/23 13:01:38
I201223 13:01:38.339345 1 util/log/sync_buffer.go:195 ⋮ [config] running on machine: ‹9c0dc81b1b85›
I201223 13:01:38.339349 1 util/log/sync_buffer.go:195 ⋮ [config] binary: CockroachDB CCL v20.2.3 (x86_64-unknown-linux-gnu, built 2020/12/14 18:33:39, go1.13.14)
I201223 13:01:38.339352 1 util/log/sync_buffer.go:195 ⋮ [config] arguments: ‹[/cockroach/cockroach start-single-node --insecure]›
I201223 13:01:38.339356 1 util/log/sync_buffer.go:195 ⋮ [config] line format: [IWEF]yymmdd hh:mm:ss.uuuuuu goid file:line msg utf8=✓
W201223 13:01:38.339276 1 cli/start.go:1139 ⋮ ALL SECURITY CONTROLS HAVE BEEN DISABLED!

This mode is intended for non-production testing only.

In this mode:
- Your cluster is open to any client that can access ‹any of your IP addresses›.
- Intruders with access to your machine or network can observe client-server traffic.
- Intruders can log in without password and read or write any data in the cluster.
- Intruders can consume all your server's resources and cause unavailability.
I201223 13:01:38.339409 1 cli/start.go:1149 ⋮ To start a secure server without mandating TLS for clients,
consider --accept-sql-without-tls instead. For other options, see:

- ‹https://go.crdb.dev/issue-v/53404/v20.2›
- https://www.cockroachlabs.com/docs/v20.2/secure-a-cluster.html
I201223 13:01:38.339593 1 server/status/recorder.go:605 ⋮ ‹available memory from cgroups (8.0 EiB) is unsupported, using system memory 31 GiB instead:›
W201223 13:01:38.339605 1 cli/start.go:983 ⋮ ‹Using the default setting for --cache (128 MiB).›
‹  A significantly larger value is usually needed for good performance.›
‹  If you have a dedicated server a reasonable setting is --cache=.25 (7.8 GiB).›
I201223 13:01:38.339734 1 server/status/recorder.go:605 ⋮ ‹available memory from cgroups (8.0 EiB) is unsupported, using system memory 31 GiB instead:›
I201223 13:01:38.339742 1 cli/start.go:1164 ⋮ ‹CockroachDB CCL v20.2.3 (x86_64-unknown-linux-gnu, built 2020/12/14 18:33:39, go1.13.14)›
I201223 13:01:38.340808 1 server/status/recorder.go:605 ⋮ ‹available memory from cgroups (8.0 EiB) is unsupported, using system memory 31 GiB instead:›
I201223 13:01:38.340831 1 server/config.go:434 ⋮ system total memory: ‹31 GiB›
I201223 13:01:38.340850 1 server/config.go:436 ⋮ server configuration:
‹max offset             500000000›
‹cache size             128 MiB›
‹SQL memory pool size   7.8 GiB›
‹scan interval          10m0s›
‹scan min idle time     10ms›
‹scan max idle time     1s›
‹event log enabled      true›
I201223 13:01:38.340994 1 cli/start.go:961 ⋮ using local environment variables: ‹COCKROACH_CHANNEL=official-docker›
I201223 13:01:38.341017 1 cli/start.go:968 ⋮ process identity: ‹uid 0 euid 0 gid 0 egid 0›
I201223 13:01:38.343209 1 cli/start.go:504 ⋮ GEOS loaded from directory ‹/usr/local/lib/cockroach›
I201223 13:01:38.343241 1 cli/start.go:509 ⋮ starting cockroach node
I201223 13:01:38.355631 35 server/server.go:782 ⋮ [n?] monitoring forward clock jumps based on server.clock.forward_jump_check_enabled
I201223 13:01:38.372825 35 server/config.go:625 ⋮ [n?] 1 storage engine‹› initialized
I201223 13:01:38.372842 35 server/config.go:628 ⋮ [n?] ‹Pebble cache size: 128 MiB›
I201223 13:01:38.372849 35 server/config.go:628 ⋮ [n?] ‹store 0: RocksDB, max size 0 B, max open file limit 1043576›
W201223 13:01:38.374811 35 cli/start.go:907 ⋮ neither --listen-addr nor --advertise-addr was specified.
The server will advertise ‹"9c0dc81b1b85"› to other nodes, is this routable?

Consider using:
- for local-only servers:  --listen-addr=localhost
- for multi-node clusters: --advertise-addr=<host/IP addr>
I201223 13:01:38.374879 64 server/server.go:1416 ⋮ [n?] connecting to gossip network to verify cluster ID ‹"a80c75e2-16e2-4e50-a3ad-eaec13a9821b"›
I201223 13:01:38.377132 35 gossip/gossip.go:403 ⋮ [n1] NodeDescriptor set to ‹node_id:1 address:<network_field:"tcp" address_field:"9c0dc81b1b85:26257" > attrs:<> locality:<> ServerVersion:<major_val:20 minor_val:2 patch:0 unstable:0 > build_tag:"v20.2.3" started_at:1608728498377128734 cluster_name:"" sql_address:<network_field:"tcp" address_field:"9c0dc81b1b85:26257" >›
W201223 13:01:38.382114 223 kv/kvserver/replica_range_lease.go:555 ⋮ [n1,s1,r6/1:‹/Table/{SystemCon…-11}›] can't determine lease status of (n1,s1):1 due to node liveness error: node not in the liveness table
(1) attached stack trace
  -- stack trace:
  | github.com/cockroachdb/cockroach/pkg/kv/kvserver.init
  | 	/go/src/github.com/cockroachdb/cockroach/pkg/kv/kvserver/node_liveness.go:45
  | runtime.doInit
  | 	/usr/local/go/src/runtime/proc.go:5228
  | runtime.doInit
  | 	/usr/local/go/src/runtime/proc.go:5223
  | runtime.doInit
  | 	/usr/local/go/src/runtime/proc.go:5223
  | runtime.doInit
  | 	/usr/local/go/src/runtime/proc.go:5223
  | runtime.doInit
  | 	/usr/local/go/src/runtime/proc.go:5223
  | runtime.main
  | 	/usr/local/go/src/runtime/proc.go:190
  | runtime.goexit
  | 	/usr/local/go/src/runtime/asm_amd64.s:1357
Wraps: (2) node not in the liveness table
Error types: (1) *withstack.withStack (2) *errutil.leafError
W201223 13:01:38.382229 223 kv/kvserver/store.go:1704 ⋮ [n1,s1,r6/1:‹/Table/{SystemCon…-11}›] could not gossip system config: ‹[NotLeaseHolderError] r6: replica (n1,s1):1 not lease holder; lease holder unknown›
(1) ‹[NotLeaseHolderError] r6: replica (n1,s1):1 not lease holder; lease holder unknown›
Error types: (1) *roachpb.NotLeaseHolderError
I201223 13:01:38.382863 64 server/server.go:1419 ⋮ [n1] node connected via gossip
I201223 13:01:38.383086 35 server/node.go:430 ⋮ [n1] initialized store [n1,s1]: disk (capacity=194 GiB, available=162 GiB, used=6.1 MiB, logicalBytes=30 MiB), ranges=36, leases=0, queries=0.00, writes=0.00, bytesPerReplica={p10=0.00 p25=0.00 p50=0.00 p75=3174.00 p90=28549.00 pMax=30796221.00}, writesPerReplica={p10=0.00 p25=0.00 p50=0.00 p75=0.00 p90=0.00 pMax=0.00}
I201223 13:01:38.383188 35 kv/kvserver/stores.go:236 ⋮ [n1] read 0 node addresses from persistent storage
I201223 13:01:38.384563 35 server/node.go:489 ⋮ [n1] started with engine type ‹2›
I201223 13:01:38.384590 35 server/node.go:491 ⋮ [n1] started with attributes ‹[]›
I201223 13:01:38.384629 35 server/goroutinedumper/goroutinedumper.go:120 ⋮ [n1] writing goroutine dumps to ‹/cockroach/cockroach-data/logs/goroutine_dump›
I201223 13:01:38.384645 35 server/heapprofiler/heapprofiler.go:49 ⋮ [n1] writing go heap profiles to ‹/cockroach/cockroach-data/logs/heap_profiler› at least every 1h0m0s
I201223 13:01:38.384673 35 server/heapprofiler/cgoprofiler.go:53 ⋮ [n1] to enable jmalloc profiling: "export MALLOC_CONF=prof:true" or "ln -s prof:true /etc/malloc.conf"
I201223 13:01:38.384681 35 server/heapprofiler/statsprofiler.go:54 ⋮ [n1] writing memory stats to ‹/cockroach/cockroach-data/logs/heap_profiler› at last every 1h0m0s
I201223 13:01:38.384694 35 server/server.go:1536 ⋮ [n1] starting http server at ‹[::]:8080› (use: ‹9c0dc81b1b85:8080›)
I201223 13:01:38.384711 35 server/server.go:1543 ⋮ [n1] starting grpc/postgres server at ‹[::]:26257›
I201223 13:01:38.384734 35 server/server.go:1544 ⋮ [n1] advertising CockroachDB node at ‹9c0dc81b1b85:26257›
I201223 13:01:38.419758 35 sql/sqlliveness/slinstance/slinstance.go:252 ⋮ [n1] starting SQL liveness instance
I201223 13:01:38.420047 35 server/server_sql.go:753 ⋮ [n1] done ensuring all necessary migrations have run
I201223 13:01:38.420062 35 server/server.go:1876 ⋮ [n1] serving sql connections
I201223 13:01:38.420741 35 cli/start.go:670 ⋮ [config] clusterID: ‹a80c75e2-16e2-4e50-a3ad-eaec13a9821b›
I201223 13:01:38.420780 35 cli/start.go:680 ⋮ node startup completed:
CockroachDB node starting at 2020-12-23 13:01:38.420543164 +0000 UTC (took 0.1s)
build:               CCL v20.2.3 @ 2020/12/14 18:33:39 (go1.13.14)
webui:               ‹http://9c0dc81b1b85:8080›
sql:                 ‹postgresql://root@9c0dc81b1b85:26257?sslmode=disable›
RPC client flags:    ‹/cockroach/cockroach <client cmd> --host=9c0dc81b1b85:26257 --insecure›
logs:                ‹/cockroach/cockroach-data/logs›
temp dir:            ‹/cockroach/cockroach-data/cockroach-temp362721833›
external I/O path:   ‹/cockroach/cockroach-data/extern›
store[0]:            ‹path=/cockroach/cockroach-data›
storage engine:      pebble
status:              restarted pre-existing node
clusterID:           ‹a80c75e2-16e2-4e50-a3ad-eaec13a9821b›
nodeID:              1
I201223 13:01:38.421989 110 sql/temporary_schema.go:497 ⋮ [n1] running temporary object cleanup background job
I201223 13:01:38.422138 268 jobs/job_scheduler.go:346 ⋮ [n1] waiting 2m0s before scheduled jobs daemon start
I201223 13:01:38.432325 110 sql/temporary_schema.go:532 ⋮ [n1] found 0 temporary schemas
I201223 13:01:38.432521 110 sql/temporary_schema.go:535 ⋮ [n1] early exiting temporary schema cleaner as no temporary schemas were found
I201223 13:01:38.432546 110 sql/temporary_schema.go:536 ⋮ [n1] completed temporary object cleanup job
I201223 13:01:38.432567 110 sql/temporary_schema.go:614 ⋮ [n1] temporary object cleaner next scheduled to run at 2020-12-23 13:31:38.419828399 +0000 UTC
I201223 13:01:38.436195 269 server/server_update.go:55 ⋮ [n1] no need to upgrade, cluster already at the newest version
I201223 13:01:38.444790 400 sql/catalog/lease/lease.go:2115 ⋮ released orphaned lease: ‹{id:53 version:1 expiration:{Time:{wall:743620000 ext:63744325501 loc:<nil>}}}›
I201223 13:01:38.445771 399 sql/catalog/lease/lease.go:2115 ⋮ released orphaned lease: ‹{id:52 version:1 expiration:{Time:{wall:171563000 ext:63744325470 loc:<nil>}}}›
I201223 13:01:38.447946 108 sql/sqlliveness/slstorage/slstorage.go:342 ⋮ [n1] inserted sqlliveness session ‹8d5f83d7340c4d419f8292a3fc80b36e›
I201223 13:01:38.447971 108 sql/sqlliveness/slinstance/slinstance.go:143 ⋮ [n1] created new SQL liveness session ‹8d5f83d7340c4d419f8292a3fc80b36e›
I201223 13:01:38.453032 106 sql/event_log.go:162 ⋮ [n1] Event: ‹"node_restart"›, target: 1, info: ‹{Descriptor:{NodeID:1 Address:9c0dc81b1b85:26257 Attrs: Locality: ServerVersion:20.2 BuildTag:v20.2.3 StartedAt:1608728498377128734 LocalityAddress:[] ClusterName: SQLAddress:9c0dc81b1b85:26257} ClusterID:a80c75e2-16e2-4e50-a3ad-eaec13a9821b StartedAt:1608728498377128734 LastUp:1608728423285172322}›
I201223 13:01:40.520235 163 gossip/gossip.go:1508 ⋮ [n1] node has connected to cluster via gossip
I201223 13:01:40.521072 163 kv/kvserver/stores.go:255 ⋮ [n1] wrote 0 node addresses to persistent storage
I201223 13:01:48.386528 170 server/status/runtime.go:522 ⋮ [n1] runtime stats: 200 MiB RSS, 206 goroutines, 20 MiB/36 MiB/44 MiB GO alloc/idle/total, 11 MiB/20 MiB CGO alloc/total, 0.0 CGO/sec, 0.0/0.0 %(u/s)time, 0.0 %gc (29x), 34 KiB/32 KiB (r/w)net
I201223 13:01:58.386426 170 server/status/runtime.go:522 ⋮ [n1] runtime stats: 200 MiB RSS, 206 goroutines, 30 MiB/26 MiB/45 MiB GO alloc/idle/total, 11 MiB/20 MiB CGO alloc/total, 0.9 CGO/sec, 1.8/0.8 %(u/s)time, 0.0 %gc (0x), 70 B/0 B (r/w)net
I201223 13:01:58.391155 165 kv/kvserver/store.go:2638 ⋮ [n1,s1] sstables (read amplification = 1):
‹6 [ 1M 1 ]: 1M›
I201223 13:01:58.392149 165 kv/kvserver/store.go:2639 ⋮ [n1,s1] ‹›
‹__level_____count____size___score______in__ingest(sz_cnt)____move(sz_cnt)___write(sz_cnt)____read___r-amp___w-amp›
‹    WAL         2   546 K       -   542 K       -       -       -       -   546 K       -       -       -     1.0›
‹      0         0     0 B    0.00     0 B     0 B       0     0 B       0     0 B       0     0 B       0     0.0›
‹      1         0     0 B    0.00     0 B     0 B       0     0 B       0     0 B       0     0 B       0     0.0›
‹      2         0     0 B    0.00     0 B     0 B       0     0 B       0     0 B       0     0 B       0     0.0›
‹      3         0     0 B    0.00     0 B     0 B       0     0 B       0     0 B       0     0 B       0     0.0›
‹      4         0     0 B    0.00     0 B     0 B       0     0 B       0     0 B       0     0 B       0     0.0›
‹      5         0     0 B    0.00     0 B     0 B       0     0 B       0     0 B       0     0 B       0     0.0›
‹      6         1   1.1 M       -   126 K     0 B       0     0 B       0   1.1 M       1   1.2 M       1     9.0›
‹  total         1   1.1 M       -   546 K     0 B       0     0 B       0   1.6 M       1   1.2 M       1     3.1›
‹  flush         0›
‹compact         1     0 B          (size == estimated-debt)›
‹ memtbl         2   4.3 M›
‹zmemtbl         0     0 B›
‹   ztbl         0     0 B›
‹ bcache        20   610 K   93.8%  (score == hit-rate)›
‹ tcache         1   616 B   99.8%  (score == hit-rate)›
‹ titers         0›
‹ filter         -       -   70.2%  (score == utility)›
I201223 13:01:59.424699 107 sql/sqlliveness/slstorage/slstorage.go:320 ⋮ [n1] deleted 1 expired SQL liveness sessions
I201223 13:02:08.386740 170 server/status/runtime.go:522 ⋮ [n1] runtime stats: 200 MiB RSS, 206 goroutines, 25 MiB/30 MiB/46 MiB GO alloc/idle/total, 11 MiB/20 MiB CGO alloc/total, 0.1 CGO/sec, 2.4/0.4 %(u/s)time, 0.0 %gc (1x), 0 B/0 B (r/w)net
I201223 13:02:18.386674 170 server/status/runtime.go:522 ⋮ [n1] runtime stats: 200 MiB RSS, 207 goroutines, 33 MiB/24 MiB/47 MiB GO alloc/idle/total, 11 MiB/20 MiB CGO alloc/total, 0.1 CGO/sec, 1.9/0.5 %(u/s)time, 0.0 %gc (0x), 70 B/0 B (r/w)net
I201223 13:02:28.386906 170 server/status/runtime.go:522 ⋮ [n1] runtime stats: 200 MiB RSS, 207 goroutines, 25 MiB/30 MiB/49 MiB GO alloc/idle/total, 11 MiB/20 MiB CGO alloc/total, 0.1 CGO/sec, 1.9/0.5 %(u/s)time, 0.0 %gc (1x), 0 B/0 B (r/w)net
I201223 13:02:38.384901 166 gossip/gossip.go:568 ⋮ [n1] gossip status (ok, 1 node‹›)
gossip client (0/3 cur/max conns)
gossip server (0/3 cur/max conns, infos 0/0 sent/received, bytes 0B/0B sent/received)
gossip connectivity
  n1 [sentinel];
I201223 13:02:38.387256 170 server/status/runtime.go:522 ⋮ [n1] runtime stats: 200 MiB RSS, 207 goroutines, 31 MiB/25 MiB/49 MiB GO alloc/idle/total, 11 MiB/20 MiB CGO alloc/total, 0.1 CGO/sec, 1.2/0.4 %(u/s)time, 0.0 %gc (0x), 0 B/0 B (r/w)net
I201223 13:02:48.387325 170 server/status/runtime.go:522 ⋮ [n1] runtime stats: 200 MiB RSS, 206 goroutines, 22 MiB/33 MiB/50 MiB GO alloc/idle/total, 11 MiB/20 MiB CGO alloc/total, 0.1 CGO/sec, 1.4/0.6 %(u/s)time, 0.0 %gc (1x), 814 B/744 B (r/w)net
I201223 13:02:58.387531 170 server/status/runtime.go:522 ⋮ [n1] runtime stats: 202 MiB RSS, 206 goroutines, 28 MiB/28 MiB/50 MiB GO alloc/idle/total, 11 MiB/20 MiB CGO alloc/total, 0.1 CGO/sec, 1.1/0.5 %(u/s)time, 0.0 %gc (0x), 0 B/0 B (r/w)net
I201223 13:03:08.387700 170 server/status/runtime.go:522 ⋮ [n1] runtime stats: 202 MiB RSS, 206 goroutines, 35 MiB/22 MiB/50 MiB GO alloc/idle/total, 11 MiB/20 MiB CGO alloc/total, 0.1 CGO/sec, 1.1/0.6 %(u/s)time, 0.0 %gc (0x), 0 B/0 B (r/w)net
I201223 13:03:18.387925 170 server/status/runtime.go:522 ⋮ [n1] runtime stats: 202 MiB RSS, 207 goroutines, 26 MiB/29 MiB/50 MiB GO alloc/idle/total, 11 MiB/20 MiB CGO alloc/total, 0.1 CGO/sec, 1.4/0.6 %(u/s)time, 0.0 %gc (1x), 0 B/0 B (r/w)net
I201223 13:03:28.388087 170 server/status/runtime.go:522 ⋮ [n1] runtime stats: 202 MiB RSS, 207 goroutines, 33 MiB/24 MiB/50 MiB GO alloc/idle/total, 11 MiB/20 MiB CGO alloc/total, 0.1 CGO/sec, 1.1/0.5 %(u/s)time, 0.0 %gc (0x), 0 B/0 B (r/w)net
I201223 13:03:38.384877 166 gossip/gossip.go:568 ⋮ [n1] gossip status (ok, 1 node‹›)
gossip client (0/3 cur/max conns)
gossip server (0/3 cur/max conns, infos 0/0 sent/received, bytes 0B/0B sent/received)
I201223 13:03:38.388362 170 server/status/runtime.go:522 ⋮ [n1] runtime stats: 204 MiB RSS, 207 goroutines, 20 MiB/34 MiB/51 MiB GO alloc/idle/total, 11 MiB/20 MiB CGO alloc/total, 0.1 CGO/sec, 1.4/0.4 %(u/s)time, 0.0 %gc (1x), 0 B/0 B (r/w)net
I201223 13:03:48.388516 170 server/status/runtime.go:522 ⋮ [n1] runtime stats: 205 MiB RSS, 206 goroutines, 30 MiB/27 MiB/51 MiB GO alloc/idle/total, 11 MiB/20 MiB CGO alloc/total, 0.1 CGO/sec, 1.3/0.6 %(u/s)time, 0.0 %gc (0x), 1.6 KiB/744 B (r/w)net
I201223 13:03:58.388721 170 server/status/runtime.go:522 ⋮ [n1] runtime stats: 205 MiB RSS, 206 goroutines, 20 MiB/34 MiB/51 MiB GO alloc/idle/total, 11 MiB/20 MiB CGO alloc/total, 0.1 CGO/sec, 1.5/0.6 %(u/s)time, 0.0 %gc (1x), 70 B/0 B (r/w)net
I201223 13:04:08.389022 170 server/status/runtime.go:522 ⋮ [n1] runtime stats: 207 MiB RSS, 206 goroutines, 26 MiB/29 MiB/51 MiB GO alloc/idle/total, 19 MiB/28 MiB CGO alloc/total, 0.2 CGO/sec, 1.4/0.4 %(u/s)time, 0.0 %gc (0x), 0 B/0 B (r/w)net
I201223 13:04:18.389093 170 server/status/runtime.go:522 ⋮ [n1] runtime stats: 207 MiB RSS, 207 goroutines, 33 MiB/24 MiB/51 MiB GO alloc/idle/total, 19 MiB/28 MiB CGO alloc/total, 0.1 CGO/sec, 1.2/0.7 %(u/s)time, 0.0 %gc (0x), 0 B/0 B (r/w)net
I201223 13:04:28.389234 170 server/status/runtime.go:522 ⋮ [n1] runtime stats: 208 MiB RSS, 207 goroutines, 22 MiB/32 MiB/51 MiB GO alloc/idle/total, 19 MiB/28 MiB CGO alloc/total, 0.1 CGO/sec, 1.2/0.4 %(u/s)time, 0.0 %gc (1x), 0 B/0 B (r/w)net
I201223 13:04:38.384899 166 gossip/gossip.go:568 ⋮ [n1] gossip status (ok, 1 node‹›)
gossip client (0/3 cur/max conns)
gossip server (0/3 cur/max conns, infos 0/0 sent/received, bytes 0B/0B sent/received)
I201223 13:04:38.389419 170 server/status/runtime.go:522 ⋮ [n1] runtime stats: 208 MiB RSS, 207 goroutines, 29 MiB/27 MiB/51 MiB GO alloc/idle/total, 19 MiB/28 MiB CGO alloc/total, 0.1 CGO/sec, 1.3/0.5 %(u/s)time, 0.0 %gc (0x), 0 B/0 B (r/w)net
I201223 13:04:48.389596 170 server/status/runtime.go:522 ⋮ [n1] runtime stats: 209 MiB RSS, 206 goroutines, 20 MiB/34 MiB/51 MiB GO alloc/idle/total, 19 MiB/28 MiB CGO alloc/total, 0.1 CGO/sec, 1.6/0.4 %(u/s)time, 0.0 %gc (1x), 594 B/594 B (r/w)net
I201223 13:04:58.389753 170 server/status/runtime.go:522 ⋮ [n1] runtime stats: 209 MiB RSS, 206 goroutines, 26 MiB/30 MiB/51 MiB GO alloc/idle/total, 19 MiB/28 MiB CGO alloc/total, 0.1 CGO/sec, 1.4/0.3 %(u/s)time, 0.0 %gc (0x), 150 B/150 B (r/w)net
I201223 13:05:08.389957 170 server/status/runtime.go:522 ⋮ [n1] runtime stats: 209 MiB RSS, 206 goroutines, 32 MiB/25 MiB/51 MiB GO alloc/idle/total, 19 MiB/28 MiB CGO alloc/total, 0.1 CGO/sec, 1.1/0.4 %(u/s)time, 0.0 %gc (0x), 0 B/0 B (r/w)net
I201223 13:05:18.390115 170 server/status/runtime.go:522 ⋮ [n1] runtime stats: 211 MiB RSS, 207 goroutines, 22 MiB/33 MiB/51 MiB GO alloc/idle/total, 19 MiB/28 MiB CGO alloc/total, 0.1 CGO/sec, 1.4/0.4 %(u/s)time, 0.0 %gc (1x), 0 B/0 B (r/w)net
I201223 13:05:28.390284 170 server/status/runtime.go:522 ⋮ [n1] runtime stats: 211 MiB RSS, 207 goroutines, 28 MiB/28 MiB/51 MiB GO alloc/idle/total, 19 MiB/28 MiB CGO alloc/total, 0.1 CGO/sec, 1.2/0.5 %(u/s)time, 0.0 %gc (0x), 0 B/0 B (r/w)net
I201223 13:05:38.384752 166 gossip/gossip.go:568 ⋮ [n1] gossip status (ok, 1 node‹›)
gossip client (0/3 cur/max conns)
gossip server (0/3 cur/max conns, infos 0/0 sent/received, bytes 0B/0B sent/received)
I201223 13:05:38.389306 170 server/status/runtime.go:522 ⋮ [n1] runtime stats: 211 MiB RSS, 207 goroutines, 35 MiB/22 MiB/51 MiB GO alloc/idle/total, 19 MiB/28 MiB CGO alloc/total, 0.1 CGO/sec, 1.1/0.5 %(u/s)time, 0.0 %gc (0x), 0 B/0 B (r/w)net
I201223 13:05:48.390607 170 server/status/runtime.go:522 ⋮ [n1] runtime stats: 211 MiB RSS, 206 goroutines, 27 MiB/29 MiB/52 MiB GO alloc/idle/total, 19 MiB/28 MiB CGO alloc/total, 0.1 CGO/sec, 1.2/0.5 %(u/s)time, 0.0 %gc (1x), 1.4 KiB/594 B (r/w)net
I201223 13:05:58.390735 170 server/status/runtime.go:522 ⋮ [n1] runtime stats: 211 MiB RSS, 206 goroutines, 33 MiB/24 MiB/52 MiB GO alloc/idle/total, 19 MiB/28 MiB CGO alloc/total, 0.1 CGO/sec, 1.1/0.6 %(u/s)time, 0.0 %gc (0x), 150 B/150 B (r/w)net
I201223 13:06:08.390530 170 server/status/runtime.go:522 ⋮ [n1] runtime stats: 211 MiB RSS, 206 goroutines, 22 MiB/32 MiB/52 MiB GO alloc/idle/total, 19 MiB/28 MiB CGO alloc/total, 0.1 CGO/sec, 1.2/0.4 %(u/s)time, 0.0 %gc (1x), 0 B/0 B (r/w)net
I201223 13:06:18.390544 170 server/status/runtime.go:522 ⋮ [n1] runtime stats: 211 MiB RSS, 207 goroutines, 29 MiB/27 MiB/52 MiB GO alloc/idle/total, 19 MiB/28 MiB CGO alloc/total, 0.1 CGO/sec, 1.5/0.4 %(u/s)time, 0.0 %gc (0x), 70 B/0 B (r/w)net
I201223 13:06:28.391222 170 server/status/runtime.go:522 ⋮ [n1] runtime stats: 213 MiB RSS, 207 goroutines, 34 MiB/22 MiB/52 MiB GO alloc/idle/total, 19 MiB/28 MiB CGO alloc/total, 0.1 CGO/sec, 1.1/0.5 %(u/s)time, 0.0 %gc (0x), 0 B/0 B (r/w)net
I201223 13:06:38.384839 166 gossip/gossip.go:568 ⋮ [n1] gossip status (ok, 1 node‹›)
gossip client (0/3 cur/max conns)
gossip server (0/3 cur/max conns, infos 0/0 sent/received, bytes 0B/0B sent/received)
I201223 13:06:38.391432 170 server/status/runtime.go:522 ⋮ [n1] runtime stats: 213 MiB RSS, 207 goroutines, 23 MiB/32 MiB/52 MiB GO alloc/idle/total, 19 MiB/28 MiB CGO alloc/total, 0.1 CGO/sec, 1.2/0.7 %(u/s)time, 0.0 %gc (1x), 0 B/0 B (r/w)net
I201223 13:06:48.391693 170 server/status/runtime.go:522 ⋮ [n1] runtime stats: 213 MiB RSS, 206 goroutines, 32 MiB/25 MiB/52 MiB GO alloc/idle/total, 19 MiB/28 MiB CGO alloc/total, 0.1 CGO/sec, 1.6/0.4 %(u/s)time, 0.0 %gc (0x), 594 B/594 B (r/w)net
I201223 13:06:58.391875 170 server/status/runtime.go:522 ⋮ [n1] runtime stats: 213 MiB RSS, 206 goroutines, 38 MiB/19 MiB/52 MiB GO alloc/idle/total, 19 MiB/28 MiB CGO alloc/total, 0.1 CGO/sec, 1.2/0.5 %(u/s)time, 0.0 %gc (0x), 150 B/150 B (r/w)net
I201223 13:07:08.392134 170 server/status/runtime.go:522 ⋮ [n1] runtime stats: 215 MiB RSS, 206 goroutines, 27 MiB/27 MiB/53 MiB GO alloc/idle/total, 19 MiB/28 MiB CGO alloc/total, 0.1 CGO/sec, 1.5/0.5 %(u/s)time, 0.0 %gc (1x), 0 B/0 B (r/w)net
I201223 13:07:18.392427 170 server/status/runtime.go:522 ⋮ [n1] runtime stats: 215 MiB RSS, 207 goroutines, 34 MiB/22 MiB/53 MiB GO alloc/idle/total, 19 MiB/28 MiB CGO alloc/total, 0.1 CGO/sec, 1.3/0.3 %(u/s)time, 0.0 %gc (0x), 0 B/0 B (r/w)net
I201223 13:07:28.392529 170 server/status/runtime.go:522 ⋮ [n1] runtime stats: 215 MiB RSS, 207 goroutines, 20 MiB/34 MiB/51 MiB GO alloc/idle/total, 19 MiB/28 MiB CGO alloc/total, 0.1 CGO/sec, 1.4/0.4 %(u/s)time, 0.0 %gc (1x), 0 B/0 B (r/w)net
I201223 13:07:38.384862 166 gossip/gossip.go:568 ⋮ [n1] gossip status (ok, 1 node‹›)
gossip client (0/3 cur/max conns)
gossip server (0/3 cur/max conns, infos 0/0 sent/received, bytes 0B/0B sent/received)
I201223 13:07:38.392744 170 server/status/runtime.go:522 ⋮ [n1] runtime stats: 217 MiB RSS, 207 goroutines, 27 MiB/29 MiB/51 MiB GO alloc/idle/total, 19 MiB/28 MiB CGO alloc/total, 0.1 CGO/sec, 1.1/0.8 %(u/s)time, 0.0 %gc (0x), 0 B/0 B (r/w)net
I201223 13:07:48.392915 170 server/status/runtime.go:522 ⋮ [n1] runtime stats: 217 MiB RSS, 206 goroutines, 20 MiB/34 MiB/50 MiB GO alloc/idle/total, 19 MiB/28 MiB CGO alloc/total, 0.1 CGO/sec, 1.6/0.6 %(u/s)time, 0.0 %gc (1x), 852 B/0 B (r/w)net
I201223 13:07:58.393175 170 server/status/runtime.go:522 ⋮ [n1] runtime stats: 217 MiB RSS, 206 goroutines, 26 MiB/29 MiB/50 MiB GO alloc/idle/total, 19 MiB/28 MiB CGO alloc/total, 0.1 CGO/sec, 1.3/0.4 %(u/s)time, 0.0 %gc (0x), 744 B/744 B (r/w)net
I201223 13:08:08.393389 170 server/status/runtime.go:522 ⋮ [n1] runtime stats: 217 MiB RSS, 206 goroutines, 32 MiB/24 MiB/50 MiB GO alloc/idle/total, 19 MiB/28 MiB CGO alloc/total, 0.1 CGO/sec, 1.2/0.3 %(u/s)time, 0.0 %gc (0x), 0 B/0 B (r/w)net
I201223 13:08:18.393605 170 server/status/runtime.go:522 ⋮ [n1] runtime stats: 217 MiB RSS, 207 goroutines, 23 MiB/32 MiB/50 MiB GO alloc/idle/total, 19 MiB/28 MiB CGO alloc/total, 0.1 CGO/sec, 1.3/0.6 %(u/s)time, 0.0 %gc (1x), 0 B/0 B (r/w)net
I201223 13:08:28.393789 170 server/status/runtime.go:522 ⋮ [n1] runtime stats: 217 MiB RSS, 207 goroutines, 29 MiB/27 MiB/50 MiB GO alloc/idle/total, 19 MiB/28 MiB CGO alloc/total, 0.1 CGO/sec, 1.3/0.4 %(u/s)time, 0.0 %gc (0x), 0 B/0 B (r/w)net
I201223 13:08:38.384870 166 gossip/gossip.go:568 ⋮ [n1] gossip status (ok, 1 node‹›)
gossip client (0/3 cur/max conns)
gossip server (0/3 cur/max conns, infos 0/0 sent/received, bytes 0B/0B sent/received)
I201223 13:08:38.394088 170 server/status/runtime.go:522 ⋮ [n1] runtime stats: 217 MiB RSS, 207 goroutines, 35 MiB/22 MiB/50 MiB GO alloc/idle/total, 19 MiB/28 MiB CGO alloc/total, 0.1 CGO/sec, 1.0/0.6 %(u/s)time, 0.0 %gc (0x), 0 B/0 B (r/w)net
I201223 13:08:48.394260 170 server/status/runtime.go:522 ⋮ [n1] runtime stats: 220 MiB RSS, 206 goroutines, 25 MiB/30 MiB/52 MiB GO alloc/idle/total, 35 MiB/44 MiB CGO alloc/total, 0.2 CGO/sec, 1.6/0.3 %(u/s)time, 0.0 %gc (1x), 0 B/0 B (r/w)net
I201223 13:08:58.394422 170 server/status/runtime.go:522 ⋮ [n1] runtime stats: 220 MiB RSS, 206 goroutines, 32 MiB/25 MiB/52 MiB GO alloc/idle/total, 35 MiB/44 MiB CGO alloc/total, 0.1 CGO/sec, 1.2/0.4 %(u/s)time, 0.0 %gc (0x), 744 B/744 B (r/w)net
I201223 13:09:08.394566 170 server/status/runtime.go:522 ⋮ [n1] runtime stats: 220 MiB RSS, 206 goroutines, 38 MiB/19 MiB/52 MiB GO alloc/idle/total, 35 MiB/44 MiB CGO alloc/total, 0.1 CGO/sec, 1.1/0.6 %(u/s)time, 0.0 %gc (0x), 0 B/0 B (r/w)net
I201223 13:09:18.394827 170 server/status/runtime.go:522 ⋮ [n1] runtime stats: 220 MiB RSS, 207 goroutines, 28 MiB/26 MiB/53 MiB GO alloc/idle/total, 35 MiB/44 MiB CGO alloc/total, 0.1 CGO/sec, 1.5/0.4 %(u/s)time, 0.0 %gc (1x), 0 B/0 B (r/w)net
I201223 13:09:28.395066 170 server/status/runtime.go:522 ⋮ [n1] runtime stats: 220 MiB RSS, 207 goroutines, 34 MiB/22 MiB/53 MiB GO alloc/idle/total, 35 MiB/44 MiB CGO alloc/total, 0.1 CGO/sec, 1.2/0.6 %(u/s)time, 0.0 %gc (0x), 0 B/0 B (r/w)net
I201223 13:09:38.384843 166 gossip/gossip.go:568 ⋮ [n1] gossip status (ok, 1 node‹›)
gossip client (0/3 cur/max conns)
gossip server (0/3 cur/max conns, infos 0/0 sent/received, bytes 0B/0B sent/received)
I201223 13:09:38.395251 170 server/status/runtime.go:522 ⋮ [n1] runtime stats: 220 MiB RSS, 207 goroutines, 22 MiB/32 MiB/53 MiB GO alloc/idle/total, 35 MiB/44 MiB CGO alloc/total, 0.1 CGO/sec, 1.4/0.3 %(u/s)time, 0.0 %gc (1x), 0 B/0 B (r/w)net
I201223 13:09:48.395453 170 server/status/runtime.go:522 ⋮ [n1] runtime stats: 220 MiB RSS, 206 goroutines, 31 MiB/26 MiB/53 MiB GO alloc/idle/total, 35 MiB/44 MiB CGO alloc/total, 0.1 CGO/sec, 1.4/0.5 %(u/s)time, 0.0 %gc (0x), 852 B/0 B (r/w)net
I201223 13:09:58.395660 170 server/status/runtime.go:522 ⋮ [n1] runtime stats: 222 MiB RSS, 206 goroutines, 37 MiB/20 MiB/53 MiB GO alloc/idle/total, 35 MiB/44 MiB CGO alloc/total, 0.1 CGO/sec, 1.2/0.5 %(u/s)time, 0.0 %gc (0x), 744 B/744 B (r/w)net
I201223 13:10:08.395879 170 server/status/runtime.go:522 ⋮ [n1] runtime stats: 222 MiB RSS, 206 goroutines, 24 MiB/29 MiB/53 MiB GO alloc/idle/total, 35 MiB/44 MiB CGO alloc/total, 0.1 CGO/sec, 1.7/0.3 %(u/s)time, 0.0 %gc (1x), 0 B/0 B (r/w)net
I201223 13:10:18.396118 170 server/status/runtime.go:522 ⋮ [n1] runtime stats: 222 MiB RSS, 207 goroutines, 31 MiB/25 MiB/53 MiB GO alloc/idle/total, 35 MiB/44 MiB CGO alloc/total, 0.1 CGO/sec, 1.3/0.3 %(u/s)time, 0.0 %gc (0x), 0 B/0 B (r/w)net
I201223 13:10:28.396221 170 server/status/runtime.go:522 ⋮ [n1] runtime stats: 222 MiB RSS, 207 goroutines, 19 MiB/34 MiB/52 MiB GO alloc/idle/total, 35 MiB/44 MiB CGO alloc/total, 0.1 CGO/sec, 1.7/0.6 %(u/s)time, 0.0 %gc (1x), 0 B/0 B (r/w)net
I201223 13:10:38.384870 166 gossip/gossip.go:568 ⋮ [n1] gossip status (ok, 1 node‹›)
gossip client (0/3 cur/max conns)
gossip server (0/3 cur/max conns, infos 0/0 sent/received, bytes 0B/0B sent/received)
I201223 13:10:38.396475 170 server/status/runtime.go:522 ⋮ [n1] runtime stats: 222 MiB RSS, 207 goroutines, 25 MiB/30 MiB/52 MiB GO alloc/idle/total, 35 MiB/44 MiB CGO alloc/total, 0.1 CGO/sec, 1.5/0.2 %(u/s)time, 0.0 %gc (0x), 0 B/0 B (r/w)net
I201223 13:10:48.396758 170 server/status/runtime.go:522 ⋮ [n1] runtime stats: 222 MiB RSS, 206 goroutines, 34 MiB/23 MiB/52 MiB GO alloc/idle/total, 35 MiB/44 MiB CGO alloc/total, 0.1 CGO/sec, 1.5/0.3 %(u/s)time, 0.0 %gc (0x), 0 B/0 B (r/w)net
I201223 13:10:58.396848 170 server/status/runtime.go:522 ⋮ [n1] runtime stats: 222 MiB RSS, 206 goroutines, 23 MiB/30 MiB/52 MiB GO alloc/idle/total, 35 MiB/44 MiB CGO alloc/total, 0.1 CGO/sec, 1.5/0.4 %(u/s)time, 0.0 %gc (1x), 814 B/744 B (r/w)net
I201223 13:11:08.395969 170 server/status/runtime.go:522 ⋮ [n1] runtime stats: 224 MiB RSS, 206 goroutines, 29 MiB/26 MiB/52 MiB GO alloc/idle/total, 35 MiB/44 MiB CGO alloc/total, 0.1 CGO/sec, 1.2/0.3 %(u/s)time, 0.0 %gc (0x), 0 B/0 B (r/w)net
I201223 13:11:18.397192 170 server/status/runtime.go:522 ⋮ [n1] runtime stats: 224 MiB RSS, 207 goroutines, 36 MiB/20 MiB/52 MiB GO alloc/idle/total, 35 MiB/44 MiB CGO alloc/total, 0.1 CGO/sec, 1.0/0.4 %(u/s)time, 0.0 %gc (0x), 0 B/0 B (r/w)net
I201223 13:11:28.397344 170 server/status/runtime.go:522 ⋮ [n1] runtime stats: 224 MiB RSS, 207 goroutines, 23 MiB/31 MiB/53 MiB GO alloc/idle/total, 35 MiB/44 MiB CGO alloc/total, 0.1 CGO/sec, 1.7/0.4 %(u/s)time, 0.0 %gc (1x), 0 B/0 B (r/w)net
I201223 13:11:38.384828 166 gossip/gossip.go:568 ⋮ [n1] gossip status (ok, 1 node‹›)
gossip client (0/3 cur/max conns)
gossip server (0/3 cur/max conns, infos 0/0 sent/received, bytes 0B/0B sent/received)
I201223 13:11:38.397582 170 server/status/runtime.go:522 ⋮ [n1] runtime stats: 225 MiB RSS, 207 goroutines, 30 MiB/26 MiB/53 MiB GO alloc/idle/total, 35 MiB/44 MiB CGO alloc/total, 0.1 CGO/sec, 1.1/0.6 %(u/s)time, 0.0 %gc (0x), 0 B/0 B (r/w)net
E201223 13:11:38.440737 313 kv/kvserver/queue.go:1202 ⋮ [n1,replicate] 36 replicas failing with ‹"0 of 1 live stores are able to take a new replica for the range (1 already has a replica); likely not enough nodes in cluster"›
I201223 13:11:48.397824 170 server/status/runtime.go:522 ⋮ [n1] runtime stats: 225 MiB RSS, 206 goroutines, 21 MiB/33 MiB/50 MiB GO alloc/idle/total, 35 MiB/44 MiB CGO alloc/total, 0.1 CGO/sec, 0.0/3.1 %(u/s)time, 0.0 %gc (1x), 852 B/0 B (r/w)net
I201223 13:11:58.389268 165 kv/kvserver/store.go:2638 ⋮ [n1,s1] sstables (read amplification = 1):
‹6 [ 1M 1 ]: 1M›
I201223 13:11:58.389594 165 kv/kvserver/store.go:2639 ⋮ [n1,s1] ‹›
‹__level_____count____size___score______in__ingest(sz_cnt)____move(sz_cnt)___write(sz_cnt)____read___r-amp___w-amp›
‹    WAL         4    16 M       -    16 M       -       -       -       -    16 M       -       -       -     1.0›
‹      0         0     0 B    0.00     0 B     0 B       0     0 B       0     0 B       0     0 B       0     0.0›
‹      1         0     0 B    0.00     0 B     0 B       0     0 B       0     0 B       0     0 B       0     0.0›
‹      2         0     0 B    0.00     0 B     0 B       0     0 B       0     0 B       0     0 B       0     0.0›
‹      3         0     0 B    0.00     0 B     0 B       0     0 B       0     0 B       0     0 B       0     0.0›
‹      4         0     0 B    0.00     0 B     0 B       0     0 B       0     0 B       0     0 B       0     0.0›
‹      5         0     0 B    0.00     0 B     0 B       0     0 B       0     0 B       0     0 B       0     0.0›
‹      6         1   1.1 M       -   126 K     0 B       0     0 B       0   1.1 M       1   1.2 M       1     9.0›
‹  total         1   1.1 M       -    16 M     0 B       0     0 B       0    17 M       1   1.2 M       1     1.1›
‹  flush         0›
‹compact         1     0 B          (size == estimated-debt)›
‹ memtbl         4    28 M›
‹zmemtbl         0     0 B›
‹   ztbl         0     0 B›
‹ bcache        20   610 K   98.9%  (score == hit-rate)›
‹ tcache         1   616 B  100.0%  (score == hit-rate)›
‹ titers         0›
‹ filter         -       -   70.2%  (score == utility)›
I201223 13:11:58.398034 170 server/status/runtime.go:522 ⋮ [n1] runtime stats: 225 MiB RSS, 206 goroutines, 27 MiB/29 MiB/50 MiB GO alloc/idle/total, 35 MiB/44 MiB CGO alloc/total, 0.1 CGO/sec, 0.7/0.8 %(u/s)time, 0.0 %gc (0x), 594 B/594 B (r/w)net
I201223 13:12:08.398195 170 server/status/runtime.go:522 ⋮ [n1] runtime stats: 225 MiB RSS, 206 goroutines, 34 MiB/23 MiB/50 MiB GO alloc/idle/total, 35 MiB/44 MiB CGO alloc/total, 0.1 CGO/sec, 1.3/0.4 %(u/s)time, 0.0 %gc (0x), 150 B/150 B (r/w)net
I201223 13:12:18.398392 170 server/status/runtime.go:522 ⋮ [n1] runtime stats: 227 MiB RSS, 207 goroutines, 23 MiB/31 MiB/50 MiB GO alloc/idle/total, 35 MiB/44 MiB CGO alloc/total, 0.1 CGO/sec, 1.4/0.3 %(u/s)time, 0.0 %gc (1x), 0 B/0 B (r/w)net
I201223 13:12:28.398618 170 server/status/runtime.go:522 ⋮ [n1] runtime stats: 227 MiB RSS, 207 goroutines, 30 MiB/26 MiB/50 MiB GO alloc/idle/total, 35 MiB/44 MiB CGO alloc/total, 0.1 CGO/sec, 1.1/0.5 %(u/s)time, 0.0 %gc (0x), 0 B/0 B (r/w)net
I201223 13:12:38.384909 166 gossip/gossip.go:568 ⋮ [n1] gossip status (ok, 1 node‹›)
gossip client (0/3 cur/max conns)
gossip server (0/3 cur/max conns, infos 0/0 sent/received, bytes 0B/0B sent/received)
I201223 13:12:38.397787 170 server/status/runtime.go:522 ⋮ [n1] runtime stats: 227 MiB RSS, 207 goroutines, 19 MiB/33 MiB/50 MiB GO alloc/idle/total, 35 MiB/44 MiB CGO alloc/total, 0.1 CGO/sec, 1.3/0.5 %(u/s)time, 0.0 %gc (1x), 0 B/0 B (r/w)net
I201223 13:12:48.399077 170 server/status/runtime.go:522 ⋮ [n1] runtime stats: 227 MiB RSS, 206 goroutines, 28 MiB/28 MiB/50 MiB GO alloc/idle/total, 35 MiB/44 MiB CGO alloc/total, 0.1 CGO/sec, 2.0/0.3 %(u/s)time, 0.0 %gc (0x), 0 B/0 B (r/w)net
I201223 13:12:58.399311 170 server/status/runtime.go:522 ⋮ [n1] runtime stats: 227 MiB RSS, 206 goroutines, 34 MiB/23 MiB/50 MiB GO alloc/idle/total, 35 MiB/44 MiB CGO alloc/total, 0.1 CGO/sec, 1.0/0.5 %(u/s)time, 0.0 %gc (0x), 594 B/594 B (r/w)net
I201223 13:13:08.399540 170 server/status/runtime.go:522 ⋮ [n1] runtime stats: 227 MiB RSS, 206 goroutines, 22 MiB/31 MiB/51 MiB GO alloc/idle/total, 35 MiB/44 MiB CGO alloc/total, 0.1 CGO/sec, 1.3/0.4 %(u/s)time, 0.0 %gc (1x), 150 B/150 B (r/w)net
I201223 13:13:18.399742 170 server/status/runtime.go:522 ⋮ [n1] runtime stats: 227 MiB RSS, 207 goroutines, 29 MiB/27 MiB/51 MiB GO alloc/idle/total, 35 MiB/44 MiB CGO alloc/total, 0.1 CGO/sec, 1.1/0.6 %(u/s)time, 0.0 %gc (0x), 0 B/0 B (r/w)net
I201223 13:13:28.399991 170 server/status/runtime.go:522 ⋮ [n1] runtime stats: 229 MiB RSS, 207 goroutines, 35 MiB/22 MiB/51 MiB GO alloc/idle/total, 35 MiB/44 MiB CGO alloc/total, 0.1 CGO/sec, 1.2/0.4 %(u/s)time, 0.0 %gc (0x), 0 B/0 B (r/w)net
I201223 13:13:38.384859 166 gossip/gossip.go:568 ⋮ [n1] gossip status (ok, 1 node‹›)
gossip client (0/3 cur/max conns)
gossip server (0/3 cur/max conns, infos 0/0 sent/received, bytes 0B/0B sent/received)
I201223 13:13:38.400109 170 server/status/runtime.go:522 ⋮ [n1] runtime stats: 229 MiB RSS, 207 goroutines, 22 MiB/31 MiB/53 MiB GO alloc/idle/total, 35 MiB/44 MiB CGO alloc/total, 0.1 CGO/sec, 1.4/0.4 %(u/s)time, 0.0 %gc (1x), 0 B/0 B (r/w)net
I201223 13:13:48.400388 170 server/status/runtime.go:522 ⋮ [n1] runtime stats: 229 MiB RSS, 206 goroutines, 31 MiB/25 MiB/53 MiB GO alloc/idle/total, 35 MiB/44 MiB CGO alloc/total, 0.1 CGO/sec, 1.5/0.5 %(u/s)time, 0.0 %gc (0x), 852 B/0 B (r/w)net
I201223 13:13:58.400569 170 server/status/runtime.go:522 ⋮ [n1] runtime stats: 229 MiB RSS, 206 goroutines, 37 MiB/20 MiB/53 MiB GO alloc/idle/total, 35 MiB/44 MiB CGO alloc/total, 0.1 CGO/sec, 0.9/0.6 %(u/s)time, 0.0 %gc (0x), 594 B/594 B (r/w)net
I201223 13:14:08.400843 170 server/status/runtime.go:522 ⋮ [n1] runtime stats: 229 MiB RSS, 206 goroutines, 23 MiB/30 MiB/53 MiB GO alloc/idle/total, 35 MiB/44 MiB CGO alloc/total, 0.1 CGO/sec, 1.8/0.2 %(u/s)time, 0.0 %gc (1x), 150 B/150 B (r/w)net
I201223 13:14:18.401038 170 server/status/runtime.go:522 ⋮ [n1] runtime stats: 229 MiB RSS, 207 goroutines, 30 MiB/26 MiB/53 MiB GO alloc/idle/total, 35 MiB/44 MiB CGO alloc/total, 0.1 CGO/sec, 1.3/0.4 %(u/s)time, 0.0 %gc (0x), 0 B/0 B (r/w)net
W201223 13:36:43.244380 37 kv/kvserver/closedts/provider/provider.go:155 ⋮ [ct-closer] unable to move closed timestamp forward: not live
(1) attached stack trace
  -- stack trace:
  | github.com/cockroachdb/cockroach/pkg/kv/kvserver.init
  | 	/go/src/github.com/cockroachdb/cockroach/pkg/kv/kvserver/node_liveness.go:61
  | runtime.doInit
  | 	/usr/local/go/src/runtime/proc.go:5228
  | runtime.doInit
  | 	/usr/local/go/src/runtime/proc.go:5223
  | runtime.doInit
  | 	/usr/local/go/src/runtime/proc.go:5223
  | runtime.doInit
  | 	/usr/local/go/src/runtime/proc.go:5223
  | runtime.doInit
  | 	/usr/local/go/src/runtime/proc.go:5223
  | runtime.main
  | 	/usr/local/go/src/runtime/proc.go:190
  | runtime.goexit
  | 	/usr/local/go/src/runtime/asm_amd64.s:1357
Wraps: (2) not live
Error types: (1) *withstack.withStack (2) *errutil.leafError
I201223 13:36:43.844785 228 kv/kvserver/replica_rangefeed.go:610 ⋮ [n1,s1,r6/1:‹/Table/{SystemCon…-11}›] RangeFeed closed timestamp 1608729263.072931779,0 is behind by 22m20.771851773s
I201223 13:36:44.456393 170 server/status/runtime.go:522 ⋮ [n1] runtime stats: 229 MiB RSS, 207 goroutines, 35 MiB/22 MiB/53 MiB GO alloc/idle/total, 35 MiB/44 MiB CGO alloc/total, 0.0 CGO/sec, 0.0/0.0 %(u/s)time, 0.0 %gc (1x), 0 B/0 B (r/w)net
W201223 13:36:45.016290 229 kv/kvserver/store_rebalancer.go:223 ⋮ [n1,s1,store-rebalancer] StorePool missing descriptor for local store
I201223 13:36:54.437950 166 gossip/gossip.go:568 ⋮ [n1] gossip status (ok, 1 node‹›)
gossip client (0/3 cur/max conns)
gossip server (0/3 cur/max conns, infos 0/0 sent/received, bytes 0B/0B sent/received)
I201223 13:36:54.454474 170 server/status/runtime.go:522 ⋮ [n1] runtime stats: 229 MiB RSS, 207 goroutines, 25 MiB/30 MiB/50 MiB GO alloc/idle/total, 35 MiB/44 MiB CGO alloc/total, 0.1 CGO/sec, 1.7/1.1 %(u/s)time, 0.0 %gc (0x), 1.2 KiB/0 B (r/w)net
I201223 13:37:04.454670 170 server/status/runtime.go:522 ⋮ [n1] runtime stats: 231 MiB RSS, 206 goroutines, 34 MiB/23 MiB/50 MiB GO alloc/idle/total, 35 MiB/44 MiB CGO alloc/total, 0.1 CGO/sec, 1.3/0.5 %(u/s)time, 0.0 %gc (0x), 164 B/0 B (r/w)net
I201223 13:37:14.453933 170 server/status/runtime.go:522 ⋮ [n1] runtime stats: 231 MiB RSS, 206 goroutines, 23 MiB/30 MiB/50 MiB GO alloc/idle/total, 35 MiB/44 MiB CGO alloc/total, 0.1 CGO/sec, 1.1/0.6 %(u/s)time, 0.0 %gc (1x), 0 B/0 B (r/w)net
I201223 13:37:24.455115 170 server/status/runtime.go:522 ⋮ [n1] runtime stats: 231 MiB RSS, 206 goroutines, 30 MiB/26 MiB/50 MiB GO alloc/idle/total, 35 MiB/44 MiB CGO alloc/total, 0.1 CGO/sec, 0.9/0.5 %(u/s)time, 0.0 %gc (0x), 744 B/744 B (r/w)net
I201223 13:37:34.454289 170 server/status/runtime.go:522 ⋮ [n1] runtime stats: 231 MiB RSS, 207 goroutines, 36 MiB/21 MiB/50 MiB GO alloc/idle/total, 35 MiB/44 MiB CGO alloc/total, 0.1 CGO/sec, 1.8/0.2 %(u/s)time, 0.0 %gc (0x), 0 B/0 B (r/w)net
I201223 13:37:44.455441 170 server/status/runtime.go:522 ⋮ [n1] runtime stats: 231 MiB RSS, 207 goroutines, 23 MiB/30 MiB/53 MiB GO alloc/idle/total, 35 MiB/44 MiB CGO alloc/total, 0.1 CGO/sec, 1.0/0.5 %(u/s)time, 0.0 %gc (1x), 0 B/0 B (r/w)net
I201223 13:37:54.437991 166 gossip/gossip.go:568 ⋮ [n1] gossip status (ok, 1 node‹›)
gossip client (0/3 cur/max conns)
gossip server (0/3 cur/max conns, infos 0/0 sent/received, bytes 0B/0B sent/received)
I201223 13:37:54.455536 170 server/status/runtime.go:522 ⋮ [n1] runtime stats: 231 MiB RSS, 207 goroutines, 30 MiB/26 MiB/53 MiB GO alloc/idle/total, 35 MiB/44 MiB CGO alloc/total, 0.1 CGO/sec, 1.5/0.5 %(u/s)time, 0.0 %gc (0x), 0 B/0 B (r/w)net
I201223 13:38:04.454745 170 server/status/runtime.go:522 ⋮ [n1] runtime stats: 231 MiB RSS, 206 goroutines, 20 MiB/33 MiB/50 MiB GO alloc/idle/total, 35 MiB/44 MiB CGO alloc/total, 0.1 CGO/sec, 2.6/0.6 %(u/s)time, 0.0 %gc (1x), 0 B/0 B (r/w)net
I201223 13:38:14.455874 170 server/status/runtime.go:522 ⋮ [n1] runtime stats: 233 MiB RSS, 206 goroutines, 26 MiB/29 MiB/50 MiB GO alloc/idle/total, 35 MiB/44 MiB CGO alloc/total, 0.1 CGO/sec, 1.1/0.2 %(u/s)time, 0.0 %gc (0x), 0 B/0 B (r/w)net
I201223 13:38:24.456036 170 server/status/runtime.go:522 ⋮ [n1] runtime stats: 233 MiB RSS, 206 goroutines, 32 MiB/24 MiB/50 MiB GO alloc/idle/total, 35 MiB/44 MiB CGO alloc/total, 0.1 CGO/sec, 1.5/0.3 %(u/s)time, 0.0 %gc (0x), 744 B/744 B (r/w)net
I201223 13:38:34.456316 170 server/status/runtime.go:522 ⋮ [n1] runtime stats: 233 MiB RSS, 207 goroutines, 21 MiB/33 MiB/50 MiB GO alloc/idle/total, 35 MiB/44 MiB CGO alloc/total, 0.1 CGO/sec, 1.7/0.5 %(u/s)time, 0.0 %gc (1x), 0 B/0 B (r/w)net
I201223 13:38:44.456496 170 server/status/runtime.go:522 ⋮ [n1] runtime stats: 233 MiB RSS, 207 goroutines, 28 MiB/28 MiB/50 MiB GO alloc/idle/total, 35 MiB/44 MiB CGO alloc/total, 0.1 CGO/sec, 1.4/0.4 %(u/s)time, 0.0 %gc (0x), 0 B/0 B (r/w)net
I201223 13:38:54.437975 166 gossip/gossip.go:568 ⋮ [n1] gossip status (ok, 1 node‹›)
gossip client (0/3 cur/max conns)
gossip server (0/3 cur/max conns, infos 0/0 sent/received, bytes 0B/0B sent/received)
I201223 13:38:54.457075 170 server/status/runtime.go:522 ⋮ [n1] runtime stats: 233 MiB RSS, 207 goroutines, 34 MiB/22 MiB/50 MiB GO alloc/idle/total, 35 MiB/44 MiB CGO alloc/total, 0.1 CGO/sec, 1.7/0.6 %(u/s)time, 0.0 %gc (0x), 852 B/0 B (r/w)net
I201223 13:39:04.455984 170 server/status/runtime.go:522 ⋮ [n1] runtime stats: 233 MiB RSS, 206 goroutines, 26 MiB/30 MiB/51 MiB GO alloc/idle/total, 35 MiB/44 MiB CGO alloc/total, 0.1 CGO/sec, 2.6/0.3 %(u/s)time, 0.0 %gc (1x), 0 B/0 B (r/w)net
I201223 13:39:14.456004 170 server/status/runtime.go:522 ⋮ [n1] runtime stats: 233 MiB RSS, 206 goroutines, 32 MiB/25 MiB/51 MiB GO alloc/idle/total, 35 MiB/44 MiB CGO alloc/total, 0.1 CGO/sec, 1.4/0.5 %(u/s)time, 0.0 %gc (0x), 0 B/0 B (r/w)net
I201223 13:39:24.457650 170 server/status/runtime.go:522 ⋮ [n1] runtime stats: 235 MiB RSS, 206 goroutines, 38 MiB/19 MiB/51 MiB GO alloc/idle/total, 35 MiB/44 MiB CGO alloc/total, 0.1 CGO/sec, 1.1/0.5 %(u/s)time, 0.0 %gc (0x), 744 B/744 B (r/w)net
I201223 13:39:34.457712 170 server/status/runtime.go:522 ⋮ [n1] runtime stats: 235 MiB RSS, 207 goroutines, 28 MiB/26 MiB/54 MiB GO alloc/idle/total, 35 MiB/44 MiB CGO alloc/total, 0.1 CGO/sec, 2.0/0.5 %(u/s)time, 0.0 %gc (1x), 0 B/0 B (r/w)net
I201223 13:39:44.458071 170 server/status/runtime.go:522 ⋮ [n1] runtime stats: 235 MiB RSS, 207 goroutines, 35 MiB/21 MiB/54 MiB GO alloc/idle/total, 35 MiB/44 MiB CGO alloc/total, 0.1 CGO/sec, 1.6/0.3 %(u/s)time, 0.0 %gc (0x), 0 B/0 B (r/w)net
I201223 13:39:54.437939 166 gossip/gossip.go:568 ⋮ [n1] gossip status (ok, 1 node‹›)
gossip client (0/3 cur/max conns)
gossip server (0/3 cur/max conns, infos 0/0 sent/received, bytes 0B/0B sent/received)
I201223 13:39:54.457551 170 server/status/runtime.go:522 ⋮ [n1] runtime stats: 235 MiB RSS, 207 goroutines, 19 MiB/34 MiB/50 MiB GO alloc/idle/total, 35 MiB/44 MiB CGO alloc/total, 0.1 CGO/sec, 2.2/0.7 %(u/s)time, 0.0 %gc (1x), 0 B/0 B (r/w)net
I201223 13:40:04.456838 170 server/status/runtime.go:522 ⋮ [n1] runtime stats: 235 MiB RSS, 206 goroutines, 28 MiB/28 MiB/50 MiB GO alloc/idle/total, 35 MiB/44 MiB CGO alloc/total, 0.1 CGO/sec, 2.2/0.5 %(u/s)time, 0.0 %gc (0x), 0 B/0 B (r/w)net
