I201223 11:21:53.140211 87 util/log/sync_buffer.go:195 ⋮ [config] file created at: 2020/12/23 11:21:53
I201223 11:21:53.140224 87 util/log/sync_buffer.go:195 ⋮ [config] running on machine: ‹d5fa0c3e89d8›
I201223 11:21:53.141015 87 util/log/sync_buffer.go:195 ⋮ [config] binary: CockroachDB CCL v20.2.3 (x86_64-unknown-linux-gnu, built 2020/12/14 18:33:39, go1.13.14)
I201223 11:21:53.141029 87 util/log/sync_buffer.go:195 ⋮ [config] arguments: ‹[/cockroach/cockroach start-single-node --insecure]›
I201223 11:21:53.141037 87 util/log/sync_buffer.go:195 ⋮ [config] line format: [IWEF]yymmdd hh:mm:ss.uuuuuu goid file:line msg utf8=✓
I201223 11:21:53.140110 87 vendor/github.com/cockroachdb/pebble/version_set.go:142 ⋮ [n?] [JOB 1] MANIFEST created 000001
I201223 11:21:53.141889 87 vendor/github.com/cockroachdb/pebble/open.go:295 ⋮ [n?] [JOB 1] WAL created 000002
I201223 11:21:53.143404 27 vendor/github.com/cockroachdb/pebble/table_stats.go:118 ⋮ [n?] [JOB 2] all initial table stats loaded
I201223 11:21:53.147992 87 vendor/github.com/cockroachdb/pebble/compaction.go:1559 ⋮ [n?] [JOB 1] flushing: sstable created 000117
I201223 11:21:53.151854 87 vendor/github.com/cockroachdb/pebble/compaction.go:1559 ⋮ [n?] [JOB 1] flushing: sstable created 000118
I201223 11:21:53.159691 87 vendor/github.com/cockroachdb/pebble/open.go:295 ⋮ [n?] [JOB 1] WAL created 000119
I201223 11:21:53.163678 87 vendor/github.com/cockroachdb/pebble/version_set.go:442 ⋮ [n?] [JOB 1] MANIFEST created 000120
I201223 11:21:53.165656 87 vendor/github.com/cockroachdb/pebble/compaction.go:2298 ⋮ [n?] [JOB 1] WAL deleted 000112
I201223 11:21:53.165800 87 vendor/github.com/cockroachdb/pebble/compaction.go:2298 ⋮ [n?] [JOB 1] WAL deleted 000116
I201223 11:21:53.165827 87 vendor/github.com/cockroachdb/pebble/compaction.go:2305 ⋮ [n?] [JOB 1] MANIFEST deleted 000113
I201223 11:21:53.166031 41 vendor/github.com/cockroachdb/pebble/table_stats.go:118 ⋮ [n?] [JOB 2] all initial table stats loaded
I201223 11:21:53.166138 42 vendor/github.com/cockroachdb/pebble/compaction.go:1369 ⋮ [n?] [JOB 3] compacting L0 [000117 000118] (105 K) + L6 [000115] (842 K)
I201223 11:21:53.166429 42 vendor/github.com/cockroachdb/pebble/compaction.go:1559 ⋮ [n?] [JOB 3] compacting: sstable created 000122
I201223 11:21:53.212128 42 vendor/github.com/cockroachdb/pebble/compaction.go:1408 ⋮ [n1] [JOB 3] compacted L0 [000117 000118] (105 K) + L6 [000115] (842 K) -> L6 [000122] (849 K), in 0.0s, output rate 18 M/s
I201223 11:21:53.212920 42 vendor/github.com/cockroachdb/pebble/compaction.go:2312 ⋮ [n1] [JOB 3] sstable deleted 000115
I201223 11:21:53.212995 42 vendor/github.com/cockroachdb/pebble/compaction.go:2312 ⋮ [n1] [JOB 3] sstable deleted 000117
I201223 11:21:53.213049 42 vendor/github.com/cockroachdb/pebble/compaction.go:2312 ⋮ [n1] [JOB 3] sstable deleted 000118
I201223 11:21:53.247328 213 vendor/github.com/cockroachdb/pebble/db.go:1366 ⋮ [n1] [JOB 4] WAL created 000123
