I201223 09:46:35.796344 1 util/log/sync_buffer.go:195 ⋮ [config] file created at: 2020/12/23 09:46:35
I201223 09:46:35.796351 1 util/log/sync_buffer.go:195 ⋮ [config] running on machine: ‹5a60f2499322›
I201223 09:46:35.796356 1 util/log/sync_buffer.go:195 ⋮ [config] binary: CockroachDB CCL v20.2.3 (x86_64-unknown-linux-gnu, built 2020/12/14 18:33:39, go1.13.14)
I201223 09:46:35.796360 1 util/log/sync_buffer.go:195 ⋮ [config] arguments: ‹[/cockroach/cockroach start-single-node --insecure]›
I201223 09:46:35.796366 1 util/log/sync_buffer.go:195 ⋮ [config] line format: [IWEF]yymmdd hh:mm:ss.uuuuuu goid file:line msg utf8=✓
W201223 09:46:35.796249 1 cli/start.go:1139 ⋮ ALL SECURITY CONTROLS HAVE BEEN DISABLED!

This mode is intended for non-production testing only.

In this mode:
- Your cluster is open to any client that can access ‹any of your IP addresses›.
- Intruders with access to your machine or network can observe client-server traffic.
- Intruders can log in without password and read or write any data in the cluster.
- Intruders can consume all your server's resources and cause unavailability.
I201223 09:46:35.796430 1 cli/start.go:1149 ⋮ To start a secure server without mandating TLS for clients,
consider --accept-sql-without-tls instead. For other options, see:

- ‹https://go.crdb.dev/issue-v/53404/v20.2›
- https://www.cockroachlabs.com/docs/v20.2/secure-a-cluster.html
I201223 09:46:35.796645 1 server/status/recorder.go:605 ⋮ ‹available memory from cgroups (8.0 EiB) is unsupported, using system memory 31 GiB instead:›
W201223 09:46:35.796671 1 cli/start.go:983 ⋮ ‹Using the default setting for --cache (128 MiB).›
‹  A significantly larger value is usually needed for good performance.›
‹  If you have a dedicated server a reasonable setting is --cache=.25 (7.8 GiB).›
I201223 09:46:35.796817 1 server/status/recorder.go:605 ⋮ ‹available memory from cgroups (8.0 EiB) is unsupported, using system memory 31 GiB instead:›
I201223 09:46:35.796825 1 cli/start.go:1164 ⋮ ‹CockroachDB CCL v20.2.3 (x86_64-unknown-linux-gnu, built 2020/12/14 18:33:39, go1.13.14)›
I201223 09:46:35.797315 1 server/status/recorder.go:605 ⋮ ‹available memory from cgroups (8.0 EiB) is unsupported, using system memory 31 GiB instead:›
I201223 09:46:35.797323 1 server/config.go:434 ⋮ system total memory: ‹31 GiB›
I201223 09:46:35.797334 1 server/config.go:436 ⋮ server configuration:
‹max offset             500000000›
‹cache size             128 MiB›
‹SQL memory pool size   7.8 GiB›
‹scan interval          10m0s›
‹scan min idle time     10ms›
‹scan max idle time     1s›
‹event log enabled      true›
I201223 09:46:35.797365 1 cli/start.go:961 ⋮ using local environment variables: ‹COCKROACH_CHANNEL=official-docker›
I201223 09:46:35.797375 1 cli/start.go:968 ⋮ process identity: ‹uid 0 euid 0 gid 0 egid 0›
I201223 09:46:35.799138 1 cli/start.go:504 ⋮ GEOS loaded from directory ‹/usr/local/lib/cockroach›
I201223 09:46:35.799158 1 cli/start.go:509 ⋮ starting cockroach node
I201223 09:46:35.809340 14 server/server.go:782 ⋮ [n?] monitoring forward clock jumps based on server.clock.forward_jump_check_enabled
I201223 09:46:35.819710 14 server/config.go:625 ⋮ [n?] 1 storage engine‹› initialized
I201223 09:46:35.819731 14 server/config.go:628 ⋮ [n?] ‹Pebble cache size: 128 MiB›
I201223 09:46:35.819739 14 server/config.go:628 ⋮ [n?] ‹store 0: RocksDB, max size 0 B, max open file limit 1043576›
W201223 09:46:35.821334 14 cli/start.go:907 ⋮ neither --listen-addr nor --advertise-addr was specified.
The server will advertise ‹"5a60f2499322"› to other nodes, is this routable?

Consider using:
- for local-only servers:  --listen-addr=localhost
- for multi-node clusters: --advertise-addr=<host/IP addr>
I201223 09:46:35.821845 49 server/server.go:1416 ⋮ [n?] connecting to gossip network to verify cluster ID ‹"a80c75e2-16e2-4e50-a3ad-eaec13a9821b"›
I201223 09:46:35.823092 14 gossip/gossip.go:403 ⋮ [n1] NodeDescriptor set to ‹node_id:1 address:<network_field:"tcp" address_field:"5a60f2499322:26257" > attrs:<> locality:<> ServerVersion:<major_val:20 minor_val:2 patch:0 unstable:0 > build_tag:"v20.2.3" started_at:1608716795823085792 cluster_name:"" sql_address:<network_field:"tcp" address_field:"5a60f2499322:26257" >›
W201223 09:46:35.828697 14 kv/kvserver/replica_range_lease.go:555 ⋮ [n1,s1,r19/1:‹/Table/2{3-4}›] can't determine lease status of (n1,s1):1 due to node liveness error: node not in the liveness table
(1) attached stack trace
  -- stack trace:
  | github.com/cockroachdb/cockroach/pkg/kv/kvserver.init
  | 	/go/src/github.com/cockroachdb/cockroach/pkg/kv/kvserver/node_liveness.go:45
  | runtime.doInit
  | 	/usr/local/go/src/runtime/proc.go:5228
  | runtime.doInit
  | 	/usr/local/go/src/runtime/proc.go:5223
  | runtime.doInit
  | 	/usr/local/go/src/runtime/proc.go:5223
  | runtime.doInit
  | 	/usr/local/go/src/runtime/proc.go:5223
  | runtime.doInit
  | 	/usr/local/go/src/runtime/proc.go:5223
  | runtime.main
  | 	/usr/local/go/src/runtime/proc.go:190
  | runtime.goexit
  | 	/usr/local/go/src/runtime/asm_amd64.s:1357
Wraps: (2) node not in the liveness table
Error types: (1) *withstack.withStack (2) *errutil.leafError
I201223 09:46:35.829078 14 server/node.go:430 ⋮ [n1] initialized store [n1,s1]: disk (capacity=194 GiB, available=163 GiB, used=2.2 MiB, logicalBytes=19 MiB), ranges=36, leases=0, queries=0.00, writes=0.00, bytesPerReplica={p10=0.00 p25=0.00 p50=0.00 p75=3174.00 p90=17806.00 pMax=20131403.00}, writesPerReplica={p10=0.00 p25=0.00 p50=0.00 p75=0.00 p90=0.00 pMax=0.00}
I201223 09:46:35.829269 14 kv/kvserver/stores.go:236 ⋮ [n1] read 0 node addresses from persistent storage
W201223 09:46:35.829358 239 kv/kvserver/store.go:1704 ⋮ [n1,s1,r6/1:‹/Table/{SystemCon…-11}›] could not gossip system config: ‹[NotLeaseHolderError] r6: replica (n1,s1):1 not lease holder; lease holder unknown›
(1) ‹[NotLeaseHolderError] r6: replica (n1,s1):1 not lease holder; lease holder unknown›
Error types: (1) *roachpb.NotLeaseHolderError
I201223 09:46:35.829708 49 server/server.go:1419 ⋮ [n1] node connected via gossip
I201223 09:46:35.830187 14 server/node.go:489 ⋮ [n1] started with engine type ‹2›
I201223 09:46:35.830210 14 server/node.go:491 ⋮ [n1] started with attributes ‹[]›
I201223 09:46:35.830255 14 server/goroutinedumper/goroutinedumper.go:120 ⋮ [n1] writing goroutine dumps to ‹/cockroach/cockroach-data/logs/goroutine_dump›
I201223 09:46:35.830271 14 server/heapprofiler/heapprofiler.go:49 ⋮ [n1] writing go heap profiles to ‹/cockroach/cockroach-data/logs/heap_profiler› at least every 1h0m0s
I201223 09:46:35.830285 14 server/heapprofiler/cgoprofiler.go:53 ⋮ [n1] to enable jmalloc profiling: "export MALLOC_CONF=prof:true" or "ln -s prof:true /etc/malloc.conf"
I201223 09:46:35.830293 14 server/heapprofiler/statsprofiler.go:54 ⋮ [n1] writing memory stats to ‹/cockroach/cockroach-data/logs/heap_profiler› at last every 1h0m0s
I201223 09:46:35.830306 14 server/server.go:1536 ⋮ [n1] starting http server at ‹[::]:8080› (use: ‹5a60f2499322:8080›)
I201223 09:46:35.830322 14 server/server.go:1543 ⋮ [n1] starting grpc/postgres server at ‹[::]:26257›
I201223 09:46:35.830335 14 server/server.go:1544 ⋮ [n1] advertising CockroachDB node at ‹5a60f2499322:26257›
I201223 09:46:35.891237 14 sql/sqlliveness/slinstance/slinstance.go:252 ⋮ [n1] starting SQL liveness instance
I201223 09:46:35.891768 60 sql/temporary_schema.go:497 ⋮ [n1] running temporary object cleanup background job
I201223 09:46:35.891877 14 server/server_sql.go:753 ⋮ [n1] done ensuring all necessary migrations have run
I201223 09:46:35.891922 14 server/server.go:1876 ⋮ [n1] serving sql connections
I201223 09:46:35.892338 270 jobs/job_scheduler.go:346 ⋮ [n1] waiting 4m0s before scheduled jobs daemon start
I201223 09:46:35.892638 14 cli/start.go:670 ⋮ [config] clusterID: ‹a80c75e2-16e2-4e50-a3ad-eaec13a9821b›
I201223 09:46:35.893033 14 cli/start.go:680 ⋮ node startup completed:
CockroachDB node starting at 2020-12-23 09:46:35.892037038 +0000 UTC (took 0.1s)
build:               CCL v20.2.3 @ 2020/12/14 18:33:39 (go1.13.14)
webui:               ‹http://5a60f2499322:8080›
sql:                 ‹postgresql://root@5a60f2499322:26257?sslmode=disable›
RPC client flags:    ‹/cockroach/cockroach <client cmd> --host=5a60f2499322:26257 --insecure›
logs:                ‹/cockroach/cockroach-data/logs›
temp dir:            ‹/cockroach/cockroach-data/cockroach-temp726539902›
external I/O path:   ‹/cockroach/cockroach-data/extern›
store[0]:            ‹path=/cockroach/cockroach-data›
storage engine:      pebble
status:              restarted pre-existing node
clusterID:           ‹a80c75e2-16e2-4e50-a3ad-eaec13a9821b›
nodeID:              1
I201223 09:46:35.903789 60 sql/temporary_schema.go:532 ⋮ [n1] found 0 temporary schemas
I201223 09:46:35.903842 60 sql/temporary_schema.go:535 ⋮ [n1] early exiting temporary schema cleaner as no temporary schemas were found
I201223 09:46:35.903861 60 sql/temporary_schema.go:536 ⋮ [n1] completed temporary object cleanup job
I201223 09:46:35.903876 60 sql/temporary_schema.go:614 ⋮ [n1] temporary object cleaner next scheduled to run at 2020-12-23 10:16:35.891454383 +0000 UTC
I201223 09:46:35.905700 271 server/server_update.go:55 ⋮ [n1] no need to upgrade, cluster already at the newest version
I201223 09:46:35.906665 58 sql/sqlliveness/slstorage/slstorage.go:342 ⋮ [n1] inserted sqlliveness session ‹afa1d9d51c42418fb382d6289b92f036›
I201223 09:46:35.906706 58 sql/sqlliveness/slinstance/slinstance.go:143 ⋮ [n1] created new SQL liveness session ‹afa1d9d51c42418fb382d6289b92f036›
I201223 09:46:35.915180 193 sql/event_log.go:162 ⋮ [n1] Event: ‹"node_restart"›, target: 1, info: ‹{Descriptor:{NodeID:1 Address:5a60f2499322:26257 Attrs: Locality: ServerVersion:20.2 BuildTag:v20.2.3 StartedAt:1608716795823085792 LocalityAddress:[] ClusterName: SQLAddress:5a60f2499322:26257} ClusterID:a80c75e2-16e2-4e50-a3ad-eaec13a9821b StartedAt:1608716795823085792 LastUp:1608716712060334587}›
I201223 09:46:37.586817 164 gossip/gossip.go:1508 ⋮ [n1] node has connected to cluster via gossip
I201223 09:46:37.588649 164 kv/kvserver/stores.go:255 ⋮ [n1] wrote 0 node addresses to persistent storage
I201223 09:46:45.831804 259 server/status/runtime.go:522 ⋮ [n1] runtime stats: 186 MiB RSS, 186 goroutines, 21 MiB/37 MiB/44 MiB GO alloc/idle/total, 8.2 MiB/17 MiB CGO alloc/total, 0.0 CGO/sec, 0.0/0.0 %(u/s)time, 0.0 %gc (11x), 7.0 KiB/0 B (r/w)net
I201223 09:46:55.831922 259 server/status/runtime.go:522 ⋮ [n1] runtime stats: 186 MiB RSS, 188 goroutines, 18 MiB/38 MiB/44 MiB GO alloc/idle/total, 8.5 MiB/17 MiB CGO alloc/total, 13.6 CGO/sec, 1.6/0.5 %(u/s)time, 0.0 %gc (1x), 3.8 KiB/3.8 KiB (r/w)net
I201223 09:46:55.832679 142 kv/kvserver/store.go:2638 ⋮ [n1,s1] sstables (read amplification = 1):
‹6 [ 722K 1 ]: 722K›
I201223 09:46:55.833024 142 kv/kvserver/store.go:2639 ⋮ [n1,s1] ‹›
‹__level_____count____size___score______in__ingest(sz_cnt)____move(sz_cnt)___write(sz_cnt)____read___r-amp___w-amp›
‹    WAL         2   546 K       -   542 K       -       -       -       -   546 K       -       -       -     1.0›
‹      0         0     0 B    0.00     0 B     0 B       0     0 B       0     0 B       0     0 B       0     0.0›
‹      1         0     0 B    0.00     0 B     0 B       0     0 B       0     0 B       0     0 B       0     0.0›
‹      2         0     0 B    0.00     0 B     0 B       0     0 B       0     0 B       0     0 B       0     0.0›
‹      3         0     0 B    0.00     0 B     0 B       0     0 B       0     0 B       0     0 B       0     0.0›
‹      4         0     0 B    0.00     0 B     0 B       0     0 B       0     0 B       0     0 B       0     0.0›
‹      5         0     0 B    0.00     0 B     0 B       0     0 B       0     0 B       0     0 B       0     0.0›
‹      6         1   722 K       -    95 K     0 B       0     0 B       0   722 K       1   779 K       1     7.6›
‹  total         1   722 K       -   546 K     0 B       0     0 B       0   1.2 M       1   779 K       1     2.3›
‹  flush         0›
‹compact         1     0 B          (size == estimated-debt)›
‹ memtbl         2   2.3 M›
‹zmemtbl         0     0 B›
‹   ztbl         0     0 B›
‹ bcache        16   483 K   94.6%  (score == hit-rate)›
‹ tcache         1   616 B   99.7%  (score == hit-rate)›
‹ titers         0›
‹ filter         -       -   78.2%  (score == utility)›
I201223 09:46:57.602799 274 sql/sqlliveness/slstorage/slstorage.go:320 ⋮ [n1] deleted 2 expired SQL liveness sessions
I201223 09:47:05.832149 259 server/status/runtime.go:522 ⋮ [n1] runtime stats: 186 MiB RSS, 188 goroutines, 25 MiB/32 MiB/44 MiB GO alloc/idle/total, 8.5 MiB/17 MiB CGO alloc/total, 0.1 CGO/sec, 1.5/0.2 %(u/s)time, 0.0 %gc (0x), 0 B/0 B (r/w)net
I201223 09:47:15.832311 259 server/status/runtime.go:522 ⋮ [n1] runtime stats: 186 MiB RSS, 189 goroutines, 19 MiB/37 MiB/45 MiB GO alloc/idle/total, 8.5 MiB/17 MiB CGO alloc/total, 0.1 CGO/sec, 2.3/0.4 %(u/s)time, 0.0 %gc (1x), 174 B/104 B (r/w)net
I201223 09:47:25.832414 259 server/status/runtime.go:522 ⋮ [n1] runtime stats: 186 MiB RSS, 189 goroutines, 26 MiB/32 MiB/45 MiB GO alloc/idle/total, 8.5 MiB/17 MiB CGO alloc/total, 0.1 CGO/sec, 1.5/0.3 %(u/s)time, 0.0 %gc (0x), 104 B/104 B (r/w)net
I201223 09:47:35.830600 143 gossip/gossip.go:568 ⋮ [n1] gossip status (ok, 1 node‹›)
gossip client (0/3 cur/max conns)
gossip server (0/3 cur/max conns, infos 0/0 sent/received, bytes 0B/0B sent/received)
gossip connectivity
  n1 [sentinel];
I201223 09:47:35.832720 259 server/status/runtime.go:522 ⋮ [n1] runtime stats: 186 MiB RSS, 190 goroutines, 18 MiB/38 MiB/45 MiB GO alloc/idle/total, 8.5 MiB/17 MiB CGO alloc/total, 0.1 CGO/sec, 1.5/0.3 %(u/s)time, 0.0 %gc (1x), 0 B/0 B (r/w)net
I201223 09:47:45.832852 259 server/status/runtime.go:522 ⋮ [n1] runtime stats: 186 MiB RSS, 188 goroutines, 26 MiB/32 MiB/45 MiB GO alloc/idle/total, 8.5 MiB/17 MiB CGO alloc/total, 0.1 CGO/sec, 1.9/0.4 %(u/s)time, 0.0 %gc (0x), 1.2 KiB/1.1 KiB (r/w)net
I201223 09:47:55.833004 259 server/status/runtime.go:522 ⋮ [n1] runtime stats: 188 MiB RSS, 186 goroutines, 20 MiB/37 MiB/45 MiB GO alloc/idle/total, 12 MiB/21 MiB CGO alloc/total, 0.2 CGO/sec, 1.3/0.4 %(u/s)time, 0.0 %gc (1x), 1.8 KiB/1.8 KiB (r/w)net
I201223 09:48:05.833161 259 server/status/runtime.go:522 ⋮ [n1] runtime stats: 188 MiB RSS, 186 goroutines, 26 MiB/32 MiB/45 MiB GO alloc/idle/total, 12 MiB/21 MiB CGO alloc/total, 0.1 CGO/sec, 1.1/0.2 %(u/s)time, 0.0 %gc (0x), 0 B/0 B (r/w)net
I201223 09:48:15.833407 259 server/status/runtime.go:522 ⋮ [n1] runtime stats: 188 MiB RSS, 187 goroutines, 18 MiB/38 MiB/45 MiB GO alloc/idle/total, 12 MiB/21 MiB CGO alloc/total, 0.1 CGO/sec, 1.2/0.3 %(u/s)time, 0.0 %gc (1x), 0 B/0 B (r/w)net
I201223 09:48:25.833658 259 server/status/runtime.go:522 ⋮ [n1] runtime stats: 188 MiB RSS, 187 goroutines, 24 MiB/33 MiB/45 MiB GO alloc/idle/total, 12 MiB/21 MiB CGO alloc/total, 0.1 CGO/sec, 1.1/0.2 %(u/s)time, 0.0 %gc (0x), 0 B/0 B (r/w)net
I201223 09:48:35.830594 143 gossip/gossip.go:568 ⋮ [n1] gossip status (ok, 1 node‹›)
gossip client (0/3 cur/max conns)
gossip server (0/3 cur/max conns, infos 0/0 sent/received, bytes 0B/0B sent/received)
I201223 09:48:35.833937 259 server/status/runtime.go:522 ⋮ [n1] runtime stats: 188 MiB RSS, 187 goroutines, 30 MiB/28 MiB/45 MiB GO alloc/idle/total, 12 MiB/21 MiB CGO alloc/total, 0.1 CGO/sec, 1.4/0.4 %(u/s)time, 0.0 %gc (0x), 468 B/0 B (r/w)net
I201223 09:48:45.833421 259 server/status/runtime.go:522 ⋮ [n1] runtime stats: 188 MiB RSS, 186 goroutines, 25 MiB/33 MiB/45 MiB GO alloc/idle/total, 12 MiB/21 MiB CGO alloc/total, 0.1 CGO/sec, 1.3/0.5 %(u/s)time, 0.0 %gc (1x), 918 B/0 B (r/w)net
I201223 09:48:55.833937 259 server/status/runtime.go:522 ⋮ [n1] runtime stats: 188 MiB RSS, 186 goroutines, 30 MiB/28 MiB/45 MiB GO alloc/idle/total, 12 MiB/21 MiB CGO alloc/total, 0.1 CGO/sec, 1.1/0.3 %(u/s)time, 0.0 %gc (0x), 70 B/0 B (r/w)net
I201223 09:49:05.834206 259 server/status/runtime.go:522 ⋮ [n1] runtime stats: 193 MiB RSS, 186 goroutines, 23 MiB/34 MiB/46 MiB GO alloc/idle/total, 12 MiB/21 MiB CGO alloc/total, 0.1 CGO/sec, 1.5/0.3 %(u/s)time, 0.0 %gc (1x), 0 B/0 B (r/w)net
I201223 09:49:15.834344 259 server/status/runtime.go:522 ⋮ [n1] runtime stats: 193 MiB RSS, 187 goroutines, 29 MiB/29 MiB/46 MiB GO alloc/idle/total, 12 MiB/21 MiB CGO alloc/total, 0.1 CGO/sec, 1.3/0.3 %(u/s)time, 0.0 %gc (0x), 0 B/0 B (r/w)net
I201223 09:49:25.834574 259 server/status/runtime.go:522 ⋮ [n1] runtime stats: 193 MiB RSS, 187 goroutines, 20 MiB/36 MiB/46 MiB GO alloc/idle/total, 12 MiB/21 MiB CGO alloc/total, 0.1 CGO/sec, 2.0/0.2 %(u/s)time, 0.0 %gc (1x), 0 B/0 B (r/w)net
I201223 09:49:35.830514 143 gossip/gossip.go:568 ⋮ [n1] gossip status (ok, 1 node‹›)
gossip client (0/3 cur/max conns)
gossip server (0/3 cur/max conns, infos 0/0 sent/received, bytes 0B/0B sent/received)
I201223 09:49:35.834805 259 server/status/runtime.go:522 ⋮ [n1] runtime stats: 193 MiB RSS, 187 goroutines, 27 MiB/31 MiB/46 MiB GO alloc/idle/total, 12 MiB/21 MiB CGO alloc/total, 0.1 CGO/sec, 1.2/0.3 %(u/s)time, 0.0 %gc (0x), 0 B/0 B (r/w)net
I201223 09:49:45.834973 259 server/status/runtime.go:522 ⋮ [n1] runtime stats: 193 MiB RSS, 186 goroutines, 18 MiB/37 MiB/46 MiB GO alloc/idle/total, 12 MiB/21 MiB CGO alloc/total, 0.1 CGO/sec, 1.5/0.2 %(u/s)time, 0.0 %gc (1x), 0 B/0 B (r/w)net
I201223 09:49:55.834300 259 server/status/runtime.go:522 ⋮ [n1] runtime stats: 193 MiB RSS, 186 goroutines, 24 MiB/32 MiB/46 MiB GO alloc/idle/total, 12 MiB/21 MiB CGO alloc/total, 0.1 CGO/sec, 1.4/0.2 %(u/s)time, 0.0 %gc (0x), 0 B/0 B (r/w)net
I201223 09:50:05.835371 259 server/status/runtime.go:522 ⋮ [n1] runtime stats: 193 MiB RSS, 186 goroutines, 30 MiB/28 MiB/46 MiB GO alloc/idle/total, 12 MiB/21 MiB CGO alloc/total, 0.1 CGO/sec, 1.4/0.2 %(u/s)time, 0.0 %gc (0x), 0 B/0 B (r/w)net
I201223 09:50:15.835606 259 server/status/runtime.go:522 ⋮ [n1] runtime stats: 195 MiB RSS, 187 goroutines, 21 MiB/35 MiB/46 MiB GO alloc/idle/total, 20 MiB/29 MiB CGO alloc/total, 0.2 CGO/sec, 1.0/0.6 %(u/s)time, 0.0 %gc (1x), 0 B/0 B (r/w)net
I201223 09:50:25.835894 259 server/status/runtime.go:522 ⋮ [n1] runtime stats: 195 MiB RSS, 187 goroutines, 28 MiB/30 MiB/46 MiB GO alloc/idle/total, 20 MiB/29 MiB CGO alloc/total, 0.1 CGO/sec, 1.0/0.4 %(u/s)time, 0.0 %gc (0x), 0 B/0 B (r/w)net
I201223 09:50:35.830514 143 gossip/gossip.go:568 ⋮ [n1] gossip status (ok, 1 node‹›)
gossip client (0/3 cur/max conns)
gossip server (0/3 cur/max conns, infos 0/0 sent/received, bytes 0B/0B sent/received)
I201223 09:50:35.835989 259 server/status/runtime.go:522 ⋮ [n1] runtime stats: 195 MiB RSS, 187 goroutines, 33 MiB/25 MiB/46 MiB GO alloc/idle/total, 20 MiB/29 MiB CGO alloc/total, 0.1 CGO/sec, 1.5/0.2 %(u/s)time, 0.0 %gc (0x), 426 B/0 B (r/w)net
I201223 09:50:45.835635 259 server/status/runtime.go:522 ⋮ [n1] runtime stats: 195 MiB RSS, 186 goroutines, 28 MiB/30 MiB/47 MiB GO alloc/idle/total, 20 MiB/29 MiB CGO alloc/total, 0.1 CGO/sec, 1.8/0.6 %(u/s)time, 0.0 %gc (1x), 426 B/0 B (r/w)net
I201223 09:50:55.836461 259 server/status/runtime.go:522 ⋮ [n1] runtime stats: 195 MiB RSS, 186 goroutines, 34 MiB/24 MiB/47 MiB GO alloc/idle/total, 20 MiB/29 MiB CGO alloc/total, 0.1 CGO/sec, 1.4/0.3 %(u/s)time, 0.0 %gc (0x), 0 B/0 B (r/w)net
I201223 09:51:05.836482 259 server/status/runtime.go:522 ⋮ [n1] runtime stats: 197 MiB RSS, 186 goroutines, 23 MiB/33 MiB/49 MiB GO alloc/idle/total, 20 MiB/29 MiB CGO alloc/total, 0.1 CGO/sec, 1.9/0.6 %(u/s)time, 0.0 %gc (1x), 0 B/0 B (r/w)net
I201223 09:51:15.836709 259 server/status/runtime.go:522 ⋮ [n1] runtime stats: 197 MiB RSS, 187 goroutines, 30 MiB/28 MiB/49 MiB GO alloc/idle/total, 20 MiB/29 MiB CGO alloc/total, 0.1 CGO/sec, 1.6/0.2 %(u/s)time, 0.0 %gc (0x), 0 B/0 B (r/w)net
I201223 09:51:25.836920 259 server/status/runtime.go:522 ⋮ [n1] runtime stats: 199 MiB RSS, 187 goroutines, 19 MiB/37 MiB/49 MiB GO alloc/idle/total, 20 MiB/29 MiB CGO alloc/total, 0.1 CGO/sec, 1.7/0.2 %(u/s)time, 0.0 %gc (1x), 70 B/0 B (r/w)net
I201223 09:51:27.700618 1 cli/start.go:733 ⋮ received signal 'terminated'
I201223 09:51:27.701315 1 cli/start.go:817 ⋮ initiating graceful shutdown of server
I201223 09:51:27.709050 4045 server/drain.go:175 ⋮ [server drain process] drain remaining: 2
I201223 09:51:27.709878 4045 server/drain.go:177 ⋮ [server drain process] drain details: descriptor leases: 1, liveness record: 1
I201223 09:51:27.916384 4045 server/drain.go:175 ⋮ [server drain process] drain remaining: 0
I201223 09:51:27.917312 4045 util/stop/stopper.go:563 ⋮ [server drain process] quiescing
W201223 09:51:27.918234 58 sql/sqlliveness/slinstance/slinstance.go:182 ⋮ [n1] exiting heartbeat loop
W201223 09:51:27.918362 293 jobs/registry.go:672 ⋮ canceling all adopted jobs due to stopper quiescing
I201223 09:51:27.925114 1 cli/start.go:869 ⋮ server drained and shutdown completed
