I201223 12:53:38.541743 1 util/log/sync_buffer.go:195 ⋮ [config] file created at: 2020/12/23 12:53:38
I201223 12:53:38.541750 1 util/log/sync_buffer.go:195 ⋮ [config] running on machine: ‹33aea24d05bd›
I201223 12:53:38.541756 1 util/log/sync_buffer.go:195 ⋮ [config] binary: CockroachDB CCL v20.2.3 (x86_64-unknown-linux-gnu, built 2020/12/14 18:33:39, go1.13.14)
I201223 12:53:38.541760 1 util/log/sync_buffer.go:195 ⋮ [config] arguments: ‹[/cockroach/cockroach start-single-node --insecure]›
I201223 12:53:38.541767 1 util/log/sync_buffer.go:195 ⋮ [config] line format: [IWEF]yymmdd hh:mm:ss.uuuuuu goid file:line msg utf8=✓
W201223 12:53:38.541659 1 cli/start.go:1139 ⋮ ALL SECURITY CONTROLS HAVE BEEN DISABLED!

This mode is intended for non-production testing only.

In this mode:
- Your cluster is open to any client that can access ‹any of your IP addresses›.
- Intruders with access to your machine or network can observe client-server traffic.
- Intruders can log in without password and read or write any data in the cluster.
- Intruders can consume all your server's resources and cause unavailability.
I201223 12:53:38.541843 1 cli/start.go:1149 ⋮ To start a secure server without mandating TLS for clients,
consider --accept-sql-without-tls instead. For other options, see:

- ‹https://go.crdb.dev/issue-v/53404/v20.2›
- https://www.cockroachlabs.com/docs/v20.2/secure-a-cluster.html
I201223 12:53:38.542077 1 server/status/recorder.go:605 ⋮ ‹available memory from cgroups (8.0 EiB) is unsupported, using system memory 31 GiB instead:›
W201223 12:53:38.542090 1 cli/start.go:983 ⋮ ‹Using the default setting for --cache (128 MiB).›
‹  A significantly larger value is usually needed for good performance.›
‹  If you have a dedicated server a reasonable setting is --cache=.25 (7.8 GiB).›
I201223 12:53:38.542233 1 server/status/recorder.go:605 ⋮ ‹available memory from cgroups (8.0 EiB) is unsupported, using system memory 31 GiB instead:›
I201223 12:53:38.542241 1 cli/start.go:1164 ⋮ ‹CockroachDB CCL v20.2.3 (x86_64-unknown-linux-gnu, built 2020/12/14 18:33:39, go1.13.14)›
I201223 12:53:38.543173 1 server/status/recorder.go:605 ⋮ ‹available memory from cgroups (8.0 EiB) is unsupported, using system memory 31 GiB instead:›
I201223 12:53:38.543188 1 server/config.go:434 ⋮ system total memory: ‹31 GiB›
I201223 12:53:38.543206 1 server/config.go:436 ⋮ server configuration:
‹max offset             500000000›
‹cache size             128 MiB›
‹SQL memory pool size   7.8 GiB›
‹scan interval          10m0s›
‹scan min idle time     10ms›
‹scan max idle time     1s›
‹event log enabled      true›
I201223 12:53:38.543263 1 cli/start.go:961 ⋮ using local environment variables: ‹COCKROACH_CHANNEL=official-docker›
I201223 12:53:38.543276 1 cli/start.go:968 ⋮ process identity: ‹uid 0 euid 0 gid 0 egid 0›
I201223 12:53:38.545248 1 cli/start.go:504 ⋮ GEOS loaded from directory ‹/usr/local/lib/cockroach›
I201223 12:53:38.545305 1 cli/start.go:509 ⋮ starting cockroach node
I201223 12:53:38.557690 37 server/server.go:782 ⋮ [n?] monitoring forward clock jumps based on server.clock.forward_jump_check_enabled
I201223 12:53:38.580343 37 server/config.go:625 ⋮ [n?] 1 storage engine‹› initialized
I201223 12:53:38.580362 37 server/config.go:628 ⋮ [n?] ‹Pebble cache size: 128 MiB›
I201223 12:53:38.580368 37 server/config.go:628 ⋮ [n?] ‹store 0: RocksDB, max size 0 B, max open file limit 1043576›
W201223 12:53:38.582219 37 cli/start.go:907 ⋮ neither --listen-addr nor --advertise-addr was specified.
The server will advertise ‹"33aea24d05bd"› to other nodes, is this routable?

Consider using:
- for local-only servers:  --listen-addr=localhost
- for multi-node clusters: --advertise-addr=<host/IP addr>
I201223 12:53:38.582295 32 server/server.go:1416 ⋮ [n?] connecting to gossip network to verify cluster ID ‹"a80c75e2-16e2-4e50-a3ad-eaec13a9821b"›
I201223 12:53:38.584787 37 gossip/gossip.go:403 ⋮ [n1] NodeDescriptor set to ‹node_id:1 address:<network_field:"tcp" address_field:"33aea24d05bd:26257" > attrs:<> locality:<> ServerVersion:<major_val:20 minor_val:2 patch:0 unstable:0 > build_tag:"v20.2.3" started_at:1608728018584781095 cluster_name:"" sql_address:<network_field:"tcp" address_field:"33aea24d05bd:26257" >›
W201223 12:53:38.588646 218 kv/kvserver/replica_range_lease.go:555 ⋮ [n1,s1,r6/1:‹/Table/{SystemCon…-11}›] can't determine lease status of (n1,s1):1 due to node liveness error: node not in the liveness table
(1) attached stack trace
  -- stack trace:
  | github.com/cockroachdb/cockroach/pkg/kv/kvserver.init
  | 	/go/src/github.com/cockroachdb/cockroach/pkg/kv/kvserver/node_liveness.go:45
  | runtime.doInit
  | 	/usr/local/go/src/runtime/proc.go:5228
  | runtime.doInit
  | 	/usr/local/go/src/runtime/proc.go:5223
  | runtime.doInit
  | 	/usr/local/go/src/runtime/proc.go:5223
  | runtime.doInit
  | 	/usr/local/go/src/runtime/proc.go:5223
  | runtime.doInit
  | 	/usr/local/go/src/runtime/proc.go:5223
  | runtime.main
  | 	/usr/local/go/src/runtime/proc.go:190
  | runtime.goexit
  | 	/usr/local/go/src/runtime/asm_amd64.s:1357
Wraps: (2) node not in the liveness table
Error types: (1) *withstack.withStack (2) *errutil.leafError
W201223 12:53:38.588975 218 kv/kvserver/store.go:1704 ⋮ [n1,s1,r6/1:‹/Table/{SystemCon…-11}›] could not gossip system config: ‹[NotLeaseHolderError] r6: replica (n1,s1):1 not lease holder; lease holder unknown›
(1) ‹[NotLeaseHolderError] r6: replica (n1,s1):1 not lease holder; lease holder unknown›
Error types: (1) *roachpb.NotLeaseHolderError
I201223 12:53:38.589037 32 server/server.go:1419 ⋮ [n1] node connected via gossip
I201223 12:53:38.589800 37 server/node.go:430 ⋮ [n1] initialized store [n1,s1]: disk (capacity=194 GiB, available=162 GiB, used=5.6 MiB, logicalBytes=29 MiB), ranges=36, leases=0, queries=0.00, writes=0.00, bytesPerReplica={p10=0.00 p25=0.00 p50=0.00 p75=3174.00 p90=27027.00 pMax=30089331.00}, writesPerReplica={p10=0.00 p25=0.00 p50=0.00 p75=0.00 p90=0.00 pMax=0.00}
I201223 12:53:38.589881 37 kv/kvserver/stores.go:236 ⋮ [n1] read 0 node addresses from persistent storage
I201223 12:53:38.592194 37 server/node.go:489 ⋮ [n1] started with engine type ‹2›
I201223 12:53:38.592222 37 server/node.go:491 ⋮ [n1] started with attributes ‹[]›
I201223 12:53:38.592744 37 server/goroutinedumper/goroutinedumper.go:120 ⋮ [n1] writing goroutine dumps to ‹/cockroach/cockroach-data/logs/goroutine_dump›
I201223 12:53:38.592844 37 server/heapprofiler/heapprofiler.go:49 ⋮ [n1] writing go heap profiles to ‹/cockroach/cockroach-data/logs/heap_profiler› at least every 1h0m0s
I201223 12:53:38.592864 37 server/heapprofiler/cgoprofiler.go:53 ⋮ [n1] to enable jmalloc profiling: "export MALLOC_CONF=prof:true" or "ln -s prof:true /etc/malloc.conf"
I201223 12:53:38.592879 37 server/heapprofiler/statsprofiler.go:54 ⋮ [n1] writing memory stats to ‹/cockroach/cockroach-data/logs/heap_profiler› at last every 1h0m0s
I201223 12:53:38.593047 37 server/server.go:1536 ⋮ [n1] starting http server at ‹[::]:8080› (use: ‹33aea24d05bd:8080›)
I201223 12:53:38.593071 37 server/server.go:1543 ⋮ [n1] starting grpc/postgres server at ‹[::]:26257›
I201223 12:53:38.593090 37 server/server.go:1544 ⋮ [n1] advertising CockroachDB node at ‹33aea24d05bd:26257›
I201223 12:53:38.617419 37 sql/sqlliveness/slinstance/slinstance.go:252 ⋮ [n1] starting SQL liveness instance
I201223 12:53:38.617846 37 server/server_sql.go:753 ⋮ [n1] done ensuring all necessary migrations have run
I201223 12:53:38.617879 37 server/server.go:1876 ⋮ [n1] serving sql connections
I201223 12:53:38.618028 37 cli/start.go:670 ⋮ [config] clusterID: ‹a80c75e2-16e2-4e50-a3ad-eaec13a9821b›
I201223 12:53:38.618066 37 cli/start.go:680 ⋮ node startup completed:
CockroachDB node starting at 2020-12-23 12:53:38.61795501 +0000 UTC (took 0.1s)
build:               CCL v20.2.3 @ 2020/12/14 18:33:39 (go1.13.14)
webui:               ‹http://33aea24d05bd:8080›
sql:                 ‹postgresql://root@33aea24d05bd:26257?sslmode=disable›
RPC client flags:    ‹/cockroach/cockroach <client cmd> --host=33aea24d05bd:26257 --insecure›
logs:                ‹/cockroach/cockroach-data/logs›
temp dir:            ‹/cockroach/cockroach-data/cockroach-temp735098252›
external I/O path:   ‹/cockroach/cockroach-data/extern›
store[0]:            ‹path=/cockroach/cockroach-data›
storage engine:      pebble
status:              restarted pre-existing node
clusterID:           ‹a80c75e2-16e2-4e50-a3ad-eaec13a9821b›
nodeID:              1
I201223 12:53:38.619523 277 jobs/job_scheduler.go:346 ⋮ [n1] waiting 4m0s before scheduled jobs daemon start
I201223 12:53:38.618292 258 sql/temporary_schema.go:497 ⋮ [n1] running temporary object cleanup background job
I201223 12:53:38.638356 258 sql/temporary_schema.go:532 ⋮ [n1] found 0 temporary schemas
I201223 12:53:38.638384 258 sql/temporary_schema.go:535 ⋮ [n1] early exiting temporary schema cleaner as no temporary schemas were found
I201223 12:53:38.638393 258 sql/temporary_schema.go:536 ⋮ [n1] completed temporary object cleanup job
I201223 12:53:38.638401 258 sql/temporary_schema.go:614 ⋮ [n1] temporary object cleaner next scheduled to run at 2020-12-23 13:23:38.617548848 +0000 UTC
I201223 12:53:38.639600 278 server/server_update.go:55 ⋮ [n1] no need to upgrade, cluster already at the newest version
I201223 12:53:38.645200 64 sql/sqlliveness/slstorage/slstorage.go:342 ⋮ [n1] inserted sqlliveness session ‹46beb40192fe4c209557ddb5c135215b›
I201223 12:53:38.645235 64 sql/sqlliveness/slinstance/slinstance.go:143 ⋮ [n1] created new SQL liveness session ‹46beb40192fe4c209557ddb5c135215b›
I201223 12:53:38.652223 385 sql/catalog/lease/lease.go:2115 ⋮ released orphaned lease: ‹{id:53 version:1 expiration:{Time:{wall:163171000 ext:63744324370 loc:<nil>}}}›
I201223 12:53:38.654083 384 sql/catalog/lease/lease.go:2115 ⋮ released orphaned lease: ‹{id:52 version:1 expiration:{Time:{wall:5400000 ext:63744324354 loc:<nil>}}}›
I201223 12:53:38.656343 62 sql/event_log.go:162 ⋮ [n1] Event: ‹"node_restart"›, target: 1, info: ‹{Descriptor:{NodeID:1 Address:33aea24d05bd:26257 Attrs: Locality: ServerVersion:20.2 BuildTag:v20.2.3 StartedAt:1608728018584781095 LocalityAddress:[] ClusterName: SQLAddress:33aea24d05bd:26257} ClusterID:a80c75e2-16e2-4e50-a3ad-eaec13a9821b StartedAt:1608728018584781095 LastUp:1608727349833938672}›
I201223 12:53:40.099319 90 gossip/gossip.go:1508 ⋮ [n1] node has connected to cluster via gossip
I201223 12:53:40.100073 90 kv/kvserver/stores.go:255 ⋮ [n1] wrote 0 node addresses to persistent storage
I201223 12:53:48.595524 244 server/status/runtime.go:522 ⋮ [n1] runtime stats: 196 MiB RSS, 208 goroutines, 18 MiB/37 MiB/44 MiB GO alloc/idle/total, 11 MiB/21 MiB CGO alloc/total, 0.0 CGO/sec, 0.0/0.0 %(u/s)time, 0.0 %gc (29x), 34 KiB/32 KiB (r/w)net
I201223 12:53:58.596065 244 server/status/runtime.go:522 ⋮ [n1] runtime stats: 196 MiB RSS, 206 goroutines, 28 MiB/28 MiB/44 MiB GO alloc/idle/total, 11 MiB/21 MiB CGO alloc/total, 0.1 CGO/sec, 1.4/0.8 %(u/s)time, 0.0 %gc (0x), 234 B/0 B (r/w)net
I201223 12:53:58.602059 54 kv/kvserver/store.go:2638 ⋮ [n1,s1] sstables (read amplification = 1):
‹6 [ 1M 1 ]: 1M›
I201223 12:53:58.602337 54 kv/kvserver/store.go:2639 ⋮ [n1,s1] ‹›
‹__level_____count____size___score______in__ingest(sz_cnt)____move(sz_cnt)___write(sz_cnt)____read___r-amp___w-amp›
‹    WAL         2   555 K       -   551 K       -       -       -       -   555 K       -       -       -     1.0›
‹      0         0     0 B    0.00     0 B     0 B       0     0 B       0     0 B       0     0 B       0     0.0›
‹      1         0     0 B    0.00     0 B     0 B       0     0 B       0     0 B       0     0 B       0     0.0›
‹      2         0     0 B    0.00     0 B     0 B       0     0 B       0     0 B       0     0 B       0     0.0›
‹      3         0     0 B    0.00     0 B     0 B       0     0 B       0     0 B       0     0 B       0     0.0›
‹      4         0     0 B    0.00     0 B     0 B       0     0 B       0     0 B       0     0 B       0     0.0›
‹      5         0     0 B    0.00     0 B     0 B       0     0 B       0     0 B       0     0 B       0     0.0›
‹      6         1   1.1 M       -    96 K     0 B       0     0 B       0   1.1 M       1   1.1 M       1    11.3›
‹  total         1   1.1 M       -   555 K     0 B       0     0 B       0   1.6 M       1   1.1 M       1     3.0›
‹  flush         0›
‹compact         1     0 B          (size == estimated-debt)›
‹ memtbl         2   4.3 M›
‹zmemtbl         0     0 B›
‹   ztbl         0     0 B›
‹ bcache        18   576 K   94.4%  (score == hit-rate)›
‹ tcache         1   616 B   99.8%  (score == hit-rate)›
‹ titers         0›
‹ filter         -       -   71.7%  (score == utility)›
I201223 12:54:01.384768 63 sql/sqlliveness/slstorage/slstorage.go:320 ⋮ [n1] deleted 1 expired SQL liveness sessions
I201223 12:54:08.596564 244 server/status/runtime.go:522 ⋮ [n1] runtime stats: 196 MiB RSS, 206 goroutines, 23 MiB/33 MiB/46 MiB GO alloc/idle/total, 11 MiB/21 MiB CGO alloc/total, 0.1 CGO/sec, 1.7/0.7 %(u/s)time, 0.0 %gc (1x), 70 B/0 B (r/w)net
I201223 12:54:18.596377 244 server/status/runtime.go:522 ⋮ [n1] runtime stats: 196 MiB RSS, 207 goroutines, 30 MiB/26 MiB/46 MiB GO alloc/idle/total, 11 MiB/21 MiB CGO alloc/total, 0.1 CGO/sec, 1.8/0.9 %(u/s)time, 0.0 %gc (0x), 0 B/0 B (r/w)net
I201223 12:54:28.596402 244 server/status/runtime.go:522 ⋮ [n1] runtime stats: 196 MiB RSS, 207 goroutines, 25 MiB/30 MiB/46 MiB GO alloc/idle/total, 11 MiB/21 MiB CGO alloc/total, 0.1 CGO/sec, 1.8/0.5 %(u/s)time, 0.0 %gc (1x), 0 B/0 B (r/w)net
I201223 12:54:38.592613 55 gossip/gossip.go:568 ⋮ [n1] gossip status (ok, 1 node‹›)
gossip client (0/3 cur/max conns)
gossip server (0/3 cur/max conns, infos 0/0 sent/received, bytes 0B/0B sent/received)
gossip connectivity
  n1 [sentinel];
I201223 12:54:38.596816 244 server/status/runtime.go:522 ⋮ [n1] runtime stats: 196 MiB RSS, 207 goroutines, 32 MiB/24 MiB/47 MiB GO alloc/idle/total, 11 MiB/21 MiB CGO alloc/total, 0.1 CGO/sec, 1.4/0.7 %(u/s)time, 0.0 %gc (0x), 70 B/0 B (r/w)net
I201223 12:54:48.597063 244 server/status/runtime.go:522 ⋮ [n1] runtime stats: 197 MiB RSS, 206 goroutines, 24 MiB/32 MiB/50 MiB GO alloc/idle/total, 11 MiB/21 MiB CGO alloc/total, 0.1 CGO/sec, 1.6/0.7 %(u/s)time, 0.0 %gc (1x), 744 B/744 B (r/w)net
I201223 12:54:58.597503 244 server/status/runtime.go:522 ⋮ [n1] runtime stats: 199 MiB RSS, 206 goroutines, 30 MiB/26 MiB/50 MiB GO alloc/idle/total, 11 MiB/21 MiB CGO alloc/total, 0.1 CGO/sec, 1.5/0.3 %(u/s)time, 0.0 %gc (0x), 0 B/0 B (r/w)net
I201223 12:55:08.597429 244 server/status/runtime.go:522 ⋮ [n1] runtime stats: 199 MiB RSS, 206 goroutines, 21 MiB/34 MiB/50 MiB GO alloc/idle/total, 11 MiB/21 MiB CGO alloc/total, 0.1 CGO/sec, 1.5/0.7 %(u/s)time, 0.0 %gc (1x), 0 B/0 B (r/w)net
I201223 12:55:18.596767 244 server/status/runtime.go:522 ⋮ [n1] runtime stats: 199 MiB RSS, 207 goroutines, 28 MiB/29 MiB/50 MiB GO alloc/idle/total, 11 MiB/21 MiB CGO alloc/total, 0.1 CGO/sec, 1.1/0.5 %(u/s)time, 0.0 %gc (0x), 0 B/0 B (r/w)net
I201223 12:55:28.597788 244 server/status/runtime.go:522 ⋮ [n1] runtime stats: 199 MiB RSS, 207 goroutines, 34 MiB/23 MiB/50 MiB GO alloc/idle/total, 11 MiB/21 MiB CGO alloc/total, 0.1 CGO/sec, 1.5/0.5 %(u/s)time, 0.0 %gc (0x), 0 B/0 B (r/w)net
I201223 12:55:38.592594 55 gossip/gossip.go:568 ⋮ [n1] gossip status (ok, 1 node‹›)
gossip client (0/3 cur/max conns)
gossip server (0/3 cur/max conns, infos 0/0 sent/received, bytes 0B/0B sent/received)
I201223 12:55:38.597025 244 server/status/runtime.go:522 ⋮ [n1] runtime stats: 201 MiB RSS, 207 goroutines, 24 MiB/31 MiB/50 MiB GO alloc/idle/total, 11 MiB/21 MiB CGO alloc/total, 0.1 CGO/sec, 1.9/0.7 %(u/s)time, 0.0 %gc (1x), 70 B/0 B (r/w)net
I201223 12:55:48.598024 244 server/status/runtime.go:522 ⋮ [n1] runtime stats: 201 MiB RSS, 206 goroutines, 32 MiB/24 MiB/50 MiB GO alloc/idle/total, 11 MiB/21 MiB CGO alloc/total, 0.1 CGO/sec, 1.6/0.6 %(u/s)time, 0.0 %gc (0x), 1.4 KiB/594 B (r/w)net
