I201223 12:02:41.740639 1 util/log/sync_buffer.go:195 ⋮ [config] file created at: 2020/12/23 12:02:41
I201223 12:02:41.740644 1 util/log/sync_buffer.go:195 ⋮ [config] running on machine: ‹d5346fce8a0e›
I201223 12:02:41.740648 1 util/log/sync_buffer.go:195 ⋮ [config] binary: CockroachDB CCL v20.2.3 (x86_64-unknown-linux-gnu, built 2020/12/14 18:33:39, go1.13.14)
I201223 12:02:41.740656 1 util/log/sync_buffer.go:195 ⋮ [config] arguments: ‹[/cockroach/cockroach start-single-node --insecure]›
I201223 12:02:41.740661 1 util/log/sync_buffer.go:195 ⋮ [config] line format: [IWEF]yymmdd hh:mm:ss.uuuuuu goid file:line msg utf8=✓
W201223 12:02:41.740499 1 cli/start.go:1139 ⋮ ALL SECURITY CONTROLS HAVE BEEN DISABLED!

This mode is intended for non-production testing only.

In this mode:
- Your cluster is open to any client that can access ‹any of your IP addresses›.
- Intruders with access to your machine or network can observe client-server traffic.
- Intruders can log in without password and read or write any data in the cluster.
- Intruders can consume all your server's resources and cause unavailability.
I201223 12:02:41.740715 1 cli/start.go:1149 ⋮ To start a secure server without mandating TLS for clients,
consider --accept-sql-without-tls instead. For other options, see:

- ‹https://go.crdb.dev/issue-v/53404/v20.2›
- https://www.cockroachlabs.com/docs/v20.2/secure-a-cluster.html
I201223 12:02:41.740913 1 server/status/recorder.go:605 ⋮ ‹available memory from cgroups (8.0 EiB) is unsupported, using system memory 31 GiB instead:›
W201223 12:02:41.740927 1 cli/start.go:983 ⋮ ‹Using the default setting for --cache (128 MiB).›
‹  A significantly larger value is usually needed for good performance.›
‹  If you have a dedicated server a reasonable setting is --cache=.25 (7.8 GiB).›
I201223 12:02:41.741058 1 server/status/recorder.go:605 ⋮ ‹available memory from cgroups (8.0 EiB) is unsupported, using system memory 31 GiB instead:›
I201223 12:02:41.741065 1 cli/start.go:1164 ⋮ ‹CockroachDB CCL v20.2.3 (x86_64-unknown-linux-gnu, built 2020/12/14 18:33:39, go1.13.14)›
I201223 12:02:41.741797 1 server/status/recorder.go:605 ⋮ ‹available memory from cgroups (8.0 EiB) is unsupported, using system memory 31 GiB instead:›
I201223 12:02:41.741807 1 server/config.go:434 ⋮ system total memory: ‹31 GiB›
I201223 12:02:41.741816 1 server/config.go:436 ⋮ server configuration:
‹max offset             500000000›
‹cache size             128 MiB›
‹SQL memory pool size   7.8 GiB›
‹scan interval          10m0s›
‹scan min idle time     10ms›
‹scan max idle time     1s›
‹event log enabled      true›
I201223 12:02:41.741845 1 cli/start.go:961 ⋮ using local environment variables: ‹COCKROACH_CHANNEL=official-docker›
I201223 12:02:41.741855 1 cli/start.go:968 ⋮ process identity: ‹uid 0 euid 0 gid 0 egid 0›
I201223 12:02:41.743616 1 cli/start.go:504 ⋮ GEOS loaded from directory ‹/usr/local/lib/cockroach›
I201223 12:02:41.743640 1 cli/start.go:509 ⋮ starting cockroach node
I201223 12:02:41.754652 52 server/server.go:782 ⋮ [n?] monitoring forward clock jumps based on server.clock.forward_jump_check_enabled
I201223 12:02:41.782380 52 server/config.go:625 ⋮ [n?] 1 storage engine‹› initialized
I201223 12:02:41.782401 52 server/config.go:628 ⋮ [n?] ‹Pebble cache size: 128 MiB›
I201223 12:02:41.782407 52 server/config.go:628 ⋮ [n?] ‹store 0: RocksDB, max size 0 B, max open file limit 1043576›
W201223 12:02:41.787060 52 cli/start.go:907 ⋮ neither --listen-addr nor --advertise-addr was specified.
The server will advertise ‹"d5346fce8a0e"› to other nodes, is this routable?

Consider using:
- for local-only servers:  --listen-addr=localhost
- for multi-node clusters: --advertise-addr=<host/IP addr>
I201223 12:02:41.787097 32 server/server.go:1416 ⋮ [n?] connecting to gossip network to verify cluster ID ‹"a80c75e2-16e2-4e50-a3ad-eaec13a9821b"›
I201223 12:02:41.789494 52 gossip/gossip.go:403 ⋮ [n1] NodeDescriptor set to ‹node_id:1 address:<network_field:"tcp" address_field:"d5346fce8a0e:26257" > attrs:<> locality:<> ServerVersion:<major_val:20 minor_val:2 patch:0 unstable:0 > build_tag:"v20.2.3" started_at:1608724961789489652 cluster_name:"" sql_address:<network_field:"tcp" address_field:"d5346fce8a0e:26257" >›
W201223 12:02:41.792677 206 kv/kvserver/replica_range_lease.go:555 ⋮ [n1,s1,r6/1:‹/Table/{SystemCon…-11}›] can't determine lease status of (n1,s1):1 due to node liveness error: node not in the liveness table
(1) attached stack trace
  -- stack trace:
  | github.com/cockroachdb/cockroach/pkg/kv/kvserver.init
  | 	/go/src/github.com/cockroachdb/cockroach/pkg/kv/kvserver/node_liveness.go:45
  | runtime.doInit
  | 	/usr/local/go/src/runtime/proc.go:5228
  | runtime.doInit
  | 	/usr/local/go/src/runtime/proc.go:5223
  | runtime.doInit
  | 	/usr/local/go/src/runtime/proc.go:5223
  | runtime.doInit
  | 	/usr/local/go/src/runtime/proc.go:5223
  | runtime.doInit
  | 	/usr/local/go/src/runtime/proc.go:5223
  | runtime.main
  | 	/usr/local/go/src/runtime/proc.go:190
  | runtime.goexit
  | 	/usr/local/go/src/runtime/asm_amd64.s:1357
Wraps: (2) node not in the liveness table
Error types: (1) *withstack.withStack (2) *errutil.leafError
W201223 12:02:41.792788 206 kv/kvserver/store.go:1704 ⋮ [n1,s1,r6/1:‹/Table/{SystemCon…-11}›] could not gossip system config: ‹[NotLeaseHolderError] r6: replica (n1,s1):1 not lease holder; lease holder unknown›
(1) ‹[NotLeaseHolderError] r6: replica (n1,s1):1 not lease holder; lease holder unknown›
Error types: (1) *roachpb.NotLeaseHolderError
I201223 12:02:41.793696 32 server/server.go:1419 ⋮ [n1] node connected via gossip
I201223 12:02:41.794288 52 server/node.go:430 ⋮ [n1] initialized store [n1,s1]: disk (capacity=194 GiB, available=162 GiB, used=5.0 MiB, logicalBytes=28 MiB), ranges=36, leases=0, queries=0.00, writes=0.00, bytesPerReplica={p10=0.00 p25=0.00 p50=0.00 p75=3174.00 p90=22461.00 pMax=28939711.00}, writesPerReplica={p10=0.00 p25=0.00 p50=0.00 p75=0.00 p90=0.00 pMax=0.00}
I201223 12:02:41.794402 52 kv/kvserver/stores.go:236 ⋮ [n1] read 0 node addresses from persistent storage
I201223 12:02:41.795445 52 server/node.go:489 ⋮ [n1] started with engine type ‹2›
I201223 12:02:41.795486 52 server/node.go:491 ⋮ [n1] started with attributes ‹[]›
I201223 12:02:41.795536 52 server/goroutinedumper/goroutinedumper.go:120 ⋮ [n1] writing goroutine dumps to ‹/cockroach/cockroach-data/logs/goroutine_dump›
I201223 12:02:41.795556 52 server/heapprofiler/heapprofiler.go:49 ⋮ [n1] writing go heap profiles to ‹/cockroach/cockroach-data/logs/heap_profiler› at least every 1h0m0s
I201223 12:02:41.795570 52 server/heapprofiler/cgoprofiler.go:53 ⋮ [n1] to enable jmalloc profiling: "export MALLOC_CONF=prof:true" or "ln -s prof:true /etc/malloc.conf"
I201223 12:02:41.795582 52 server/heapprofiler/statsprofiler.go:54 ⋮ [n1] writing memory stats to ‹/cockroach/cockroach-data/logs/heap_profiler› at last every 1h0m0s
I201223 12:02:41.795599 52 server/server.go:1536 ⋮ [n1] starting http server at ‹[::]:8080› (use: ‹d5346fce8a0e:8080›)
I201223 12:02:41.795619 52 server/server.go:1543 ⋮ [n1] starting grpc/postgres server at ‹[::]:26257›
I201223 12:02:41.795637 52 server/server.go:1544 ⋮ [n1] advertising CockroachDB node at ‹d5346fce8a0e:26257›
I201223 12:02:41.815881 52 sql/sqlliveness/slinstance/slinstance.go:252 ⋮ [n1] starting SQL liveness instance
I201223 12:02:41.816110 52 server/server_sql.go:753 ⋮ [n1] done ensuring all necessary migrations have run
I201223 12:02:41.816128 52 server/server.go:1876 ⋮ [n1] serving sql connections
I201223 12:02:41.816297 52 cli/start.go:670 ⋮ [config] clusterID: ‹a80c75e2-16e2-4e50-a3ad-eaec13a9821b›
I201223 12:02:41.816331 52 cli/start.go:680 ⋮ node startup completed:
CockroachDB node starting at 2020-12-23 12:02:41.816174051 +0000 UTC (took 0.1s)
build:               CCL v20.2.3 @ 2020/12/14 18:33:39 (go1.13.14)
webui:               ‹http://d5346fce8a0e:8080›
sql:                 ‹postgresql://root@d5346fce8a0e:26257?sslmode=disable›
RPC client flags:    ‹/cockroach/cockroach <client cmd> --host=d5346fce8a0e:26257 --insecure›
logs:                ‹/cockroach/cockroach-data/logs›
temp dir:            ‹/cockroach/cockroach-data/cockroach-temp003244866›
external I/O path:   ‹/cockroach/cockroach-data/extern›
store[0]:            ‹path=/cockroach/cockroach-data›
storage engine:      pebble
status:              restarted pre-existing node
clusterID:           ‹a80c75e2-16e2-4e50-a3ad-eaec13a9821b›
nodeID:              1
I201223 12:02:41.816999 292 jobs/job_scheduler.go:346 ⋮ [n1] waiting 2m0s before scheduled jobs daemon start
I201223 12:02:41.817183 262 sql/temporary_schema.go:497 ⋮ [n1] running temporary object cleanup background job
I201223 12:02:41.827379 262 sql/temporary_schema.go:532 ⋮ [n1] found 0 temporary schemas
I201223 12:02:41.827403 262 sql/temporary_schema.go:535 ⋮ [n1] early exiting temporary schema cleaner as no temporary schemas were found
I201223 12:02:41.827413 262 sql/temporary_schema.go:536 ⋮ [n1] completed temporary object cleanup job
I201223 12:02:41.827420 262 sql/temporary_schema.go:614 ⋮ [n1] temporary object cleaner next scheduled to run at 2020-12-23 12:32:41.815973592 +0000 UTC
I201223 12:02:41.827996 293 server/server_update.go:55 ⋮ [n1] no need to upgrade, cluster already at the newest version
I201223 12:02:41.833353 377 sql/catalog/lease/lease.go:2115 ⋮ released orphaned lease: ‹{id:53 version:1 expiration:{Time:{wall:378679000 ext:63744321949 loc:<nil>}}}›
I201223 12:02:41.833366 376 sql/catalog/lease/lease.go:2115 ⋮ released orphaned lease: ‹{id:52 version:1 expiration:{Time:{wall:133987000 ext:63744321937 loc:<nil>}}}›
I201223 12:02:41.833872 260 sql/sqlliveness/slstorage/slstorage.go:342 ⋮ [n1] inserted sqlliveness session ‹33075910aeeb4dddb4a3f5739e386fdb›
I201223 12:02:41.833896 260 sql/sqlliveness/slinstance/slinstance.go:143 ⋮ [n1] created new SQL liveness session ‹33075910aeeb4dddb4a3f5739e386fdb›
I201223 12:02:41.839610 258 sql/event_log.go:162 ⋮ [n1] Event: ‹"node_restart"›, target: 1, info: ‹{Descriptor:{NodeID:1 Address:d5346fce8a0e:26257 Attrs: Locality: ServerVersion:20.2 BuildTag:v20.2.3 StartedAt:1608724961789489652 LocalityAddress:[] ClusterName: SQLAddress:d5346fce8a0e:26257} ClusterID:a80c75e2-16e2-4e50-a3ad-eaec13a9821b StartedAt:1608724961789489652 LastUp:1608724933204687023}›
I201223 12:02:43.897889 147 gossip/gossip.go:1508 ⋮ [n1] node has connected to cluster via gossip
I201223 12:02:43.898721 147 kv/kvserver/stores.go:255 ⋮ [n1] wrote 0 node addresses to persistent storage
I201223 12:02:51.801849 220 server/status/runtime.go:522 ⋮ [n1] runtime stats: 195 MiB RSS, 208 goroutines, 18 MiB/37 MiB/44 MiB GO alloc/idle/total, 15 MiB/23 MiB CGO alloc/total, 0.0 CGO/sec, 0.0/0.0 %(u/s)time, 0.0 %gc (28x), 34 KiB/32 KiB (r/w)net
