I210104 12:25:55.587157 1 util/log/sync_buffer.go:195 ⋮ [config] file created at: 2021/01/04 12:25:55
I210104 12:25:55.587163 1 util/log/sync_buffer.go:195 ⋮ [config] running on machine: ‹79113c681aa8›
I210104 12:25:55.587168 1 util/log/sync_buffer.go:195 ⋮ [config] binary: CockroachDB CCL v20.2.3 (x86_64-unknown-linux-gnu, built 2020/12/14 18:33:39, go1.13.14)
I210104 12:25:55.587171 1 util/log/sync_buffer.go:195 ⋮ [config] arguments: ‹[/cockroach/cockroach start-single-node --insecure]›
I210104 12:25:55.587176 1 util/log/sync_buffer.go:195 ⋮ [config] line format: [IWEF]yymmdd hh:mm:ss.uuuuuu goid file:line msg utf8=✓
W210104 12:25:55.587090 1 cli/start.go:1139 ⋮ ALL SECURITY CONTROLS HAVE BEEN DISABLED!

This mode is intended for non-production testing only.

In this mode:
- Your cluster is open to any client that can access ‹any of your IP addresses›.
- Intruders with access to your machine or network can observe client-server traffic.
- Intruders can log in without password and read or write any data in the cluster.
- Intruders can consume all your server's resources and cause unavailability.
I210104 12:25:55.587241 1 cli/start.go:1149 ⋮ To start a secure server without mandating TLS for clients,
consider --accept-sql-without-tls instead. For other options, see:

- ‹https://go.crdb.dev/issue-v/53404/v20.2›
- https://www.cockroachlabs.com/docs/v20.2/secure-a-cluster.html
I210104 12:25:55.587467 1 server/status/recorder.go:605 ⋮ ‹available memory from cgroups (8.0 EiB) is unsupported, using system memory 31 GiB instead:›
W210104 12:25:55.587487 1 cli/start.go:983 ⋮ ‹Using the default setting for --cache (128 MiB).›
‹  A significantly larger value is usually needed for good performance.›
‹  If you have a dedicated server a reasonable setting is --cache=.25 (7.8 GiB).›
I210104 12:25:55.587626 1 server/status/recorder.go:605 ⋮ ‹available memory from cgroups (8.0 EiB) is unsupported, using system memory 31 GiB instead:›
I210104 12:25:55.587634 1 cli/start.go:1164 ⋮ ‹CockroachDB CCL v20.2.3 (x86_64-unknown-linux-gnu, built 2020/12/14 18:33:39, go1.13.14)›
I210104 12:25:55.590645 1 server/status/recorder.go:605 ⋮ ‹available memory from cgroups (8.0 EiB) is unsupported, using system memory 31 GiB instead:›
I210104 12:25:55.590668 1 server/config.go:434 ⋮ system total memory: ‹31 GiB›
I210104 12:25:55.590682 1 server/config.go:436 ⋮ server configuration:
‹max offset             500000000›
‹cache size             128 MiB›
‹SQL memory pool size   7.8 GiB›
‹scan interval          10m0s›
‹scan min idle time     10ms›
‹scan max idle time     1s›
‹event log enabled      true›
I210104 12:25:55.590719 1 cli/start.go:961 ⋮ using local environment variables: ‹COCKROACH_CHANNEL=official-docker›
I210104 12:25:55.590730 1 cli/start.go:968 ⋮ process identity: ‹uid 0 euid 0 gid 0 egid 0›
I210104 12:25:55.590877 1 cli/start.go:502 ⋮ could not initialize GEOS - spatial functions may not be available: geos: error during GEOS init: geos: cannot load GEOS from dir ‹"/usr/local/lib/cockroach"›: ‹geos error: /usr/local/lib/cockroach/libgeos.so: cannot open shared object file: No such file or directory›
I210104 12:25:55.590917 1 cli/start.go:509 ⋮ starting cockroach node
I210104 12:25:55.601030 21 server/server.go:782 ⋮ [n?] monitoring forward clock jumps based on server.clock.forward_jump_check_enabled
I210104 12:25:55.620724 21 server/config.go:625 ⋮ [n?] 1 storage engine‹› initialized
I210104 12:25:55.620744 21 server/config.go:628 ⋮ [n?] ‹Pebble cache size: 128 MiB›
I210104 12:25:55.620751 21 server/config.go:628 ⋮ [n?] ‹store 0: RocksDB, max size 0 B, max open file limit 1043576›
W210104 12:25:55.622201 21 cli/start.go:907 ⋮ neither --listen-addr nor --advertise-addr was specified.
The server will advertise ‹"79113c681aa8"› to other nodes, is this routable?

Consider using:
- for local-only servers:  --listen-addr=localhost
- for multi-node clusters: --advertise-addr=<host/IP addr>
I210104 12:25:55.622263 170 server/server.go:1416 ⋮ [n?] connecting to gossip network to verify cluster ID ‹"96dd4b31-a868-4727-9dc0-96ec7dfd7219"›
I210104 12:25:55.623837 21 gossip/gossip.go:403 ⋮ [n1] NodeDescriptor set to ‹node_id:1 address:<network_field:"tcp" address_field:"79113c681aa8:26257" > attrs:<> locality:<> ServerVersion:<major_val:20 minor_val:2 patch:0 unstable:0 > build_tag:"v20.2.3" started_at:1609763155623833017 cluster_name:"" sql_address:<network_field:"tcp" address_field:"79113c681aa8:26257" >›
W210104 12:25:55.626914 225 kv/kvserver/replica_range_lease.go:555 ⋮ [n1,s1,r6/1:‹/Table/{SystemCon…-11}›] can't determine lease status of (n1,s1):1 due to node liveness error: node not in the liveness table
(1) attached stack trace
  -- stack trace:
  | github.com/cockroachdb/cockroach/pkg/kv/kvserver.init
  | 	/go/src/github.com/cockroachdb/cockroach/pkg/kv/kvserver/node_liveness.go:45
  | runtime.doInit
  | 	/usr/local/go/src/runtime/proc.go:5228
  | runtime.doInit
  | 	/usr/local/go/src/runtime/proc.go:5223
  | runtime.doInit
  | 	/usr/local/go/src/runtime/proc.go:5223
  | runtime.doInit
  | 	/usr/local/go/src/runtime/proc.go:5223
  | runtime.doInit
  | 	/usr/local/go/src/runtime/proc.go:5223
  | runtime.main
  | 	/usr/local/go/src/runtime/proc.go:190
  | runtime.goexit
  | 	/usr/local/go/src/runtime/asm_amd64.s:1357
Wraps: (2) node not in the liveness table
Error types: (1) *withstack.withStack (2) *errutil.leafError
W210104 12:25:55.627015 225 kv/kvserver/store.go:1704 ⋮ [n1,s1,r6/1:‹/Table/{SystemCon…-11}›] could not gossip system config: ‹[NotLeaseHolderError] r6: replica (n1,s1):1 not lease holder; lease holder unknown›
(1) ‹[NotLeaseHolderError] r6: replica (n1,s1):1 not lease holder; lease holder unknown›
Error types: (1) *roachpb.NotLeaseHolderError
I210104 12:25:55.627089 21 server/node.go:430 ⋮ [n1] initialized store [n1,s1]: disk (capacity=194 GiB, available=162 GiB, used=625 KiB, logicalBytes=479 KiB), ranges=36, leases=0, queries=0.00, writes=0.00, bytesPerReplica={p10=0.00 p25=0.00 p50=0.00 p75=586.00 p90=6364.00 pMax=424136.00}, writesPerReplica={p10=0.00 p25=0.00 p50=0.00 p75=0.00 p90=0.00 pMax=0.00}
I210104 12:25:55.627164 21 kv/kvserver/stores.go:236 ⋮ [n1] read 0 node addresses from persistent storage
I210104 12:25:55.627198 170 server/server.go:1419 ⋮ [n1] node connected via gossip
I210104 12:25:55.627970 21 server/node.go:489 ⋮ [n1] started with engine type ‹2›
I210104 12:25:55.628000 21 server/node.go:491 ⋮ [n1] started with attributes ‹[]›
I210104 12:25:55.628046 21 server/goroutinedumper/goroutinedumper.go:120 ⋮ [n1] writing goroutine dumps to ‹/cockroach/cockroach-data/logs/goroutine_dump›
I210104 12:25:55.628062 21 server/heapprofiler/heapprofiler.go:49 ⋮ [n1] writing go heap profiles to ‹/cockroach/cockroach-data/logs/heap_profiler› at least every 1h0m0s
I210104 12:25:55.628074 21 server/heapprofiler/cgoprofiler.go:53 ⋮ [n1] to enable jmalloc profiling: "export MALLOC_CONF=prof:true" or "ln -s prof:true /etc/malloc.conf"
I210104 12:25:55.628081 21 server/heapprofiler/statsprofiler.go:54 ⋮ [n1] writing memory stats to ‹/cockroach/cockroach-data/logs/heap_profiler› at last every 1h0m0s
I210104 12:25:55.628092 21 server/server.go:1536 ⋮ [n1] starting http server at ‹[::]:8080› (use: ‹79113c681aa8:8080›)
I210104 12:25:55.628107 21 server/server.go:1543 ⋮ [n1] starting grpc/postgres server at ‹[::]:26257›
I210104 12:25:55.628120 21 server/server.go:1544 ⋮ [n1] advertising CockroachDB node at ‹79113c681aa8:26257›
I210104 12:25:55.695645 21 sql/sqlliveness/slinstance/slinstance.go:252 ⋮ [n1] starting SQL liveness instance
I210104 12:25:55.695861 21 server/server_sql.go:753 ⋮ [n1] done ensuring all necessary migrations have run
I210104 12:25:55.695875 21 server/server.go:1876 ⋮ [n1] serving sql connections
I210104 12:25:55.695972 21 cli/start.go:670 ⋮ [config] clusterID: ‹96dd4b31-a868-4727-9dc0-96ec7dfd7219›
I210104 12:25:55.695998 21 cli/start.go:680 ⋮ node startup completed:
CockroachDB node starting at 2021-01-04 12:25:55.695916599 +0000 UTC (took 0.1s)
build:               CCL v20.2.3 @ 2020/12/14 18:33:39 (go1.13.14)
webui:               ‹http://79113c681aa8:8080›
sql:                 ‹postgresql://root@79113c681aa8:26257?sslmode=disable›
RPC client flags:    ‹/cockroach/cockroach <client cmd> --host=79113c681aa8:26257 --insecure›
logs:                ‹/cockroach/cockroach-data/logs›
temp dir:            ‹/cockroach/cockroach-data/cockroach-temp590746434›
external I/O path:   ‹/cockroach/cockroach-data/extern›
store[0]:            ‹path=/cockroach/cockroach-data›
storage engine:      pebble
status:              restarted pre-existing node
clusterID:           ‹96dd4b31-a868-4727-9dc0-96ec7dfd7219›
nodeID:              1
I210104 12:25:55.696421 356 sql/temporary_schema.go:497 ⋮ [n1] running temporary object cleanup background job
I210104 12:25:55.696443 370 jobs/job_scheduler.go:346 ⋮ [n1] waiting 3m0s before scheduled jobs daemon start
I210104 12:25:55.700623 356 sql/temporary_schema.go:532 ⋮ [n1] found 0 temporary schemas
I210104 12:25:55.700643 356 sql/temporary_schema.go:535 ⋮ [n1] early exiting temporary schema cleaner as no temporary schemas were found
I210104 12:25:55.700652 356 sql/temporary_schema.go:536 ⋮ [n1] completed temporary object cleanup job
I210104 12:25:55.700659 356 sql/temporary_schema.go:614 ⋮ [n1] temporary object cleaner next scheduled to run at 2021-01-04 12:55:55.695799315 +0000 UTC
I210104 12:25:55.701424 371 server/server_update.go:55 ⋮ [n1] no need to upgrade, cluster already at the newest version
I210104 12:25:55.704379 255 sql/catalog/lease/lease.go:2115 ⋮ released orphaned lease: ‹{id:52 version:1 expiration:{Time:{wall:864393000 ext:63745360202 loc:<nil>}}}›
I210104 12:25:55.706371 254 sql/catalog/lease/lease.go:2115 ⋮ released orphaned lease: ‹{id:51 version:1 expiration:{Time:{wall:563513000 ext:63745360188 loc:<nil>}}}›
I210104 12:25:55.707057 354 sql/sqlliveness/slstorage/slstorage.go:342 ⋮ [n1] inserted sqlliveness session ‹5e18c6e9ef3f47cbb5ba91b668725582›
I210104 12:25:55.707090 354 sql/sqlliveness/slinstance/slinstance.go:143 ⋮ [n1] created new SQL liveness session ‹5e18c6e9ef3f47cbb5ba91b668725582›
I210104 12:25:55.711316 352 sql/event_log.go:162 ⋮ [n1] Event: ‹"node_restart"›, target: 1, info: ‹{Descriptor:{NodeID:1 Address:79113c681aa8:26257 Attrs: Locality: ServerVersion:20.2 BuildTag:v20.2.3 StartedAt:1609763155623833017 LocalityAddress:[] ClusterName: SQLAddress:79113c681aa8:26257} ClusterID:96dd4b31-a868-4727-9dc0-96ec7dfd7219 StartedAt:1609763155623833017 LastUp:1609763144003333116}›
I210104 12:25:57.635898 173 gossip/gossip.go:1508 ⋮ [n1] node has connected to cluster via gossip
I210104 12:25:57.636816 173 kv/kvserver/stores.go:255 ⋮ [n1] wrote 0 node addresses to persistent storage
I210104 12:26:05.628736 73 server/status/runtime.go:522 ⋮ [n1] runtime stats: 171 MiB RSS, 207 goroutines, 21 MiB/34 MiB/45 MiB GO alloc/idle/total, 8.1 MiB/10 MiB CGO alloc/total, 0.0 CGO/sec, 0.0/0.0 %(u/s)time, 0.0 %gc (24x), 62 KiB/55 KiB (r/w)net
I210104 12:26:13.984925 955 sql/event_log.go:162 ⋮ [n1,client=‹127.0.0.1:41250›,hostnossl,user=root] Event: ‹"create_database"›, target: 53, info: ‹{DatabaseName:cockroachdb Statement:CREATE DATABASE cockroachdb User:root}›
I210104 12:26:15.629794 73 server/status/runtime.go:522 ⋮ [n1] runtime stats: 171 MiB RSS, 207 goroutines, 31 MiB/25 MiB/45 MiB GO alloc/idle/total, 8.1 MiB/10 MiB CGO alloc/total, 0.1 CGO/sec, 1.2/0.9 %(u/s)time, 0.0 %gc (0x), 1.4 KiB/1.3 KiB (r/w)net
I210104 12:26:15.630089 68 kv/kvserver/store.go:2638 ⋮ [n1,s1] sstables (read amplification = 1):
‹6 [ 119K 1 ]: 119K›
I210104 12:26:15.630432 68 kv/kvserver/store.go:2639 ⋮ [n1,s1] ‹›
‹__level_____count____size___score______in__ingest(sz_cnt)____move(sz_cnt)___write(sz_cnt)____read___r-amp___w-amp›
‹    WAL         2   544 K       -   542 K       -       -       -       -   544 K       -       -       -     1.0›
‹      0         0     0 B    0.00     0 B     0 B       0     0 B       0     0 B       0     0 B       0     0.0›
‹      1         0     0 B    0.00     0 B     0 B       0     0 B       0     0 B       0     0 B       0     0.0›
‹      2         0     0 B    0.00     0 B     0 B       0     0 B       0     0 B       0     0 B       0     0.0›
‹      3         0     0 B    0.00     0 B     0 B       0     0 B       0     0 B       0     0 B       0     0.0›
‹      4         0     0 B    0.00     0 B     0 B       0     0 B       0     0 B       0     0 B       0     0.0›
‹      5         0     0 B    0.00     0 B     0 B       0     0 B       0     0 B       0     0 B       0     0.0›
‹      6         1   119 K       -   112 K     0 B       0     0 B       0   119 K       1   215 K       1     1.1›
‹  total         1   119 K       -   544 K     0 B       0     0 B       0   663 K       1   215 K       1     1.2›
‹  flush         0›
‹compact         1     0 B          (size == estimated-debt)›
‹ memtbl         2   4.3 M›
‹zmemtbl         0     0 B›
‹   ztbl         0     0 B›
‹ bcache        12   372 K   98.8%  (score == hit-rate)›
‹ tcache         1   616 B   99.8%  (score == hit-rate)›
‹ titers         0›
‹ filter         -       -   78.3%  (score == utility)›
I210104 12:26:25.630114 73 server/status/runtime.go:522 ⋮ [n1] runtime stats: 173 MiB RSS, 207 goroutines, 26 MiB/28 MiB/47 MiB GO alloc/idle/total, 8.1 MiB/10 MiB CGO alloc/total, 0.1 CGO/sec, 1.4/1.0 %(u/s)time, 0.0 %gc (1x), 70 B/0 B (r/w)net
I210104 12:26:35.630083 73 server/status/runtime.go:522 ⋮ [n1] runtime stats: 178 MiB RSS, 217 goroutines, 20 MiB/33 MiB/50 MiB GO alloc/idle/total, 8.1 MiB/10 MiB CGO alloc/total, 0.3 CGO/sec, 1.7/1.1 %(u/s)time, 0.0 %gc (1x), 6.0 KiB/5.5 KiB (r/w)net
I210104 12:26:36.259482 353 sql/sqlliveness/slstorage/slstorage.go:320 ⋮ [n1] deleted 1 expired SQL liveness sessions
I210104 12:26:45.629362 73 server/status/runtime.go:522 ⋮ [n1] runtime stats: 178 MiB RSS, 217 goroutines, 28 MiB/27 MiB/50 MiB GO alloc/idle/total, 8.1 MiB/10 MiB CGO alloc/total, 0.1 CGO/sec, 1.5/0.8 %(u/s)time, 0.0 %gc (0x), 1.7 KiB/1.7 KiB (r/w)net
I210104 12:26:55.628326 69 gossip/gossip.go:568 ⋮ [n1] gossip status (ok, 1 node‹›)
gossip client (0/3 cur/max conns)
gossip server (0/3 cur/max conns, infos 0/0 sent/received, bytes 0B/0B sent/received)
gossip connectivity
  n1 [sentinel];
I210104 12:26:55.630498 73 server/status/runtime.go:522 ⋮ [n1] runtime stats: 178 MiB RSS, 215 goroutines, 35 MiB/20 MiB/50 MiB GO alloc/idle/total, 8.1 MiB/10 MiB CGO alloc/total, 0.1 CGO/sec, 0.9/0.6 %(u/s)time, 0.0 %gc (0x), 2.1 KiB/2.1 KiB (r/w)net
I210104 12:26:55.714833 1864 jobs/registry.go:1103 ⋮ [n1] AUTO CREATE STATS job 621585418514137089: stepping through state running with error: <nil>
I210104 12:26:55.746108 1864 jobs/registry.go:1103 ⋮ [n1] AUTO CREATE STATS job 621585418514137089: stepping through state succeeded with error: <nil>
I210104 12:26:59.261762 1 cli/start.go:733 ⋮ received signal 'terminated'
I210104 12:26:59.262549 1 cli/start.go:817 ⋮ initiating graceful shutdown of server
I210104 12:26:59.272199 1800 server/drain.go:175 ⋮ [server drain process] drain remaining: 4
I210104 12:26:59.272981 1800 server/drain.go:177 ⋮ [server drain process] drain details: descriptor leases: 3, liveness record: 1
I210104 12:26:59.477026 1800 server/drain.go:175 ⋮ [server drain process] drain remaining: 0
I210104 12:26:59.477692 1800 util/stop/stopper.go:563 ⋮ [server drain process] quiescing
W210104 12:26:59.478336 354 sql/sqlliveness/slinstance/slinstance.go:182 ⋮ [n1] exiting heartbeat loop
W210104 12:26:59.478452 365 jobs/registry.go:672 ⋮ canceling all adopted jobs due to stopper quiescing
I210104 12:26:59.481507 1 cli/start.go:869 ⋮ server drained and shutdown completed
