I210105 07:12:06.283932 1 util/log/sync_buffer.go:195 ⋮ [config] file created at: 2021/01/05 07:12:06
I210105 07:12:06.283937 1 util/log/sync_buffer.go:195 ⋮ [config] running on machine: ‹eb03ec125d72›
I210105 07:12:06.283941 1 util/log/sync_buffer.go:195 ⋮ [config] binary: CockroachDB CCL v20.2.3 (x86_64-unknown-linux-gnu, built 2020/12/14 18:33:39, go1.13.14)
I210105 07:12:06.283945 1 util/log/sync_buffer.go:195 ⋮ [config] arguments: ‹[/cockroach/cockroach start-single-node --insecure]›
I210105 07:12:06.283949 1 util/log/sync_buffer.go:195 ⋮ [config] line format: [IWEF]yymmdd hh:mm:ss.uuuuuu goid file:line msg utf8=✓
W210105 07:12:06.283869 1 cli/start.go:1139 ⋮ ALL SECURITY CONTROLS HAVE BEEN DISABLED!

This mode is intended for non-production testing only.

In this mode:
- Your cluster is open to any client that can access ‹any of your IP addresses›.
- Intruders with access to your machine or network can observe client-server traffic.
- Intruders can log in without password and read or write any data in the cluster.
- Intruders can consume all your server's resources and cause unavailability.
I210105 07:12:06.284002 1 cli/start.go:1149 ⋮ To start a secure server without mandating TLS for clients,
consider --accept-sql-without-tls instead. For other options, see:

- ‹https://go.crdb.dev/issue-v/53404/v20.2›
- https://www.cockroachlabs.com/docs/v20.2/secure-a-cluster.html
I210105 07:12:06.284211 1 server/status/recorder.go:605 ⋮ ‹available memory from cgroups (8.0 EiB) is unsupported, using system memory 31 GiB instead:›
W210105 07:12:06.284223 1 cli/start.go:983 ⋮ ‹Using the default setting for --cache (128 MiB).›
‹  A significantly larger value is usually needed for good performance.›
‹  If you have a dedicated server a reasonable setting is --cache=.25 (7.8 GiB).›
I210105 07:12:06.284357 1 server/status/recorder.go:605 ⋮ ‹available memory from cgroups (8.0 EiB) is unsupported, using system memory 31 GiB instead:›
I210105 07:12:06.284364 1 cli/start.go:1164 ⋮ ‹CockroachDB CCL v20.2.3 (x86_64-unknown-linux-gnu, built 2020/12/14 18:33:39, go1.13.14)›
I210105 07:12:06.285609 1 server/status/recorder.go:605 ⋮ ‹available memory from cgroups (8.0 EiB) is unsupported, using system memory 31 GiB instead:›
I210105 07:12:06.285618 1 server/config.go:434 ⋮ system total memory: ‹31 GiB›
I210105 07:12:06.285742 1 server/config.go:436 ⋮ server configuration:
‹max offset             500000000›
‹cache size             128 MiB›
‹SQL memory pool size   7.8 GiB›
‹scan interval          10m0s›
‹scan min idle time     10ms›
‹scan max idle time     1s›
‹event log enabled      true›
I210105 07:12:06.285772 1 cli/start.go:961 ⋮ using local environment variables: ‹COCKROACH_CHANNEL=official-docker›
I210105 07:12:06.285782 1 cli/start.go:968 ⋮ process identity: ‹uid 0 euid 0 gid 0 egid 0›
I210105 07:12:06.287167 1 cli/start.go:502 ⋮ could not initialize GEOS - spatial functions may not be available: geos: error during GEOS init: geos: cannot load GEOS from dir ‹"/usr/local/lib/cockroach"›: ‹geos error: /usr/local/lib/cockroach/libgeos.so: cannot open shared object file: No such file or directory›
I210105 07:12:06.287201 1 cli/start.go:509 ⋮ starting cockroach node
I210105 07:12:06.309693 11 server/server.go:782 ⋮ [n?] monitoring forward clock jumps based on server.clock.forward_jump_check_enabled
I210105 07:12:06.340578 11 server/config.go:625 ⋮ [n?] 1 storage engine‹› initialized
I210105 07:12:06.340598 11 server/config.go:628 ⋮ [n?] ‹Pebble cache size: 128 MiB›
I210105 07:12:06.340606 11 server/config.go:628 ⋮ [n?] ‹store 0: RocksDB, max size 0 B, max open file limit 1043576›
W210105 07:12:06.343171 11 cli/start.go:907 ⋮ neither --listen-addr nor --advertise-addr was specified.
The server will advertise ‹"eb03ec125d72"› to other nodes, is this routable?

Consider using:
- for local-only servers:  --listen-addr=localhost
- for multi-node clusters: --advertise-addr=<host/IP addr>
I210105 07:12:06.343370 63 server/server.go:1416 ⋮ [n?] connecting to gossip network to verify cluster ID ‹"96dd4b31-a868-4727-9dc0-96ec7dfd7219"›
I210105 07:12:06.346061 11 gossip/gossip.go:403 ⋮ [n1] NodeDescriptor set to ‹node_id:1 address:<network_field:"tcp" address_field:"eb03ec125d72:26257" > attrs:<> locality:<> ServerVersion:<major_val:20 minor_val:2 patch:0 unstable:0 > build_tag:"v20.2.3" started_at:1609830726346056813 cluster_name:"" sql_address:<network_field:"tcp" address_field:"eb03ec125d72:26257" >›
I210105 07:12:06.353881 63 server/server.go:1419 ⋮ [n1] node connected via gossip
W210105 07:12:06.353783 11 kv/kvserver/replica_range_lease.go:555 ⋮ [n1,s1,r4/1:‹/System{/tsd-tse}›] can't determine lease status of (n1,s1):1 due to node liveness error: node not in the liveness table
(1) attached stack trace
  -- stack trace:
  | github.com/cockroachdb/cockroach/pkg/kv/kvserver.init
  | 	/go/src/github.com/cockroachdb/cockroach/pkg/kv/kvserver/node_liveness.go:45
  | runtime.doInit
  | 	/usr/local/go/src/runtime/proc.go:5228
  | runtime.doInit
  | 	/usr/local/go/src/runtime/proc.go:5223
  | runtime.doInit
  | 	/usr/local/go/src/runtime/proc.go:5223
  | runtime.doInit
  | 	/usr/local/go/src/runtime/proc.go:5223
  | runtime.doInit
  | 	/usr/local/go/src/runtime/proc.go:5223
  | runtime.main
  | 	/usr/local/go/src/runtime/proc.go:190
  | runtime.goexit
  | 	/usr/local/go/src/runtime/asm_amd64.s:1357
Wraps: (2) node not in the liveness table
Error types: (1) *withstack.withStack (2) *errutil.leafError
W210105 07:12:06.354013 233 kv/kvserver/store.go:1704 ⋮ [n1,s1,r6/1:‹/Table/{SystemCon…-11}›] could not gossip system config: ‹[NotLeaseHolderError] r6: replica (n1,s1):1 not lease holder; lease holder unknown›
(1) ‹[NotLeaseHolderError] r6: replica (n1,s1):1 not lease holder; lease holder unknown›
Error types: (1) *roachpb.NotLeaseHolderError
I210105 07:12:06.354879 11 server/node.go:430 ⋮ [n1] initialized store [n1,s1]: disk (capacity=194 GiB, available=162 GiB, used=1.9 MiB, logicalBytes=4.1 MiB), ranges=38, leases=0, queries=0.00, writes=0.00, bytesPerReplica={p10=0.00 p25=0.00 p50=95.00 p75=1758.00 p90=15654.00 pMax=4159820.00}, writesPerReplica={p10=0.00 p25=0.00 p50=0.00 p75=0.00 p90=0.00 pMax=0.00}
I210105 07:12:06.355220 11 kv/kvserver/stores.go:236 ⋮ [n1] read 0 node addresses from persistent storage
I210105 07:12:06.356147 11 server/node.go:489 ⋮ [n1] started with engine type ‹2›
I210105 07:12:06.356176 11 server/node.go:491 ⋮ [n1] started with attributes ‹[]›
I210105 07:12:06.356221 11 server/goroutinedumper/goroutinedumper.go:120 ⋮ [n1] writing goroutine dumps to ‹/cockroach/cockroach-data/logs/goroutine_dump›
I210105 07:12:06.356239 11 server/heapprofiler/heapprofiler.go:49 ⋮ [n1] writing go heap profiles to ‹/cockroach/cockroach-data/logs/heap_profiler› at least every 1h0m0s
I210105 07:12:06.356255 11 server/heapprofiler/cgoprofiler.go:53 ⋮ [n1] to enable jmalloc profiling: "export MALLOC_CONF=prof:true" or "ln -s prof:true /etc/malloc.conf"
I210105 07:12:06.356264 11 server/heapprofiler/statsprofiler.go:54 ⋮ [n1] writing memory stats to ‹/cockroach/cockroach-data/logs/heap_profiler› at last every 1h0m0s
I210105 07:12:06.356278 11 server/server.go:1536 ⋮ [n1] starting http server at ‹[::]:8080› (use: ‹eb03ec125d72:8080›)
I210105 07:12:06.356297 11 server/server.go:1543 ⋮ [n1] starting grpc/postgres server at ‹[::]:26257›
I210105 07:12:06.356313 11 server/server.go:1544 ⋮ [n1] advertising CockroachDB node at ‹eb03ec125d72:26257›
I210105 07:12:06.370119 11 sql/sqlliveness/slinstance/slinstance.go:252 ⋮ [n1] starting SQL liveness instance
I210105 07:12:06.370675 11 server/server_sql.go:753 ⋮ [n1] done ensuring all necessary migrations have run
I210105 07:12:06.370698 11 server/server.go:1876 ⋮ [n1] serving sql connections
I210105 07:12:06.370874 11 cli/start.go:670 ⋮ [config] clusterID: ‹96dd4b31-a868-4727-9dc0-96ec7dfd7219›
I210105 07:12:06.370921 11 cli/start.go:680 ⋮ node startup completed:
CockroachDB node starting at 2021-01-05 07:12:06.370772288 +0000 UTC (took 0.1s)
build:               CCL v20.2.3 @ 2020/12/14 18:33:39 (go1.13.14)
webui:               ‹http://eb03ec125d72:8080›
sql:                 ‹postgresql://root@eb03ec125d72:26257?sslmode=disable›
RPC client flags:    ‹/cockroach/cockroach <client cmd> --host=eb03ec125d72:26257 --insecure›
logs:                ‹/cockroach/cockroach-data/logs›
temp dir:            ‹/cockroach/cockroach-data/cockroach-temp782017767›
external I/O path:   ‹/cockroach/cockroach-data/extern›
store[0]:            ‹path=/cockroach/cockroach-data›
storage engine:      pebble
status:              restarted pre-existing node
clusterID:           ‹96dd4b31-a868-4727-9dc0-96ec7dfd7219›
nodeID:              1
I210105 07:12:06.371982 284 jobs/job_scheduler.go:346 ⋮ [n1] waiting 3m0s before scheduled jobs daemon start
I210105 07:12:06.372068 78 sql/temporary_schema.go:497 ⋮ [n1] running temporary object cleanup background job
I210105 07:12:06.387034 78 sql/temporary_schema.go:532 ⋮ [n1] found 0 temporary schemas
I210105 07:12:06.387063 78 sql/temporary_schema.go:535 ⋮ [n1] early exiting temporary schema cleaner as no temporary schemas were found
I210105 07:12:06.387075 78 sql/temporary_schema.go:536 ⋮ [n1] completed temporary object cleanup job
I210105 07:12:06.387085 78 sql/temporary_schema.go:614 ⋮ [n1] temporary object cleaner next scheduled to run at 2021-01-05 07:42:06.3718617 +0000 UTC
I210105 07:12:06.389534 285 server/server_update.go:55 ⋮ [n1] no need to upgrade, cluster already at the newest version
I210105 07:12:06.396652 405 sql/catalog/lease/lease.go:2115 ⋮ released orphaned lease: ‹{id:53 version:1 expiration:{Time:{wall:667496000 ext:63745366673 loc:<nil>}}}›
I210105 07:12:06.396675 406 sql/catalog/lease/lease.go:2115 ⋮ released orphaned lease: ‹{id:54 version:1 expiration:{Time:{wall:644278000 ext:63745366671 loc:<nil>}}}›
I210105 07:12:06.397273 76 sql/sqlliveness/slstorage/slstorage.go:342 ⋮ [n1] inserted sqlliveness session ‹1129946a494a4b6599d8683b0ba1436f›
I210105 07:12:06.397299 76 sql/sqlliveness/slinstance/slinstance.go:143 ⋮ [n1] created new SQL liveness session ‹1129946a494a4b6599d8683b0ba1436f›
I210105 07:12:06.399242 74 sql/event_log.go:162 ⋮ [n1] Event: ‹"node_restart"›, target: 1, info: ‹{Descriptor:{NodeID:1 Address:eb03ec125d72:26257 Attrs: Locality: ServerVersion:20.2 BuildTag:v20.2.3 StartedAt:1609830726346056813 LocalityAddress:[] ClusterName: SQLAddress:eb03ec125d72:26257} ClusterID:96dd4b31-a868-4727-9dc0-96ec7dfd7219 StartedAt:1609830726346056813 LastUp:1609769639606353961}›
I210105 07:12:08.522563 178 gossip/gossip.go:1508 ⋮ [n1] node has connected to cluster via gossip
I210105 07:12:08.523529 178 kv/kvserver/stores.go:255 ⋮ [n1] wrote 0 node addresses to persistent storage
I210105 07:12:16.357958 93 server/status/runtime.go:522 ⋮ [n1] runtime stats: 188 MiB RSS, 205 goroutines, 20 MiB/36 MiB/44 MiB GO alloc/idle/total, 8.8 MiB/13 MiB CGO alloc/total, 0.0 CGO/sec, 0.0/0.0 %(u/s)time, 0.0 %gc (25x), 32 KiB/31 KiB (r/w)net
I210105 07:12:26.357259 93 server/status/runtime.go:522 ⋮ [n1] runtime stats: 189 MiB RSS, 205 goroutines, 30 MiB/27 MiB/44 MiB GO alloc/idle/total, 8.8 MiB/13 MiB CGO alloc/total, 0.1 CGO/sec, 0.8/1.2 %(u/s)time, 0.0 %gc (0x), 70 B/0 B (r/w)net
I210105 07:12:26.357414 88 kv/kvserver/store.go:2638 ⋮ [n1,s1] sstables (read amplification = 1):
‹6 [ 275K 1 ]: 275K›
I210105 07:12:26.357548 88 kv/kvserver/store.go:2639 ⋮ [n1,s1] ‹›
‹__level_____count____size___score______in__ingest(sz_cnt)____move(sz_cnt)___write(sz_cnt)____read___r-amp___w-amp›
‹    WAL         2   528 K       -   526 K       -       -       -       -   528 K       -       -       -     1.0›
‹      0         0     0 B    0.00     0 B     0 B       0     0 B       0     0 B       0     0 B       0     0.0›
‹      1         0     0 B    0.00     0 B     0 B       0     0 B       0     0 B       0     0 B       0     0.0›
‹      2         0     0 B    0.00     0 B     0 B       0     0 B       0     0 B       0     0 B       0     0.0›
‹      3         0     0 B    0.00     0 B     0 B       0     0 B       0     0 B       0     0 B       0     0.0›
‹      4         0     0 B    0.00     0 B     0 B       0     0 B       0     0 B       0     0 B       0     0.0›
‹      5         0     0 B    0.00     0 B     0 B       0     0 B       0     0 B       0     0 B       0     0.0›
‹      6         1   275 K       -   116 K     0 B       0     0 B       0   275 K       1   406 K       1     2.4›
‹  total         1   275 K       -   528 K     0 B       0     0 B       0   803 K       1   406 K       1     1.5›
‹  flush         0›
‹compact         1     0 B          (size == estimated-debt)›
‹ memtbl         2   4.3 M›
‹zmemtbl         0     0 B›
‹   ztbl         0     0 B›
‹ bcache        16   488 K   97.8%  (score == hit-rate)›
‹ tcache         1   616 B   99.8%  (score == hit-rate)›
‹ titers         0›
‹ filter         -       -   74.5%  (score == utility)›
I210105 07:12:28.130327 75 sql/sqlliveness/slstorage/slstorage.go:320 ⋮ [n1] deleted 1 expired SQL liveness sessions
