I210104 13:39:13.720032 1 util/log/sync_buffer.go:195 ⋮ [config] file created at: 2021/01/04 13:39:13
I210104 13:39:13.720039 1 util/log/sync_buffer.go:195 ⋮ [config] running on machine: ‹a9f3992f07f9›
I210104 13:39:13.720044 1 util/log/sync_buffer.go:195 ⋮ [config] binary: CockroachDB CCL v20.2.3 (x86_64-unknown-linux-gnu, built 2020/12/14 18:33:39, go1.13.14)
I210104 13:39:13.720049 1 util/log/sync_buffer.go:195 ⋮ [config] arguments: ‹[/cockroach/cockroach start-single-node --insecure]›
I210104 13:39:13.720056 1 util/log/sync_buffer.go:195 ⋮ [config] line format: [IWEF]yymmdd hh:mm:ss.uuuuuu goid file:line msg utf8=✓
W210104 13:39:13.719959 1 cli/start.go:1139 ⋮ ALL SECURITY CONTROLS HAVE BEEN DISABLED!

This mode is intended for non-production testing only.

In this mode:
- Your cluster is open to any client that can access ‹any of your IP addresses›.
- Intruders with access to your machine or network can observe client-server traffic.
- Intruders can log in without password and read or write any data in the cluster.
- Intruders can consume all your server's resources and cause unavailability.
I210104 13:39:13.720125 1 cli/start.go:1149 ⋮ To start a secure server without mandating TLS for clients,
consider --accept-sql-without-tls instead. For other options, see:

- ‹https://go.crdb.dev/issue-v/53404/v20.2›
- https://www.cockroachlabs.com/docs/v20.2/secure-a-cluster.html
I210104 13:39:13.720384 1 server/status/recorder.go:605 ⋮ ‹available memory from cgroups (8.0 EiB) is unsupported, using system memory 31 GiB instead:›
W210104 13:39:13.720403 1 cli/start.go:983 ⋮ ‹Using the default setting for --cache (128 MiB).›
‹  A significantly larger value is usually needed for good performance.›
‹  If you have a dedicated server a reasonable setting is --cache=.25 (7.8 GiB).›
I210104 13:39:13.720583 1 server/status/recorder.go:605 ⋮ ‹available memory from cgroups (8.0 EiB) is unsupported, using system memory 31 GiB instead:›
I210104 13:39:13.720594 1 cli/start.go:1164 ⋮ ‹CockroachDB CCL v20.2.3 (x86_64-unknown-linux-gnu, built 2020/12/14 18:33:39, go1.13.14)›
I210104 13:39:13.721251 1 server/status/recorder.go:605 ⋮ ‹available memory from cgroups (8.0 EiB) is unsupported, using system memory 31 GiB instead:›
I210104 13:39:13.721263 1 server/config.go:434 ⋮ system total memory: ‹31 GiB›
I210104 13:39:13.721276 1 server/config.go:436 ⋮ server configuration:
‹max offset             500000000›
‹cache size             128 MiB›
‹SQL memory pool size   7.8 GiB›
‹scan interval          10m0s›
‹scan min idle time     10ms›
‹scan max idle time     1s›
‹event log enabled      true›
I210104 13:39:13.721317 1 cli/start.go:961 ⋮ using local environment variables: ‹COCKROACH_CHANNEL=official-docker›
I210104 13:39:13.721330 1 cli/start.go:968 ⋮ process identity: ‹uid 0 euid 0 gid 0 egid 0›
I210104 13:39:13.721495 1 cli/start.go:502 ⋮ could not initialize GEOS - spatial functions may not be available: geos: error during GEOS init: geos: cannot load GEOS from dir ‹"/usr/local/lib/cockroach"›: ‹geos error: /usr/local/lib/cockroach/libgeos.so: cannot open shared object file: No such file or directory›
I210104 13:39:13.721539 1 cli/start.go:509 ⋮ starting cockroach node
I210104 13:39:13.733320 56 server/server.go:782 ⋮ [n?] monitoring forward clock jumps based on server.clock.forward_jump_check_enabled
I210104 13:39:13.760721 56 server/config.go:625 ⋮ [n?] 1 storage engine‹› initialized
I210104 13:39:13.760746 56 server/config.go:628 ⋮ [n?] ‹Pebble cache size: 128 MiB›
I210104 13:39:13.760757 56 server/config.go:628 ⋮ [n?] ‹store 0: RocksDB, max size 0 B, max open file limit 1043576›
W210104 13:39:13.763458 56 cli/start.go:907 ⋮ neither --listen-addr nor --advertise-addr was specified.
The server will advertise ‹"a9f3992f07f9"› to other nodes, is this routable?

Consider using:
- for local-only servers:  --listen-addr=localhost
- for multi-node clusters: --advertise-addr=<host/IP addr>
I210104 13:39:13.763580 69 server/server.go:1416 ⋮ [n?] connecting to gossip network to verify cluster ID ‹"96dd4b31-a868-4727-9dc0-96ec7dfd7219"›
I210104 13:39:13.771522 56 gossip/gossip.go:403 ⋮ [n1] NodeDescriptor set to ‹node_id:1 address:<network_field:"tcp" address_field:"a9f3992f07f9:26257" > attrs:<> locality:<> ServerVersion:<major_val:20 minor_val:2 patch:0 unstable:0 > build_tag:"v20.2.3" started_at:1609767553771516001 cluster_name:"" sql_address:<network_field:"tcp" address_field:"a9f3992f07f9:26257" >›
W210104 13:39:13.776052 203 kv/kvserver/replica_range_lease.go:555 ⋮ [n1,s1,r6/1:‹/Table/{SystemCon…-11}›] can't determine lease status of (n1,s1):1 due to node liveness error: node not in the liveness table
(1) attached stack trace
  -- stack trace:
  | github.com/cockroachdb/cockroach/pkg/kv/kvserver.init
  | 	/go/src/github.com/cockroachdb/cockroach/pkg/kv/kvserver/node_liveness.go:45
  | runtime.doInit
  | 	/usr/local/go/src/runtime/proc.go:5228
  | runtime.doInit
  | 	/usr/local/go/src/runtime/proc.go:5223
  | runtime.doInit
  | 	/usr/local/go/src/runtime/proc.go:5223
  | runtime.doInit
  | 	/usr/local/go/src/runtime/proc.go:5223
  | runtime.doInit
  | 	/usr/local/go/src/runtime/proc.go:5223
  | runtime.main
  | 	/usr/local/go/src/runtime/proc.go:190
  | runtime.goexit
  | 	/usr/local/go/src/runtime/asm_amd64.s:1357
Wraps: (2) node not in the liveness table
Error types: (1) *withstack.withStack (2) *errutil.leafError
W210104 13:39:13.776151 203 kv/kvserver/store.go:1704 ⋮ [n1,s1,r6/1:‹/Table/{SystemCon…-11}›] could not gossip system config: ‹[NotLeaseHolderError] r6: replica (n1,s1):1 not lease holder; lease holder unknown›
(1) ‹[NotLeaseHolderError] r6: replica (n1,s1):1 not lease holder; lease holder unknown›
Error types: (1) *roachpb.NotLeaseHolderError
I210104 13:39:13.776355 56 server/node.go:430 ⋮ [n1] initialized store [n1,s1]: disk (capacity=194 GiB, available=162 GiB, used=1.4 MiB, logicalBytes=2.9 MiB), ranges=38, leases=0, queries=0.00, writes=0.00, bytesPerReplica={p10=0.00 p25=0.00 p50=95.00 p75=1758.00 p90=9961.00 pMax=2904546.00}, writesPerReplica={p10=0.00 p25=0.00 p50=0.00 p75=0.00 p90=0.00 pMax=0.00}
I210104 13:39:13.776395 69 server/server.go:1419 ⋮ [n1] node connected via gossip
I210104 13:39:13.776442 56 kv/kvserver/stores.go:236 ⋮ [n1] read 0 node addresses from persistent storage
I210104 13:39:13.777650 56 server/node.go:489 ⋮ [n1] started with engine type ‹2›
I210104 13:39:13.777696 56 server/node.go:491 ⋮ [n1] started with attributes ‹[]›
I210104 13:39:13.777737 56 server/goroutinedumper/goroutinedumper.go:120 ⋮ [n1] writing goroutine dumps to ‹/cockroach/cockroach-data/logs/goroutine_dump›
I210104 13:39:13.777753 56 server/heapprofiler/heapprofiler.go:49 ⋮ [n1] writing go heap profiles to ‹/cockroach/cockroach-data/logs/heap_profiler› at least every 1h0m0s
I210104 13:39:13.777765 56 server/heapprofiler/cgoprofiler.go:53 ⋮ [n1] to enable jmalloc profiling: "export MALLOC_CONF=prof:true" or "ln -s prof:true /etc/malloc.conf"
I210104 13:39:13.777773 56 server/heapprofiler/statsprofiler.go:54 ⋮ [n1] writing memory stats to ‹/cockroach/cockroach-data/logs/heap_profiler› at last every 1h0m0s
I210104 13:39:13.777784 56 server/server.go:1536 ⋮ [n1] starting http server at ‹[::]:8080› (use: ‹a9f3992f07f9:8080›)
I210104 13:39:13.777800 56 server/server.go:1543 ⋮ [n1] starting grpc/postgres server at ‹[::]:26257›
I210104 13:39:13.777814 56 server/server.go:1544 ⋮ [n1] advertising CockroachDB node at ‹a9f3992f07f9:26257›
I210104 13:39:13.792806 56 sql/sqlliveness/slinstance/slinstance.go:252 ⋮ [n1] starting SQL liveness instance
I210104 13:39:13.793511 56 server/server_sql.go:753 ⋮ [n1] done ensuring all necessary migrations have run
I210104 13:39:13.793526 56 server/server.go:1876 ⋮ [n1] serving sql connections
I210104 13:39:13.793590 289 jobs/job_scheduler.go:346 ⋮ [n1] waiting 4m0s before scheduled jobs daemon start
I210104 13:39:13.793611 56 cli/start.go:670 ⋮ [config] clusterID: ‹96dd4b31-a868-4727-9dc0-96ec7dfd7219›
I210104 13:39:13.793636 275 sql/temporary_schema.go:497 ⋮ [n1] running temporary object cleanup background job
I210104 13:39:13.793636 56 cli/start.go:680 ⋮ node startup completed:
CockroachDB node starting at 2021-01-04 13:39:13.79356286 +0000 UTC (took 0.1s)
build:               CCL v20.2.3 @ 2020/12/14 18:33:39 (go1.13.14)
webui:               ‹http://a9f3992f07f9:8080›
sql:                 ‹postgresql://root@a9f3992f07f9:26257?sslmode=disable›
RPC client flags:    ‹/cockroach/cockroach <client cmd> --host=a9f3992f07f9:26257 --insecure›
logs:                ‹/cockroach/cockroach-data/logs›
temp dir:            ‹/cockroach/cockroach-data/cockroach-temp341533859›
external I/O path:   ‹/cockroach/cockroach-data/extern›
store[0]:            ‹path=/cockroach/cockroach-data›
storage engine:      pebble
status:              restarted pre-existing node
clusterID:           ‹96dd4b31-a868-4727-9dc0-96ec7dfd7219›
nodeID:              1
I210104 13:39:13.800779 275 sql/temporary_schema.go:532 ⋮ [n1] found 0 temporary schemas
I210104 13:39:13.800802 275 sql/temporary_schema.go:535 ⋮ [n1] early exiting temporary schema cleaner as no temporary schemas were found
I210104 13:39:13.800811 275 sql/temporary_schema.go:536 ⋮ [n1] completed temporary object cleanup job
I210104 13:39:13.800818 275 sql/temporary_schema.go:614 ⋮ [n1] temporary object cleaner next scheduled to run at 2021-01-04 14:09:13.793419997 +0000 UTC
I210104 13:39:13.802007 290 server/server_update.go:55 ⋮ [n1] no need to upgrade, cluster already at the newest version
I210104 13:39:13.808454 233 sql/catalog/lease/lease.go:2115 ⋮ released orphaned lease: ‹{id:54 version:1 expiration:{Time:{wall:330520000 ext:63745364414 loc:<nil>}}}›
I210104 13:39:13.808467 232 sql/catalog/lease/lease.go:2115 ⋮ released orphaned lease: ‹{id:53 version:1 expiration:{Time:{wall:257279000 ext:63745364417 loc:<nil>}}}›
I210104 13:39:13.810837 127 sql/event_log.go:162 ⋮ [n1] Event: ‹"node_restart"›, target: 1, info: ‹{Descriptor:{NodeID:1 Address:a9f3992f07f9:26257 Attrs: Locality: ServerVersion:20.2 BuildTag:v20.2.3 StartedAt:1609767553771516001 LocalityAddress:[] ClusterName: SQLAddress:a9f3992f07f9:26257} ClusterID:96dd4b31-a868-4727-9dc0-96ec7dfd7219 StartedAt:1609767553771516001 LastUp:1609767360540266827}›
I210104 13:39:13.811481 129 sql/sqlliveness/slstorage/slstorage.go:342 ⋮ [n1] inserted sqlliveness session ‹d00b4d9c9d6149e689d4506478085988›
I210104 13:39:13.811500 129 sql/sqlliveness/slinstance/slinstance.go:143 ⋮ [n1] created new SQL liveness session ‹d00b4d9c9d6149e689d4506478085988›
I210104 13:39:15.824769 72 gossip/gossip.go:1508 ⋮ [n1] node has connected to cluster via gossip
I210104 13:39:15.825646 72 kv/kvserver/stores.go:255 ⋮ [n1] wrote 0 node addresses to persistent storage
I210104 13:39:23.778342 226 server/status/runtime.go:522 ⋮ [n1] runtime stats: 177 MiB RSS, 205 goroutines, 25 MiB/32 MiB/44 MiB GO alloc/idle/total, 8.5 MiB/12 MiB CGO alloc/total, 0.0 CGO/sec, 0.0/0.0 %(u/s)time, 0.0 %gc (24x), 34 KiB/31 KiB (r/w)net
I210104 13:39:33.779573 226 server/status/runtime.go:522 ⋮ [n1] runtime stats: 177 MiB RSS, 205 goroutines, 22 MiB/33 MiB/44 MiB GO alloc/idle/total, 8.6 MiB/12 MiB CGO alloc/total, 0.9 CGO/sec, 1.2/0.4 %(u/s)time, 0.0 %gc (1x), 234 B/0 B (r/w)net
I210104 13:39:33.780175 221 kv/kvserver/store.go:2638 ⋮ [n1,s1] sstables (read amplification = 1):
‹6 [ 236K 1 ]: 236K›
I210104 13:39:33.780524 221 kv/kvserver/store.go:2639 ⋮ [n1,s1] ‹›
‹__level_____count____size___score______in__ingest(sz_cnt)____move(sz_cnt)___write(sz_cnt)____read___r-amp___w-amp›
‹    WAL         2   533 K       -   531 K       -       -       -       -   533 K       -       -       -     1.0›
‹      0         0     0 B    0.00     0 B     0 B       0     0 B       0     0 B       0     0 B       0     0.0›
‹      1         0     0 B    0.00     0 B     0 B       0     0 B       0     0 B       0     0 B       0     0.0›
‹      2         0     0 B    0.00     0 B     0 B       0     0 B       0     0 B       0     0 B       0     0.0›
‹      3         0     0 B    0.00     0 B     0 B       0     0 B       0     0 B       0     0 B       0     0.0›
‹      4         0     0 B    0.00     0 B     0 B       0     0 B       0     0 B       0     0 B       0     0.0›
‹      5         0     0 B    0.00     0 B     0 B       0     0 B       0     0 B       0     0 B       0     0.0›
‹      6         1   236 K       -   113 K     0 B       0     0 B       0   236 K       1   328 K       1     2.1›
‹  total         1   236 K       -   533 K     0 B       0     0 B       0   769 K       1   328 K       1     1.4›
‹  flush         0›
‹compact         1     0 B          (size == estimated-debt)›
‹ memtbl         2   4.3 M›
‹zmemtbl         0     0 B›
‹   ztbl         0     0 B›
‹ bcache        17   527 K   98.0%  (score == hit-rate)›
‹ tcache         1   616 B   99.8%  (score == hit-rate)›
‹ titers         0›
‹ filter         -       -   77.5%  (score == utility)›
I210104 13:39:35.980226 128 sql/sqlliveness/slstorage/slstorage.go:320 ⋮ [n1] deleted 1 expired SQL liveness sessions
I210104 13:39:43.779901 226 server/status/runtime.go:522 ⋮ [n1] runtime stats: 177 MiB RSS, 205 goroutines, 30 MiB/26 MiB/45 MiB GO alloc/idle/total, 8.6 MiB/12 MiB CGO alloc/total, 0.1 CGO/sec, 1.7/0.7 %(u/s)time, 0.0 %gc (0x), 2.9 KiB/3.4 KiB (r/w)net
I210104 13:39:53.779803 226 server/status/runtime.go:522 ⋮ [n1] runtime stats: 184 MiB RSS, 206 goroutines, 26 MiB/28 MiB/51 MiB GO alloc/idle/total, 8.6 MiB/12 MiB CGO alloc/total, 0.1 CGO/sec, 2.3/0.5 %(u/s)time, 0.0 %gc (1x), 801 B/854 B (r/w)net
I210104 13:40:03.779969 226 server/status/runtime.go:522 ⋮ [n1] runtime stats: 185 MiB RSS, 206 goroutines, 33 MiB/23 MiB/51 MiB GO alloc/idle/total, 8.6 MiB/12 MiB CGO alloc/total, 0.1 CGO/sec, 1.7/0.4 %(u/s)time, 0.0 %gc (0x), 0 B/0 B (r/w)net
I210104 13:40:13.778018 222 gossip/gossip.go:568 ⋮ [n1] gossip status (ok, 1 node‹›)
gossip client (0/3 cur/max conns)
gossip server (0/3 cur/max conns, infos 0/0 sent/received, bytes 0B/0B sent/received)
gossip connectivity
  n1 [sentinel];
I210104 13:40:13.780835 226 server/status/runtime.go:522 ⋮ [n1] runtime stats: 189 MiB RSS, 206 goroutines, 19 MiB/34 MiB/45 MiB GO alloc/idle/total, 8.6 MiB/12 MiB CGO alloc/total, 0.1 CGO/sec, 3.3/2.6 %(u/s)time, 0.0 %gc (1x), 0 B/0 B (r/w)net
I210104 13:40:13.812608 1635 jobs/registry.go:1103 ⋮ [n1] AUTO CREATE STATS job 621599830194683905: stepping through state running with error: <nil>
I210104 13:40:13.831669 1635 jobs/registry.go:1103 ⋮ [n1] AUTO CREATE STATS job 621599830194683905: stepping through state succeeded with error: <nil>
I210104 13:40:23.780282 226 server/status/runtime.go:522 ⋮ [n1] runtime stats: 191 MiB RSS, 205 goroutines, 20 MiB/33 MiB/46 MiB GO alloc/idle/total, 8.6 MiB/12 MiB CGO alloc/total, 0.1 CGO/sec, 1.9/0.8 %(u/s)time, 0.0 %gc (1x), 706 B/636 B (r/w)net
I210104 13:40:33.780498 226 server/status/runtime.go:522 ⋮ [n1] runtime stats: 193 MiB RSS, 205 goroutines, 27 MiB/28 MiB/46 MiB GO alloc/idle/total, 8.6 MiB/12 MiB CGO alloc/total, 0.1 CGO/sec, 1.9/0.6 %(u/s)time, 0.0 %gc (0x), 0 B/0 B (r/w)net
I210104 13:40:43.783133 226 server/status/runtime.go:522 ⋮ [n1] runtime stats: 193 MiB RSS, 205 goroutines, 33 MiB/23 MiB/49 MiB GO alloc/idle/total, 8.6 MiB/12 MiB CGO alloc/total, 0.1 CGO/sec, 1.9/0.4 %(u/s)time, 0.0 %gc (1x), 0 B/0 B (r/w)net
I210104 13:40:53.781201 226 server/status/runtime.go:522 ⋮ [n1] runtime stats: 193 MiB RSS, 206 goroutines, 28 MiB/26 MiB/49 MiB GO alloc/idle/total, 8.6 MiB/12 MiB CGO alloc/total, 0.1 CGO/sec, 1.4/0.6 %(u/s)time, 0.0 %gc (0x), 108 B/108 B (r/w)net
I210104 13:41:03.781263 226 server/status/runtime.go:522 ⋮ [n1] runtime stats: 193 MiB RSS, 206 goroutines, 19 MiB/34 MiB/50 MiB GO alloc/idle/total, 8.6 MiB/12 MiB CGO alloc/total, 0.1 CGO/sec, 2.0/0.6 %(u/s)time, 0.0 %gc (1x), 0 B/0 B (r/w)net
I210104 13:41:13.778026 222 gossip/gossip.go:568 ⋮ [n1] gossip status (ok, 1 node‹›)
gossip client (0/3 cur/max conns)
gossip server (0/3 cur/max conns, infos 0/0 sent/received, bytes 0B/0B sent/received)
I210104 13:41:13.781485 226 server/status/runtime.go:522 ⋮ [n1] runtime stats: 193 MiB RSS, 206 goroutines, 26 MiB/29 MiB/50 MiB GO alloc/idle/total, 8.6 MiB/12 MiB CGO alloc/total, 0.1 CGO/sec, 2.0/0.4 %(u/s)time, 0.0 %gc (0x), 0 B/0 B (r/w)net
I210104 13:41:23.781613 226 server/status/runtime.go:522 ⋮ [n1] runtime stats: 193 MiB RSS, 205 goroutines, 19 MiB/34 MiB/50 MiB GO alloc/idle/total, 8.6 MiB/12 MiB CGO alloc/total, 0.1 CGO/sec, 2.6/0.8 %(u/s)time, 0.0 %gc (1x), 1.4 KiB/594 B (r/w)net
I210104 13:41:33.781940 226 server/status/runtime.go:522 ⋮ [n1] runtime stats: 193 MiB RSS, 205 goroutines, 26 MiB/29 MiB/50 MiB GO alloc/idle/total, 8.6 MiB/12 MiB CGO alloc/total, 0.1 CGO/sec, 1.6/0.7 %(u/s)time, 0.0 %gc (0x), 112 B/42 B (r/w)net
I210104 13:41:43.782147 226 server/status/runtime.go:522 ⋮ [n1] runtime stats: 197 MiB RSS, 205 goroutines, 32 MiB/24 MiB/50 MiB GO alloc/idle/total, 17 MiB/20 MiB CGO alloc/total, 0.2 CGO/sec, 1.8/0.7 %(u/s)time, 0.0 %gc (0x), 0 B/0 B (r/w)net
I210104 13:41:53.782340 226 server/status/runtime.go:522 ⋮ [n1] runtime stats: 197 MiB RSS, 206 goroutines, 24 MiB/31 MiB/50 MiB GO alloc/idle/total, 17 MiB/20 MiB CGO alloc/total, 0.1 CGO/sec, 2.5/0.5 %(u/s)time, 0.0 %gc (1x), 150 B/150 B (r/w)net
I210104 13:42:03.782549 226 server/status/runtime.go:522 ⋮ [n1] runtime stats: 197 MiB RSS, 206 goroutines, 31 MiB/26 MiB/50 MiB GO alloc/idle/total, 17 MiB/20 MiB CGO alloc/total, 0.1 CGO/sec, 1.3/0.5 %(u/s)time, 0.0 %gc (0x), 0 B/0 B (r/w)net
I210104 13:42:07.391400 1 cli/start.go:733 ⋮ received signal 'terminated'
I210104 13:42:07.394379 1 cli/start.go:817 ⋮ initiating graceful shutdown of server
I210104 13:42:07.413498 3012 server/drain.go:175 ⋮ [server drain process] drain remaining: 4
I210104 13:42:07.414402 3012 server/drain.go:177 ⋮ [server drain process] drain details: descriptor leases: 3, liveness record: 1
I210104 13:42:07.620850 3012 server/drain.go:175 ⋮ [server drain process] drain remaining: 0
I210104 13:42:07.621730 3012 util/stop/stopper.go:563 ⋮ [server drain process] quiescing
W210104 13:42:07.622651 129 sql/sqlliveness/slinstance/slinstance.go:182 ⋮ [n1] exiting heartbeat loop
W210104 13:42:07.622737 284 jobs/registry.go:672 ⋮ canceling all adopted jobs due to stopper quiescing
I210104 13:42:07.628363 1 cli/start.go:869 ⋮ server drained and shutdown completed
