I201223 09:31:56.360161 1 util/log/sync_buffer.go:195 ⋮ [config] file created at: 2020/12/23 09:31:56
I201223 09:31:56.360181 1 util/log/sync_buffer.go:195 ⋮ [config] running on machine: ‹be5f7a536e7b›
I201223 09:31:56.360194 1 util/log/sync_buffer.go:195 ⋮ [config] binary: CockroachDB CCL v20.2.3 (x86_64-unknown-linux-gnu, built 2020/12/14 18:33:39, go1.13.14)
I201223 09:31:56.360199 1 util/log/sync_buffer.go:195 ⋮ [config] arguments: ‹[/cockroach/cockroach start-single-node --insecure]›
I201223 09:31:56.360205 1 util/log/sync_buffer.go:195 ⋮ [config] line format: [IWEF]yymmdd hh:mm:ss.uuuuuu goid file:line msg utf8=✓
W201223 09:31:56.360089 1 cli/start.go:1139 ⋮ ALL SECURITY CONTROLS HAVE BEEN DISABLED!

This mode is intended for non-production testing only.

In this mode:
- Your cluster is open to any client that can access ‹any of your IP addresses›.
- Intruders with access to your machine or network can observe client-server traffic.
- Intruders can log in without password and read or write any data in the cluster.
- Intruders can consume all your server's resources and cause unavailability.
I201223 09:31:56.360277 1 cli/start.go:1149 ⋮ To start a secure server without mandating TLS for clients,
consider --accept-sql-without-tls instead. For other options, see:

- ‹https://go.crdb.dev/issue-v/53404/v20.2›
- https://www.cockroachlabs.com/docs/v20.2/secure-a-cluster.html
I201223 09:31:56.360496 1 server/status/recorder.go:605 ⋮ ‹available memory from cgroups (8.0 EiB) is unsupported, using system memory 31 GiB instead:›
W201223 09:31:56.360517 1 cli/start.go:983 ⋮ ‹Using the default setting for --cache (128 MiB).›
‹  A significantly larger value is usually needed for good performance.›
‹  If you have a dedicated server a reasonable setting is --cache=.25 (7.8 GiB).›
I201223 09:31:56.360674 1 server/status/recorder.go:605 ⋮ ‹available memory from cgroups (8.0 EiB) is unsupported, using system memory 31 GiB instead:›
I201223 09:31:56.360683 1 cli/start.go:1164 ⋮ ‹CockroachDB CCL v20.2.3 (x86_64-unknown-linux-gnu, built 2020/12/14 18:33:39, go1.13.14)›
I201223 09:31:56.361173 1 server/status/recorder.go:605 ⋮ ‹available memory from cgroups (8.0 EiB) is unsupported, using system memory 31 GiB instead:›
I201223 09:31:56.361185 1 server/config.go:434 ⋮ system total memory: ‹31 GiB›
I201223 09:31:56.361195 1 server/config.go:436 ⋮ server configuration:
‹max offset             500000000›
‹cache size             128 MiB›
‹SQL memory pool size   7.8 GiB›
‹scan interval          10m0s›
‹scan min idle time     10ms›
‹scan max idle time     1s›
‹event log enabled      true›
I201223 09:31:56.361237 1 cli/start.go:961 ⋮ using local environment variables: ‹COCKROACH_CHANNEL=official-docker›
I201223 09:31:56.361248 1 cli/start.go:968 ⋮ process identity: ‹uid 0 euid 0 gid 0 egid 0›
I201223 09:31:56.363035 1 cli/start.go:504 ⋮ GEOS loaded from directory ‹/usr/local/lib/cockroach›
I201223 09:31:56.363065 1 cli/start.go:509 ⋮ starting cockroach node
I201223 09:31:56.373904 23 server/server.go:782 ⋮ [n?] monitoring forward clock jumps based on server.clock.forward_jump_check_enabled
I201223 09:31:56.409997 23 server/config.go:625 ⋮ [n?] 1 storage engine‹› initialized
I201223 09:31:56.410016 23 server/config.go:628 ⋮ [n?] ‹Pebble cache size: 128 MiB›
I201223 09:31:56.410023 23 server/config.go:628 ⋮ [n?] ‹store 0: RocksDB, max size 0 B, max open file limit 1043576›
W201223 09:31:56.411664 23 cli/start.go:907 ⋮ neither --listen-addr nor --advertise-addr was specified.
The server will advertise ‹"be5f7a536e7b"› to other nodes, is this routable?

Consider using:
- for local-only servers:  --listen-addr=localhost
- for multi-node clusters: --advertise-addr=<host/IP addr>
I201223 09:31:56.411709 150 server/server.go:1416 ⋮ [n?] connecting to gossip network to verify cluster ID ‹"a80c75e2-16e2-4e50-a3ad-eaec13a9821b"›
I201223 09:31:56.415493 23 gossip/gossip.go:403 ⋮ [n1] NodeDescriptor set to ‹node_id:1 address:<network_field:"tcp" address_field:"be5f7a536e7b:26257" > attrs:<> locality:<> ServerVersion:<major_val:20 minor_val:2 patch:0 unstable:0 > build_tag:"v20.2.3" started_at:1608715916415488695 cluster_name:"" sql_address:<network_field:"tcp" address_field:"be5f7a536e7b:26257" >›
W201223 09:31:56.419919 213 kv/kvserver/replica_range_lease.go:555 ⋮ [n1,s1,r6/1:‹/Table/{SystemCon…-11}›] can't determine lease status of (n1,s1):1 due to node liveness error: node not in the liveness table
(1) attached stack trace
  -- stack trace:
  | github.com/cockroachdb/cockroach/pkg/kv/kvserver.init
  | 	/go/src/github.com/cockroachdb/cockroach/pkg/kv/kvserver/node_liveness.go:45
  | runtime.doInit
  | 	/usr/local/go/src/runtime/proc.go:5228
  | runtime.doInit
  | 	/usr/local/go/src/runtime/proc.go:5223
  | runtime.doInit
  | 	/usr/local/go/src/runtime/proc.go:5223
  | runtime.doInit
  | 	/usr/local/go/src/runtime/proc.go:5223
  | runtime.doInit
  | 	/usr/local/go/src/runtime/proc.go:5223
  | runtime.main
  | 	/usr/local/go/src/runtime/proc.go:190
  | runtime.goexit
  | 	/usr/local/go/src/runtime/asm_amd64.s:1357
Wraps: (2) node not in the liveness table
Error types: (1) *withstack.withStack (2) *errutil.leafError
W201223 09:31:56.420025 213 kv/kvserver/store.go:1704 ⋮ [n1,s1,r6/1:‹/Table/{SystemCon…-11}›] could not gossip system config: ‹[NotLeaseHolderError] r6: replica (n1,s1):1 not lease holder; lease holder unknown›
(1) ‹[NotLeaseHolderError] r6: replica (n1,s1):1 not lease holder; lease holder unknown›
Error types: (1) *roachpb.NotLeaseHolderError
I201223 09:31:56.420383 150 server/server.go:1419 ⋮ [n1] node connected via gossip
I201223 09:31:56.420481 23 server/node.go:430 ⋮ [n1] initialized store [n1,s1]: disk (capacity=194 GiB, available=163 GiB, used=1.8 MiB, logicalBytes=18 MiB), ranges=36, leases=0, queries=0.00, writes=0.00, bytesPerReplica={p10=0.00 p25=0.00 p50=0.00 p75=1524.00 p90=17806.00 pMax=19087345.00}, writesPerReplica={p10=0.00 p25=0.00 p50=0.00 p75=0.00 p90=0.00 pMax=0.00}
I201223 09:31:56.420572 23 kv/kvserver/stores.go:236 ⋮ [n1] read 0 node addresses from persistent storage
I201223 09:31:56.422020 23 server/node.go:489 ⋮ [n1] started with engine type ‹2›
I201223 09:31:56.422053 23 server/node.go:491 ⋮ [n1] started with attributes ‹[]›
I201223 09:31:56.422094 23 server/goroutinedumper/goroutinedumper.go:120 ⋮ [n1] writing goroutine dumps to ‹/cockroach/cockroach-data/logs/goroutine_dump›
I201223 09:31:56.422108 23 server/heapprofiler/heapprofiler.go:49 ⋮ [n1] writing go heap profiles to ‹/cockroach/cockroach-data/logs/heap_profiler› at least every 1h0m0s
I201223 09:31:56.422120 23 server/heapprofiler/cgoprofiler.go:53 ⋮ [n1] to enable jmalloc profiling: "export MALLOC_CONF=prof:true" or "ln -s prof:true /etc/malloc.conf"
I201223 09:31:56.422127 23 server/heapprofiler/statsprofiler.go:54 ⋮ [n1] writing memory stats to ‹/cockroach/cockroach-data/logs/heap_profiler› at last every 1h0m0s
I201223 09:31:56.422181 23 server/server.go:1536 ⋮ [n1] starting http server at ‹[::]:8080› (use: ‹be5f7a536e7b:8080›)
I201223 09:31:56.422201 23 server/server.go:1543 ⋮ [n1] starting grpc/postgres server at ‹[::]:26257›
I201223 09:31:56.422214 23 server/server.go:1544 ⋮ [n1] advertising CockroachDB node at ‹be5f7a536e7b:26257›
I201223 09:31:56.473853 23 sql/sqlliveness/slinstance/slinstance.go:252 ⋮ [n1] starting SQL liveness instance
I201223 09:31:56.474618 23 server/server_sql.go:753 ⋮ [n1] done ensuring all necessary migrations have run
I201223 09:31:56.474634 23 server/server.go:1876 ⋮ [n1] serving sql connections
I201223 09:31:56.474629 344 sql/temporary_schema.go:497 ⋮ [n1] running temporary object cleanup background job
I201223 09:31:56.474730 23 cli/start.go:670 ⋮ [config] clusterID: ‹a80c75e2-16e2-4e50-a3ad-eaec13a9821b›
I201223 09:31:56.474727 358 jobs/job_scheduler.go:346 ⋮ [n1] waiting 2m0s before scheduled jobs daemon start
I201223 09:31:56.474754 23 cli/start.go:680 ⋮ node startup completed:
CockroachDB node starting at 2020-12-23 09:31:56.47467864 +0000 UTC (took 0.1s)
build:               CCL v20.2.3 @ 2020/12/14 18:33:39 (go1.13.14)
webui:               ‹http://be5f7a536e7b:8080›
sql:                 ‹postgresql://root@be5f7a536e7b:26257?sslmode=disable›
RPC client flags:    ‹/cockroach/cockroach <client cmd> --host=be5f7a536e7b:26257 --insecure›
logs:                ‹/cockroach/cockroach-data/logs›
temp dir:            ‹/cockroach/cockroach-data/cockroach-temp950847196›
external I/O path:   ‹/cockroach/cockroach-data/extern›
store[0]:            ‹path=/cockroach/cockroach-data›
storage engine:      pebble
status:              restarted pre-existing node
clusterID:           ‹a80c75e2-16e2-4e50-a3ad-eaec13a9821b›
nodeID:              1
I201223 09:31:56.478799 344 sql/temporary_schema.go:532 ⋮ [n1] found 0 temporary schemas
I201223 09:31:56.478828 344 sql/temporary_schema.go:535 ⋮ [n1] early exiting temporary schema cleaner as no temporary schemas were found
I201223 09:31:56.478838 344 sql/temporary_schema.go:536 ⋮ [n1] completed temporary object cleanup job
I201223 09:31:56.478845 344 sql/temporary_schema.go:614 ⋮ [n1] temporary object cleaner next scheduled to run at 2020-12-23 10:01:56.47450475 +0000 UTC
I201223 09:31:56.479676 359 server/server_update.go:55 ⋮ [n1] no need to upgrade, cluster already at the newest version
I201223 09:31:56.484289 342 sql/sqlliveness/slstorage/slstorage.go:342 ⋮ [n1] inserted sqlliveness session ‹06fd1e3e81dc404e8c8ef6f42e13a85d›
I201223 09:31:56.484314 342 sql/sqlliveness/slinstance/slinstance.go:143 ⋮ [n1] created new SQL liveness session ‹06fd1e3e81dc404e8c8ef6f42e13a85d›
I201223 09:31:56.486889 340 sql/event_log.go:162 ⋮ [n1] Event: ‹"node_restart"›, target: 1, info: ‹{Descriptor:{NodeID:1 Address:be5f7a536e7b:26257 Attrs: Locality: ServerVersion:20.2 BuildTag:v20.2.3 StartedAt:1608715916415488695 LocalityAddress:[] ClusterName: SQLAddress:be5f7a536e7b:26257} ClusterID:a80c75e2-16e2-4e50-a3ad-eaec13a9821b StartedAt:1608715916415488695 LastUp:1608715791571701883}›
I201223 09:31:58.556214 153 gossip/gossip.go:1508 ⋮ [n1] node has connected to cluster via gossip
I201223 09:31:58.556976 153 kv/kvserver/stores.go:255 ⋮ [n1] wrote 0 node addresses to persistent storage
I201223 09:32:06.425285 90 server/status/runtime.go:522 ⋮ [n1] runtime stats: 186 MiB RSS, 189 goroutines, 27 MiB/30 MiB/44 MiB GO alloc/idle/total, 9.6 MiB/17 MiB CGO alloc/total, 0.0 CGO/sec, 0.0/0.0 %(u/s)time, 0.0 %gc (26x), 61 KiB/52 KiB (r/w)net
I201223 09:32:13.780530 341 sql/sqlliveness/slstorage/slstorage.go:320 ⋮ [n1] deleted 1 expired SQL liveness sessions
I201223 09:32:16.426412 90 server/status/runtime.go:522 ⋮ [n1] runtime stats: 186 MiB RSS, 194 goroutines, 21 MiB/35 MiB/45 MiB GO alloc/idle/total, 9.6 MiB/17 MiB CGO alloc/total, 0.1 CGO/sec, 1.6/0.3 %(u/s)time, 0.0 %gc (1x), 1.7 KiB/108 B (r/w)net
I201223 09:32:16.426578 85 kv/kvserver/store.go:2638 ⋮ [n1,s1] sstables (read amplification = 1):
‹6 [ 643K 1 ]: 643K›
I201223 09:32:16.426922 85 kv/kvserver/store.go:2639 ⋮ [n1,s1] ‹›
‹__level_____count____size___score______in__ingest(sz_cnt)____move(sz_cnt)___write(sz_cnt)____read___r-amp___w-amp›
‹    WAL         2   546 K       -   542 K       -       -       -       -   546 K       -       -       -     1.0›
‹      0         0     0 B    0.00     0 B     0 B       0     0 B       0     0 B       0     0 B       0     0.0›
‹      1         0     0 B    0.00     0 B     0 B       0     0 B       0     0 B       0     0 B       0     0.0›
‹      2         0     0 B    0.00     0 B     0 B       0     0 B       0     0 B       0     0 B       0     0.0›
‹      3         0     0 B    0.00     0 B     0 B       0     0 B       0     0 B       0     0 B       0     0.0›
‹      4         0     0 B    0.00     0 B     0 B       0     0 B       0     0 B       0     0 B       0     0.0›
‹      5         0     0 B    0.00     0 B     0 B       0     0 B       0     0 B       0     0 B       0     0.0›
‹      6         1   643 K       -   106 K     0 B       0     0 B       0   643 K       1   755 K       1     6.1›
‹  total         1   643 K       -   546 K     0 B       0     0 B       0   1.2 M       1   755 K       1     2.2›
‹  flush         0›
‹compact         1     0 B          (size == estimated-debt)›
‹ memtbl         2   4.3 M›
‹zmemtbl         0     0 B›
‹   ztbl         0     0 B›
‹ bcache        11   298 K   95.5%  (score == hit-rate)›
‹ tcache         1   616 B   99.8%  (score == hit-rate)›
‹ titers         0›
‹ filter         -       -   67.9%  (score == utility)›
I201223 09:32:26.426334 90 server/status/runtime.go:522 ⋮ [n1] runtime stats: 186 MiB RSS, 186 goroutines, 28 MiB/29 MiB/45 MiB GO alloc/idle/total, 9.6 MiB/17 MiB CGO alloc/total, 0.1 CGO/sec, 1.5/0.5 %(u/s)time, 0.0 %gc (0x), 70 B/0 B (r/w)net
I201223 09:32:36.426567 90 server/status/runtime.go:522 ⋮ [n1] runtime stats: 186 MiB RSS, 196 goroutines, 24 MiB/32 MiB/46 MiB GO alloc/idle/total, 9.7 MiB/17 MiB CGO alloc/total, 0.3 CGO/sec, 1.7/0.4 %(u/s)time, 0.0 %gc (1x), 3.5 KiB/3.5 KiB (r/w)net
I201223 09:32:46.426761 90 server/status/runtime.go:522 ⋮ [n1] runtime stats: 186 MiB RSS, 196 goroutines, 31 MiB/26 MiB/46 MiB GO alloc/idle/total, 9.7 MiB/17 MiB CGO alloc/total, 0.1 CGO/sec, 1.1/0.6 %(u/s)time, 0.0 %gc (0x), 1.7 KiB/1.7 KiB (r/w)net
I201223 09:32:56.424480 86 gossip/gossip.go:568 ⋮ [n1] gossip status (ok, 1 node‹›)
gossip client (0/3 cur/max conns)
gossip server (0/3 cur/max conns, infos 0/0 sent/received, bytes 0B/0B sent/received)
gossip connectivity
  n1 [sentinel];
I201223 09:32:56.426906 90 server/status/runtime.go:522 ⋮ [n1] runtime stats: 189 MiB RSS, 196 goroutines, 25 MiB/31 MiB/48 MiB GO alloc/idle/total, 9.7 MiB/17 MiB CGO alloc/total, 0.1 CGO/sec, 1.5/0.5 %(u/s)time, 0.0 %gc (1x), 1.7 KiB/1.7 KiB (r/w)net
I201223 09:32:56.488141 1781 jobs/registry.go:1103 ⋮ [n1] AUTO CREATE STATS job 618153825016283137: stepping through state running with error: <nil>
I201223 09:32:56.518479 1781 jobs/registry.go:1103 ⋮ [n1] AUTO CREATE STATS job 618153825016283137: stepping through state succeeded with error: <nil>
I201223 09:33:06.427197 90 server/status/runtime.go:522 ⋮ [n1] runtime stats: 193 MiB RSS, 195 goroutines, 25 MiB/31 MiB/50 MiB GO alloc/idle/total, 9.7 MiB/17 MiB CGO alloc/total, 0.1 CGO/sec, 1.8/0.6 %(u/s)time, 0.0 %gc (1x), 2.4 KiB/2.3 KiB (r/w)net
I201223 09:33:16.427256 90 server/status/runtime.go:522 ⋮ [n1] runtime stats: 195 MiB RSS, 195 goroutines, 31 MiB/26 MiB/50 MiB GO alloc/idle/total, 9.7 MiB/17 MiB CGO alloc/total, 0.1 CGO/sec, 1.4/0.4 %(u/s)time, 0.0 %gc (0x), 1.7 KiB/1.7 KiB (r/w)net
I201223 09:33:26.427252 90 server/status/runtime.go:522 ⋮ [n1] runtime stats: 195 MiB RSS, 196 goroutines, 21 MiB/32 MiB/51 MiB GO alloc/idle/total, 9.7 MiB/17 MiB CGO alloc/total, 0.1 CGO/sec, 1.5/0.7 %(u/s)time, 0.0 %gc (1x), 1.8 KiB/1.8 KiB (r/w)net
I201223 09:33:36.427464 90 server/status/runtime.go:522 ⋮ [n1] runtime stats: 195 MiB RSS, 196 goroutines, 28 MiB/27 MiB/51 MiB GO alloc/idle/total, 9.7 MiB/17 MiB CGO alloc/total, 0.1 CGO/sec, 1.1/0.5 %(u/s)time, 0.0 %gc (0x), 2.2 KiB/2.2 KiB (r/w)net
I201223 09:33:46.427584 90 server/status/runtime.go:522 ⋮ [n1] runtime stats: 195 MiB RSS, 196 goroutines, 35 MiB/22 MiB/51 MiB GO alloc/idle/total, 9.7 MiB/17 MiB CGO alloc/total, 0.1 CGO/sec, 1.1/0.5 %(u/s)time, 0.0 %gc (0x), 1.7 KiB/1.7 KiB (r/w)net
I201223 09:33:56.424403 86 gossip/gossip.go:568 ⋮ [n1] gossip status (ok, 1 node‹›)
gossip client (0/3 cur/max conns)
gossip server (0/3 cur/max conns, infos 0/0 sent/received, bytes 0B/0B sent/received)
I201223 09:33:56.427831 90 server/status/runtime.go:522 ⋮ [n1] runtime stats: 197 MiB RSS, 196 goroutines, 25 MiB/30 MiB/52 MiB GO alloc/idle/total, 9.7 MiB/17 MiB CGO alloc/total, 0.1 CGO/sec, 1.4/0.4 %(u/s)time, 0.0 %gc (1x), 1.7 KiB/1.7 KiB (r/w)net
I201223 09:34:06.426966 90 server/status/runtime.go:522 ⋮ [n1] runtime stats: 198 MiB RSS, 195 goroutines, 34 MiB/23 MiB/52 MiB GO alloc/idle/total, 9.7 MiB/17 MiB CGO alloc/total, 0.1 CGO/sec, 1.6/0.3 %(u/s)time, 0.0 %gc (0x), 2.6 KiB/2.3 KiB (r/w)net
I201223 09:34:16.427943 90 server/status/runtime.go:522 ⋮ [n1] runtime stats: 198 MiB RSS, 195 goroutines, 21 MiB/32 MiB/52 MiB GO alloc/idle/total, 9.7 MiB/17 MiB CGO alloc/total, 0.1 CGO/sec, 1.4/0.3 %(u/s)time, 0.0 %gc (1x), 2.2 KiB/1.6 KiB (r/w)net
I201223 09:34:17.871387 1 cli/start.go:733 ⋮ received signal 'terminated'
I201223 09:34:17.872030 1 cli/start.go:817 ⋮ initiating graceful shutdown of server
I201223 09:34:17.879218 2832 server/drain.go:175 ⋮ [server drain process] drain remaining: 3
I201223 09:34:17.879896 2832 server/drain.go:177 ⋮ [server drain process] drain details: descriptor leases: 2, liveness record: 1
I201223 09:34:18.086111 2832 server/drain.go:175 ⋮ [server drain process] drain remaining: 0
I201223 09:34:18.087559 2832 util/stop/stopper.go:563 ⋮ [server drain process] quiescing
W201223 09:34:18.088952 342 sql/sqlliveness/slinstance/slinstance.go:182 ⋮ [n1] exiting heartbeat loop
W201223 09:34:18.089036 353 jobs/registry.go:672 ⋮ canceling all adopted jobs due to stopper quiescing
I201223 09:34:18.092598 1 cli/start.go:869 ⋮ server drained and shutdown completed
