I201223 09:44:54.076915 73 util/log/sync_buffer.go:195 ⋮ [config] file created at: 2020/12/23 09:44:54
I201223 09:44:54.076920 73 util/log/sync_buffer.go:195 ⋮ [config] running on machine: ‹roach1›
I201223 09:44:54.076925 73 util/log/sync_buffer.go:195 ⋮ [config] binary: CockroachDB CCL v20.2.3 (x86_64-unknown-linux-gnu, built 2020/12/14 18:33:39, go1.13.14)
I201223 09:44:54.076929 73 util/log/sync_buffer.go:195 ⋮ [config] arguments: ‹[/cockroach/cockroach start --insecure --join=roach1,roach2,roach3]›
I201223 09:44:54.076934 73 util/log/sync_buffer.go:195 ⋮ [config] line format: [IWEF]yymmdd hh:mm:ss.uuuuuu goid file:line msg utf8=✓
I201223 09:44:54.076856 73 vendor/github.com/cockroachdb/pebble/version_set.go:142 ⋮ [n?] [JOB 1] MANIFEST created 000001
I201223 09:44:54.077699 73 vendor/github.com/cockroachdb/pebble/open.go:295 ⋮ [n?] [JOB 1] WAL created 000002
I201223 09:44:54.079266 89 vendor/github.com/cockroachdb/pebble/table_stats.go:118 ⋮ [n?] [JOB 2] all initial table stats loaded
I201223 09:44:54.084556 73 vendor/github.com/cockroachdb/pebble/compaction.go:1559 ⋮ [n?] [JOB 1] flushing: sstable created 000039
I201223 09:44:54.092438 73 vendor/github.com/cockroachdb/pebble/compaction.go:1559 ⋮ [n?] [JOB 1] flushing: sstable created 000040
I201223 09:44:54.103669 73 vendor/github.com/cockroachdb/pebble/open.go:295 ⋮ [n?] [JOB 1] WAL created 000041
I201223 09:44:54.105977 73 vendor/github.com/cockroachdb/pebble/version_set.go:442 ⋮ [n?] [JOB 1] MANIFEST created 000042
I201223 09:44:54.106845 73 vendor/github.com/cockroachdb/pebble/compaction.go:2298 ⋮ [n?] [JOB 1] WAL deleted 000034
I201223 09:44:54.107167 73 vendor/github.com/cockroachdb/pebble/compaction.go:2298 ⋮ [n?] [JOB 1] WAL deleted 000038
I201223 09:44:54.107192 73 vendor/github.com/cockroachdb/pebble/compaction.go:2305 ⋮ [n?] [JOB 1] MANIFEST deleted 000035
I201223 09:44:54.107370 149 vendor/github.com/cockroachdb/pebble/compaction.go:1369 ⋮ [n?] [JOB 3] compacting L0 [000039 000040] (103 K) + L6 [000037] (678 K)
I201223 09:44:54.107480 148 vendor/github.com/cockroachdb/pebble/table_stats.go:118 ⋮ [n?] [JOB 2] all initial table stats loaded
I201223 09:44:54.107743 149 vendor/github.com/cockroachdb/pebble/compaction.go:1559 ⋮ [n?] [JOB 3] compacting: sstable created 000044
I201223 09:44:54.143864 149 vendor/github.com/cockroachdb/pebble/compaction.go:1408 ⋮ [n1] [JOB 3] compacted L0 [000039 000040] (103 K) + L6 [000037] (678 K) -> L6 [000044] (684 K), in 0.0s, output rate 19 M/s
I201223 09:44:54.144102 149 vendor/github.com/cockroachdb/pebble/compaction.go:2312 ⋮ [n1] [JOB 3] sstable deleted 000037
I201223 09:44:54.144154 149 vendor/github.com/cockroachdb/pebble/compaction.go:2312 ⋮ [n1] [JOB 3] sstable deleted 000039
I201223 09:44:54.144199 149 vendor/github.com/cockroachdb/pebble/compaction.go:2312 ⋮ [n1] [JOB 3] sstable deleted 000040
I201223 09:44:54.555492 173 vendor/github.com/cockroachdb/pebble/db.go:1366 ⋮ [n1] [JOB 4] WAL created 000045
